[1.851s] Invoking command in '/home/pride/AGV/src/geotagging': PYTHONPATH=/home/pride/AGV/src/build/geotagging/prefix_override:/usr/lib/python3/dist-packages/colcon_core/task/python/colcon_distutils_commands:/home/pride/AGV/src/install/geotagging/lib/python3.10/site-packages:${PYTHONPATH} /usr/bin/python3 -W ignore:setup.py install is deprecated -W ignore:easy_install command is deprecated setup.py egg_info --egg-base ../build/geotagging build --build-base /home/pride/AGV/src/build/geotagging/build install --record /home/pride/AGV/src/build/geotagging/install.log --single-version-externally-managed install_data
[2.165s] running egg_info
[2.167s] creating ../build/geotagging/geotagging.egg-info
[2.167s] writing ../build/geotagging/geotagging.egg-info/PKG-INFO
[2.168s] writing dependency_links to ../build/geotagging/geotagging.egg-info/dependency_links.txt
[2.169s] writing entry points to ../build/geotagging/geotagging.egg-info/entry_points.txt
[2.169s] writing requirements to ../build/geotagging/geotagging.egg-info/requires.txt
[2.169s] writing top-level names to ../build/geotagging/geotagging.egg-info/top_level.txt
[2.169s] writing manifest file '../build/geotagging/geotagging.egg-info/SOURCES.txt'
[2.173s] reading manifest file '../build/geotagging/geotagging.egg-info/SOURCES.txt'
[2.176s] writing manifest file '../build/geotagging/geotagging.egg-info/SOURCES.txt'
[2.176s] running build
[2.176s] running build_py
[2.176s] creating /home/pride/AGV/src/build/geotagging/build
[2.177s] creating /home/pride/AGV/src/build/geotagging/build/lib
[2.177s] creating /home/pride/AGV/src/build/geotagging/build/lib/geotagging
[2.177s] copying geotagging/__init__.py -> /home/pride/AGV/src/build/geotagging/build/lib/geotagging
[2.178s] running install
[2.178s] running install_lib
[2.179s] creating /home/pride/AGV/src/install/geotagging/lib/python3.10/site-packages/geotagging
[2.180s] copying /home/pride/AGV/src/build/geotagging/build/lib/geotagging/__init__.py -> /home/pride/AGV/src/install/geotagging/lib/python3.10/site-packages/geotagging
[2.181s] byte-compiling /home/pride/AGV/src/install/geotagging/lib/python3.10/site-packages/geotagging/__init__.py to __init__.cpython-310.pyc
[2.182s] running install_data
[2.182s] creating /home/pride/AGV/src/install/geotagging/share/ament_index
[2.182s] creating /home/pride/AGV/src/install/geotagging/share/ament_index/resource_index
[2.183s] creating /home/pride/AGV/src/install/geotagging/share/ament_index/resource_index/packages
[2.184s] copying resource/geotagging -> /home/pride/AGV/src/install/geotagging/share/ament_index/resource_index/packages
[2.184s] copying package.xml -> /home/pride/AGV/src/install/geotagging/share/geotagging
[2.184s] running install_egg_info
[2.187s] Copying ../build/geotagging/geotagging.egg-info to /home/pride/AGV/src/install/geotagging/lib/python3.10/site-packages/geotagging-0.0.0-py3.10.egg-info
[2.189s] running install_scripts
[2.223s] writing list of installed files to '/home/pride/AGV/src/build/geotagging/install.log'
[2.318s] Invoked command in '/home/pride/AGV/src/geotagging' returned '0': PYTHONPATH=/home/pride/AGV/src/build/geotagging/prefix_override:/usr/lib/python3/dist-packages/colcon_core/task/python/colcon_distutils_commands:/home/pride/AGV/src/install/geotagging/lib/python3.10/site-packages:${PYTHONPATH} /usr/bin/python3 -W ignore:setup.py install is deprecated -W ignore:easy_install command is deprecated setup.py egg_info --egg-base ../build/geotagging build --build-base /home/pride/AGV/src/build/geotagging/build install --record /home/pride/AGV/src/build/geotagging/install.log --single-version-externally-managed install_data
