running develop
Removing /home/pride/AGV/src/install/geotagging/lib/python3.10/site-packages/geotagging.egg-link (link to .)
running egg_info
writing ../build/geotagging/geotagging.egg-info/PKG-INFO
writing dependency_links to ../build/geotagging/geotagging.egg-info/dependency_links.txt
writing entry points to ../build/geotagging/geotagging.egg-info/entry_points.txt
writing requirements to ../build/geotagging/geotagging.egg-info/requires.txt
writing top-level names to ../build/geotagging/geotagging.egg-info/top_level.txt
reading manifest file '../build/geotagging/geotagging.egg-info/SOURCES.txt'
writing manifest file '../build/geotagging/geotagging.egg-info/SOURCES.txt'
running build
running build_py
running install
running install_lib
creating /home/pride/AGV/src/install/geotagging/lib/python3.10/site-packages/geotagging
copying /home/pride/AGV/src/build/geotagging/build/lib/geotagging/__init__.py -> /home/pride/AGV/src/install/geotagging/lib/python3.10/site-packages/geotagging
byte-compiling /home/pride/AGV/src/install/geotagging/lib/python3.10/site-packages/geotagging/__init__.py to __init__.cpython-310.pyc
running install_data
copying resource/geotagging -> /home/pride/AGV/src/install/geotagging/share/ament_index/resource_index/packages
copying package.xml -> /home/pride/AGV/src/install/geotagging/share/geotagging
running install_egg_info
Copying ../build/geotagging/geotagging.egg-info to /home/pride/AGV/src/install/geotagging/lib/python3.10/site-packages/geotagging-0.0.0-py3.10.egg-info
running install_scripts
writing list of installed files to '/home/pride/AGV/src/build/geotagging/install.log'
