[2.663s] Invoking command in '/home/pride/AGV/src/build/geotagging': PYTHONPATH=/home/pride/AGV/src/build/geotagging/prefix_override:/usr/lib/python3/dist-packages/colcon_core/task/python/colcon_distutils_commands:/home/pride/AGV/src/install/geotagging/lib/python3.10/site-packages:${PYTHONPATH} /usr/bin/python3 -W ignore:setup.py install is deprecated -W ignore:easy_install command is deprecated setup.py develop --uninstall --editable --build-directory /home/pride/AGV/src/build/geotagging/build
[3.017s] running develop
[3.199s] Removing /home/pride/AGV/src/install/geotagging/lib/python3.10/site-packages/geotagging.egg-link (link to .)
[3.353s] Invoked command in '/home/pride/AGV/src/build/geotagging' returned '0': PYTHONPATH=/home/pride/AGV/src/build/geotagging/prefix_override:/usr/lib/python3/dist-packages/colcon_core/task/python/colcon_distutils_commands:/home/pride/AGV/src/install/geotagging/lib/python3.10/site-packages:${PYTHONPATH} /usr/bin/python3 -W ignore:setup.py install is deprecated -W ignore:easy_install command is deprecated setup.py develop --uninstall --editable --build-directory /home/pride/AGV/src/build/geotagging/build
[3.356s] Invoking command in '/home/pride/AGV/src/geotagging': PYTHONPATH=/home/pride/AGV/src/build/geotagging/prefix_override:/usr/lib/python3/dist-packages/colcon_core/task/python/colcon_distutils_commands:/home/pride/AGV/src/install/geotagging/lib/python3.10/site-packages:${PYTHONPATH} /usr/bin/python3 -W ignore:setup.py install is deprecated -W ignore:easy_install command is deprecated setup.py egg_info --egg-base ../build/geotagging build --build-base /home/pride/AGV/src/build/geotagging/build install --record /home/pride/AGV/src/build/geotagging/install.log --single-version-externally-managed install_data --force
[3.687s] running egg_info
[3.688s] writing ../build/geotagging/geotagging.egg-info/PKG-INFO
[3.689s] writing dependency_links to ../build/geotagging/geotagging.egg-info/dependency_links.txt
[3.689s] writing entry points to ../build/geotagging/geotagging.egg-info/entry_points.txt
[3.689s] writing requirements to ../build/geotagging/geotagging.egg-info/requires.txt
[3.689s] writing top-level names to ../build/geotagging/geotagging.egg-info/top_level.txt
[3.693s] reading manifest file '../build/geotagging/geotagging.egg-info/SOURCES.txt'
[3.695s] writing manifest file '../build/geotagging/geotagging.egg-info/SOURCES.txt'
[3.695s] running build
[3.695s] running build_py
[3.696s] running install
[3.696s] running install_lib
[3.698s] creating /home/pride/AGV/src/install/geotagging/lib/python3.10/site-packages/geotagging
[3.699s] copying /home/pride/AGV/src/build/geotagging/build/lib/geotagging/__init__.py -> /home/pride/AGV/src/install/geotagging/lib/python3.10/site-packages/geotagging
[3.700s] byte-compiling /home/pride/AGV/src/install/geotagging/lib/python3.10/site-packages/geotagging/__init__.py to __init__.cpython-310.pyc
[3.701s] running install_data
[3.701s] copying resource/geotagging -> /home/pride/AGV/src/install/geotagging/share/ament_index/resource_index/packages
[3.701s] copying package.xml -> /home/pride/AGV/src/install/geotagging/share/geotagging
[3.701s] running install_egg_info
[3.705s] Copying ../build/geotagging/geotagging.egg-info to /home/pride/AGV/src/install/geotagging/lib/python3.10/site-packages/geotagging-0.0.0-py3.10.egg-info
[3.708s] running install_scripts
[3.756s] writing list of installed files to '/home/pride/AGV/src/build/geotagging/install.log'
[3.906s] Invoked command in '/home/pride/AGV/src/geotagging' returned '0': PYTHONPATH=/home/pride/AGV/src/build/geotagging/prefix_override:/usr/lib/python3/dist-packages/colcon_core/task/python/colcon_distutils_commands:/home/pride/AGV/src/install/geotagging/lib/python3.10/site-packages:${PYTHONPATH} /usr/bin/python3 -W ignore:setup.py install is deprecated -W ignore:easy_install command is deprecated setup.py egg_info --egg-base ../build/geotagging build --build-base /home/pride/AGV/src/build/geotagging/build install --record /home/pride/AGV/src/build/geotagging/install.log --single-version-externally-managed install_data --force
