[2.411s] Invoking command in '/home/pride/AGV/src/pan_tilt': PYTHONPATH=/home/pride/AGV/src/build/pan_tilt/prefix_override:/usr/lib/python3/dist-packages/colcon_core/task/python/colcon_distutils_commands:/home/pride/AGV/src/install/pan_tilt/lib/python3.10/site-packages:${PYTHONPATH} /usr/bin/python3 -W ignore:setup.py install is deprecated -W ignore:easy_install command is deprecated setup.py egg_info --egg-base ../build/pan_tilt build --build-base /home/pride/AGV/src/build/pan_tilt/build install --record /home/pride/AGV/src/build/pan_tilt/install.log --single-version-externally-managed install_data
[2.697s] running egg_info
[2.698s] writing ../build/pan_tilt/pan_tilt.egg-info/PKG-INFO
[2.699s] writing dependency_links to ../build/pan_tilt/pan_tilt.egg-info/dependency_links.txt
[2.699s] writing entry points to ../build/pan_tilt/pan_tilt.egg-info/entry_points.txt
[2.700s] writing requirements to ../build/pan_tilt/pan_tilt.egg-info/requires.txt
[2.700s] writing top-level names to ../build/pan_tilt/pan_tilt.egg-info/top_level.txt
[2.705s] reading manifest file '../build/pan_tilt/pan_tilt.egg-info/SOURCES.txt'
[2.707s] writing manifest file '../build/pan_tilt/pan_tilt.egg-info/SOURCES.txt'
[2.708s] running build
[2.708s] running build_py
[2.708s] running install
[2.708s] running install_lib
[2.711s] running install_data
[2.711s] running install_egg_info
[2.713s] removing '/home/pride/AGV/src/install/pan_tilt/lib/python3.10/site-packages/pan_tilt-0.0.0-py3.10.egg-info' (and everything under it)
[2.714s] Copying ../build/pan_tilt/pan_tilt.egg-info to /home/pride/AGV/src/install/pan_tilt/lib/python3.10/site-packages/pan_tilt-0.0.0-py3.10.egg-info
[2.717s] running install_scripts
[2.751s] writing list of installed files to '/home/pride/AGV/src/build/pan_tilt/install.log'
[2.902s] Invoked command in '/home/pride/AGV/src/pan_tilt' returned '0': PYTHONPATH=/home/pride/AGV/src/build/pan_tilt/prefix_override:/usr/lib/python3/dist-packages/colcon_core/task/python/colcon_distutils_commands:/home/pride/AGV/src/install/pan_tilt/lib/python3.10/site-packages:${PYTHONPATH} /usr/bin/python3 -W ignore:setup.py install is deprecated -W ignore:easy_install command is deprecated setup.py egg_info --egg-base ../build/pan_tilt build --build-base /home/pride/AGV/src/build/pan_tilt/build install --record /home/pride/AGV/src/build/pan_tilt/install.log --single-version-externally-managed install_data
