[1.819s] Invoking command in '/home/pride/AGV/src/mission_manager': PYTHONPATH=/home/pride/AGV/build/mission_manager/prefix_override:/usr/lib/python3/dist-packages/colcon_core/task/python/colcon_distutils_commands:/home/pride/AGV/install/mission_manager/lib/python3.10/site-packages:${PYTHONPATH} /usr/bin/python3 -W ignore:setup.py install is deprecated -W ignore:easy_install command is deprecated setup.py egg_info --egg-base ../../build/mission_manager build --build-base /home/pride/AGV/build/mission_manager/build install --record /home/pride/AGV/build/mission_manager/install.log --single-version-externally-managed install_data
[2.136s] running egg_info
[2.137s] creating ../../build/mission_manager/mission_manager.egg-info
[2.138s] writing ../../build/mission_manager/mission_manager.egg-info/PKG-INFO
[2.139s] writing dependency_links to ../../build/mission_manager/mission_manager.egg-info/dependency_links.txt
[2.139s] writing entry points to ../../build/mission_manager/mission_manager.egg-info/entry_points.txt
[2.139s] writing requirements to ../../build/mission_manager/mission_manager.egg-info/requires.txt
[2.140s] writing top-level names to ../../build/mission_manager/mission_manager.egg-info/top_level.txt
[2.140s] writing manifest file '../../build/mission_manager/mission_manager.egg-info/SOURCES.txt'
[2.144s] reading manifest file '../../build/mission_manager/mission_manager.egg-info/SOURCES.txt'
[2.145s] writing manifest file '../../build/mission_manager/mission_manager.egg-info/SOURCES.txt'
[2.146s] running build
[2.146s] running build_py
[2.146s] creating /home/pride/AGV/build/mission_manager/build
[2.147s] creating /home/pride/AGV/build/mission_manager/build/lib
[2.148s] creating /home/pride/AGV/build/mission_manager/build/lib/mission_manager
[2.148s] copying mission_manager/__init__.py -> /home/pride/AGV/build/mission_manager/build/lib/mission_manager
[2.149s] running install
[2.151s] running install_lib
[2.153s] creating /home/pride/AGV/install/mission_manager/lib/python3.10/site-packages/mission_manager
[2.154s] copying /home/pride/AGV/build/mission_manager/build/lib/mission_manager/__init__.py -> /home/pride/AGV/install/mission_manager/lib/python3.10/site-packages/mission_manager
[2.157s] byte-compiling /home/pride/AGV/install/mission_manager/lib/python3.10/site-packages/mission_manager/__init__.py to __init__.cpython-310.pyc
[2.159s] running install_data
[2.160s] creating /home/pride/AGV/install/mission_manager/share
[2.160s] creating /home/pride/AGV/install/mission_manager/share/ament_index
[2.160s] creating /home/pride/AGV/install/mission_manager/share/ament_index/resource_index
[2.161s] creating /home/pride/AGV/install/mission_manager/share/ament_index/resource_index/packages
[2.161s] copying resource/mission_manager -> /home/pride/AGV/install/mission_manager/share/ament_index/resource_index/packages
[2.162s] creating /home/pride/AGV/install/mission_manager/share/mission_manager
[2.162s] copying package.xml -> /home/pride/AGV/install/mission_manager/share/mission_manager
[2.163s] running install_egg_info
[2.166s] Copying ../../build/mission_manager/mission_manager.egg-info to /home/pride/AGV/install/mission_manager/lib/python3.10/site-packages/mission_manager-0.0.0-py3.10.egg-info
[2.170s] running install_scripts
[2.211s] writing list of installed files to '/home/pride/AGV/build/mission_manager/install.log'
[2.405s] Invoked command in '/home/pride/AGV/src/mission_manager' returned '0': PYTHONPATH=/home/pride/AGV/build/mission_manager/prefix_override:/usr/lib/python3/dist-packages/colcon_core/task/python/colcon_distutils_commands:/home/pride/AGV/install/mission_manager/lib/python3.10/site-packages:${PYTHONPATH} /usr/bin/python3 -W ignore:setup.py install is deprecated -W ignore:easy_install command is deprecated setup.py egg_info --egg-base ../../build/mission_manager build --build-base /home/pride/AGV/build/mission_manager/build install --record /home/pride/AGV/build/mission_manager/install.log --single-version-externally-managed install_data
