[1.900s] Invoking command in '/home/pride/AGV/src/pan_tilt': PYTHONPATH=/home/pride/AGV/build/pan_tilt/prefix_override:/usr/lib/python3/dist-packages/colcon_core/task/python/colcon_distutils_commands:/home/pride/AGV/install/pan_tilt/lib/python3.10/site-packages:${PYTHONPATH} /usr/bin/python3 -W ignore:setup.py install is deprecated -W ignore:easy_install command is deprecated setup.py egg_info --egg-base ../../build/pan_tilt build --build-base /home/pride/AGV/build/pan_tilt/build install --record /home/pride/AGV/build/pan_tilt/install.log --single-version-externally-managed install_data
[2.312s] running egg_info
[2.314s] creating ../../build/pan_tilt/pan_tilt.egg-info
[2.316s] writing ../../build/pan_tilt/pan_tilt.egg-info/PKG-INFO
[2.317s] writing dependency_links to ../../build/pan_tilt/pan_tilt.egg-info/dependency_links.txt
[2.318s] writing entry points to ../../build/pan_tilt/pan_tilt.egg-info/entry_points.txt
[2.318s] writing requirements to ../../build/pan_tilt/pan_tilt.egg-info/requires.txt
[2.318s] writing top-level names to ../../build/pan_tilt/pan_tilt.egg-info/top_level.txt
[2.319s] writing manifest file '../../build/pan_tilt/pan_tilt.egg-info/SOURCES.txt'
[2.325s] reading manifest file '../../build/pan_tilt/pan_tilt.egg-info/SOURCES.txt'
[2.328s] writing manifest file '../../build/pan_tilt/pan_tilt.egg-info/SOURCES.txt'
[2.328s] running build
[2.328s] running build_py
[2.329s] creating /home/pride/AGV/build/pan_tilt/build
[2.329s] creating /home/pride/AGV/build/pan_tilt/build/lib
[2.329s] creating /home/pride/AGV/build/pan_tilt/build/lib/pan_tilt
[2.329s] copying pan_tilt/__init__.py -> /home/pride/AGV/build/pan_tilt/build/lib/pan_tilt
[2.330s] running install
[2.330s] running install_lib
[2.332s] creating /home/pride/AGV/install/pan_tilt/lib/python3.10/site-packages/pan_tilt
[2.333s] copying /home/pride/AGV/build/pan_tilt/build/lib/pan_tilt/__init__.py -> /home/pride/AGV/install/pan_tilt/lib/python3.10/site-packages/pan_tilt
[2.334s] byte-compiling /home/pride/AGV/install/pan_tilt/lib/python3.10/site-packages/pan_tilt/__init__.py to __init__.cpython-310.pyc
[2.335s] running install_data
[2.335s] creating /home/pride/AGV/install/pan_tilt/share
[2.335s] creating /home/pride/AGV/install/pan_tilt/share/ament_index
[2.335s] creating /home/pride/AGV/install/pan_tilt/share/ament_index/resource_index
[2.336s] creating /home/pride/AGV/install/pan_tilt/share/ament_index/resource_index/packages
[2.336s] copying resource/pan_tilt -> /home/pride/AGV/install/pan_tilt/share/ament_index/resource_index/packages
[2.336s] creating /home/pride/AGV/install/pan_tilt/share/pan_tilt
[2.337s] copying package.xml -> /home/pride/AGV/install/pan_tilt/share/pan_tilt
[2.337s] running install_egg_info
[2.339s] Copying ../../build/pan_tilt/pan_tilt.egg-info to /home/pride/AGV/install/pan_tilt/lib/python3.10/site-packages/pan_tilt-0.0.0-py3.10.egg-info
[2.340s] running install_scripts
[2.365s] writing list of installed files to '/home/pride/AGV/build/pan_tilt/install.log'
[2.404s] Invoked command in '/home/pride/AGV/src/pan_tilt' returned '0': PYTHONPATH=/home/pride/AGV/build/pan_tilt/prefix_override:/usr/lib/python3/dist-packages/colcon_core/task/python/colcon_distutils_commands:/home/pride/AGV/install/pan_tilt/lib/python3.10/site-packages:${PYTHONPATH} /usr/bin/python3 -W ignore:setup.py install is deprecated -W ignore:easy_install command is deprecated setup.py egg_info --egg-base ../../build/pan_tilt build --build-base /home/pride/AGV/build/pan_tilt/build install --record /home/pride/AGV/build/pan_tilt/install.log --single-version-externally-managed install_data
