[2.710s] Invoking command in '/home/pride/AGV/src/image_capture': PYTHONPATH=/home/pride/AGV/build/image_capture/prefix_override:/usr/lib/python3/dist-packages/colcon_core/task/python/colcon_distutils_commands:/home/pride/AGV/install/image_capture/lib/python3.10/site-packages: /usr/bin/python3 -W ignore:setup.py install is deprecated -W ignore:easy_install command is deprecated setup.py egg_info --egg-base ../../build/image_capture build --build-base /home/pride/AGV/build/image_capture/build install --record /home/pride/AGV/build/image_capture/install.log --single-version-externally-managed install_data
[3.015s] running egg_info
[3.031s] writing ../../build/image_capture/image_capture.egg-info/PKG-INFO
[3.034s] writing dependency_links to ../../build/image_capture/image_capture.egg-info/dependency_links.txt
[3.035s] writing entry points to ../../build/image_capture/image_capture.egg-info/entry_points.txt
[3.035s] writing requirements to ../../build/image_capture/image_capture.egg-info/requires.txt
[3.035s] writing top-level names to ../../build/image_capture/image_capture.egg-info/top_level.txt
[3.035s] reading manifest file '../../build/image_capture/image_capture.egg-info/SOURCES.txt'
[3.035s] writing manifest file '../../build/image_capture/image_capture.egg-info/SOURCES.txt'
[3.035s] running build
[3.036s] running build_py
[3.036s] copying image_capture/__init__.py -> /home/pride/AGV/build/image_capture/build/lib/image_capture
[3.036s] copying image_capture/capture.py -> /home/pride/AGV/build/image_capture/build/lib/image_capture
[3.036s] running install
[3.036s] running install_lib
[3.036s] copying /home/pride/AGV/build/image_capture/build/lib/image_capture/__init__.py -> /home/pride/AGV/install/image_capture/lib/python3.10/site-packages/image_capture
[3.040s] copying /home/pride/AGV/build/image_capture/build/lib/image_capture/capture.py -> /home/pride/AGV/install/image_capture/lib/python3.10/site-packages/image_capture
[3.046s] byte-compiling /home/pride/AGV/install/image_capture/lib/python3.10/site-packages/image_capture/__init__.py to __init__.cpython-310.pyc
[3.046s] byte-compiling /home/pride/AGV/install/image_capture/lib/python3.10/site-packages/image_capture/capture.py to capture.cpython-310.pyc
[3.047s] running install_data
[3.047s] copying resource/image_capture -> /home/pride/AGV/install/image_capture/share/ament_index/resource_index/packages
[3.047s] copying package.xml -> /home/pride/AGV/install/image_capture/share/image_capture
[3.047s] running install_egg_info
[3.047s] removing '/home/pride/AGV/install/image_capture/lib/python3.10/site-packages/image_capture-0.0.0-py3.10.egg-info' (and everything under it)
[3.048s] Copying ../../build/image_capture/image_capture.egg-info to /home/pride/AGV/install/image_capture/lib/python3.10/site-packages/image_capture-0.0.0-py3.10.egg-info
[3.052s] running install_scripts
[3.142s] Installing capture script to /home/pride/AGV/install/image_capture/lib/image_capture
[3.150s] writing list of installed files to '/home/pride/AGV/build/image_capture/install.log'
[3.275s] Invoked command in '/home/pride/AGV/src/image_capture' returned '0': PYTHONPATH=/home/pride/AGV/build/image_capture/prefix_override:/usr/lib/python3/dist-packages/colcon_core/task/python/colcon_distutils_commands:/home/pride/AGV/install/image_capture/lib/python3.10/site-packages: /usr/bin/python3 -W ignore:setup.py install is deprecated -W ignore:easy_install command is deprecated setup.py egg_info --egg-base ../../build/image_capture build --build-base /home/pride/AGV/build/image_capture/build install --record /home/pride/AGV/build/image_capture/install.log --single-version-externally-managed install_data
