running develop
Removing /home/pride/AGV/install/pan_tilt/lib/python3.10/site-packages/pan-tilt.egg-link (link to .)
running egg_info
writing ../../build/pan_tilt/pan_tilt.egg-info/PKG-INFO
writing dependency_links to ../../build/pan_tilt/pan_tilt.egg-info/dependency_links.txt
writing entry points to ../../build/pan_tilt/pan_tilt.egg-info/entry_points.txt
writing requirements to ../../build/pan_tilt/pan_tilt.egg-info/requires.txt
writing top-level names to ../../build/pan_tilt/pan_tilt.egg-info/top_level.txt
reading manifest file '../../build/pan_tilt/pan_tilt.egg-info/SOURCES.txt'
writing manifest file '../../build/pan_tilt/pan_tilt.egg-info/SOURCES.txt'
running build
running build_py
running install
running install_lib
copying /home/pride/AGV/build/pan_tilt/build/lib/pan_tilt/__init__.py -> /home/pride/AGV/install/pan_tilt/lib/python3.10/site-packages/pan_tilt
byte-compiling /home/pride/AGV/install/pan_tilt/lib/python3.10/site-packages/pan_tilt/__init__.py to __init__.cpython-310.pyc
running install_data
copying resource/pan_tilt -> /home/pride/AGV/install/pan_tilt/share/ament_index/resource_index/packages
copying package.xml -> /home/pride/AGV/install/pan_tilt/share/pan_tilt
running install_egg_info
Copying ../../build/pan_tilt/pan_tilt.egg-info to /home/pride/AGV/install/pan_tilt/lib/python3.10/site-packages/pan_tilt-0.0.0-py3.10.egg-info
running install_scripts
writing list of installed files to '/home/pride/AGV/build/pan_tilt/install.log'
