[0.499s] DEBUG:colcon:Command line arguments: ['/usr/bin/colcon', 'build', '--symlink-install']
[0.499s] DEBUG:colcon:Parsed command line arguments: Namespace(log_base=None, log_level=None, verb_name='build', build_base='build', install_base='install', merge_install=False, symlink_install=True, test_result_base=None, continue_on_error=False, executor='parallel', parallel_workers=8, event_handlers=None, ignore_user_meta=False, metas=['./colcon.meta'], base_paths=['.'], packages_ignore=None, packages_ignore_regex=None, paths=None, packages_up_to=None, packages_up_to_regex=None, packages_above=None, packages_above_and_dependencies=None, packages_above_depth=None, packages_select_by_dep=None, packages_skip_by_dep=None, packages_skip_up_to=None, packages_select_build_failed=False, packages_skip_build_finished=False, packages_select_test_failures=False, packages_skip_test_passed=False, packages_select=None, packages_skip=None, packages_select_regex=None, packages_skip_regex=None, packages_start=None, packages_end=None, allow_overriding=[], cmake_args=None, cmake_target=None, cmake_target_skip_unavailable=False, cmake_clean_cache=False, cmake_clean_first=False, cmake_force_configure=False, ament_cmake_args=None, catkin_cmake_args=None, catkin_skip_building_tests=False, verb_parser=<colcon_defaults.argument_parser.defaults.DefaultArgumentsDecorator object at 0x7f5a8c918700>, verb_extension=<colcon_core.verb.build.BuildVerb object at 0x7f5a8ca953c0>, main=<bound method BuildVerb.main of <colcon_core.verb.build.BuildVerb object at 0x7f5a8ca953c0>>)
[0.860s] Level 1:colcon.colcon_core.package_discovery:discover_packages(colcon_meta) check parameters
[0.860s] Level 1:colcon.colcon_core.package_discovery:discover_packages(recursive) check parameters
[0.860s] Level 1:colcon.colcon_core.package_discovery:discover_packages(ignore) check parameters
[0.860s] Level 1:colcon.colcon_core.package_discovery:discover_packages(path) check parameters
[0.860s] Level 1:colcon.colcon_core.package_discovery:discover_packages(colcon_meta) discover
[0.860s] Level 1:colcon.colcon_core.package_discovery:discover_packages(recursive) discover
[0.860s] INFO:colcon.colcon_core.package_discovery:Crawling recursively for packages in '/home/pride/AGV/src'
[0.860s] Level 1:colcon.colcon_core.package_identification:_identify(.) by extensions ['ignore', 'ignore_ament_install']
[0.860s] Level 1:colcon.colcon_core.package_identification:_identify(.) by extension 'ignore'
[0.860s] Level 1:colcon.colcon_core.package_identification:_identify(.) by extension 'ignore_ament_install'
[0.860s] Level 1:colcon.colcon_core.package_identification:_identify(.) by extensions ['colcon_pkg']
[0.860s] Level 1:colcon.colcon_core.package_identification:_identify(.) by extension 'colcon_pkg'
[0.861s] Level 1:colcon.colcon_core.package_identification:_identify(.) by extensions ['colcon_meta']
[0.861s] Level 1:colcon.colcon_core.package_identification:_identify(.) by extension 'colcon_meta'
[0.861s] Level 1:colcon.colcon_core.package_identification:_identify(.) by extensions ['ros']
[0.861s] Level 1:colcon.colcon_core.package_identification:_identify(.) by extension 'ros'
[0.884s] Level 1:colcon.colcon_core.package_identification:_identify(.) by extensions ['cmake', 'python']
[0.884s] Level 1:colcon.colcon_core.package_identification:_identify(.) by extension 'cmake'
[0.884s] Level 1:colcon.colcon_core.package_identification:_identify(.) by extension 'python'
[0.884s] Level 1:colcon.colcon_core.package_identification:_identify(.) by extensions ['python_setup_py']
[0.884s] Level 1:colcon.colcon_core.package_identification:_identify(.) by extension 'python_setup_py'
[0.885s] Level 1:colcon.colcon_core.package_identification:_identify(build) by extensions ['ignore', 'ignore_ament_install']
[0.885s] Level 1:colcon.colcon_core.package_identification:_identify(build) by extension 'ignore'
[0.886s] Level 1:colcon.colcon_core.package_identification:_identify(build) ignored
[0.886s] Level 1:colcon.colcon_core.package_identification:_identify(geotagging) by extensions ['ignore', 'ignore_ament_install']
[0.886s] Level 1:colcon.colcon_core.package_identification:_identify(geotagging) by extension 'ignore'
[0.886s] Level 1:colcon.colcon_core.package_identification:_identify(geotagging) by extension 'ignore_ament_install'
[0.886s] Level 1:colcon.colcon_core.package_identification:_identify(geotagging) by extensions ['colcon_pkg']
[0.886s] Level 1:colcon.colcon_core.package_identification:_identify(geotagging) by extension 'colcon_pkg'
[0.887s] Level 1:colcon.colcon_core.package_identification:_identify(geotagging) by extensions ['colcon_meta']
[0.887s] Level 1:colcon.colcon_core.package_identification:_identify(geotagging) by extension 'colcon_meta'
[0.887s] Level 1:colcon.colcon_core.package_identification:_identify(geotagging) by extensions ['ros']
[0.887s] Level 1:colcon.colcon_core.package_identification:_identify(geotagging) by extension 'ros'
[0.891s] DEBUG:colcon.colcon_core.package_identification:Package 'geotagging' with type 'ros.ament_python' and name 'geotagging'
[0.891s] Level 1:colcon.colcon_core.package_identification:_identify(image_capture) by extensions ['ignore', 'ignore_ament_install']
[0.891s] Level 1:colcon.colcon_core.package_identification:_identify(image_capture) by extension 'ignore'
[0.891s] Level 1:colcon.colcon_core.package_identification:_identify(image_capture) by extension 'ignore_ament_install'
[0.891s] Level 1:colcon.colcon_core.package_identification:_identify(image_capture) by extensions ['colcon_pkg']
[0.891s] Level 1:colcon.colcon_core.package_identification:_identify(image_capture) by extension 'colcon_pkg'
[0.891s] Level 1:colcon.colcon_core.package_identification:_identify(image_capture) by extensions ['colcon_meta']
[0.891s] Level 1:colcon.colcon_core.package_identification:_identify(image_capture) by extension 'colcon_meta'
[0.891s] Level 1:colcon.colcon_core.package_identification:_identify(image_capture) by extensions ['ros']
[0.891s] Level 1:colcon.colcon_core.package_identification:_identify(image_capture) by extension 'ros'
[0.892s] DEBUG:colcon.colcon_core.package_identification:Package 'image_capture' with type 'ros.ament_python' and name 'image_capture'
[0.893s] Level 1:colcon.colcon_core.package_identification:_identify(install) by extensions ['ignore', 'ignore_ament_install']
[0.893s] Level 1:colcon.colcon_core.package_identification:_identify(install) by extension 'ignore'
[0.893s] Level 1:colcon.colcon_core.package_identification:_identify(install) ignored
[0.893s] Level 1:colcon.colcon_core.package_identification:_identify(lidar) by extensions ['ignore', 'ignore_ament_install']
[0.894s] Level 1:colcon.colcon_core.package_identification:_identify(lidar) by extension 'ignore'
[0.894s] Level 1:colcon.colcon_core.package_identification:_identify(lidar) by extension 'ignore_ament_install'
[0.894s] Level 1:colcon.colcon_core.package_identification:_identify(lidar) by extensions ['colcon_pkg']
[0.894s] Level 1:colcon.colcon_core.package_identification:_identify(lidar) by extension 'colcon_pkg'
[0.894s] Level 1:colcon.colcon_core.package_identification:_identify(lidar) by extensions ['colcon_meta']
[0.894s] Level 1:colcon.colcon_core.package_identification:_identify(lidar) by extension 'colcon_meta'
[0.894s] Level 1:colcon.colcon_core.package_identification:_identify(lidar) by extensions ['ros']
[0.894s] Level 1:colcon.colcon_core.package_identification:_identify(lidar) by extension 'ros'
[0.894s] DEBUG:colcon.colcon_core.package_identification:Package 'lidar' with type 'ros.ament_python' and name 'lidar'
[0.895s] Level 1:colcon.colcon_core.package_identification:_identify(log) by extensions ['ignore', 'ignore_ament_install']
[0.895s] Level 1:colcon.colcon_core.package_identification:_identify(log) by extension 'ignore'
[0.895s] Level 1:colcon.colcon_core.package_identification:_identify(log) ignored
[0.895s] Level 1:colcon.colcon_core.package_identification:_identify(mission_manager) by extensions ['ignore', 'ignore_ament_install']
[0.895s] Level 1:colcon.colcon_core.package_identification:_identify(mission_manager) by extension 'ignore'
[0.895s] Level 1:colcon.colcon_core.package_identification:_identify(mission_manager) by extension 'ignore_ament_install'
[0.895s] Level 1:colcon.colcon_core.package_identification:_identify(mission_manager) by extensions ['colcon_pkg']
[0.895s] Level 1:colcon.colcon_core.package_identification:_identify(mission_manager) by extension 'colcon_pkg'
[0.895s] Level 1:colcon.colcon_core.package_identification:_identify(mission_manager) by extensions ['colcon_meta']
[0.895s] Level 1:colcon.colcon_core.package_identification:_identify(mission_manager) by extension 'colcon_meta'
[0.895s] Level 1:colcon.colcon_core.package_identification:_identify(mission_manager) by extensions ['ros']
[0.895s] Level 1:colcon.colcon_core.package_identification:_identify(mission_manager) by extension 'ros'
[0.896s] DEBUG:colcon.colcon_core.package_identification:Package 'mission_manager' with type 'ros.ament_python' and name 'mission_manager'
[0.896s] Level 1:colcon.colcon_core.package_identification:_identify(ntrip_client) by extensions ['ignore', 'ignore_ament_install']
[0.896s] Level 1:colcon.colcon_core.package_identification:_identify(ntrip_client) by extension 'ignore'
[0.896s] Level 1:colcon.colcon_core.package_identification:_identify(ntrip_client) by extension 'ignore_ament_install'
[0.896s] Level 1:colcon.colcon_core.package_identification:_identify(ntrip_client) by extensions ['colcon_pkg']
[0.896s] Level 1:colcon.colcon_core.package_identification:_identify(ntrip_client) by extension 'colcon_pkg'
[0.896s] Level 1:colcon.colcon_core.package_identification:_identify(ntrip_client) by extensions ['colcon_meta']
[0.896s] Level 1:colcon.colcon_core.package_identification:_identify(ntrip_client) by extension 'colcon_meta'
[0.896s] Level 1:colcon.colcon_core.package_identification:_identify(ntrip_client) by extensions ['ros']
[0.896s] Level 1:colcon.colcon_core.package_identification:_identify(ntrip_client) by extension 'ros'
[0.897s] DEBUG:colcon.colcon_core.package_identification:Package 'ntrip_client' with type 'ros.ament_python' and name 'ntrip_client'
[0.898s] Level 1:colcon.colcon_core.package_identification:_identify(pan_tilt) by extensions ['ignore', 'ignore_ament_install']
[0.898s] Level 1:colcon.colcon_core.package_identification:_identify(pan_tilt) by extension 'ignore'
[0.898s] Level 1:colcon.colcon_core.package_identification:_identify(pan_tilt) by extension 'ignore_ament_install'
[0.898s] Level 1:colcon.colcon_core.package_identification:_identify(pan_tilt) by extensions ['colcon_pkg']
[0.898s] Level 1:colcon.colcon_core.package_identification:_identify(pan_tilt) by extension 'colcon_pkg'
[0.898s] Level 1:colcon.colcon_core.package_identification:_identify(pan_tilt) by extensions ['colcon_meta']
[0.898s] Level 1:colcon.colcon_core.package_identification:_identify(pan_tilt) by extension 'colcon_meta'
[0.898s] Level 1:colcon.colcon_core.package_identification:_identify(pan_tilt) by extensions ['ros']
[0.898s] Level 1:colcon.colcon_core.package_identification:_identify(pan_tilt) by extension 'ros'
[0.899s] DEBUG:colcon.colcon_core.package_identification:Package 'pan_tilt' with type 'ros.ament_python' and name 'pan_tilt'
[0.899s] Level 1:colcon.colcon_core.package_identification:_identify(solar_panel_detector) by extensions ['ignore', 'ignore_ament_install']
[0.899s] Level 1:colcon.colcon_core.package_identification:_identify(solar_panel_detector) by extension 'ignore'
[0.899s] Level 1:colcon.colcon_core.package_identification:_identify(solar_panel_detector) by extension 'ignore_ament_install'
[0.899s] Level 1:colcon.colcon_core.package_identification:_identify(solar_panel_detector) by extensions ['colcon_pkg']
[0.900s] Level 1:colcon.colcon_core.package_identification:_identify(solar_panel_detector) by extension 'colcon_pkg'
[0.900s] Level 1:colcon.colcon_core.package_identification:_identify(solar_panel_detector) by extensions ['colcon_meta']
[0.900s] Level 1:colcon.colcon_core.package_identification:_identify(solar_panel_detector) by extension 'colcon_meta'
[0.900s] Level 1:colcon.colcon_core.package_identification:_identify(solar_panel_detector) by extensions ['ros']
[0.900s] Level 1:colcon.colcon_core.package_identification:_identify(solar_panel_detector) by extension 'ros'
[0.901s] DEBUG:colcon.colcon_core.package_identification:Package 'solar_panel_detector' with type 'ros.ament_python' and name 'solar_panel_detector'
[0.901s] Level 1:colcon.colcon_core.package_discovery:discover_packages(recursive) using defaults
[0.901s] Level 1:colcon.colcon_core.package_discovery:discover_packages(ignore) discover
[0.901s] Level 1:colcon.colcon_core.package_discovery:discover_packages(ignore) using defaults
[0.901s] Level 1:colcon.colcon_core.package_discovery:discover_packages(path) discover
[0.901s] Level 1:colcon.colcon_core.package_discovery:discover_packages(path) using defaults
[0.941s] Level 1:colcon.colcon_core.package_discovery:discover_packages(prefix_path) check parameters
[0.941s] Level 1:colcon.colcon_core.package_discovery:discover_packages(prefix_path) discover
[0.953s] DEBUG:colcon.colcon_installed_package_information.package_discovery:Found 7 installed packages in /home/pride/AGV/src/install
[0.953s] DEBUG:colcon.colcon_installed_package_information.package_discovery:Found 1 installed packages in /home/pride/AGV/src/image_capture/install
[0.954s] DEBUG:colcon.colcon_installed_package_information.package_discovery:Found 1 installed packages in /home/pride/ros2_ws/install
[0.956s] DEBUG:colcon.colcon_installed_package_information.package_discovery:Found 272 installed packages in /opt/ros/humble
[0.971s] Level 1:colcon.colcon_core.package_discovery:discover_packages(prefix_path) using defaults
[1.095s] Level 5:colcon.colcon_core.verb:set package 'geotagging' build argument 'cmake_args' from command line to 'None'
[1.095s] Level 5:colcon.colcon_core.verb:set package 'geotagging' build argument 'cmake_target' from command line to 'None'
[1.095s] Level 5:colcon.colcon_core.verb:set package 'geotagging' build argument 'cmake_target_skip_unavailable' from command line to 'False'
[1.095s] Level 5:colcon.colcon_core.verb:set package 'geotagging' build argument 'cmake_clean_cache' from command line to 'False'
[1.095s] Level 5:colcon.colcon_core.verb:set package 'geotagging' build argument 'cmake_clean_first' from command line to 'False'
[1.095s] Level 5:colcon.colcon_core.verb:set package 'geotagging' build argument 'cmake_force_configure' from command line to 'False'
[1.095s] Level 5:colcon.colcon_core.verb:set package 'geotagging' build argument 'ament_cmake_args' from command line to 'None'
[1.095s] Level 5:colcon.colcon_core.verb:set package 'geotagging' build argument 'catkin_cmake_args' from command line to 'None'
[1.095s] Level 5:colcon.colcon_core.verb:set package 'geotagging' build argument 'catkin_skip_building_tests' from command line to 'False'
[1.095s] DEBUG:colcon.colcon_core.verb:Building package 'geotagging' with the following arguments: {'ament_cmake_args': None, 'build_base': '/home/pride/AGV/src/build/geotagging', 'catkin_cmake_args': None, 'catkin_skip_building_tests': False, 'cmake_args': None, 'cmake_clean_cache': False, 'cmake_clean_first': False, 'cmake_force_configure': False, 'cmake_target': None, 'cmake_target_skip_unavailable': False, 'install_base': '/home/pride/AGV/src/install/geotagging', 'merge_install': False, 'path': '/home/pride/AGV/src/geotagging', 'symlink_install': True, 'test_result_base': None}
[1.095s] Level 5:colcon.colcon_core.verb:set package 'image_capture' build argument 'cmake_args' from command line to 'None'
[1.095s] Level 5:colcon.colcon_core.verb:set package 'image_capture' build argument 'cmake_target' from command line to 'None'
[1.095s] Level 5:colcon.colcon_core.verb:set package 'image_capture' build argument 'cmake_target_skip_unavailable' from command line to 'False'
[1.095s] Level 5:colcon.colcon_core.verb:set package 'image_capture' build argument 'cmake_clean_cache' from command line to 'False'
[1.095s] Level 5:colcon.colcon_core.verb:set package 'image_capture' build argument 'cmake_clean_first' from command line to 'False'
[1.095s] Level 5:colcon.colcon_core.verb:set package 'image_capture' build argument 'cmake_force_configure' from command line to 'False'
[1.095s] Level 5:colcon.colcon_core.verb:set package 'image_capture' build argument 'ament_cmake_args' from command line to 'None'
[1.095s] Level 5:colcon.colcon_core.verb:set package 'image_capture' build argument 'catkin_cmake_args' from command line to 'None'
[1.095s] Level 5:colcon.colcon_core.verb:set package 'image_capture' build argument 'catkin_skip_building_tests' from command line to 'False'
[1.095s] DEBUG:colcon.colcon_core.verb:Building package 'image_capture' with the following arguments: {'ament_cmake_args': None, 'build_base': '/home/pride/AGV/src/build/image_capture', 'catkin_cmake_args': None, 'catkin_skip_building_tests': False, 'cmake_args': None, 'cmake_clean_cache': False, 'cmake_clean_first': False, 'cmake_force_configure': False, 'cmake_target': None, 'cmake_target_skip_unavailable': False, 'install_base': '/home/pride/AGV/src/install/image_capture', 'merge_install': False, 'path': '/home/pride/AGV/src/image_capture', 'symlink_install': True, 'test_result_base': None}
[1.096s] Level 5:colcon.colcon_core.verb:set package 'lidar' build argument 'cmake_args' from command line to 'None'
[1.096s] Level 5:colcon.colcon_core.verb:set package 'lidar' build argument 'cmake_target' from command line to 'None'
[1.096s] Level 5:colcon.colcon_core.verb:set package 'lidar' build argument 'cmake_target_skip_unavailable' from command line to 'False'
[1.096s] Level 5:colcon.colcon_core.verb:set package 'lidar' build argument 'cmake_clean_cache' from command line to 'False'
[1.096s] Level 5:colcon.colcon_core.verb:set package 'lidar' build argument 'cmake_clean_first' from command line to 'False'
[1.096s] Level 5:colcon.colcon_core.verb:set package 'lidar' build argument 'cmake_force_configure' from command line to 'False'
[1.096s] Level 5:colcon.colcon_core.verb:set package 'lidar' build argument 'ament_cmake_args' from command line to 'None'
[1.096s] Level 5:colcon.colcon_core.verb:set package 'lidar' build argument 'catkin_cmake_args' from command line to 'None'
[1.096s] Level 5:colcon.colcon_core.verb:set package 'lidar' build argument 'catkin_skip_building_tests' from command line to 'False'
[1.096s] DEBUG:colcon.colcon_core.verb:Building package 'lidar' with the following arguments: {'ament_cmake_args': None, 'build_base': '/home/pride/AGV/src/build/lidar', 'catkin_cmake_args': None, 'catkin_skip_building_tests': False, 'cmake_args': None, 'cmake_clean_cache': False, 'cmake_clean_first': False, 'cmake_force_configure': False, 'cmake_target': None, 'cmake_target_skip_unavailable': False, 'install_base': '/home/pride/AGV/src/install/lidar', 'merge_install': False, 'path': '/home/pride/AGV/src/lidar', 'symlink_install': True, 'test_result_base': None}
[1.096s] Level 5:colcon.colcon_core.verb:set package 'mission_manager' build argument 'cmake_args' from command line to 'None'
[1.096s] Level 5:colcon.colcon_core.verb:set package 'mission_manager' build argument 'cmake_target' from command line to 'None'
[1.096s] Level 5:colcon.colcon_core.verb:set package 'mission_manager' build argument 'cmake_target_skip_unavailable' from command line to 'False'
[1.096s] Level 5:colcon.colcon_core.verb:set package 'mission_manager' build argument 'cmake_clean_cache' from command line to 'False'
[1.096s] Level 5:colcon.colcon_core.verb:set package 'mission_manager' build argument 'cmake_clean_first' from command line to 'False'
[1.096s] Level 5:colcon.colcon_core.verb:set package 'mission_manager' build argument 'cmake_force_configure' from command line to 'False'
[1.096s] Level 5:colcon.colcon_core.verb:set package 'mission_manager' build argument 'ament_cmake_args' from command line to 'None'
[1.096s] Level 5:colcon.colcon_core.verb:set package 'mission_manager' build argument 'catkin_cmake_args' from command line to 'None'
[1.096s] Level 5:colcon.colcon_core.verb:set package 'mission_manager' build argument 'catkin_skip_building_tests' from command line to 'False'
[1.096s] DEBUG:colcon.colcon_core.verb:Building package 'mission_manager' with the following arguments: {'ament_cmake_args': None, 'build_base': '/home/pride/AGV/src/build/mission_manager', 'catkin_cmake_args': None, 'catkin_skip_building_tests': False, 'cmake_args': None, 'cmake_clean_cache': False, 'cmake_clean_first': False, 'cmake_force_configure': False, 'cmake_target': None, 'cmake_target_skip_unavailable': False, 'install_base': '/home/pride/AGV/src/install/mission_manager', 'merge_install': False, 'path': '/home/pride/AGV/src/mission_manager', 'symlink_install': True, 'test_result_base': None}
[1.096s] Level 5:colcon.colcon_core.verb:set package 'ntrip_client' build argument 'cmake_args' from command line to 'None'
[1.096s] Level 5:colcon.colcon_core.verb:set package 'ntrip_client' build argument 'cmake_target' from command line to 'None'
[1.096s] Level 5:colcon.colcon_core.verb:set package 'ntrip_client' build argument 'cmake_target_skip_unavailable' from command line to 'False'
[1.096s] Level 5:colcon.colcon_core.verb:set package 'ntrip_client' build argument 'cmake_clean_cache' from command line to 'False'
[1.096s] Level 5:colcon.colcon_core.verb:set package 'ntrip_client' build argument 'cmake_clean_first' from command line to 'False'
[1.096s] Level 5:colcon.colcon_core.verb:set package 'ntrip_client' build argument 'cmake_force_configure' from command line to 'False'
[1.096s] Level 5:colcon.colcon_core.verb:set package 'ntrip_client' build argument 'ament_cmake_args' from command line to 'None'
[1.096s] Level 5:colcon.colcon_core.verb:set package 'ntrip_client' build argument 'catkin_cmake_args' from command line to 'None'
[1.097s] Level 5:colcon.colcon_core.verb:set package 'ntrip_client' build argument 'catkin_skip_building_tests' from command line to 'False'
[1.097s] DEBUG:colcon.colcon_core.verb:Building package 'ntrip_client' with the following arguments: {'ament_cmake_args': None, 'build_base': '/home/pride/AGV/src/build/ntrip_client', 'catkin_cmake_args': None, 'catkin_skip_building_tests': False, 'cmake_args': None, 'cmake_clean_cache': False, 'cmake_clean_first': False, 'cmake_force_configure': False, 'cmake_target': None, 'cmake_target_skip_unavailable': False, 'install_base': '/home/pride/AGV/src/install/ntrip_client', 'merge_install': False, 'path': '/home/pride/AGV/src/ntrip_client', 'symlink_install': True, 'test_result_base': None}
[1.097s] Level 5:colcon.colcon_core.verb:set package 'pan_tilt' build argument 'cmake_args' from command line to 'None'
[1.097s] Level 5:colcon.colcon_core.verb:set package 'pan_tilt' build argument 'cmake_target' from command line to 'None'
[1.097s] Level 5:colcon.colcon_core.verb:set package 'pan_tilt' build argument 'cmake_target_skip_unavailable' from command line to 'False'
[1.097s] Level 5:colcon.colcon_core.verb:set package 'pan_tilt' build argument 'cmake_clean_cache' from command line to 'False'
[1.097s] Level 5:colcon.colcon_core.verb:set package 'pan_tilt' build argument 'cmake_clean_first' from command line to 'False'
[1.097s] Level 5:colcon.colcon_core.verb:set package 'pan_tilt' build argument 'cmake_force_configure' from command line to 'False'
[1.097s] Level 5:colcon.colcon_core.verb:set package 'pan_tilt' build argument 'ament_cmake_args' from command line to 'None'
[1.097s] Level 5:colcon.colcon_core.verb:set package 'pan_tilt' build argument 'catkin_cmake_args' from command line to 'None'
[1.097s] Level 5:colcon.colcon_core.verb:set package 'pan_tilt' build argument 'catkin_skip_building_tests' from command line to 'False'
[1.097s] DEBUG:colcon.colcon_core.verb:Building package 'pan_tilt' with the following arguments: {'ament_cmake_args': None, 'build_base': '/home/pride/AGV/src/build/pan_tilt', 'catkin_cmake_args': None, 'catkin_skip_building_tests': False, 'cmake_args': None, 'cmake_clean_cache': False, 'cmake_clean_first': False, 'cmake_force_configure': False, 'cmake_target': None, 'cmake_target_skip_unavailable': False, 'install_base': '/home/pride/AGV/src/install/pan_tilt', 'merge_install': False, 'path': '/home/pride/AGV/src/pan_tilt', 'symlink_install': True, 'test_result_base': None}
[1.097s] Level 5:colcon.colcon_core.verb:set package 'solar_panel_detector' build argument 'cmake_args' from command line to 'None'
[1.097s] Level 5:colcon.colcon_core.verb:set package 'solar_panel_detector' build argument 'cmake_target' from command line to 'None'
[1.097s] Level 5:colcon.colcon_core.verb:set package 'solar_panel_detector' build argument 'cmake_target_skip_unavailable' from command line to 'False'
[1.097s] Level 5:colcon.colcon_core.verb:set package 'solar_panel_detector' build argument 'cmake_clean_cache' from command line to 'False'
[1.097s] Level 5:colcon.colcon_core.verb:set package 'solar_panel_detector' build argument 'cmake_clean_first' from command line to 'False'
[1.097s] Level 5:colcon.colcon_core.verb:set package 'solar_panel_detector' build argument 'cmake_force_configure' from command line to 'False'
[1.097s] Level 5:colcon.colcon_core.verb:set package 'solar_panel_detector' build argument 'ament_cmake_args' from command line to 'None'
[1.097s] Level 5:colcon.colcon_core.verb:set package 'solar_panel_detector' build argument 'catkin_cmake_args' from command line to 'None'
[1.097s] Level 5:colcon.colcon_core.verb:set package 'solar_panel_detector' build argument 'catkin_skip_building_tests' from command line to 'False'
[1.097s] DEBUG:colcon.colcon_core.verb:Building package 'solar_panel_detector' with the following arguments: {'ament_cmake_args': None, 'build_base': '/home/pride/AGV/src/build/solar_panel_detector', 'catkin_cmake_args': None, 'catkin_skip_building_tests': False, 'cmake_args': None, 'cmake_clean_cache': False, 'cmake_clean_first': False, 'cmake_force_configure': False, 'cmake_target': None, 'cmake_target_skip_unavailable': False, 'install_base': '/home/pride/AGV/src/install/solar_panel_detector', 'merge_install': False, 'path': '/home/pride/AGV/src/solar_panel_detector', 'symlink_install': True, 'test_result_base': None}
[1.097s] INFO:colcon.colcon_core.executor:Executing jobs using 'parallel' executor
[1.099s] DEBUG:colcon.colcon_parallel_executor.executor.parallel:run_until_complete
[1.101s] INFO:colcon.colcon_ros.task.ament_python.build:Building ROS package in '/home/pride/AGV/src/geotagging' with build type 'ament_python'
[1.102s] Level 1:colcon.colcon_core.shell:create_environment_hook('geotagging', 'ament_prefix_path')
[1.109s] INFO:colcon.colcon_core.plugin_system:Skipping extension 'colcon_core.shell.bat': Not used on non-Windows systems
[1.110s] INFO:colcon.colcon_core.shell:Creating environment hook '/home/pride/AGV/src/install/geotagging/share/geotagging/hook/ament_prefix_path.ps1'
[1.111s] INFO:colcon.colcon_core.shell:Creating environment descriptor '/home/pride/AGV/src/install/geotagging/share/geotagging/hook/ament_prefix_path.dsv'
[1.112s] INFO:colcon.colcon_core.shell:Creating environment hook '/home/pride/AGV/src/install/geotagging/share/geotagging/hook/ament_prefix_path.sh'
[1.113s] INFO:colcon.colcon_core.shell:Skip shell extension 'powershell' for command environment: Not usable outside of PowerShell
[1.113s] DEBUG:colcon.colcon_core.shell:Skip shell extension 'dsv' for command environment
[1.118s] INFO:colcon.colcon_ros.task.ament_python.build:Building ROS package in '/home/pride/AGV/src/image_capture' with build type 'ament_python'
[1.118s] Level 1:colcon.colcon_core.shell:create_environment_hook('image_capture', 'ament_prefix_path')
[1.119s] INFO:colcon.colcon_core.shell:Creating environment hook '/home/pride/AGV/src/install/image_capture/share/image_capture/hook/ament_prefix_path.ps1'
[1.120s] INFO:colcon.colcon_core.shell:Creating environment descriptor '/home/pride/AGV/src/install/image_capture/share/image_capture/hook/ament_prefix_path.dsv'
[1.121s] INFO:colcon.colcon_core.shell:Creating environment hook '/home/pride/AGV/src/install/image_capture/share/image_capture/hook/ament_prefix_path.sh'
[1.122s] INFO:colcon.colcon_core.shell:Skip shell extension 'powershell' for command environment: Not usable outside of PowerShell
[1.122s] DEBUG:colcon.colcon_core.shell:Skip shell extension 'dsv' for command environment
[1.127s] INFO:colcon.colcon_ros.task.ament_python.build:Building ROS package in '/home/pride/AGV/src/lidar' with build type 'ament_python'
[1.128s] Level 1:colcon.colcon_core.shell:create_environment_hook('lidar', 'ament_prefix_path')
[1.128s] INFO:colcon.colcon_core.shell:Creating environment hook '/home/pride/AGV/src/install/lidar/share/lidar/hook/ament_prefix_path.ps1'
[1.129s] INFO:colcon.colcon_core.shell:Creating environment descriptor '/home/pride/AGV/src/install/lidar/share/lidar/hook/ament_prefix_path.dsv'
[1.129s] INFO:colcon.colcon_core.shell:Creating environment hook '/home/pride/AGV/src/install/lidar/share/lidar/hook/ament_prefix_path.sh'
[1.130s] INFO:colcon.colcon_core.shell:Skip shell extension 'powershell' for command environment: Not usable outside of PowerShell
[1.130s] DEBUG:colcon.colcon_core.shell:Skip shell extension 'dsv' for command environment
[1.135s] INFO:colcon.colcon_ros.task.ament_python.build:Building ROS package in '/home/pride/AGV/src/mission_manager' with build type 'ament_python'
[1.136s] Level 1:colcon.colcon_core.shell:create_environment_hook('mission_manager', 'ament_prefix_path')
[1.136s] INFO:colcon.colcon_core.shell:Creating environment hook '/home/pride/AGV/src/install/mission_manager/share/mission_manager/hook/ament_prefix_path.ps1'
[1.137s] INFO:colcon.colcon_core.shell:Creating environment descriptor '/home/pride/AGV/src/install/mission_manager/share/mission_manager/hook/ament_prefix_path.dsv'
[1.138s] INFO:colcon.colcon_core.shell:Creating environment hook '/home/pride/AGV/src/install/mission_manager/share/mission_manager/hook/ament_prefix_path.sh'
[1.138s] INFO:colcon.colcon_core.shell:Skip shell extension 'powershell' for command environment: Not usable outside of PowerShell
[1.138s] DEBUG:colcon.colcon_core.shell:Skip shell extension 'dsv' for command environment
[1.143s] INFO:colcon.colcon_ros.task.ament_python.build:Building ROS package in '/home/pride/AGV/src/ntrip_client' with build type 'ament_python'
[1.143s] Level 1:colcon.colcon_core.shell:create_environment_hook('ntrip_client', 'ament_prefix_path')
[1.144s] INFO:colcon.colcon_core.shell:Creating environment hook '/home/pride/AGV/src/install/ntrip_client/share/ntrip_client/hook/ament_prefix_path.ps1'
[1.145s] INFO:colcon.colcon_core.shell:Creating environment descriptor '/home/pride/AGV/src/install/ntrip_client/share/ntrip_client/hook/ament_prefix_path.dsv'
[1.145s] INFO:colcon.colcon_core.shell:Creating environment hook '/home/pride/AGV/src/install/ntrip_client/share/ntrip_client/hook/ament_prefix_path.sh'
[1.146s] INFO:colcon.colcon_core.shell:Skip shell extension 'powershell' for command environment: Not usable outside of PowerShell
[1.146s] DEBUG:colcon.colcon_core.shell:Skip shell extension 'dsv' for command environment
[1.149s] INFO:colcon.colcon_ros.task.ament_python.build:Building ROS package in '/home/pride/AGV/src/pan_tilt' with build type 'ament_python'
[1.150s] Level 1:colcon.colcon_core.shell:create_environment_hook('pan_tilt', 'ament_prefix_path')
[1.150s] INFO:colcon.colcon_core.shell:Creating environment hook '/home/pride/AGV/src/install/pan_tilt/share/pan_tilt/hook/ament_prefix_path.ps1'
[1.151s] INFO:colcon.colcon_core.shell:Creating environment descriptor '/home/pride/AGV/src/install/pan_tilt/share/pan_tilt/hook/ament_prefix_path.dsv'
[1.151s] INFO:colcon.colcon_core.shell:Creating environment hook '/home/pride/AGV/src/install/pan_tilt/share/pan_tilt/hook/ament_prefix_path.sh'
[1.152s] INFO:colcon.colcon_core.shell:Skip shell extension 'powershell' for command environment: Not usable outside of PowerShell
[1.152s] DEBUG:colcon.colcon_core.shell:Skip shell extension 'dsv' for command environment
[1.155s] INFO:colcon.colcon_ros.task.ament_python.build:Building ROS package in '/home/pride/AGV/src/solar_panel_detector' with build type 'ament_python'
[1.155s] Level 1:colcon.colcon_core.shell:create_environment_hook('solar_panel_detector', 'ament_prefix_path')
[1.155s] INFO:colcon.colcon_core.shell:Creating environment hook '/home/pride/AGV/src/install/solar_panel_detector/share/solar_panel_detector/hook/ament_prefix_path.ps1'
[1.156s] INFO:colcon.colcon_core.shell:Creating environment descriptor '/home/pride/AGV/src/install/solar_panel_detector/share/solar_panel_detector/hook/ament_prefix_path.dsv'
[1.157s] INFO:colcon.colcon_core.shell:Creating environment hook '/home/pride/AGV/src/install/solar_panel_detector/share/solar_panel_detector/hook/ament_prefix_path.sh'
[1.159s] INFO:colcon.colcon_core.shell:Skip shell extension 'powershell' for command environment: Not usable outside of PowerShell
[1.159s] DEBUG:colcon.colcon_core.shell:Skip shell extension 'dsv' for command environment
[1.451s] INFO:colcon.colcon_core.task.python.build:Building Python package in '/home/pride/AGV/src/geotagging'
[1.452s] INFO:colcon.colcon_core.shell:Skip shell extension 'powershell' for command environment: Not usable outside of PowerShell
[1.452s] DEBUG:colcon.colcon_core.shell:Skip shell extension 'dsv' for command environment
[1.700s] INFO:colcon.colcon_core.task.python.build:Building Python package in '/home/pride/AGV/src/image_capture'
[1.700s] INFO:colcon.colcon_core.shell:Skip shell extension 'powershell' for command environment: Not usable outside of PowerShell
[1.700s] DEBUG:colcon.colcon_core.shell:Skip shell extension 'dsv' for command environment
[1.944s] INFO:colcon.colcon_core.task.python.build:Building Python package in '/home/pride/AGV/src/lidar'
[1.944s] INFO:colcon.colcon_core.shell:Skip shell extension 'powershell' for command environment: Not usable outside of PowerShell
[1.944s] DEBUG:colcon.colcon_core.shell:Skip shell extension 'dsv' for command environment
[2.150s] INFO:colcon.colcon_core.task.python.build:Building Python package in '/home/pride/AGV/src/mission_manager'
[2.150s] INFO:colcon.colcon_core.shell:Skip shell extension 'powershell' for command environment: Not usable outside of PowerShell
[2.150s] DEBUG:colcon.colcon_core.shell:Skip shell extension 'dsv' for command environment
[2.381s] INFO:colcon.colcon_core.task.python.build:Building Python package in '/home/pride/AGV/src/ntrip_client'
[2.381s] INFO:colcon.colcon_core.shell:Skip shell extension 'powershell' for command environment: Not usable outside of PowerShell
[2.381s] DEBUG:colcon.colcon_core.shell:Skip shell extension 'dsv' for command environment
[2.622s] INFO:colcon.colcon_core.task.python.build:Building Python package in '/home/pride/AGV/src/pan_tilt'
[2.622s] INFO:colcon.colcon_core.shell:Skip shell extension 'powershell' for command environment: Not usable outside of PowerShell
[2.622s] DEBUG:colcon.colcon_core.shell:Skip shell extension 'dsv' for command environment
[2.859s] INFO:colcon.colcon_core.task.python.build:Building Python package in '/home/pride/AGV/src/solar_panel_detector'
[2.859s] INFO:colcon.colcon_core.shell:Skip shell extension 'powershell' for command environment: Not usable outside of PowerShell
[2.860s] DEBUG:colcon.colcon_core.shell:Skip shell extension 'dsv' for command environment
[3.712s] DEBUG:colcon.colcon_core.task.python.build:While undoing a previous installation files outside the Python library path are being ignored: /home/pride/AGV/src/install/geotagging/share/ament_index/resource_index/packages/geotagging
[3.712s] DEBUG:colcon.colcon_core.task.python.build:While undoing a previous installation files outside the Python library path are being ignored: /home/pride/AGV/src/install/geotagging/share/geotagging/package.xml
[3.717s] DEBUG:colcon.colcon_core.event_handler.log_command:Invoking command in '/home/pride/AGV/src/build/geotagging': PYTHONPATH=/home/pride/AGV/src/build/geotagging/prefix_override:/usr/lib/python3/dist-packages/colcon_core/task/python/colcon_distutils_commands:/home/pride/AGV/src/install/geotagging/lib/python3.10/site-packages:${PYTHONPATH} /usr/bin/python3 -W ignore:setup.py install is deprecated -W ignore:easy_install command is deprecated setup.py develop --editable --build-directory /home/pride/AGV/src/build/geotagging/build --no-deps symlink_data --force
[3.724s] DEBUG:colcon.colcon_core.task.python.build:While undoing a previous installation files outside the Python library path are being ignored: /home/pride/AGV/src/install/image_capture/share/ament_index/resource_index/packages/image_capture
[3.724s] DEBUG:colcon.colcon_core.task.python.build:While undoing a previous installation files outside the Python library path are being ignored: /home/pride/AGV/src/install/image_capture/share/image_capture/package.xml
[3.725s] DEBUG:colcon.colcon_core.task.python.build:While undoing a previous installation files outside the Python library path are being ignored: /home/pride/AGV/src/install/image_capture/lib/image_capture/capture
[3.730s] DEBUG:colcon.colcon_core.event_handler.log_command:Invoking command in '/home/pride/AGV/src/build/image_capture': PYTHONPATH=/home/pride/AGV/src/build/image_capture/prefix_override:/usr/lib/python3/dist-packages/colcon_core/task/python/colcon_distutils_commands:/home/pride/AGV/src/install/image_capture/lib/python3.10/site-packages:${PYTHONPATH} /usr/bin/python3 -W ignore:setup.py install is deprecated -W ignore:easy_install command is deprecated setup.py develop --editable --build-directory /home/pride/AGV/src/build/image_capture/build --no-deps symlink_data --force
[3.731s] DEBUG:colcon.colcon_core.task.python.build:While undoing a previous installation files outside the Python library path are being ignored: /home/pride/AGV/src/install/ntrip_client/share/ament_index/resource_index/packages/ntrip_client
[3.731s] DEBUG:colcon.colcon_core.task.python.build:While undoing a previous installation files outside the Python library path are being ignored: /home/pride/AGV/src/install/ntrip_client/share/ntrip_client/package.xml
[3.739s] DEBUG:colcon.colcon_core.event_handler.log_command:Invoking command in '/home/pride/AGV/src/build/ntrip_client': PYTHONPATH=/home/pride/AGV/src/build/ntrip_client/prefix_override:/usr/lib/python3/dist-packages/colcon_core/task/python/colcon_distutils_commands:/home/pride/AGV/src/install/ntrip_client/lib/python3.10/site-packages:${PYTHONPATH} /usr/bin/python3 -W ignore:setup.py install is deprecated -W ignore:easy_install command is deprecated setup.py develop --editable --build-directory /home/pride/AGV/src/build/ntrip_client/build --no-deps symlink_data --force
[3.740s] DEBUG:colcon.colcon_core.task.python.build:While undoing a previous installation files outside the Python library path are being ignored: /home/pride/AGV/src/install/solar_panel_detector/share/ament_index/resource_index/packages/solar_panel_detector
[3.740s] DEBUG:colcon.colcon_core.task.python.build:While undoing a previous installation files outside the Python library path are being ignored: /home/pride/AGV/src/install/solar_panel_detector/share/solar_panel_detector/package.xml
[3.747s] DEBUG:colcon.colcon_core.event_handler.log_command:Invoking command in '/home/pride/AGV/src/build/solar_panel_detector': PYTHONPATH=/home/pride/AGV/src/build/solar_panel_detector/prefix_override:/usr/lib/python3/dist-packages/colcon_core/task/python/colcon_distutils_commands:/home/pride/AGV/src/install/solar_panel_detector/lib/python3.10/site-packages:${PYTHONPATH} /usr/bin/python3 -W ignore:setup.py install is deprecated -W ignore:easy_install command is deprecated setup.py develop --editable --build-directory /home/pride/AGV/src/build/solar_panel_detector/build --no-deps symlink_data --force
[3.748s] DEBUG:colcon.colcon_core.task.python.build:While undoing a previous installation files outside the Python library path are being ignored: /home/pride/AGV/src/install/mission_manager/share/ament_index/resource_index/packages/mission_manager
[3.748s] DEBUG:colcon.colcon_core.task.python.build:While undoing a previous installation files outside the Python library path are being ignored: /home/pride/AGV/src/install/mission_manager/share/mission_manager/package.xml
[3.756s] DEBUG:colcon.colcon_core.event_handler.log_command:Invoking command in '/home/pride/AGV/src/build/mission_manager': PYTHONPATH=/home/pride/AGV/src/build/mission_manager/prefix_override:/usr/lib/python3/dist-packages/colcon_core/task/python/colcon_distutils_commands:/home/pride/AGV/src/install/mission_manager/lib/python3.10/site-packages:${PYTHONPATH} /usr/bin/python3 -W ignore:setup.py install is deprecated -W ignore:easy_install command is deprecated setup.py develop --editable --build-directory /home/pride/AGV/src/build/mission_manager/build --no-deps symlink_data --force
[3.758s] DEBUG:colcon.colcon_core.task.python.build:While undoing a previous installation files outside the Python library path are being ignored: /home/pride/AGV/src/install/pan_tilt/share/ament_index/resource_index/packages/pan_tilt
[3.758s] DEBUG:colcon.colcon_core.task.python.build:While undoing a previous installation files outside the Python library path are being ignored: /home/pride/AGV/src/install/pan_tilt/share/pan_tilt/package.xml
[3.763s] DEBUG:colcon.colcon_core.event_handler.log_command:Invoking command in '/home/pride/AGV/src/build/pan_tilt': PYTHONPATH=/home/pride/AGV/src/build/pan_tilt/prefix_override:/usr/lib/python3/dist-packages/colcon_core/task/python/colcon_distutils_commands:/home/pride/AGV/src/install/pan_tilt/lib/python3.10/site-packages:${PYTHONPATH} /usr/bin/python3 -W ignore:setup.py install is deprecated -W ignore:easy_install command is deprecated setup.py develop --editable --build-directory /home/pride/AGV/src/build/pan_tilt/build --no-deps symlink_data --force
[3.765s] DEBUG:colcon.colcon_core.task.python.build:While undoing a previous installation files outside the Python library path are being ignored: /home/pride/AGV/src/install/lidar/share/ament_index/resource_index/packages/lidar
[3.765s] DEBUG:colcon.colcon_core.task.python.build:While undoing a previous installation files outside the Python library path are being ignored: /home/pride/AGV/src/install/lidar/share/lidar/package.xml
[3.769s] DEBUG:colcon.colcon_core.event_handler.log_command:Invoking command in '/home/pride/AGV/src/build/lidar': PYTHONPATH=/home/pride/AGV/src/build/lidar/prefix_override:/usr/lib/python3/dist-packages/colcon_core/task/python/colcon_distutils_commands:/home/pride/AGV/src/install/lidar/lib/python3.10/site-packages:${PYTHONPATH} /usr/bin/python3 -W ignore:setup.py install is deprecated -W ignore:easy_install command is deprecated setup.py develop --editable --build-directory /home/pride/AGV/src/build/lidar/build --no-deps symlink_data --force
[4.420s] Level 1:colcon.colcon_core.shell:create_environment_hook('pan_tilt', 'pythonpath_develop')
[4.420s] INFO:colcon.colcon_core.shell:Creating environment hook '/home/pride/AGV/src/build/pan_tilt/share/pan_tilt/hook/pythonpath_develop.ps1'
[4.429s] INFO:colcon.colcon_core.shell:Creating environment descriptor '/home/pride/AGV/src/build/pan_tilt/share/pan_tilt/hook/pythonpath_develop.dsv'
[4.430s] DEBUG:colcon.colcon_core.event_handler.log_command:Invoked command in '/home/pride/AGV/src/build/pan_tilt' returned '0': PYTHONPATH=/home/pride/AGV/src/build/pan_tilt/prefix_override:/usr/lib/python3/dist-packages/colcon_core/task/python/colcon_distutils_commands:/home/pride/AGV/src/install/pan_tilt/lib/python3.10/site-packages:${PYTHONPATH} /usr/bin/python3 -W ignore:setup.py install is deprecated -W ignore:easy_install command is deprecated setup.py develop --editable --build-directory /home/pride/AGV/src/build/pan_tilt/build --no-deps symlink_data --force
[4.431s] INFO:colcon.colcon_core.shell:Creating environment hook '/home/pride/AGV/src/build/pan_tilt/share/pan_tilt/hook/pythonpath_develop.sh'
[4.478s] Level 1:colcon.colcon_core.environment:checking '/home/pride/AGV/src/install/pan_tilt' for CMake module files
[4.479s] Level 1:colcon.colcon_core.environment:checking '/home/pride/AGV/src/install/pan_tilt' for CMake config files
[4.481s] Level 1:colcon.colcon_core.environment:checking '/home/pride/AGV/src/install/pan_tilt/lib'
[4.481s] Level 1:colcon.colcon_core.environment:checking '/home/pride/AGV/src/install/pan_tilt/bin'
[4.481s] Level 1:colcon.colcon_core.environment:checking '/home/pride/AGV/src/install/pan_tilt/lib/pkgconfig/pan_tilt.pc'
[4.482s] Level 1:colcon.colcon_core.environment:checking '/home/pride/AGV/src/install/pan_tilt/lib/python3.10/site-packages'
[4.482s] Level 1:colcon.colcon_core.shell:create_environment_hook('pan_tilt', 'pythonpath')
[4.482s] INFO:colcon.colcon_core.shell:Creating environment hook '/home/pride/AGV/src/install/pan_tilt/share/pan_tilt/hook/pythonpath.ps1'
[4.482s] INFO:colcon.colcon_core.shell:Creating environment descriptor '/home/pride/AGV/src/install/pan_tilt/share/pan_tilt/hook/pythonpath.dsv'
[4.483s] INFO:colcon.colcon_core.shell:Creating environment hook '/home/pride/AGV/src/install/pan_tilt/share/pan_tilt/hook/pythonpath.sh'
[4.483s] Level 1:colcon.colcon_core.environment:checking '/home/pride/AGV/src/install/pan_tilt/bin'
[4.483s] Level 1:colcon.colcon_core.environment:create_environment_scripts_only(pan_tilt)
[4.484s] INFO:colcon.colcon_core.shell:Creating package script '/home/pride/AGV/src/install/pan_tilt/share/pan_tilt/package.ps1'
[4.485s] INFO:colcon.colcon_core.shell:Creating package descriptor '/home/pride/AGV/src/install/pan_tilt/share/pan_tilt/package.dsv'
[4.486s] INFO:colcon.colcon_core.shell:Creating package script '/home/pride/AGV/src/install/pan_tilt/share/pan_tilt/package.sh'
[4.487s] INFO:colcon.colcon_core.shell:Creating package script '/home/pride/AGV/src/install/pan_tilt/share/pan_tilt/package.bash'
[4.488s] INFO:colcon.colcon_core.shell:Creating package script '/home/pride/AGV/src/install/pan_tilt/share/pan_tilt/package.zsh'
[4.489s] Level 1:colcon.colcon_core.environment:create_file_with_runtime_dependencies(/home/pride/AGV/src/install/pan_tilt/share/colcon-core/packages/pan_tilt)
[4.493s] Level 1:colcon.colcon_core.shell:create_environment_hook('geotagging', 'pythonpath_develop')
[4.494s] INFO:colcon.colcon_core.shell:Creating environment hook '/home/pride/AGV/src/build/geotagging/share/geotagging/hook/pythonpath_develop.ps1'
[4.494s] DEBUG:colcon.colcon_core.event_handler.log_command:Invoked command in '/home/pride/AGV/src/build/geotagging' returned '0': PYTHONPATH=/home/pride/AGV/src/build/geotagging/prefix_override:/usr/lib/python3/dist-packages/colcon_core/task/python/colcon_distutils_commands:/home/pride/AGV/src/install/geotagging/lib/python3.10/site-packages:${PYTHONPATH} /usr/bin/python3 -W ignore:setup.py install is deprecated -W ignore:easy_install command is deprecated setup.py develop --editable --build-directory /home/pride/AGV/src/build/geotagging/build --no-deps symlink_data --force
[4.495s] INFO:colcon.colcon_core.shell:Creating environment descriptor '/home/pride/AGV/src/build/geotagging/share/geotagging/hook/pythonpath_develop.dsv'
[4.496s] INFO:colcon.colcon_core.shell:Creating environment hook '/home/pride/AGV/src/build/geotagging/share/geotagging/hook/pythonpath_develop.sh'
[4.496s] Level 1:colcon.colcon_core.environment:checking '/home/pride/AGV/src/install/geotagging' for CMake module files
[4.497s] Level 1:colcon.colcon_core.environment:checking '/home/pride/AGV/src/install/geotagging' for CMake config files
[4.500s] Level 1:colcon.colcon_core.environment:checking '/home/pride/AGV/src/install/geotagging/lib'
[4.500s] Level 1:colcon.colcon_core.environment:checking '/home/pride/AGV/src/install/geotagging/bin'
[4.500s] Level 1:colcon.colcon_core.environment:checking '/home/pride/AGV/src/install/geotagging/lib/pkgconfig/geotagging.pc'
[4.500s] Level 1:colcon.colcon_core.environment:checking '/home/pride/AGV/src/install/geotagging/lib/python3.10/site-packages'
[4.500s] Level 1:colcon.colcon_core.shell:create_environment_hook('geotagging', 'pythonpath')
[4.500s] INFO:colcon.colcon_core.shell:Creating environment hook '/home/pride/AGV/src/install/geotagging/share/geotagging/hook/pythonpath.ps1'
[4.501s] INFO:colcon.colcon_core.shell:Creating environment descriptor '/home/pride/AGV/src/install/geotagging/share/geotagging/hook/pythonpath.dsv'
[4.502s] INFO:colcon.colcon_core.shell:Creating environment hook '/home/pride/AGV/src/install/geotagging/share/geotagging/hook/pythonpath.sh'
[4.503s] Level 1:colcon.colcon_core.environment:checking '/home/pride/AGV/src/install/geotagging/bin'
[4.503s] Level 1:colcon.colcon_core.environment:create_environment_scripts_only(geotagging)
[4.504s] INFO:colcon.colcon_core.shell:Creating package script '/home/pride/AGV/src/install/geotagging/share/geotagging/package.ps1'
[4.504s] INFO:colcon.colcon_core.shell:Creating package descriptor '/home/pride/AGV/src/install/geotagging/share/geotagging/package.dsv'
[4.505s] INFO:colcon.colcon_core.shell:Creating package script '/home/pride/AGV/src/install/geotagging/share/geotagging/package.sh'
[4.506s] INFO:colcon.colcon_core.shell:Creating package script '/home/pride/AGV/src/install/geotagging/share/geotagging/package.bash'
[4.506s] INFO:colcon.colcon_core.shell:Creating package script '/home/pride/AGV/src/install/geotagging/share/geotagging/package.zsh'
[4.506s] Level 1:colcon.colcon_core.environment:create_file_with_runtime_dependencies(/home/pride/AGV/src/install/geotagging/share/colcon-core/packages/geotagging)
[4.507s] Level 1:colcon.colcon_core.shell:create_environment_hook('image_capture', 'pythonpath_develop')
[4.507s] INFO:colcon.colcon_core.shell:Creating environment hook '/home/pride/AGV/src/build/image_capture/share/image_capture/hook/pythonpath_develop.ps1'
[4.510s] DEBUG:colcon.colcon_core.event_handler.log_command:Invoked command in '/home/pride/AGV/src/build/image_capture' returned '0': PYTHONPATH=/home/pride/AGV/src/build/image_capture/prefix_override:/usr/lib/python3/dist-packages/colcon_core/task/python/colcon_distutils_commands:/home/pride/AGV/src/install/image_capture/lib/python3.10/site-packages:${PYTHONPATH} /usr/bin/python3 -W ignore:setup.py install is deprecated -W ignore:easy_install command is deprecated setup.py develop --editable --build-directory /home/pride/AGV/src/build/image_capture/build --no-deps symlink_data --force
[4.511s] INFO:colcon.colcon_core.shell:Creating environment descriptor '/home/pride/AGV/src/build/image_capture/share/image_capture/hook/pythonpath_develop.dsv'
[4.512s] INFO:colcon.colcon_core.shell:Creating environment hook '/home/pride/AGV/src/build/image_capture/share/image_capture/hook/pythonpath_develop.sh'
[4.512s] Level 1:colcon.colcon_core.environment:checking '/home/pride/AGV/src/install/image_capture' for CMake module files
[4.513s] Level 1:colcon.colcon_core.environment:checking '/home/pride/AGV/src/install/image_capture' for CMake config files
[4.516s] Level 1:colcon.colcon_core.environment:checking '/home/pride/AGV/src/install/image_capture/lib'
[4.516s] Level 1:colcon.colcon_core.environment:checking '/home/pride/AGV/src/install/image_capture/bin'
[4.516s] Level 1:colcon.colcon_core.environment:checking '/home/pride/AGV/src/install/image_capture/lib/pkgconfig/image_capture.pc'
[4.517s] Level 1:colcon.colcon_core.environment:checking '/home/pride/AGV/src/install/image_capture/lib/python3.10/site-packages'
[4.517s] Level 1:colcon.colcon_core.shell:create_environment_hook('image_capture', 'pythonpath')
[4.517s] INFO:colcon.colcon_core.shell:Creating environment hook '/home/pride/AGV/src/install/image_capture/share/image_capture/hook/pythonpath.ps1'
[4.518s] INFO:colcon.colcon_core.shell:Creating environment descriptor '/home/pride/AGV/src/install/image_capture/share/image_capture/hook/pythonpath.dsv'
[4.518s] INFO:colcon.colcon_core.shell:Creating environment hook '/home/pride/AGV/src/install/image_capture/share/image_capture/hook/pythonpath.sh'
[4.519s] Level 1:colcon.colcon_core.environment:checking '/home/pride/AGV/src/install/image_capture/bin'
[4.519s] Level 1:colcon.colcon_core.environment:create_environment_scripts_only(image_capture)
[4.520s] INFO:colcon.colcon_core.shell:Creating package script '/home/pride/AGV/src/install/image_capture/share/image_capture/package.ps1'
[4.520s] INFO:colcon.colcon_core.shell:Creating package descriptor '/home/pride/AGV/src/install/image_capture/share/image_capture/package.dsv'
[4.521s] INFO:colcon.colcon_core.shell:Creating package script '/home/pride/AGV/src/install/image_capture/share/image_capture/package.sh'
[4.522s] INFO:colcon.colcon_core.shell:Creating package script '/home/pride/AGV/src/install/image_capture/share/image_capture/package.bash'
[4.522s] INFO:colcon.colcon_core.shell:Creating package script '/home/pride/AGV/src/install/image_capture/share/image_capture/package.zsh'
[4.522s] Level 1:colcon.colcon_core.environment:create_file_with_runtime_dependencies(/home/pride/AGV/src/install/image_capture/share/colcon-core/packages/image_capture)
[4.523s] Level 1:colcon.colcon_core.shell:create_environment_hook('lidar', 'pythonpath_develop')
[4.523s] INFO:colcon.colcon_core.shell:Creating environment hook '/home/pride/AGV/src/build/lidar/share/lidar/hook/pythonpath_develop.ps1'
[4.526s] DEBUG:colcon.colcon_core.event_handler.log_command:Invoked command in '/home/pride/AGV/src/build/lidar' returned '0': PYTHONPATH=/home/pride/AGV/src/build/lidar/prefix_override:/usr/lib/python3/dist-packages/colcon_core/task/python/colcon_distutils_commands:/home/pride/AGV/src/install/lidar/lib/python3.10/site-packages:${PYTHONPATH} /usr/bin/python3 -W ignore:setup.py install is deprecated -W ignore:easy_install command is deprecated setup.py develop --editable --build-directory /home/pride/AGV/src/build/lidar/build --no-deps symlink_data --force
[4.528s] INFO:colcon.colcon_core.shell:Creating environment descriptor '/home/pride/AGV/src/build/lidar/share/lidar/hook/pythonpath_develop.dsv'
[4.528s] INFO:colcon.colcon_core.shell:Creating environment hook '/home/pride/AGV/src/build/lidar/share/lidar/hook/pythonpath_develop.sh'
[4.530s] Level 1:colcon.colcon_core.environment:checking '/home/pride/AGV/src/install/lidar' for CMake module files
[4.530s] Level 1:colcon.colcon_core.environment:checking '/home/pride/AGV/src/install/lidar' for CMake config files
[4.534s] Level 1:colcon.colcon_core.environment:checking '/home/pride/AGV/src/install/lidar/lib'
[4.534s] Level 1:colcon.colcon_core.environment:checking '/home/pride/AGV/src/install/lidar/bin'
[4.534s] Level 1:colcon.colcon_core.environment:checking '/home/pride/AGV/src/install/lidar/lib/pkgconfig/lidar.pc'
[4.534s] Level 1:colcon.colcon_core.environment:checking '/home/pride/AGV/src/install/lidar/lib/python3.10/site-packages'
[4.534s] Level 1:colcon.colcon_core.shell:create_environment_hook('lidar', 'pythonpath')
[4.535s] INFO:colcon.colcon_core.shell:Creating environment hook '/home/pride/AGV/src/install/lidar/share/lidar/hook/pythonpath.ps1'
[4.535s] INFO:colcon.colcon_core.shell:Creating environment descriptor '/home/pride/AGV/src/install/lidar/share/lidar/hook/pythonpath.dsv'
[4.536s] INFO:colcon.colcon_core.shell:Creating environment hook '/home/pride/AGV/src/install/lidar/share/lidar/hook/pythonpath.sh'
[4.537s] Level 1:colcon.colcon_core.environment:checking '/home/pride/AGV/src/install/lidar/bin'
[4.537s] Level 1:colcon.colcon_core.environment:create_environment_scripts_only(lidar)
[4.537s] INFO:colcon.colcon_core.shell:Creating package script '/home/pride/AGV/src/install/lidar/share/lidar/package.ps1'
[4.538s] INFO:colcon.colcon_core.shell:Creating package descriptor '/home/pride/AGV/src/install/lidar/share/lidar/package.dsv'
[4.538s] INFO:colcon.colcon_core.shell:Creating package script '/home/pride/AGV/src/install/lidar/share/lidar/package.sh'
[4.539s] INFO:colcon.colcon_core.shell:Creating package script '/home/pride/AGV/src/install/lidar/share/lidar/package.bash'
[4.539s] INFO:colcon.colcon_core.shell:Creating package script '/home/pride/AGV/src/install/lidar/share/lidar/package.zsh'
[4.540s] Level 1:colcon.colcon_core.environment:create_file_with_runtime_dependencies(/home/pride/AGV/src/install/lidar/share/colcon-core/packages/lidar)
[4.541s] Level 1:colcon.colcon_core.shell:create_environment_hook('mission_manager', 'pythonpath_develop')
[4.541s] INFO:colcon.colcon_core.shell:Creating environment hook '/home/pride/AGV/src/build/mission_manager/share/mission_manager/hook/pythonpath_develop.ps1'
[4.544s] DEBUG:colcon.colcon_core.event_handler.log_command:Invoked command in '/home/pride/AGV/src/build/mission_manager' returned '0': PYTHONPATH=/home/pride/AGV/src/build/mission_manager/prefix_override:/usr/lib/python3/dist-packages/colcon_core/task/python/colcon_distutils_commands:/home/pride/AGV/src/install/mission_manager/lib/python3.10/site-packages:${PYTHONPATH} /usr/bin/python3 -W ignore:setup.py install is deprecated -W ignore:easy_install command is deprecated setup.py develop --editable --build-directory /home/pride/AGV/src/build/mission_manager/build --no-deps symlink_data --force
[4.545s] INFO:colcon.colcon_core.shell:Creating environment descriptor '/home/pride/AGV/src/build/mission_manager/share/mission_manager/hook/pythonpath_develop.dsv'
[4.545s] INFO:colcon.colcon_core.shell:Creating environment hook '/home/pride/AGV/src/build/mission_manager/share/mission_manager/hook/pythonpath_develop.sh'
[4.546s] Level 1:colcon.colcon_core.environment:checking '/home/pride/AGV/src/install/mission_manager' for CMake module files
[4.546s] Level 1:colcon.colcon_core.environment:checking '/home/pride/AGV/src/install/mission_manager' for CMake config files
[4.551s] Level 1:colcon.colcon_core.environment:checking '/home/pride/AGV/src/install/mission_manager/lib'
[4.552s] Level 1:colcon.colcon_core.environment:checking '/home/pride/AGV/src/install/mission_manager/bin'
[4.552s] Level 1:colcon.colcon_core.environment:checking '/home/pride/AGV/src/install/mission_manager/lib/pkgconfig/mission_manager.pc'
[4.552s] Level 1:colcon.colcon_core.environment:checking '/home/pride/AGV/src/install/mission_manager/lib/python3.10/site-packages'
[4.552s] Level 1:colcon.colcon_core.shell:create_environment_hook('mission_manager', 'pythonpath')
[4.552s] INFO:colcon.colcon_core.shell:Creating environment hook '/home/pride/AGV/src/install/mission_manager/share/mission_manager/hook/pythonpath.ps1'
[4.553s] INFO:colcon.colcon_core.shell:Creating environment descriptor '/home/pride/AGV/src/install/mission_manager/share/mission_manager/hook/pythonpath.dsv'
[4.553s] INFO:colcon.colcon_core.shell:Creating environment hook '/home/pride/AGV/src/install/mission_manager/share/mission_manager/hook/pythonpath.sh'
[4.554s] Level 1:colcon.colcon_core.environment:checking '/home/pride/AGV/src/install/mission_manager/bin'
[4.554s] Level 1:colcon.colcon_core.environment:create_environment_scripts_only(mission_manager)
[4.555s] INFO:colcon.colcon_core.shell:Creating package script '/home/pride/AGV/src/install/mission_manager/share/mission_manager/package.ps1'
[4.556s] INFO:colcon.colcon_core.shell:Creating package descriptor '/home/pride/AGV/src/install/mission_manager/share/mission_manager/package.dsv'
[4.556s] INFO:colcon.colcon_core.shell:Creating package script '/home/pride/AGV/src/install/mission_manager/share/mission_manager/package.sh'
[4.557s] INFO:colcon.colcon_core.shell:Creating package script '/home/pride/AGV/src/install/mission_manager/share/mission_manager/package.bash'
[4.558s] INFO:colcon.colcon_core.shell:Creating package script '/home/pride/AGV/src/install/mission_manager/share/mission_manager/package.zsh'
[4.559s] Level 1:colcon.colcon_core.environment:create_file_with_runtime_dependencies(/home/pride/AGV/src/install/mission_manager/share/colcon-core/packages/mission_manager)
[4.560s] Level 1:colcon.colcon_core.shell:create_environment_hook('ntrip_client', 'pythonpath_develop')
[4.560s] INFO:colcon.colcon_core.shell:Creating environment hook '/home/pride/AGV/src/build/ntrip_client/share/ntrip_client/hook/pythonpath_develop.ps1'
[4.562s] DEBUG:colcon.colcon_core.event_handler.log_command:Invoked command in '/home/pride/AGV/src/build/ntrip_client' returned '0': PYTHONPATH=/home/pride/AGV/src/build/ntrip_client/prefix_override:/usr/lib/python3/dist-packages/colcon_core/task/python/colcon_distutils_commands:/home/pride/AGV/src/install/ntrip_client/lib/python3.10/site-packages:${PYTHONPATH} /usr/bin/python3 -W ignore:setup.py install is deprecated -W ignore:easy_install command is deprecated setup.py develop --editable --build-directory /home/pride/AGV/src/build/ntrip_client/build --no-deps symlink_data --force
[4.563s] INFO:colcon.colcon_core.shell:Creating environment descriptor '/home/pride/AGV/src/build/ntrip_client/share/ntrip_client/hook/pythonpath_develop.dsv'
[4.564s] INFO:colcon.colcon_core.shell:Creating environment hook '/home/pride/AGV/src/build/ntrip_client/share/ntrip_client/hook/pythonpath_develop.sh'
[4.565s] Level 1:colcon.colcon_core.environment:checking '/home/pride/AGV/src/install/ntrip_client' for CMake module files
[4.566s] Level 1:colcon.colcon_core.environment:checking '/home/pride/AGV/src/install/ntrip_client' for CMake config files
[4.571s] Level 1:colcon.colcon_core.environment:checking '/home/pride/AGV/src/install/ntrip_client/lib'
[4.571s] Level 1:colcon.colcon_core.environment:checking '/home/pride/AGV/src/install/ntrip_client/bin'
[4.571s] Level 1:colcon.colcon_core.environment:checking '/home/pride/AGV/src/install/ntrip_client/lib/pkgconfig/ntrip_client.pc'
[4.572s] Level 1:colcon.colcon_core.environment:checking '/home/pride/AGV/src/install/ntrip_client/lib/python3.10/site-packages'
[4.572s] Level 1:colcon.colcon_core.shell:create_environment_hook('ntrip_client', 'pythonpath')
[4.573s] INFO:colcon.colcon_core.shell:Creating environment hook '/home/pride/AGV/src/install/ntrip_client/share/ntrip_client/hook/pythonpath.ps1'
[4.574s] INFO:colcon.colcon_core.shell:Creating environment descriptor '/home/pride/AGV/src/install/ntrip_client/share/ntrip_client/hook/pythonpath.dsv'
[4.575s] INFO:colcon.colcon_core.shell:Creating environment hook '/home/pride/AGV/src/install/ntrip_client/share/ntrip_client/hook/pythonpath.sh'
[4.577s] Level 1:colcon.colcon_core.environment:checking '/home/pride/AGV/src/install/ntrip_client/bin'
[4.577s] Level 1:colcon.colcon_core.environment:create_environment_scripts_only(ntrip_client)
[4.578s] INFO:colcon.colcon_core.shell:Creating package script '/home/pride/AGV/src/install/ntrip_client/share/ntrip_client/package.ps1'
[4.580s] INFO:colcon.colcon_core.shell:Creating package descriptor '/home/pride/AGV/src/install/ntrip_client/share/ntrip_client/package.dsv'
[4.580s] INFO:colcon.colcon_core.shell:Creating package script '/home/pride/AGV/src/install/ntrip_client/share/ntrip_client/package.sh'
[4.581s] INFO:colcon.colcon_core.shell:Creating package script '/home/pride/AGV/src/install/ntrip_client/share/ntrip_client/package.bash'
[4.582s] INFO:colcon.colcon_core.shell:Creating package script '/home/pride/AGV/src/install/ntrip_client/share/ntrip_client/package.zsh'
[4.583s] Level 1:colcon.colcon_core.environment:create_file_with_runtime_dependencies(/home/pride/AGV/src/install/ntrip_client/share/colcon-core/packages/ntrip_client)
[4.583s] Level 1:colcon.colcon_core.shell:create_environment_hook('solar_panel_detector', 'pythonpath_develop')
[4.584s] INFO:colcon.colcon_core.shell:Creating environment hook '/home/pride/AGV/src/build/solar_panel_detector/share/solar_panel_detector/hook/pythonpath_develop.ps1'
[4.586s] DEBUG:colcon.colcon_core.event_handler.log_command:Invoked command in '/home/pride/AGV/src/build/solar_panel_detector' returned '0': PYTHONPATH=/home/pride/AGV/src/build/solar_panel_detector/prefix_override:/usr/lib/python3/dist-packages/colcon_core/task/python/colcon_distutils_commands:/home/pride/AGV/src/install/solar_panel_detector/lib/python3.10/site-packages:${PYTHONPATH} /usr/bin/python3 -W ignore:setup.py install is deprecated -W ignore:easy_install command is deprecated setup.py develop --editable --build-directory /home/pride/AGV/src/build/solar_panel_detector/build --no-deps symlink_data --force
[4.587s] INFO:colcon.colcon_core.shell:Creating environment descriptor '/home/pride/AGV/src/build/solar_panel_detector/share/solar_panel_detector/hook/pythonpath_develop.dsv'
[4.588s] INFO:colcon.colcon_core.shell:Creating environment hook '/home/pride/AGV/src/build/solar_panel_detector/share/solar_panel_detector/hook/pythonpath_develop.sh'
[4.589s] Level 1:colcon.colcon_core.environment:checking '/home/pride/AGV/src/install/solar_panel_detector' for CMake module files
[4.590s] Level 1:colcon.colcon_core.environment:checking '/home/pride/AGV/src/install/solar_panel_detector' for CMake config files
[4.595s] Level 1:colcon.colcon_core.environment:checking '/home/pride/AGV/src/install/solar_panel_detector/lib'
[4.595s] Level 1:colcon.colcon_core.environment:checking '/home/pride/AGV/src/install/solar_panel_detector/bin'
[4.595s] Level 1:colcon.colcon_core.environment:checking '/home/pride/AGV/src/install/solar_panel_detector/lib/pkgconfig/solar_panel_detector.pc'
[4.595s] Level 1:colcon.colcon_core.environment:checking '/home/pride/AGV/src/install/solar_panel_detector/lib/python3.10/site-packages'
[4.595s] Level 1:colcon.colcon_core.shell:create_environment_hook('solar_panel_detector', 'pythonpath')
[4.596s] INFO:colcon.colcon_core.shell:Creating environment hook '/home/pride/AGV/src/install/solar_panel_detector/share/solar_panel_detector/hook/pythonpath.ps1'
[4.597s] INFO:colcon.colcon_core.shell:Creating environment descriptor '/home/pride/AGV/src/install/solar_panel_detector/share/solar_panel_detector/hook/pythonpath.dsv'
[4.597s] INFO:colcon.colcon_core.shell:Creating environment hook '/home/pride/AGV/src/install/solar_panel_detector/share/solar_panel_detector/hook/pythonpath.sh'
[4.598s] Level 1:colcon.colcon_core.environment:checking '/home/pride/AGV/src/install/solar_panel_detector/bin'
[4.598s] Level 1:colcon.colcon_core.environment:create_environment_scripts_only(solar_panel_detector)
[4.599s] INFO:colcon.colcon_core.shell:Creating package script '/home/pride/AGV/src/install/solar_panel_detector/share/solar_panel_detector/package.ps1'
[4.600s] INFO:colcon.colcon_core.shell:Creating package descriptor '/home/pride/AGV/src/install/solar_panel_detector/share/solar_panel_detector/package.dsv'
[4.601s] INFO:colcon.colcon_core.shell:Creating package script '/home/pride/AGV/src/install/solar_panel_detector/share/solar_panel_detector/package.sh'
[4.601s] INFO:colcon.colcon_core.shell:Creating package script '/home/pride/AGV/src/install/solar_panel_detector/share/solar_panel_detector/package.bash'
[4.602s] INFO:colcon.colcon_core.shell:Creating package script '/home/pride/AGV/src/install/solar_panel_detector/share/solar_panel_detector/package.zsh'
[4.603s] Level 1:colcon.colcon_core.environment:create_file_with_runtime_dependencies(/home/pride/AGV/src/install/solar_panel_detector/share/colcon-core/packages/solar_panel_detector)
[4.604s] DEBUG:colcon.colcon_parallel_executor.executor.parallel:closing loop
[4.605s] DEBUG:colcon.colcon_parallel_executor.executor.parallel:loop closed
[4.605s] DEBUG:colcon.colcon_parallel_executor.executor.parallel:run_until_complete finished with '0'
[4.605s] DEBUG:colcon.colcon_core.event_reactor:joining thread
[4.696s] INFO:colcon.colcon_core.plugin_system:Skipping extension 'colcon_notification.desktop_notification.notify_send': Could not find 'notify-send'
[4.696s] INFO:colcon.colcon_core.plugin_system:Skipping extension 'colcon_notification.desktop_notification.terminal_notifier': Not used on non-Darwin systems
[4.696s] INFO:colcon.colcon_core.plugin_system:Skipping extension 'colcon_notification.desktop_notification.win32': Not used on non-Windows systems
[4.696s] INFO:colcon.colcon_notification.desktop_notification:Sending desktop notification using 'notify2'
[4.700s] DEBUG:colcon.colcon_notification.desktop_notification.notify2:Failed to initialize notify2: org.freedesktop.DBus.Error.ServiceUnknown: The name org.freedesktop.Notifications was not provided by any .service files
[4.701s] DEBUG:colcon.colcon_core.event_reactor:joined thread
[4.701s] INFO:colcon.colcon_core.shell:Creating prefix script '/home/pride/AGV/src/install/local_setup.ps1'
[4.702s] INFO:colcon.colcon_core.shell:Creating prefix util module '/home/pride/AGV/src/install/_local_setup_util_ps1.py'
[4.704s] INFO:colcon.colcon_core.shell:Creating prefix chain script '/home/pride/AGV/src/install/setup.ps1'
[4.706s] INFO:colcon.colcon_core.shell:Creating prefix script '/home/pride/AGV/src/install/local_setup.sh'
[4.707s] INFO:colcon.colcon_core.shell:Creating prefix util module '/home/pride/AGV/src/install/_local_setup_util_sh.py'
[4.708s] INFO:colcon.colcon_core.shell:Creating prefix chain script '/home/pride/AGV/src/install/setup.sh'
[4.709s] INFO:colcon.colcon_core.shell:Creating prefix script '/home/pride/AGV/src/install/local_setup.bash'
[4.710s] INFO:colcon.colcon_core.shell:Creating prefix chain script '/home/pride/AGV/src/install/setup.bash'
[4.711s] INFO:colcon.colcon_core.shell:Creating prefix script '/home/pride/AGV/src/install/local_setup.zsh'
[4.713s] INFO:colcon.colcon_core.shell:Creating prefix chain script '/home/pride/AGV/src/install/setup.zsh'
