[2.387s] Invoking command in '/home/pride/AGV/src/image_capture': PYTHONPATH=/home/pride/AGV/src/build/image_capture/prefix_override:/usr/lib/python3/dist-packages/colcon_core/task/python/colcon_distutils_commands:/home/pride/AGV/src/install/image_capture/lib/python3.10/site-packages:${PYTHONPATH} /usr/bin/python3 -W ignore:setup.py install is deprecated -W ignore:easy_install command is deprecated setup.py egg_info --egg-base ../build/image_capture build --build-base /home/pride/AGV/src/build/image_capture/build install --record /home/pride/AGV/src/build/image_capture/install.log --single-version-externally-managed install_data
[2.728s] running egg_info
[2.730s] writing ../build/image_capture/image_capture.egg-info/PKG-INFO
[2.730s] writing dependency_links to ../build/image_capture/image_capture.egg-info/dependency_links.txt
[2.731s] writing entry points to ../build/image_capture/image_capture.egg-info/entry_points.txt
[2.731s] writing requirements to ../build/image_capture/image_capture.egg-info/requires.txt
[2.732s] writing top-level names to ../build/image_capture/image_capture.egg-info/top_level.txt
[2.737s] reading manifest file '../build/image_capture/image_capture.egg-info/SOURCES.txt'
[2.737s] writing manifest file '../build/image_capture/image_capture.egg-info/SOURCES.txt'
[2.737s] running build
[2.738s] running build_py
[2.738s] running install
[2.739s] running install_lib
[2.742s] running install_data
[2.742s] running install_egg_info
[2.746s] removing '/home/pride/AGV/src/install/image_capture/lib/python3.10/site-packages/image_capture-0.0.0-py3.10.egg-info' (and everything under it)
[2.747s] Copying ../build/image_capture/image_capture.egg-info to /home/pride/AGV/src/install/image_capture/lib/python3.10/site-packages/image_capture-0.0.0-py3.10.egg-info
[2.750s] running install_scripts
[2.789s] Installing capture script to /home/pride/AGV/src/install/image_capture/lib/image_capture
[2.796s] writing list of installed files to '/home/pride/AGV/src/build/image_capture/install.log'
[2.948s] Invoked command in '/home/pride/AGV/src/image_capture' returned '0': PYTHONPATH=/home/pride/AGV/src/build/image_capture/prefix_override:/usr/lib/python3/dist-packages/colcon_core/task/python/colcon_distutils_commands:/home/pride/AGV/src/install/image_capture/lib/python3.10/site-packages:${PYTHONPATH} /usr/bin/python3 -W ignore:setup.py install is deprecated -W ignore:easy_install command is deprecated setup.py egg_info --egg-base ../build/image_capture build --build-base /home/pride/AGV/src/build/image_capture/build install --record /home/pride/AGV/src/build/image_capture/install.log --single-version-externally-managed install_data
