/home/pride/AGV/src/lidar/install/lidar/lib/python3.10/site-packages/lidar/lidar.py
/home/pride/AGV/src/lidar/install/lidar/lib/python3.10/site-packages/lidar/__init__.py
/home/pride/AGV/src/lidar/install/lidar/lib/python3.10/site-packages/lidar/__pycache__/lidar.cpython-310.pyc
/home/pride/AGV/src/lidar/install/lidar/lib/python3.10/site-packages/lidar/__pycache__/__init__.cpython-310.pyc
/home/pride/AGV/src/lidar/install/lidar/share/ament_index/resource_index/packages/lidar
/home/pride/AGV/src/lidar/install/lidar/share/lidar/package.xml
/home/pride/AGV/src/lidar/install/lidar/lib/python3.10/site-packages/lidar-0.0.0-py3.10.egg-info/SOURCES.txt:Zone.Identifier
/home/pride/AGV/src/lidar/install/lidar/lib/python3.10/site-packages/lidar-0.0.0-py3.10.egg-info/top_level.txt
/home/pride/AGV/src/lidar/install/lidar/lib/python3.10/site-packages/lidar-0.0.0-py3.10.egg-info/SOURCES.txt
/home/pride/AGV/src/lidar/install/lidar/lib/python3.10/site-packages/lidar-0.0.0-py3.10.egg-info/PKG-INFO:Zone.Identifier
/home/pride/AGV/src/lidar/install/lidar/lib/python3.10/site-packages/lidar-0.0.0-py3.10.egg-info/entry_points.txt
/home/pride/AGV/src/lidar/install/lidar/lib/python3.10/site-packages/lidar-0.0.0-py3.10.egg-info/dependency_links.txt
/home/pride/AGV/src/lidar/install/lidar/lib/python3.10/site-packages/lidar-0.0.0-py3.10.egg-info/dependency_links.txt:Zone.Identifier
/home/pride/AGV/src/lidar/install/lidar/lib/python3.10/site-packages/lidar-0.0.0-py3.10.egg-info/zip-safe
/home/pride/AGV/src/lidar/install/lidar/lib/python3.10/site-packages/lidar-0.0.0-py3.10.egg-info/entry_points.txt:Zone.Identifier
/home/pride/AGV/src/lidar/install/lidar/lib/python3.10/site-packages/lidar-0.0.0-py3.10.egg-info/requires.txt
/home/pride/AGV/src/lidar/install/lidar/lib/python3.10/site-packages/lidar-0.0.0-py3.10.egg-info/PKG-INFO
/home/pride/AGV/src/lidar/install/lidar/lib/python3.10/site-packages/lidar-0.0.0-py3.10.egg-info/requires.txt:Zone.Identifier
/home/pride/AGV/src/lidar/install/lidar/lib/python3.10/site-packages/lidar-0.0.0-py3.10.egg-info/zip-safe:Zone.Identifier
/home/pride/AGV/src/lidar/install/lidar/lib/python3.10/site-packages/lidar-0.0.0-py3.10.egg-info/top_level.txt:Zone.Identifier
/home/pride/AGV/src/lidar/install/lidar/lib/lidar/lidar
