[1.824s] Invoking command in '/home/pride/AGV/src/image_capture': PYTHONPATH=/home/pride/AGV/build/image_capture/prefix_override:/usr/lib/python3/dist-packages/colcon_core/task/python/colcon_distutils_commands:/home/pride/AGV/install/image_capture/lib/python3.10/site-packages:${PYTHONPATH} /usr/bin/python3 -W ignore:setup.py install is deprecated -W ignore:easy_install command is deprecated setup.py egg_info --egg-base ../../build/image_capture build --build-base /home/pride/AGV/build/image_capture/build install --record /home/pride/AGV/build/image_capture/install.log --single-version-externally-managed install_data
[2.156s] running egg_info
[2.158s] creating ../../build/image_capture/image_capture.egg-info
[2.158s] writing ../../build/image_capture/image_capture.egg-info/PKG-INFO
[2.159s] writing dependency_links to ../../build/image_capture/image_capture.egg-info/dependency_links.txt
[2.160s] writing entry points to ../../build/image_capture/image_capture.egg-info/entry_points.txt
[2.160s] writing requirements to ../../build/image_capture/image_capture.egg-info/requires.txt
[2.160s] writing top-level names to ../../build/image_capture/image_capture.egg-info/top_level.txt
[2.160s] writing manifest file '../../build/image_capture/image_capture.egg-info/SOURCES.txt'
[2.163s] reading manifest file '../../build/image_capture/image_capture.egg-info/SOURCES.txt'
[2.164s] writing manifest file '../../build/image_capture/image_capture.egg-info/SOURCES.txt'
[2.164s] running build
[2.164s] running build_py
[2.164s] creating /home/pride/AGV/build/image_capture/build
[2.165s] creating /home/pride/AGV/build/image_capture/build/lib
[2.165s] creating /home/pride/AGV/build/image_capture/build/lib/image_capture
[2.165s] copying image_capture/__init__.py -> /home/pride/AGV/build/image_capture/build/lib/image_capture
[2.165s] running install
[2.166s] running install_lib
[2.167s] creating /home/pride/AGV/install/image_capture/lib/python3.10/site-packages/image_capture
[2.169s] copying /home/pride/AGV/build/image_capture/build/lib/image_capture/__init__.py -> /home/pride/AGV/install/image_capture/lib/python3.10/site-packages/image_capture
[2.169s] byte-compiling /home/pride/AGV/install/image_capture/lib/python3.10/site-packages/image_capture/__init__.py to __init__.cpython-310.pyc
[2.170s] running install_data
[2.170s] creating /home/pride/AGV/install/image_capture/share
[2.170s] creating /home/pride/AGV/install/image_capture/share/ament_index
[2.171s] creating /home/pride/AGV/install/image_capture/share/ament_index/resource_index
[2.171s] creating /home/pride/AGV/install/image_capture/share/ament_index/resource_index/packages
[2.171s] copying resource/image_capture -> /home/pride/AGV/install/image_capture/share/ament_index/resource_index/packages
[2.171s] creating /home/pride/AGV/install/image_capture/share/image_capture
[2.172s] copying package.xml -> /home/pride/AGV/install/image_capture/share/image_capture
[2.172s] running install_egg_info
[2.175s] Copying ../../build/image_capture/image_capture.egg-info to /home/pride/AGV/install/image_capture/lib/python3.10/site-packages/image_capture-0.0.0-py3.10.egg-info
[2.178s] running install_scripts
[2.217s] writing list of installed files to '/home/pride/AGV/build/image_capture/install.log'
[2.410s] Invoked command in '/home/pride/AGV/src/image_capture' returned '0': PYTHONPATH=/home/pride/AGV/build/image_capture/prefix_override:/usr/lib/python3/dist-packages/colcon_core/task/python/colcon_distutils_commands:/home/pride/AGV/install/image_capture/lib/python3.10/site-packages:${PYTHONPATH} /usr/bin/python3 -W ignore:setup.py install is deprecated -W ignore:easy_install command is deprecated setup.py egg_info --egg-base ../../build/image_capture build --build-base /home/pride/AGV/build/image_capture/build install --record /home/pride/AGV/build/image_capture/install.log --single-version-externally-managed install_data
