[2.439s] Invoking command in '/home/pride/AGV/src/lidar': PYTHONPATH=/home/pride/AGV/src/build/lidar/prefix_override:/usr/lib/python3/dist-packages/colcon_core/task/python/colcon_distutils_commands:/home/pride/AGV/src/install/lidar/lib/python3.10/site-packages:${PYTHONPATH} /usr/bin/python3 -W ignore:setup.py install is deprecated -W ignore:easy_install command is deprecated setup.py egg_info --egg-base ../build/lidar build --build-base /home/pride/AGV/src/build/lidar/build install --record /home/pride/AGV/src/build/lidar/install.log --single-version-externally-managed install_data
[2.725s] running egg_info
[2.728s] writing ../build/lidar/lidar.egg-info/PKG-INFO
[2.728s] writing dependency_links to ../build/lidar/lidar.egg-info/dependency_links.txt
[2.728s] writing entry points to ../build/lidar/lidar.egg-info/entry_points.txt
[2.728s] writing requirements to ../build/lidar/lidar.egg-info/requires.txt
[2.728s] writing top-level names to ../build/lidar/lidar.egg-info/top_level.txt
[2.732s] reading manifest file '../build/lidar/lidar.egg-info/SOURCES.txt'
[2.734s] writing manifest file '../build/lidar/lidar.egg-info/SOURCES.txt'
[2.734s] running build
[2.734s] running build_py
[2.735s] running install
[2.735s] running install_lib
[2.738s] running install_data
[2.738s] running install_egg_info
[2.742s] removing '/home/pride/AGV/src/install/lidar/lib/python3.10/site-packages/lidar-0.0.0-py3.10.egg-info' (and everything under it)
[2.743s] Copying ../build/lidar/lidar.egg-info to /home/pride/AGV/src/install/lidar/lib/python3.10/site-packages/lidar-0.0.0-py3.10.egg-info
[2.745s] running install_scripts
[2.786s] writing list of installed files to '/home/pride/AGV/src/build/lidar/install.log'
[2.936s] Invoked command in '/home/pride/AGV/src/lidar' returned '0': PYTHONPATH=/home/pride/AGV/src/build/lidar/prefix_override:/usr/lib/python3/dist-packages/colcon_core/task/python/colcon_distutils_commands:/home/pride/AGV/src/install/lidar/lib/python3.10/site-packages:${PYTHONPATH} /usr/bin/python3 -W ignore:setup.py install is deprecated -W ignore:easy_install command is deprecated setup.py egg_info --egg-base ../build/lidar build --build-base /home/pride/AGV/src/build/lidar/build install --record /home/pride/AGV/src/build/lidar/install.log --single-version-externally-managed install_data
