[2.197s] Invoking command in '/home/pride/AGV/src/pan_tilt': PYTHONPATH=/home/pride/AGV/build/pan_tilt/prefix_override:/usr/lib/python3/dist-packages/colcon_core/task/python/colcon_distutils_commands:/home/pride/AGV/install/pan_tilt/lib/python3.10/site-packages:${PYTHONPATH} /usr/bin/python3 -W ignore:setup.py install is deprecated -W ignore:easy_install command is deprecated setup.py egg_info --egg-base ../../build/pan_tilt build --build-base /home/pride/AGV/build/pan_tilt/build install --record /home/pride/AGV/build/pan_tilt/install.log --single-version-externally-managed install_data
[2.495s] running egg_info
[2.496s] writing ../../build/pan_tilt/pan_tilt.egg-info/PKG-INFO
[2.496s] writing dependency_links to ../../build/pan_tilt/pan_tilt.egg-info/dependency_links.txt
[2.497s] writing entry points to ../../build/pan_tilt/pan_tilt.egg-info/entry_points.txt
[2.497s] writing requirements to ../../build/pan_tilt/pan_tilt.egg-info/requires.txt
[2.497s] writing top-level names to ../../build/pan_tilt/pan_tilt.egg-info/top_level.txt
[2.501s] reading manifest file '../../build/pan_tilt/pan_tilt.egg-info/SOURCES.txt'
[2.505s] writing manifest file '../../build/pan_tilt/pan_tilt.egg-info/SOURCES.txt'
[2.506s] running build
[2.506s] running build_py
[2.506s] running install
[2.507s] running install_lib
[2.510s] running install_data
[2.510s] running install_egg_info
[2.514s] removing '/home/pride/AGV/install/pan_tilt/lib/python3.10/site-packages/pan_tilt-0.0.0-py3.10.egg-info' (and everything under it)
[2.516s] Copying ../../build/pan_tilt/pan_tilt.egg-info to /home/pride/AGV/install/pan_tilt/lib/python3.10/site-packages/pan_tilt-0.0.0-py3.10.egg-info
[2.524s] running install_scripts
[2.573s] writing list of installed files to '/home/pride/AGV/build/pan_tilt/install.log'
[2.708s] Invoked command in '/home/pride/AGV/src/pan_tilt' returned '0': PYTHONPATH=/home/pride/AGV/build/pan_tilt/prefix_override:/usr/lib/python3/dist-packages/colcon_core/task/python/colcon_distutils_commands:/home/pride/AGV/install/pan_tilt/lib/python3.10/site-packages:${PYTHONPATH} /usr/bin/python3 -W ignore:setup.py install is deprecated -W ignore:easy_install command is deprecated setup.py egg_info --egg-base ../../build/pan_tilt build --build-base /home/pride/AGV/build/pan_tilt/build install --record /home/pride/AGV/build/pan_tilt/install.log --single-version-externally-managed install_data
