[2.586s] Invoking command in '/home/pride/AGV/src/build/mission_manager': PYTHONPATH=/home/pride/AGV/src/build/mission_manager/prefix_override:/usr/lib/python3/dist-packages/colcon_core/task/python/colcon_distutils_commands:/home/pride/AGV/src/install/mission_manager/lib/python3.10/site-packages:${PYTHONPATH} /usr/bin/python3 -W ignore:setup.py install is deprecated -W ignore:easy_install command is deprecated setup.py develop --uninstall --editable --build-directory /home/pride/AGV/src/build/mission_manager/build
[2.966s] running develop
[3.177s] Removing /home/pride/AGV/src/install/mission_manager/lib/python3.10/site-packages/mission-manager.egg-link (link to .)
[3.313s] Invoked command in '/home/pride/AGV/src/build/mission_manager' returned '0': PYTHONPATH=/home/pride/AGV/src/build/mission_manager/prefix_override:/usr/lib/python3/dist-packages/colcon_core/task/python/colcon_distutils_commands:/home/pride/AGV/src/install/mission_manager/lib/python3.10/site-packages:${PYTHONPATH} /usr/bin/python3 -W ignore:setup.py install is deprecated -W ignore:easy_install command is deprecated setup.py develop --uninstall --editable --build-directory /home/pride/AGV/src/build/mission_manager/build
[3.317s] Invoking command in '/home/pride/AGV/src/mission_manager': PYTHONPATH=/home/pride/AGV/src/build/mission_manager/prefix_override:/usr/lib/python3/dist-packages/colcon_core/task/python/colcon_distutils_commands:/home/pride/AGV/src/install/mission_manager/lib/python3.10/site-packages:${PYTHONPATH} /usr/bin/python3 -W ignore:setup.py install is deprecated -W ignore:easy_install command is deprecated setup.py egg_info --egg-base ../build/mission_manager build --build-base /home/pride/AGV/src/build/mission_manager/build install --record /home/pride/AGV/src/build/mission_manager/install.log --single-version-externally-managed install_data --force
[3.628s] running egg_info
[3.629s] writing ../build/mission_manager/mission_manager.egg-info/PKG-INFO
[3.630s] writing dependency_links to ../build/mission_manager/mission_manager.egg-info/dependency_links.txt
[3.630s] writing entry points to ../build/mission_manager/mission_manager.egg-info/entry_points.txt
[3.631s] writing requirements to ../build/mission_manager/mission_manager.egg-info/requires.txt
[3.631s] writing top-level names to ../build/mission_manager/mission_manager.egg-info/top_level.txt
[3.635s] reading manifest file '../build/mission_manager/mission_manager.egg-info/SOURCES.txt'
[3.637s] writing manifest file '../build/mission_manager/mission_manager.egg-info/SOURCES.txt'
[3.637s] running build
[3.637s] running build_py
[3.638s] running install
[3.638s] running install_lib
[3.641s] creating /home/pride/AGV/src/install/mission_manager/lib/python3.10/site-packages/mission_manager
[3.641s] copying /home/pride/AGV/src/build/mission_manager/build/lib/mission_manager/__init__.py -> /home/pride/AGV/src/install/mission_manager/lib/python3.10/site-packages/mission_manager
[3.642s] byte-compiling /home/pride/AGV/src/install/mission_manager/lib/python3.10/site-packages/mission_manager/__init__.py to __init__.cpython-310.pyc
[3.643s] running install_data
[3.643s] copying resource/mission_manager -> /home/pride/AGV/src/install/mission_manager/share/ament_index/resource_index/packages
[3.644s] copying package.xml -> /home/pride/AGV/src/install/mission_manager/share/mission_manager
[3.644s] running install_egg_info
[3.648s] Copying ../build/mission_manager/mission_manager.egg-info to /home/pride/AGV/src/install/mission_manager/lib/python3.10/site-packages/mission_manager-0.0.0-py3.10.egg-info
[3.649s] running install_scripts
[3.687s] writing list of installed files to '/home/pride/AGV/src/build/mission_manager/install.log'
[3.845s] Invoked command in '/home/pride/AGV/src/mission_manager' returned '0': PYTHONPATH=/home/pride/AGV/src/build/mission_manager/prefix_override:/usr/lib/python3/dist-packages/colcon_core/task/python/colcon_distutils_commands:/home/pride/AGV/src/install/mission_manager/lib/python3.10/site-packages:${PYTHONPATH} /usr/bin/python3 -W ignore:setup.py install is deprecated -W ignore:easy_install command is deprecated setup.py egg_info --egg-base ../build/mission_manager build --build-base /home/pride/AGV/src/build/mission_manager/build install --record /home/pride/AGV/src/build/mission_manager/install.log --single-version-externally-managed install_data --force
