[2.755s] Invoking command in '/home/pride/AGV/src/image_capture': PYTHONPATH=/home/pride/AGV/src/build/image_capture/prefix_override:/usr/lib/python3/dist-packages/colcon_core/task/python/colcon_distutils_commands:/home/pride/AGV/src/install/image_capture/lib/python3.10/site-packages:${PYTHONPATH} /usr/bin/python3 -W ignore:setup.py install is deprecated -W ignore:easy_install command is deprecated setup.py egg_info --egg-base ../build/image_capture build --build-base /home/pride/AGV/src/build/image_capture/build install --record /home/pride/AGV/src/build/image_capture/install.log --single-version-externally-managed install_data
[3.137s] running egg_info
[3.138s] writing ../build/image_capture/image_capture.egg-info/PKG-INFO
[3.140s] writing dependency_links to ../build/image_capture/image_capture.egg-info/dependency_links.txt
[3.142s] writing entry points to ../build/image_capture/image_capture.egg-info/entry_points.txt
[3.142s] writing requirements to ../build/image_capture/image_capture.egg-info/requires.txt
[3.142s] writing top-level names to ../build/image_capture/image_capture.egg-info/top_level.txt
[3.146s] reading manifest file '../build/image_capture/image_capture.egg-info/SOURCES.txt'
[3.149s] writing manifest file '../build/image_capture/image_capture.egg-info/SOURCES.txt'
[3.150s] running build
[3.150s] running build_py
[3.150s] copying image_capture/__init__.py -> /home/pride/AGV/src/build/image_capture/build/lib/image_capture
[3.150s] copying image_capture/capture.py -> /home/pride/AGV/src/build/image_capture/build/lib/image_capture
[3.154s] running install
[3.154s] running install_lib
[3.154s] copying /home/pride/AGV/src/build/image_capture/build/lib/image_capture/capture.py -> /home/pride/AGV/src/install/image_capture/lib/python3.10/site-packages/image_capture
[3.159s] byte-compiling /home/pride/AGV/src/install/image_capture/lib/python3.10/site-packages/image_capture/capture.py to capture.cpython-310.pyc
[3.162s] running install_data
[3.162s] copying package.xml -> /home/pride/AGV/src/install/image_capture/share/image_capture
[3.163s] running install_egg_info
[3.167s] removing '/home/pride/AGV/src/install/image_capture/lib/python3.10/site-packages/image_capture-0.0.0-py3.10.egg-info' (and everything under it)
[3.174s] Copying ../build/image_capture/image_capture.egg-info to /home/pride/AGV/src/install/image_capture/lib/python3.10/site-packages/image_capture-0.0.0-py3.10.egg-info
[3.201s] running install_scripts
[3.251s] Installing capture script to /home/pride/AGV/src/install/image_capture/lib/image_capture
[3.253s] writing list of installed files to '/home/pride/AGV/src/build/image_capture/install.log'
[3.430s] Invoked command in '/home/pride/AGV/src/image_capture' returned '0': PYTHONPATH=/home/pride/AGV/src/build/image_capture/prefix_override:/usr/lib/python3/dist-packages/colcon_core/task/python/colcon_distutils_commands:/home/pride/AGV/src/install/image_capture/lib/python3.10/site-packages:${PYTHONPATH} /usr/bin/python3 -W ignore:setup.py install is deprecated -W ignore:easy_install command is deprecated setup.py egg_info --egg-base ../build/image_capture build --build-base /home/pride/AGV/src/build/image_capture/build install --record /home/pride/AGV/src/build/image_capture/install.log --single-version-externally-managed install_data
