[1.180s] Invoking command in '/home/pride/AGV/src/geotagging': PYTHONPATH=/home/pride/AGV/src/geotagging/build/geotagging/prefix_override:/usr/lib/python3/dist-packages/colcon_core/task/python/colcon_distutils_commands:/home/pride/AGV/src/geotagging/install/geotagging/lib/python3.10/site-packages:${PYTHONPATH} /usr/bin/python3 -W ignore:setup.py install is deprecated -W ignore:easy_install command is deprecated setup.py egg_info --egg-base build/geotagging build --build-base /home/pride/AGV/src/geotagging/build/geotagging/build install --record /home/pride/AGV/src/geotagging/build/geotagging/install.log --single-version-externally-managed install_data
[1.380s] running egg_info
[1.380s] writing build/geotagging/geotagging.egg-info/PKG-INFO
[1.421s] writing dependency_links to build/geotagging/geotagging.egg-info/dependency_links.txt
[1.422s] writing entry points to build/geotagging/geotagging.egg-info/entry_points.txt
[1.424s] writing requirements to build/geotagging/geotagging.egg-info/requires.txt
[1.425s] writing top-level names to build/geotagging/geotagging.egg-info/top_level.txt
[1.430s] reading manifest file 'build/geotagging/geotagging.egg-info/SOURCES.txt'
[1.431s] writing manifest file 'build/geotagging/geotagging.egg-info/SOURCES.txt'
[1.431s] running build
[1.432s] running build_py
[1.434s] copying geotagging/geotag.py -> /home/pride/AGV/src/geotagging/build/geotagging/build/lib/geotagging
[1.435s] running install
[1.435s] running install_lib
[1.437s] copying /home/pride/AGV/src/geotagging/build/geotagging/build/lib/geotagging/geotag.py -> /home/pride/AGV/src/geotagging/install/geotagging/lib/python3.10/site-packages/geotagging
[1.438s] byte-compiling /home/pride/AGV/src/geotagging/install/geotagging/lib/python3.10/site-packages/geotagging/geotag.py to geotag.cpython-310.pyc
[1.440s] running install_data
[1.443s] running install_egg_info
[1.444s] removing '/home/pride/AGV/src/geotagging/install/geotagging/lib/python3.10/site-packages/geotagging-0.0.0-py3.10.egg-info' (and everything under it)
[1.447s] Copying build/geotagging/geotagging.egg-info to /home/pride/AGV/src/geotagging/install/geotagging/lib/python3.10/site-packages/geotagging-0.0.0-py3.10.egg-info
[1.450s] running install_scripts
[1.467s] Installing geotag script to /home/pride/AGV/src/geotagging/install/geotagging/lib/geotagging
[1.468s] writing list of installed files to '/home/pride/AGV/src/geotagging/build/geotagging/install.log'
[1.493s] Invoked command in '/home/pride/AGV/src/geotagging' returned '0': PYTHONPATH=/home/pride/AGV/src/geotagging/build/geotagging/prefix_override:/usr/lib/python3/dist-packages/colcon_core/task/python/colcon_distutils_commands:/home/pride/AGV/src/geotagging/install/geotagging/lib/python3.10/site-packages:${PYTHONPATH} /usr/bin/python3 -W ignore:setup.py install is deprecated -W ignore:easy_install command is deprecated setup.py egg_info --egg-base build/geotagging build --build-base /home/pride/AGV/src/geotagging/build/geotagging/build install --record /home/pride/AGV/src/geotagging/build/geotagging/install.log --single-version-externally-managed install_data
