[0.459s] Invoking command in '/home/pride/AGV/src/ntrip_client': PYTHONPATH=/home/pride/AGV/src/ntrip_client/build/ntrip_client/prefix_override:/usr/lib/python3/dist-packages/colcon_core/task/python/colcon_distutils_commands:/home/pride/AGV/src/ntrip_client/install/ntrip_client/lib/python3.10/site-packages:${PYTHONPATH} /usr/bin/python3 -W ignore:setup.py install is deprecated -W ignore:easy_install command is deprecated setup.py egg_info --egg-base build/ntrip_client build --build-base /home/pride/AGV/src/ntrip_client/build/ntrip_client/build install --record /home/pride/AGV/src/ntrip_client/build/ntrip_client/install.log --single-version-externally-managed install_data
[0.613s] running egg_info
[0.613s] creating build/ntrip_client/ntrip_client.egg-info
[0.614s] writing build/ntrip_client/ntrip_client.egg-info/PKG-INFO
[0.614s] writing dependency_links to build/ntrip_client/ntrip_client.egg-info/dependency_links.txt
[0.615s] writing entry points to build/ntrip_client/ntrip_client.egg-info/entry_points.txt
[0.615s] writing requirements to build/ntrip_client/ntrip_client.egg-info/requires.txt
[0.616s] writing top-level names to build/ntrip_client/ntrip_client.egg-info/top_level.txt
[0.616s] writing manifest file 'build/ntrip_client/ntrip_client.egg-info/SOURCES.txt'
[0.619s] reading manifest file 'build/ntrip_client/ntrip_client.egg-info/SOURCES.txt'
[0.619s] writing manifest file 'build/ntrip_client/ntrip_client.egg-info/SOURCES.txt'
[0.620s] running build
[0.620s] running build_py
[0.620s] creating /home/pride/AGV/src/ntrip_client/build/ntrip_client/build
[0.620s] creating /home/pride/AGV/src/ntrip_client/build/ntrip_client/build/lib
[0.620s] creating /home/pride/AGV/src/ntrip_client/build/ntrip_client/build/lib/ntrip_client
[0.621s] copying ntrip_client/__init__.py -> /home/pride/AGV/src/ntrip_client/build/ntrip_client/build/lib/ntrip_client
[0.621s] running install
[0.621s] running install_lib
[0.622s] creating /home/pride/AGV/src/ntrip_client/install/ntrip_client/lib/python3.10/site-packages/ntrip_client
[0.622s] copying /home/pride/AGV/src/ntrip_client/build/ntrip_client/build/lib/ntrip_client/__init__.py -> /home/pride/AGV/src/ntrip_client/install/ntrip_client/lib/python3.10/site-packages/ntrip_client
[0.623s] byte-compiling /home/pride/AGV/src/ntrip_client/install/ntrip_client/lib/python3.10/site-packages/ntrip_client/__init__.py to __init__.cpython-310.pyc
[0.623s] running install_data
[0.623s] creating /home/pride/AGV/src/ntrip_client/install/ntrip_client/share/ament_index
[0.624s] creating /home/pride/AGV/src/ntrip_client/install/ntrip_client/share/ament_index/resource_index
[0.624s] creating /home/pride/AGV/src/ntrip_client/install/ntrip_client/share/ament_index/resource_index/packages
[0.625s] copying resource/ntrip_client -> /home/pride/AGV/src/ntrip_client/install/ntrip_client/share/ament_index/resource_index/packages
[0.625s] copying package.xml -> /home/pride/AGV/src/ntrip_client/install/ntrip_client/share/ntrip_client
[0.625s] running install_egg_info
[0.626s] Copying build/ntrip_client/ntrip_client.egg-info to /home/pride/AGV/src/ntrip_client/install/ntrip_client/lib/python3.10/site-packages/ntrip_client-0.0.0-py3.10.egg-info
[0.628s] running install_scripts
[0.647s] writing list of installed files to '/home/pride/AGV/src/ntrip_client/build/ntrip_client/install.log'
[0.668s] Invoked command in '/home/pride/AGV/src/ntrip_client' returned '0': PYTHONPATH=/home/pride/AGV/src/ntrip_client/build/ntrip_client/prefix_override:/usr/lib/python3/dist-packages/colcon_core/task/python/colcon_distutils_commands:/home/pride/AGV/src/ntrip_client/install/ntrip_client/lib/python3.10/site-packages:${PYTHONPATH} /usr/bin/python3 -W ignore:setup.py install is deprecated -W ignore:easy_install command is deprecated setup.py egg_info --egg-base build/ntrip_client build --build-base /home/pride/AGV/src/ntrip_client/build/ntrip_client/build install --record /home/pride/AGV/src/ntrip_client/build/ntrip_client/install.log --single-version-externally-managed install_data
