[0.540s] Invoking command in '/home/pride/AGV/src/image_capture': PYTHONPATH=/home/pride/AGV/src/build/image_capture/prefix_override:/usr/lib/python3/dist-packages/colcon_core/task/python/colcon_distutils_commands:/home/pride/AGV/src/install/image_capture/lib/python3.10/site-packages:${PYTHONPATH} /usr/bin/python3 -W ignore:setup.py install is deprecated -W ignore:easy_install command is deprecated setup.py egg_info --egg-base ../build/image_capture build --build-base /home/pride/AGV/src/build/image_capture/build install --record /home/pride/AGV/src/build/image_capture/install.log --single-version-externally-managed install_data
[0.722s] running egg_info
[0.723s] writing ../build/image_capture/image_capture.egg-info/PKG-INFO
[0.723s] writing dependency_links to ../build/image_capture/image_capture.egg-info/dependency_links.txt
[0.723s] writing entry points to ../build/image_capture/image_capture.egg-info/entry_points.txt
[0.724s] writing requirements to ../build/image_capture/image_capture.egg-info/requires.txt
[0.724s] writing top-level names to ../build/image_capture/image_capture.egg-info/top_level.txt
[0.725s] reading manifest file '../build/image_capture/image_capture.egg-info/SOURCES.txt'
[0.725s] writing manifest file '../build/image_capture/image_capture.egg-info/SOURCES.txt'
[0.725s] running build
[0.726s] running build_py
[0.726s] running install
[0.726s] running install_lib
[0.727s] running install_data
[0.727s] running install_egg_info
[0.728s] removing '/home/pride/AGV/src/install/image_capture/lib/python3.10/site-packages/image_capture-0.0.0-py3.10.egg-info' (and everything under it)
[0.729s] Copying ../build/image_capture/image_capture.egg-info to /home/pride/AGV/src/install/image_capture/lib/python3.10/site-packages/image_capture-0.0.0-py3.10.egg-info
[0.729s] running install_scripts
[0.745s] Installing capture script to /home/pride/AGV/src/install/image_capture/lib/image_capture
[0.745s] writing list of installed files to '/home/pride/AGV/src/build/image_capture/install.log'
[0.769s] Invoked command in '/home/pride/AGV/src/image_capture' returned '0': PYTHONPATH=/home/pride/AGV/src/build/image_capture/prefix_override:/usr/lib/python3/dist-packages/colcon_core/task/python/colcon_distutils_commands:/home/pride/AGV/src/install/image_capture/lib/python3.10/site-packages:${PYTHONPATH} /usr/bin/python3 -W ignore:setup.py install is deprecated -W ignore:easy_install command is deprecated setup.py egg_info --egg-base ../build/image_capture build --build-base /home/pride/AGV/src/build/image_capture/build install --record /home/pride/AGV/src/build/image_capture/install.log --single-version-externally-managed install_data
