[2.610s] Invoking command in '/home/pride/AGV/src/build/pan_tilt': PYTHONPATH=/home/pride/AGV/src/build/pan_tilt/prefix_override:/usr/lib/python3/dist-packages/colcon_core/task/python/colcon_distutils_commands:/home/pride/AGV/src/install/pan_tilt/lib/python3.10/site-packages:${PYTHONPATH} /usr/bin/python3 -W ignore:setup.py install is deprecated -W ignore:easy_install command is deprecated setup.py develop --uninstall --editable --build-directory /home/pride/AGV/src/build/pan_tilt/build
[2.952s] running develop
[3.137s] Removing /home/pride/AGV/src/install/pan_tilt/lib/python3.10/site-packages/pan-tilt.egg-link (link to .)
[3.328s] Invoked command in '/home/pride/AGV/src/build/pan_tilt' returned '0': PYTHONPATH=/home/pride/AGV/src/build/pan_tilt/prefix_override:/usr/lib/python3/dist-packages/colcon_core/task/python/colcon_distutils_commands:/home/pride/AGV/src/install/pan_tilt/lib/python3.10/site-packages:${PYTHONPATH} /usr/bin/python3 -W ignore:setup.py install is deprecated -W ignore:easy_install command is deprecated setup.py develop --uninstall --editable --build-directory /home/pride/AGV/src/build/pan_tilt/build
[3.335s] Invoking command in '/home/pride/AGV/src/pan_tilt': PYTHONPATH=/home/pride/AGV/src/build/pan_tilt/prefix_override:/usr/lib/python3/dist-packages/colcon_core/task/python/colcon_distutils_commands:/home/pride/AGV/src/install/pan_tilt/lib/python3.10/site-packages:${PYTHONPATH} /usr/bin/python3 -W ignore:setup.py install is deprecated -W ignore:easy_install command is deprecated setup.py egg_info --egg-base ../build/pan_tilt build --build-base /home/pride/AGV/src/build/pan_tilt/build install --record /home/pride/AGV/src/build/pan_tilt/install.log --single-version-externally-managed install_data --force
[3.787s] running egg_info
[3.787s] writing ../build/pan_tilt/pan_tilt.egg-info/PKG-INFO
[3.788s] writing dependency_links to ../build/pan_tilt/pan_tilt.egg-info/dependency_links.txt
[3.788s] writing entry points to ../build/pan_tilt/pan_tilt.egg-info/entry_points.txt
[3.788s] writing requirements to ../build/pan_tilt/pan_tilt.egg-info/requires.txt
[3.788s] writing top-level names to ../build/pan_tilt/pan_tilt.egg-info/top_level.txt
[3.789s] reading manifest file '../build/pan_tilt/pan_tilt.egg-info/SOURCES.txt'
[3.789s] writing manifest file '../build/pan_tilt/pan_tilt.egg-info/SOURCES.txt'
[3.790s] running build
[3.790s] running build_py
[3.790s] running install
[3.790s] running install_lib
[3.791s] creating /home/pride/AGV/src/install/pan_tilt/lib/python3.10/site-packages/pan_tilt
[3.791s] copying /home/pride/AGV/src/build/pan_tilt/build/lib/pan_tilt/__init__.py -> /home/pride/AGV/src/install/pan_tilt/lib/python3.10/site-packages/pan_tilt
[3.791s] byte-compiling /home/pride/AGV/src/install/pan_tilt/lib/python3.10/site-packages/pan_tilt/__init__.py to __init__.cpython-310.pyc
[3.791s] running install_data
[3.791s] copying resource/pan_tilt -> /home/pride/AGV/src/install/pan_tilt/share/ament_index/resource_index/packages
[3.793s] copying package.xml -> /home/pride/AGV/src/install/pan_tilt/share/pan_tilt
[3.793s] running install_egg_info
[3.794s] Copying ../build/pan_tilt/pan_tilt.egg-info to /home/pride/AGV/src/install/pan_tilt/lib/python3.10/site-packages/pan_tilt-0.0.0-py3.10.egg-info
[3.794s] running install_scripts
[3.796s] writing list of installed files to '/home/pride/AGV/src/build/pan_tilt/install.log'
[3.876s] Invoked command in '/home/pride/AGV/src/pan_tilt' returned '0': PYTHONPATH=/home/pride/AGV/src/build/pan_tilt/prefix_override:/usr/lib/python3/dist-packages/colcon_core/task/python/colcon_distutils_commands:/home/pride/AGV/src/install/pan_tilt/lib/python3.10/site-packages:${PYTHONPATH} /usr/bin/python3 -W ignore:setup.py install is deprecated -W ignore:easy_install command is deprecated setup.py egg_info --egg-base ../build/pan_tilt build --build-base /home/pride/AGV/src/build/pan_tilt/build install --record /home/pride/AGV/src/build/pan_tilt/install.log --single-version-externally-managed install_data --force
