[1.775s] Invoking command in '/home/pride/AGV/src/mission_manager': PYTHONPATH=/home/pride/AGV/src/build/mission_manager/prefix_override:/usr/lib/python3/dist-packages/colcon_core/task/python/colcon_distutils_commands:/home/pride/AGV/src/install/mission_manager/lib/python3.10/site-packages:${PYTHONPATH} /usr/bin/python3 -W ignore:setup.py install is deprecated -W ignore:easy_install command is deprecated setup.py egg_info --egg-base ../build/mission_manager build --build-base /home/pride/AGV/src/build/mission_manager/build install --record /home/pride/AGV/src/build/mission_manager/install.log --single-version-externally-managed install_data
[2.111s] running egg_info
[2.112s] creating ../build/mission_manager/mission_manager.egg-info
[2.113s] writing ../build/mission_manager/mission_manager.egg-info/PKG-INFO
[2.113s] writing dependency_links to ../build/mission_manager/mission_manager.egg-info/dependency_links.txt
[2.114s] writing entry points to ../build/mission_manager/mission_manager.egg-info/entry_points.txt
[2.114s] writing requirements to ../build/mission_manager/mission_manager.egg-info/requires.txt
[2.114s] writing top-level names to ../build/mission_manager/mission_manager.egg-info/top_level.txt
[2.114s] writing manifest file '../build/mission_manager/mission_manager.egg-info/SOURCES.txt'
[2.119s] reading manifest file '../build/mission_manager/mission_manager.egg-info/SOURCES.txt'
[2.119s] writing manifest file '../build/mission_manager/mission_manager.egg-info/SOURCES.txt'
[2.120s] running build
[2.120s] running build_py
[2.121s] creating /home/pride/AGV/src/build/mission_manager/build
[2.123s] creating /home/pride/AGV/src/build/mission_manager/build/lib
[2.123s] creating /home/pride/AGV/src/build/mission_manager/build/lib/mission_manager
[2.123s] copying mission_manager/__init__.py -> /home/pride/AGV/src/build/mission_manager/build/lib/mission_manager
[2.123s] running install
[2.123s] running install_lib
[2.126s] creating /home/pride/AGV/src/install/mission_manager/lib/python3.10/site-packages/mission_manager
[2.126s] copying /home/pride/AGV/src/build/mission_manager/build/lib/mission_manager/__init__.py -> /home/pride/AGV/src/install/mission_manager/lib/python3.10/site-packages/mission_manager
[2.126s] byte-compiling /home/pride/AGV/src/install/mission_manager/lib/python3.10/site-packages/mission_manager/__init__.py to __init__.cpython-310.pyc
[2.128s] running install_data
[2.129s] creating /home/pride/AGV/src/install/mission_manager/share/ament_index
[2.130s] creating /home/pride/AGV/src/install/mission_manager/share/ament_index/resource_index
[2.130s] creating /home/pride/AGV/src/install/mission_manager/share/ament_index/resource_index/packages
[2.130s] copying resource/mission_manager -> /home/pride/AGV/src/install/mission_manager/share/ament_index/resource_index/packages
[2.130s] copying package.xml -> /home/pride/AGV/src/install/mission_manager/share/mission_manager
[2.130s] running install_egg_info
[2.131s] Copying ../build/mission_manager/mission_manager.egg-info to /home/pride/AGV/src/install/mission_manager/lib/python3.10/site-packages/mission_manager-0.0.0-py3.10.egg-info
[2.133s] running install_scripts
[2.166s] writing list of installed files to '/home/pride/AGV/src/build/mission_manager/install.log'
[2.261s] Invoked command in '/home/pride/AGV/src/mission_manager' returned '0': PYTHONPATH=/home/pride/AGV/src/build/mission_manager/prefix_override:/usr/lib/python3/dist-packages/colcon_core/task/python/colcon_distutils_commands:/home/pride/AGV/src/install/mission_manager/lib/python3.10/site-packages:${PYTHONPATH} /usr/bin/python3 -W ignore:setup.py install is deprecated -W ignore:easy_install command is deprecated setup.py egg_info --egg-base ../build/mission_manager build --build-base /home/pride/AGV/src/build/mission_manager/build install --record /home/pride/AGV/src/build/mission_manager/install.log --single-version-externally-managed install_data
