[5.277s] Invoking command in '/home/pride/AGV/src/solar_panel_detector': PYTHONPATH=/home/pride/AGV/build/solar_panel_detector/prefix_override:/usr/lib/python3/dist-packages/colcon_core/task/python/colcon_distutils_commands:/home/pride/AGV/install/solar_panel_detector/lib/python3.10/site-packages:${PYTHONPATH} /usr/bin/python3 -W ignore:setup.py install is deprecated -W ignore:easy_install command is deprecated setup.py egg_info --egg-base ../../build/solar_panel_detector build --build-base /home/pride/AGV/build/solar_panel_detector/build install --record /home/pride/AGV/build/solar_panel_detector/install.log --single-version-externally-managed install_data
[6.059s] running egg_info
[6.059s] writing ../../build/solar_panel_detector/solar_panel_detector.egg-info/PKG-INFO
[6.059s] writing dependency_links to ../../build/solar_panel_detector/solar_panel_detector.egg-info/dependency_links.txt
[6.060s] writing entry points to ../../build/solar_panel_detector/solar_panel_detector.egg-info/entry_points.txt
[6.060s] writing requirements to ../../build/solar_panel_detector/solar_panel_detector.egg-info/requires.txt
[6.060s] writing top-level names to ../../build/solar_panel_detector/solar_panel_detector.egg-info/top_level.txt
[6.060s] reading manifest file '../../build/solar_panel_detector/solar_panel_detector.egg-info/SOURCES.txt'
[6.060s] writing manifest file '../../build/solar_panel_detector/solar_panel_detector.egg-info/SOURCES.txt'
[6.060s] running build
[6.060s] running build_py
[6.060s] running install
[6.060s] running install_lib
[6.060s] byte-compiling /home/pride/AGV/install/solar_panel_detector/lib/python3.10/site-packages/solar_panel_detector/detector.py to detector.cpython-310.pyc
[6.060s] running install_data
[6.061s] running install_egg_info
[6.061s] removing '/home/pride/AGV/install/solar_panel_detector/lib/python3.10/site-packages/solar_panel_detector-0.0.0-py3.10.egg-info' (and everything under it)
[6.061s] Copying ../../build/solar_panel_detector/solar_panel_detector.egg-info to /home/pride/AGV/install/solar_panel_detector/lib/python3.10/site-packages/solar_panel_detector-0.0.0-py3.10.egg-info
[6.061s] running install_scripts
[6.065s]   File "/home/pride/AGV/install/solar_panel_detector/lib/python3.10/site-packages/solar_panel_detector/detector.py", line 18
[6.065s]     self.declare_parameter('model_path', '\\wsl.localhost\Ubuntu-22.04\home\pride\AGV\src\solar_panel_detector\yolov8m.pt')  # <-- Update this path
[6.065s]                                                                                                                           ^
[6.065s] SyntaxError: (unicode error) 'unicodeescape' codec can't decode bytes in position 15-17: truncated \UXXXXXXXX escape
[6.065s] 
[6.110s] Installing detector script to /home/pride/AGV/install/solar_panel_detector/lib/solar_panel_detector
[6.115s] writing list of installed files to '/home/pride/AGV/build/solar_panel_detector/install.log'
[6.315s] Invoked command in '/home/pride/AGV/src/solar_panel_detector' returned '0': PYTHONPATH=/home/pride/AGV/build/solar_panel_detector/prefix_override:/usr/lib/python3/dist-packages/colcon_core/task/python/colcon_distutils_commands:/home/pride/AGV/install/solar_panel_detector/lib/python3.10/site-packages:${PYTHONPATH} /usr/bin/python3 -W ignore:setup.py install is deprecated -W ignore:easy_install command is deprecated setup.py egg_info --egg-base ../../build/solar_panel_detector build --build-base /home/pride/AGV/build/solar_panel_detector/build install --record /home/pride/AGV/build/solar_panel_detector/install.log --single-version-externally-managed install_data
