[0.455s] Invoking command in '/home/pride/AGV/src/lidar': PYTHONPATH=/home/pride/AGV/src/lidar/build/lidar/prefix_override:/usr/lib/python3/dist-packages/colcon_core/task/python/colcon_distutils_commands:/home/pride/AGV/src/lidar/install/lidar/lib/python3.10/site-packages:${PYTHONPATH} /usr/bin/python3 -W ignore:setup.py install is deprecated -W ignore:easy_install command is deprecated setup.py egg_info --egg-base build/lidar build --build-base /home/pride/AGV/src/lidar/build/lidar/build install --record /home/pride/AGV/src/lidar/build/lidar/install.log --single-version-externally-managed install_data
[0.609s] running egg_info
[0.609s] creating build/lidar/lidar.egg-info
[0.609s] writing build/lidar/lidar.egg-info/PKG-INFO
[0.610s] writing dependency_links to build/lidar/lidar.egg-info/dependency_links.txt
[0.611s] writing entry points to build/lidar/lidar.egg-info/entry_points.txt
[0.611s] writing requirements to build/lidar/lidar.egg-info/requires.txt
[0.611s] writing top-level names to build/lidar/lidar.egg-info/top_level.txt
[0.611s] writing manifest file 'build/lidar/lidar.egg-info/SOURCES.txt'
[0.614s] reading manifest file 'build/lidar/lidar.egg-info/SOURCES.txt'
[0.614s] writing manifest file 'build/lidar/lidar.egg-info/SOURCES.txt'
[0.614s] running build
[0.614s] running build_py
[0.615s] creating /home/pride/AGV/src/lidar/build/lidar/build
[0.615s] creating /home/pride/AGV/src/lidar/build/lidar/build/lib
[0.615s] creating /home/pride/AGV/src/lidar/build/lidar/build/lib/lidar
[0.616s] copying lidar/__init__.py -> /home/pride/AGV/src/lidar/build/lidar/build/lib/lidar
[0.616s] running install
[0.616s] running install_lib
[0.617s] creating /home/pride/AGV/src/lidar/install/lidar/lib/python3.10/site-packages/lidar
[0.617s] copying /home/pride/AGV/src/lidar/build/lidar/build/lib/lidar/__init__.py -> /home/pride/AGV/src/lidar/install/lidar/lib/python3.10/site-packages/lidar
[0.618s] byte-compiling /home/pride/AGV/src/lidar/install/lidar/lib/python3.10/site-packages/lidar/__init__.py to __init__.cpython-310.pyc
[0.618s] running install_data
[0.618s] creating /home/pride/AGV/src/lidar/install/lidar/share/ament_index
[0.619s] creating /home/pride/AGV/src/lidar/install/lidar/share/ament_index/resource_index
[0.619s] creating /home/pride/AGV/src/lidar/install/lidar/share/ament_index/resource_index/packages
[0.619s] copying resource/lidar -> /home/pride/AGV/src/lidar/install/lidar/share/ament_index/resource_index/packages
[0.619s] copying package.xml -> /home/pride/AGV/src/lidar/install/lidar/share/lidar
[0.619s] running install_egg_info
[0.621s] Copying build/lidar/lidar.egg-info to /home/pride/AGV/src/lidar/install/lidar/lib/python3.10/site-packages/lidar-0.0.0-py3.10.egg-info
[0.624s] running install_scripts
[0.640s] writing list of installed files to '/home/pride/AGV/src/lidar/build/lidar/install.log'
[0.661s] Invoked command in '/home/pride/AGV/src/lidar' returned '0': PYTHONPATH=/home/pride/AGV/src/lidar/build/lidar/prefix_override:/usr/lib/python3/dist-packages/colcon_core/task/python/colcon_distutils_commands:/home/pride/AGV/src/lidar/install/lidar/lib/python3.10/site-packages:${PYTHONPATH} /usr/bin/python3 -W ignore:setup.py install is deprecated -W ignore:easy_install command is deprecated setup.py egg_info --egg-base build/lidar build --build-base /home/pride/AGV/src/lidar/build/lidar/build install --record /home/pride/AGV/src/lidar/build/lidar/install.log --single-version-externally-managed install_data
