[5.209s] Invoking command in '/home/pride/AGV/src/ntrip_client': PYTHONPATH=/home/pride/AGV/build/ntrip_client/prefix_override:/usr/lib/python3/dist-packages/colcon_core/task/python/colcon_distutils_commands:/home/pride/AGV/install/ntrip_client/lib/python3.10/site-packages:${PYTHONPATH} /usr/bin/python3 -W ignore:setup.py install is deprecated -W ignore:easy_install command is deprecated setup.py egg_info --egg-base ../../build/ntrip_client build --build-base /home/pride/AGV/build/ntrip_client/build install --record /home/pride/AGV/build/ntrip_client/install.log --single-version-externally-managed install_data
[5.887s] running egg_info
[5.889s] writing ../../build/ntrip_client/ntrip_client.egg-info/PKG-INFO
[5.891s] writing dependency_links to ../../build/ntrip_client/ntrip_client.egg-info/dependency_links.txt
[5.892s] writing entry points to ../../build/ntrip_client/ntrip_client.egg-info/entry_points.txt
[5.892s] writing requirements to ../../build/ntrip_client/ntrip_client.egg-info/requires.txt
[5.892s] writing top-level names to ../../build/ntrip_client/ntrip_client.egg-info/top_level.txt
[5.899s] reading manifest file '../../build/ntrip_client/ntrip_client.egg-info/SOURCES.txt'
[5.918s] writing manifest file '../../build/ntrip_client/ntrip_client.egg-info/SOURCES.txt'
[5.918s] running build
[5.918s] running build_py
[5.919s] running install
[5.922s] running install_lib
[5.933s] running install_data
[5.934s] running install_egg_info
[5.957s] removing '/home/pride/AGV/install/ntrip_client/lib/python3.10/site-packages/ntrip_client-0.0.0-py3.10.egg-info' (and everything under it)
[5.972s] Copying ../../build/ntrip_client/ntrip_client.egg-info to /home/pride/AGV/install/ntrip_client/lib/python3.10/site-packages/ntrip_client-0.0.0-py3.10.egg-info
[5.991s] running install_scripts
[6.127s] Installing ntrip script to /home/pride/AGV/install/ntrip_client/lib/ntrip_client
[6.129s] writing list of installed files to '/home/pride/AGV/build/ntrip_client/install.log'
[6.311s] Invoked command in '/home/pride/AGV/src/ntrip_client' returned '0': PYTHONPATH=/home/pride/AGV/build/ntrip_client/prefix_override:/usr/lib/python3/dist-packages/colcon_core/task/python/colcon_distutils_commands:/home/pride/AGV/install/ntrip_client/lib/python3.10/site-packages:${PYTHONPATH} /usr/bin/python3 -W ignore:setup.py install is deprecated -W ignore:easy_install command is deprecated setup.py egg_info --egg-base ../../build/ntrip_client build --build-base /home/pride/AGV/build/ntrip_client/build install --record /home/pride/AGV/build/ntrip_client/install.log --single-version-externally-managed install_data
