[0.588s] Invoking command in '/home/pride/AGV/src/ntrip_client': PYTHONPATH=/home/pride/AGV/src/build/ntrip_client/prefix_override:/usr/lib/python3/dist-packages/colcon_core/task/python/colcon_distutils_commands:/home/pride/AGV/src/install/ntrip_client/lib/python3.10/site-packages:${PYTHONPATH} /usr/bin/python3 -W ignore:setup.py install is deprecated -W ignore:easy_install command is deprecated setup.py egg_info --egg-base ../build/ntrip_client build --build-base /home/pride/AGV/src/build/ntrip_client/build install --record /home/pride/AGV/src/build/ntrip_client/install.log --single-version-externally-managed install_data
[0.765s] running egg_info
[0.766s] writing ../build/ntrip_client/ntrip_client.egg-info/PKG-INFO
[0.767s] writing dependency_links to ../build/ntrip_client/ntrip_client.egg-info/dependency_links.txt
[0.768s] writing entry points to ../build/ntrip_client/ntrip_client.egg-info/entry_points.txt
[0.768s] writing requirements to ../build/ntrip_client/ntrip_client.egg-info/requires.txt
[0.768s] writing top-level names to ../build/ntrip_client/ntrip_client.egg-info/top_level.txt
[0.770s] reading manifest file '../build/ntrip_client/ntrip_client.egg-info/SOURCES.txt'
[0.772s] writing manifest file '../build/ntrip_client/ntrip_client.egg-info/SOURCES.txt'
[0.772s] running build
[0.772s] running build_py
[0.772s] copying ntrip_client/__init__.py -> /home/pride/AGV/src/build/ntrip_client/build/lib/ntrip_client
[0.773s] copying ntrip_client/ntrip.py -> /home/pride/AGV/src/build/ntrip_client/build/lib/ntrip_client
[0.773s] running install
[0.773s] running install_lib
[0.776s] copying /home/pride/AGV/src/build/ntrip_client/build/lib/ntrip_client/ntrip.py -> /home/pride/AGV/src/install/ntrip_client/lib/python3.10/site-packages/ntrip_client
[0.777s] byte-compiling /home/pride/AGV/src/install/ntrip_client/lib/python3.10/site-packages/ntrip_client/ntrip.py to ntrip.cpython-310.pyc
[0.779s] running install_data
[0.779s] running install_egg_info
[0.780s] removing '/home/pride/AGV/src/install/ntrip_client/lib/python3.10/site-packages/ntrip_client-0.0.0-py3.10.egg-info' (and everything under it)
[0.784s] Copying ../build/ntrip_client/ntrip_client.egg-info to /home/pride/AGV/src/install/ntrip_client/lib/python3.10/site-packages/ntrip_client-0.0.0-py3.10.egg-info
[0.789s] running install_scripts
[0.804s] Installing ntrip script to /home/pride/AGV/src/install/ntrip_client/lib/ntrip_client
[0.805s] writing list of installed files to '/home/pride/AGV/src/build/ntrip_client/install.log'
[0.834s] Invoked command in '/home/pride/AGV/src/ntrip_client' returned '0': PYTHONPATH=/home/pride/AGV/src/build/ntrip_client/prefix_override:/usr/lib/python3/dist-packages/colcon_core/task/python/colcon_distutils_commands:/home/pride/AGV/src/install/ntrip_client/lib/python3.10/site-packages:${PYTHONPATH} /usr/bin/python3 -W ignore:setup.py install is deprecated -W ignore:easy_install command is deprecated setup.py egg_info --egg-base ../build/ntrip_client build --build-base /home/pride/AGV/src/build/ntrip_client/build install --record /home/pride/AGV/src/build/ntrip_client/install.log --single-version-externally-managed install_data
