/home/pride/AGV/install/solar_panel_detector/lib/python3.10/site-packages/solar_panel_detector/__init__.py
/home/pride/AGV/install/solar_panel_detector/lib/python3.10/site-packages/solar_panel_detector/detector.py
/home/pride/AGV/install/solar_panel_detector/lib/python3.10/site-packages/solar_panel_detector/__pycache__/__init__.cpython-310.pyc
/home/pride/AGV/install/solar_panel_detector/lib/python3.10/site-packages/solar_panel_detector/__pycache__/detector.cpython-310.pyc
/home/pride/AGV/install/solar_panel_detector/share/ament_index/resource_index/packages/solar_panel_detector
/home/pride/AGV/install/solar_panel_detector/share/solar_panel_detector/package.xml
/home/pride/AGV/install/solar_panel_detector/lib/python3.10/site-packages/solar_panel_detector-0.0.0-py3.10.egg-info/SOURCES.txt:Zone.Identifier
/home/pride/AGV/install/solar_panel_detector/lib/python3.10/site-packages/solar_panel_detector-0.0.0-py3.10.egg-info/top_level.txt
/home/pride/AGV/install/solar_panel_detector/lib/python3.10/site-packages/solar_panel_detector-0.0.0-py3.10.egg-info/SOURCES.txt
/home/pride/AGV/install/solar_panel_detector/lib/python3.10/site-packages/solar_panel_detector-0.0.0-py3.10.egg-info/PKG-INFO:Zone.Identifier
/home/pride/AGV/install/solar_panel_detector/lib/python3.10/site-packages/solar_panel_detector-0.0.0-py3.10.egg-info/entry_points.txt
/home/pride/AGV/install/solar_panel_detector/lib/python3.10/site-packages/solar_panel_detector-0.0.0-py3.10.egg-info/dependency_links.txt
/home/pride/AGV/install/solar_panel_detector/lib/python3.10/site-packages/solar_panel_detector-0.0.0-py3.10.egg-info/dependency_links.txt:Zone.Identifier
/home/pride/AGV/install/solar_panel_detector/lib/python3.10/site-packages/solar_panel_detector-0.0.0-py3.10.egg-info/zip-safe
/home/pride/AGV/install/solar_panel_detector/lib/python3.10/site-packages/solar_panel_detector-0.0.0-py3.10.egg-info/entry_points.txt:Zone.Identifier
/home/pride/AGV/install/solar_panel_detector/lib/python3.10/site-packages/solar_panel_detector-0.0.0-py3.10.egg-info/requires.txt
/home/pride/AGV/install/solar_panel_detector/lib/python3.10/site-packages/solar_panel_detector-0.0.0-py3.10.egg-info/PKG-INFO
/home/pride/AGV/install/solar_panel_detector/lib/python3.10/site-packages/solar_panel_detector-0.0.0-py3.10.egg-info/requires.txt:Zone.Identifier
/home/pride/AGV/install/solar_panel_detector/lib/python3.10/site-packages/solar_panel_detector-0.0.0-py3.10.egg-info/zip-safe:Zone.Identifier
/home/pride/AGV/install/solar_panel_detector/lib/python3.10/site-packages/solar_panel_detector-0.0.0-py3.10.egg-info/top_level.txt:Zone.Identifier
/home/pride/AGV/install/solar_panel_detector/lib/solar_panel_detector/detector
