[2.612s] Invoking command in '/home/pride/AGV/src/build/solar_panel_detector': PYTHONPATH=/home/pride/AGV/src/build/solar_panel_detector/prefix_override:/usr/lib/python3/dist-packages/colcon_core/task/python/colcon_distutils_commands:/home/pride/AGV/src/install/solar_panel_detector/lib/python3.10/site-packages:${PYTHONPATH} /usr/bin/python3 -W ignore:setup.py install is deprecated -W ignore:easy_install command is deprecated setup.py develop --uninstall --editable --build-directory /home/pride/AGV/src/build/solar_panel_detector/build
[2.935s] running develop
[3.136s] Removing /home/pride/AGV/src/install/solar_panel_detector/lib/python3.10/site-packages/solar-panel-detector.egg-link (link to .)
[3.305s] Invoked command in '/home/pride/AGV/src/build/solar_panel_detector' returned '0': PYTHONPATH=/home/pride/AGV/src/build/solar_panel_detector/prefix_override:/usr/lib/python3/dist-packages/colcon_core/task/python/colcon_distutils_commands:/home/pride/AGV/src/install/solar_panel_detector/lib/python3.10/site-packages:${PYTHONPATH} /usr/bin/python3 -W ignore:setup.py install is deprecated -W ignore:easy_install command is deprecated setup.py develop --uninstall --editable --build-directory /home/pride/AGV/src/build/solar_panel_detector/build
[3.311s] Invoking command in '/home/pride/AGV/src/solar_panel_detector': PYTHONPATH=/home/pride/AGV/src/build/solar_panel_detector/prefix_override:/usr/lib/python3/dist-packages/colcon_core/task/python/colcon_distutils_commands:/home/pride/AGV/src/install/solar_panel_detector/lib/python3.10/site-packages:${PYTHONPATH} /usr/bin/python3 -W ignore:setup.py install is deprecated -W ignore:easy_install command is deprecated setup.py egg_info --egg-base ../build/solar_panel_detector build --build-base /home/pride/AGV/src/build/solar_panel_detector/build install --record /home/pride/AGV/src/build/solar_panel_detector/install.log --single-version-externally-managed install_data --force
[3.618s] running egg_info
[3.619s] writing ../build/solar_panel_detector/solar_panel_detector.egg-info/PKG-INFO
[3.620s] writing dependency_links to ../build/solar_panel_detector/solar_panel_detector.egg-info/dependency_links.txt
[3.620s] writing entry points to ../build/solar_panel_detector/solar_panel_detector.egg-info/entry_points.txt
[3.620s] writing requirements to ../build/solar_panel_detector/solar_panel_detector.egg-info/requires.txt
[3.621s] writing top-level names to ../build/solar_panel_detector/solar_panel_detector.egg-info/top_level.txt
[3.624s] reading manifest file '../build/solar_panel_detector/solar_panel_detector.egg-info/SOURCES.txt'
[3.628s] writing manifest file '../build/solar_panel_detector/solar_panel_detector.egg-info/SOURCES.txt'
[3.628s] running build
[3.628s] running build_py
[3.628s] running install
[3.629s] running install_lib
[3.631s] creating /home/pride/AGV/src/install/solar_panel_detector/lib/python3.10/site-packages/solar_panel_detector
[3.632s] copying /home/pride/AGV/src/build/solar_panel_detector/build/lib/solar_panel_detector/__init__.py -> /home/pride/AGV/src/install/solar_panel_detector/lib/python3.10/site-packages/solar_panel_detector
[3.633s] byte-compiling /home/pride/AGV/src/install/solar_panel_detector/lib/python3.10/site-packages/solar_panel_detector/__init__.py to __init__.cpython-310.pyc
[3.634s] running install_data
[3.634s] copying resource/solar_panel_detector -> /home/pride/AGV/src/install/solar_panel_detector/share/ament_index/resource_index/packages
[3.635s] copying package.xml -> /home/pride/AGV/src/install/solar_panel_detector/share/solar_panel_detector
[3.635s] running install_egg_info
[3.638s] Copying ../build/solar_panel_detector/solar_panel_detector.egg-info to /home/pride/AGV/src/install/solar_panel_detector/lib/python3.10/site-packages/solar_panel_detector-0.0.0-py3.10.egg-info
[3.640s] running install_scripts
[3.678s] writing list of installed files to '/home/pride/AGV/src/build/solar_panel_detector/install.log'
[3.790s] Invoked command in '/home/pride/AGV/src/solar_panel_detector' returned '0': PYTHONPATH=/home/pride/AGV/src/build/solar_panel_detector/prefix_override:/usr/lib/python3/dist-packages/colcon_core/task/python/colcon_distutils_commands:/home/pride/AGV/src/install/solar_panel_detector/lib/python3.10/site-packages:${PYTHONPATH} /usr/bin/python3 -W ignore:setup.py install is deprecated -W ignore:easy_install command is deprecated setup.py egg_info --egg-base ../build/solar_panel_detector build --build-base /home/pride/AGV/src/build/solar_panel_detector/build install --record /home/pride/AGV/src/build/solar_panel_detector/install.log --single-version-externally-managed install_data --force
