[1.828s] Invoking command in '/home/pride/AGV/src/geotagging': PYTHONPATH=/home/pride/AGV/build/geotagging/prefix_override:/usr/lib/python3/dist-packages/colcon_core/task/python/colcon_distutils_commands:/home/pride/AGV/install/geotagging/lib/python3.10/site-packages:${PYTHONPATH} /usr/bin/python3 -W ignore:setup.py install is deprecated -W ignore:easy_install command is deprecated setup.py egg_info --egg-base ../../build/geotagging build --build-base /home/pride/AGV/build/geotagging/build install --record /home/pride/AGV/build/geotagging/install.log --single-version-externally-managed install_data
[2.159s] running egg_info
[2.160s] creating ../../build/geotagging/geotagging.egg-info
[2.161s] writing ../../build/geotagging/geotagging.egg-info/PKG-INFO
[2.162s] writing dependency_links to ../../build/geotagging/geotagging.egg-info/dependency_links.txt
[2.163s] writing entry points to ../../build/geotagging/geotagging.egg-info/entry_points.txt
[2.163s] writing requirements to ../../build/geotagging/geotagging.egg-info/requires.txt
[2.164s] writing top-level names to ../../build/geotagging/geotagging.egg-info/top_level.txt
[2.164s] writing manifest file '../../build/geotagging/geotagging.egg-info/SOURCES.txt'
[2.168s] reading manifest file '../../build/geotagging/geotagging.egg-info/SOURCES.txt'
[2.169s] writing manifest file '../../build/geotagging/geotagging.egg-info/SOURCES.txt'
[2.169s] running build
[2.169s] running build_py
[2.170s] creating /home/pride/AGV/build/geotagging/build
[2.170s] creating /home/pride/AGV/build/geotagging/build/lib
[2.171s] creating /home/pride/AGV/build/geotagging/build/lib/geotagging
[2.172s] copying geotagging/__init__.py -> /home/pride/AGV/build/geotagging/build/lib/geotagging
[2.173s] running install
[2.174s] running install_lib
[2.176s] creating /home/pride/AGV/install/geotagging/lib/python3.10/site-packages/geotagging
[2.177s] copying /home/pride/AGV/build/geotagging/build/lib/geotagging/__init__.py -> /home/pride/AGV/install/geotagging/lib/python3.10/site-packages/geotagging
[2.178s] byte-compiling /home/pride/AGV/install/geotagging/lib/python3.10/site-packages/geotagging/__init__.py to __init__.cpython-310.pyc
[2.178s] running install_data
[2.179s] creating /home/pride/AGV/install/geotagging/share
[2.179s] creating /home/pride/AGV/install/geotagging/share/ament_index
[2.179s] creating /home/pride/AGV/install/geotagging/share/ament_index/resource_index
[2.179s] creating /home/pride/AGV/install/geotagging/share/ament_index/resource_index/packages
[2.180s] copying resource/geotagging -> /home/pride/AGV/install/geotagging/share/ament_index/resource_index/packages
[2.181s] creating /home/pride/AGV/install/geotagging/share/geotagging
[2.181s] copying package.xml -> /home/pride/AGV/install/geotagging/share/geotagging
[2.182s] running install_egg_info
[2.185s] Copying ../../build/geotagging/geotagging.egg-info to /home/pride/AGV/install/geotagging/lib/python3.10/site-packages/geotagging-0.0.0-py3.10.egg-info
[2.188s] running install_scripts
[2.225s] writing list of installed files to '/home/pride/AGV/build/geotagging/install.log'
[2.354s] Invoked command in '/home/pride/AGV/src/geotagging' returned '0': PYTHONPATH=/home/pride/AGV/build/geotagging/prefix_override:/usr/lib/python3/dist-packages/colcon_core/task/python/colcon_distutils_commands:/home/pride/AGV/install/geotagging/lib/python3.10/site-packages:${PYTHONPATH} /usr/bin/python3 -W ignore:setup.py install is deprecated -W ignore:easy_install command is deprecated setup.py egg_info --egg-base ../../build/geotagging build --build-base /home/pride/AGV/build/geotagging/build install --record /home/pride/AGV/build/geotagging/install.log --single-version-externally-managed install_data
