[1.841s] Invoking command in '/home/pride/AGV/src/ntrip_client': PYTHONPATH=/home/pride/AGV/src/build/ntrip_client/prefix_override:/usr/lib/python3/dist-packages/colcon_core/task/python/colcon_distutils_commands:/home/pride/AGV/src/install/ntrip_client/lib/python3.10/site-packages:${PYTHONPATH} /usr/bin/python3 -W ignore:setup.py install is deprecated -W ignore:easy_install command is deprecated setup.py egg_info --egg-base ../build/ntrip_client build --build-base /home/pride/AGV/src/build/ntrip_client/build install --record /home/pride/AGV/src/build/ntrip_client/install.log --single-version-externally-managed install_data
[2.148s] running egg_info
[2.150s] creating ../build/ntrip_client/ntrip_client.egg-info
[2.150s] writing ../build/ntrip_client/ntrip_client.egg-info/PKG-INFO
[2.150s] writing dependency_links to ../build/ntrip_client/ntrip_client.egg-info/dependency_links.txt
[2.150s] writing entry points to ../build/ntrip_client/ntrip_client.egg-info/entry_points.txt
[2.151s] writing requirements to ../build/ntrip_client/ntrip_client.egg-info/requires.txt
[2.151s] writing top-level names to ../build/ntrip_client/ntrip_client.egg-info/top_level.txt
[2.151s] writing manifest file '../build/ntrip_client/ntrip_client.egg-info/SOURCES.txt'
[2.154s] reading manifest file '../build/ntrip_client/ntrip_client.egg-info/SOURCES.txt'
[2.155s] writing manifest file '../build/ntrip_client/ntrip_client.egg-info/SOURCES.txt'
[2.155s] running build
[2.155s] running build_py
[2.155s] creating /home/pride/AGV/src/build/ntrip_client/build
[2.156s] creating /home/pride/AGV/src/build/ntrip_client/build/lib
[2.156s] creating /home/pride/AGV/src/build/ntrip_client/build/lib/ntrip_client
[2.156s] copying ntrip_client/__init__.py -> /home/pride/AGV/src/build/ntrip_client/build/lib/ntrip_client
[2.156s] running install
[2.157s] running install_lib
[2.158s] creating /home/pride/AGV/src/install/ntrip_client/lib/python3.10/site-packages/ntrip_client
[2.158s] copying /home/pride/AGV/src/build/ntrip_client/build/lib/ntrip_client/__init__.py -> /home/pride/AGV/src/install/ntrip_client/lib/python3.10/site-packages/ntrip_client
[2.159s] byte-compiling /home/pride/AGV/src/install/ntrip_client/lib/python3.10/site-packages/ntrip_client/__init__.py to __init__.cpython-310.pyc
[2.160s] running install_data
[2.160s] creating /home/pride/AGV/src/install/ntrip_client/share/ament_index
[2.160s] creating /home/pride/AGV/src/install/ntrip_client/share/ament_index/resource_index
[2.160s] creating /home/pride/AGV/src/install/ntrip_client/share/ament_index/resource_index/packages
[2.161s] copying resource/ntrip_client -> /home/pride/AGV/src/install/ntrip_client/share/ament_index/resource_index/packages
[2.161s] copying package.xml -> /home/pride/AGV/src/install/ntrip_client/share/ntrip_client
[2.163s] running install_egg_info
[2.166s] Copying ../build/ntrip_client/ntrip_client.egg-info to /home/pride/AGV/src/install/ntrip_client/lib/python3.10/site-packages/ntrip_client-0.0.0-py3.10.egg-info
[2.168s] running install_scripts
[2.201s] writing list of installed files to '/home/pride/AGV/src/build/ntrip_client/install.log'
[2.306s] Invoked command in '/home/pride/AGV/src/ntrip_client' returned '0': PYTHONPATH=/home/pride/AGV/src/build/ntrip_client/prefix_override:/usr/lib/python3/dist-packages/colcon_core/task/python/colcon_distutils_commands:/home/pride/AGV/src/install/ntrip_client/lib/python3.10/site-packages:${PYTHONPATH} /usr/bin/python3 -W ignore:setup.py install is deprecated -W ignore:easy_install command is deprecated setup.py egg_info --egg-base ../build/ntrip_client build --build-base /home/pride/AGV/src/build/ntrip_client/build install --record /home/pride/AGV/src/build/ntrip_client/install.log --single-version-externally-managed install_data
