[2.100s] Invoking command in '/home/pride/AGV/src/ntrip_client': PYTHONPATH=/home/pride/AGV/build/ntrip_client/prefix_override:/usr/lib/python3/dist-packages/colcon_core/task/python/colcon_distutils_commands:/home/pride/AGV/install/ntrip_client/lib/python3.10/site-packages:${PYTHONPATH} /usr/bin/python3 -W ignore:setup.py install is deprecated -W ignore:easy_install command is deprecated setup.py egg_info --egg-base ../../build/ntrip_client build --build-base /home/pride/AGV/build/ntrip_client/build install --record /home/pride/AGV/build/ntrip_client/install.log --single-version-externally-managed install_data
[2.503s] running egg_info
[2.505s] writing ../../build/ntrip_client/ntrip_client.egg-info/PKG-INFO
[2.506s] writing dependency_links to ../../build/ntrip_client/ntrip_client.egg-info/dependency_links.txt
[2.506s] writing entry points to ../../build/ntrip_client/ntrip_client.egg-info/entry_points.txt
[2.506s] writing requirements to ../../build/ntrip_client/ntrip_client.egg-info/requires.txt
[2.506s] writing top-level names to ../../build/ntrip_client/ntrip_client.egg-info/top_level.txt
[2.507s] reading manifest file '../../build/ntrip_client/ntrip_client.egg-info/SOURCES.txt'
[2.509s] writing manifest file '../../build/ntrip_client/ntrip_client.egg-info/SOURCES.txt'
[2.509s] running build
[2.509s] running build_py
[2.509s] running install
[2.510s] running install_lib
[2.513s] running install_data
[2.513s] running install_egg_info
[2.515s] removing '/home/pride/AGV/install/ntrip_client/lib/python3.10/site-packages/ntrip_client-0.0.0-py3.10.egg-info' (and everything under it)
[2.516s] Copying ../../build/ntrip_client/ntrip_client.egg-info to /home/pride/AGV/install/ntrip_client/lib/python3.10/site-packages/ntrip_client-0.0.0-py3.10.egg-info
[2.523s] running install_scripts
[2.565s] Installing ntrip script to /home/pride/AGV/install/ntrip_client/lib/ntrip_client
[2.566s] writing list of installed files to '/home/pride/AGV/build/ntrip_client/install.log'
[2.681s] Invoked command in '/home/pride/AGV/src/ntrip_client' returned '0': PYTHONPATH=/home/pride/AGV/build/ntrip_client/prefix_override:/usr/lib/python3/dist-packages/colcon_core/task/python/colcon_distutils_commands:/home/pride/AGV/install/ntrip_client/lib/python3.10/site-packages:${PYTHONPATH} /usr/bin/python3 -W ignore:setup.py install is deprecated -W ignore:easy_install command is deprecated setup.py egg_info --egg-base ../../build/ntrip_client build --build-base /home/pride/AGV/build/ntrip_client/build install --record /home/pride/AGV/build/ntrip_client/install.log --single-version-externally-managed install_data
