[2.480s] Invoking command in '/home/pride/AGV/src/pan_tilt': PYTHONPATH=/home/pride/AGV/src/build/pan_tilt/prefix_override:/usr/lib/python3/dist-packages/colcon_core/task/python/colcon_distutils_commands:/home/pride/AGV/src/install/pan_tilt/lib/python3.10/site-packages:${PYTHONPATH} /usr/bin/python3 -W ignore:setup.py install is deprecated -W ignore:easy_install command is deprecated setup.py egg_info --egg-base ../build/pan_tilt build --build-base /home/pride/AGV/src/build/pan_tilt/build install --record /home/pride/AGV/src/build/pan_tilt/install.log --single-version-externally-managed install_data
[2.780s] running egg_info
[2.782s] writing ../build/pan_tilt/pan_tilt.egg-info/PKG-INFO
[2.783s] writing dependency_links to ../build/pan_tilt/pan_tilt.egg-info/dependency_links.txt
[2.783s] writing entry points to ../build/pan_tilt/pan_tilt.egg-info/entry_points.txt
[2.784s] writing requirements to ../build/pan_tilt/pan_tilt.egg-info/requires.txt
[2.784s] writing top-level names to ../build/pan_tilt/pan_tilt.egg-info/top_level.txt
[2.787s] reading manifest file '../build/pan_tilt/pan_tilt.egg-info/SOURCES.txt'
[2.789s] writing manifest file '../build/pan_tilt/pan_tilt.egg-info/SOURCES.txt'
[2.789s] running build
[2.789s] running build_py
[2.791s] running install
[2.791s] running install_lib
[2.795s] running install_data
[2.796s] running install_egg_info
[2.799s] removing '/home/pride/AGV/src/install/pan_tilt/lib/python3.10/site-packages/pan_tilt-0.0.0-py3.10.egg-info' (and everything under it)
[2.800s] Copying ../build/pan_tilt/pan_tilt.egg-info to /home/pride/AGV/src/install/pan_tilt/lib/python3.10/site-packages/pan_tilt-0.0.0-py3.10.egg-info
[2.803s] running install_scripts
[2.852s] writing list of installed files to '/home/pride/AGV/src/build/pan_tilt/install.log'
[2.962s] Invoked command in '/home/pride/AGV/src/pan_tilt' returned '0': PYTHONPATH=/home/pride/AGV/src/build/pan_tilt/prefix_override:/usr/lib/python3/dist-packages/colcon_core/task/python/colcon_distutils_commands:/home/pride/AGV/src/install/pan_tilt/lib/python3.10/site-packages:${PYTHONPATH} /usr/bin/python3 -W ignore:setup.py install is deprecated -W ignore:easy_install command is deprecated setup.py egg_info --egg-base ../build/pan_tilt build --build-base /home/pride/AGV/src/build/pan_tilt/build install --record /home/pride/AGV/src/build/pan_tilt/install.log --single-version-externally-managed install_data
