[2.651s] Invoking command in '/home/pride/AGV/build/geotagging': PYTHONPATH=/home/pride/AGV/build/geotagging/prefix_override:/usr/lib/python3/dist-packages/colcon_core/task/python/colcon_distutils_commands:/home/pride/AGV/install/geotagging/lib/python3.10/site-packages:${PYTHONPATH} /usr/bin/python3 -W ignore:setup.py install is deprecated -W ignore:easy_install command is deprecated setup.py develop --uninstall --editable --build-directory /home/pride/AGV/build/geotagging/build
[3.018s] running develop
[3.265s] Removing /home/pride/AGV/install/geotagging/lib/python3.10/site-packages/geotagging.egg-link (link to .)
[3.470s] Invoked command in '/home/pride/AGV/build/geotagging' returned '0': PYTHONPATH=/home/pride/AGV/build/geotagging/prefix_override:/usr/lib/python3/dist-packages/colcon_core/task/python/colcon_distutils_commands:/home/pride/AGV/install/geotagging/lib/python3.10/site-packages:${PYTHONPATH} /usr/bin/python3 -W ignore:setup.py install is deprecated -W ignore:easy_install command is deprecated setup.py develop --uninstall --editable --build-directory /home/pride/AGV/build/geotagging/build
[3.475s] Invoking command in '/home/pride/AGV/src/geotagging': PYTHONPATH=/home/pride/AGV/build/geotagging/prefix_override:/usr/lib/python3/dist-packages/colcon_core/task/python/colcon_distutils_commands:/home/pride/AGV/install/geotagging/lib/python3.10/site-packages:${PYTHONPATH} /usr/bin/python3 -W ignore:setup.py install is deprecated -W ignore:easy_install command is deprecated setup.py egg_info --egg-base ../../build/geotagging build --build-base /home/pride/AGV/build/geotagging/build install --record /home/pride/AGV/build/geotagging/install.log --single-version-externally-managed install_data --force
[3.813s] running egg_info
[3.815s] writing ../../build/geotagging/geotagging.egg-info/PKG-INFO
[3.815s] writing dependency_links to ../../build/geotagging/geotagging.egg-info/dependency_links.txt
[3.815s] writing entry points to ../../build/geotagging/geotagging.egg-info/entry_points.txt
[3.816s] writing requirements to ../../build/geotagging/geotagging.egg-info/requires.txt
[3.817s] writing top-level names to ../../build/geotagging/geotagging.egg-info/top_level.txt
[3.819s] reading manifest file '../../build/geotagging/geotagging.egg-info/SOURCES.txt'
[3.829s] writing manifest file '../../build/geotagging/geotagging.egg-info/SOURCES.txt'
[3.829s] running build
[3.829s] running build_py
[3.830s] running install
[3.830s] running install_lib
[3.830s] copying /home/pride/AGV/build/geotagging/build/lib/geotagging/__init__.py -> /home/pride/AGV/install/geotagging/lib/python3.10/site-packages/geotagging
[3.830s] copying /home/pride/AGV/build/geotagging/build/lib/geotagging/geotag.py -> /home/pride/AGV/install/geotagging/lib/python3.10/site-packages/geotagging
[3.830s] byte-compiling /home/pride/AGV/install/geotagging/lib/python3.10/site-packages/geotagging/__init__.py to __init__.cpython-310.pyc
[3.831s] byte-compiling /home/pride/AGV/install/geotagging/lib/python3.10/site-packages/geotagging/geotag.py to geotag.cpython-310.pyc
[3.834s] running install_data
[3.834s] copying resource/geotagging -> /home/pride/AGV/install/geotagging/share/ament_index/resource_index/packages
[3.834s] copying package.xml -> /home/pride/AGV/install/geotagging/share/geotagging
[3.834s] running install_egg_info
[3.837s] Copying ../../build/geotagging/geotagging.egg-info to /home/pride/AGV/install/geotagging/lib/python3.10/site-packages/geotagging-0.0.0-py3.10.egg-info
[3.849s] running install_scripts
[3.910s] Installing geotag script to /home/pride/AGV/install/geotagging/lib/geotagging
[3.911s] writing list of installed files to '/home/pride/AGV/build/geotagging/install.log'
[4.052s] Invoked command in '/home/pride/AGV/src/geotagging' returned '0': PYTHONPATH=/home/pride/AGV/build/geotagging/prefix_override:/usr/lib/python3/dist-packages/colcon_core/task/python/colcon_distutils_commands:/home/pride/AGV/install/geotagging/lib/python3.10/site-packages:${PYTHONPATH} /usr/bin/python3 -W ignore:setup.py install is deprecated -W ignore:easy_install command is deprecated setup.py egg_info --egg-base ../../build/geotagging build --build-base /home/pride/AGV/build/geotagging/build install --record /home/pride/AGV/build/geotagging/install.log --single-version-externally-managed install_data --force
