[0.302s] DEBUG:colcon:Command line arguments: ['/usr/bin/colcon', 'build']
[0.302s] DEBUG:colcon:Parsed command line arguments: Namespace(log_base=None, log_level=None, verb_name='build', build_base='build', install_base='install', merge_install=False, symlink_install=False, test_result_base=None, continue_on_error=False, executor='parallel', parallel_workers=8, event_handlers=None, ignore_user_meta=False, metas=['./colcon.meta'], base_paths=['.'], packages_ignore=None, packages_ignore_regex=None, paths=None, packages_up_to=None, packages_up_to_regex=None, packages_above=None, packages_above_and_dependencies=None, packages_above_depth=None, packages_select_by_dep=None, packages_skip_by_dep=None, packages_skip_up_to=None, packages_select_build_failed=False, packages_skip_build_finished=False, packages_select_test_failures=False, packages_skip_test_passed=False, packages_select=None, packages_skip=None, packages_select_regex=None, packages_skip_regex=None, packages_start=None, packages_end=None, allow_overriding=[], cmake_args=None, cmake_target=None, cmake_target_skip_unavailable=False, cmake_clean_cache=False, cmake_clean_first=False, cmake_force_configure=False, ament_cmake_args=None, catkin_cmake_args=None, catkin_skip_building_tests=False, verb_parser=<colcon_defaults.argument_parser.defaults.DefaultArgumentsDecorator object at 0x7f511167ad40>, verb_extension=<colcon_core.verb.build.BuildVerb object at 0x7f511182c4f0>, main=<bound method BuildVerb.main of <colcon_core.verb.build.BuildVerb object at 0x7f511182c4f0>>)
[0.624s] Level 1:colcon.colcon_core.package_discovery:discover_packages(colcon_meta) check parameters
[0.624s] Level 1:colcon.colcon_core.package_discovery:discover_packages(recursive) check parameters
[0.624s] Level 1:colcon.colcon_core.package_discovery:discover_packages(ignore) check parameters
[0.624s] Level 1:colcon.colcon_core.package_discovery:discover_packages(path) check parameters
[0.624s] Level 1:colcon.colcon_core.package_discovery:discover_packages(colcon_meta) discover
[0.624s] Level 1:colcon.colcon_core.package_discovery:discover_packages(recursive) discover
[0.624s] INFO:colcon.colcon_core.package_discovery:Crawling recursively for packages in '/home/pride/AGV'
[0.624s] Level 1:colcon.colcon_core.package_identification:_identify(.) by extensions ['ignore', 'ignore_ament_install']
[0.624s] Level 1:colcon.colcon_core.package_identification:_identify(.) by extension 'ignore'
[0.624s] Level 1:colcon.colcon_core.package_identification:_identify(.) by extension 'ignore_ament_install'
[0.624s] Level 1:colcon.colcon_core.package_identification:_identify(.) by extensions ['colcon_pkg']
[0.624s] Level 1:colcon.colcon_core.package_identification:_identify(.) by extension 'colcon_pkg'
[0.624s] Level 1:colcon.colcon_core.package_identification:_identify(.) by extensions ['colcon_meta']
[0.624s] Level 1:colcon.colcon_core.package_identification:_identify(.) by extension 'colcon_meta'
[0.624s] Level 1:colcon.colcon_core.package_identification:_identify(.) by extensions ['ros']
[0.624s] Level 1:colcon.colcon_core.package_identification:_identify(.) by extension 'ros'
[0.639s] Level 1:colcon.colcon_core.package_identification:_identify(.) by extensions ['cmake', 'python']
[0.639s] Level 1:colcon.colcon_core.package_identification:_identify(.) by extension 'cmake'
[0.639s] Level 1:colcon.colcon_core.package_identification:_identify(.) by extension 'python'
[0.639s] Level 1:colcon.colcon_core.package_identification:_identify(.) by extensions ['python_setup_py']
[0.639s] Level 1:colcon.colcon_core.package_identification:_identify(.) by extension 'python_setup_py'
[0.640s] Level 1:colcon.colcon_core.package_identification:_identify(build) by extensions ['ignore', 'ignore_ament_install']
[0.640s] Level 1:colcon.colcon_core.package_identification:_identify(build) by extension 'ignore'
[0.640s] Level 1:colcon.colcon_core.package_identification:_identify(build) ignored
[0.641s] Level 1:colcon.colcon_core.package_identification:_identify(install) by extensions ['ignore', 'ignore_ament_install']
[0.641s] Level 1:colcon.colcon_core.package_identification:_identify(install) by extension 'ignore'
[0.641s] Level 1:colcon.colcon_core.package_identification:_identify(install) ignored
[0.641s] Level 1:colcon.colcon_core.package_identification:_identify(log) by extensions ['ignore', 'ignore_ament_install']
[0.641s] Level 1:colcon.colcon_core.package_identification:_identify(log) by extension 'ignore'
[0.641s] Level 1:colcon.colcon_core.package_identification:_identify(log) ignored
[0.642s] Level 1:colcon.colcon_core.package_identification:_identify(src) by extensions ['ignore', 'ignore_ament_install']
[0.642s] Level 1:colcon.colcon_core.package_identification:_identify(src) by extension 'ignore'
[0.642s] Level 1:colcon.colcon_core.package_identification:_identify(src) by extension 'ignore_ament_install'
[0.642s] Level 1:colcon.colcon_core.package_identification:_identify(src) by extensions ['colcon_pkg']
[0.642s] Level 1:colcon.colcon_core.package_identification:_identify(src) by extension 'colcon_pkg'
[0.642s] Level 1:colcon.colcon_core.package_identification:_identify(src) by extensions ['colcon_meta']
[0.642s] Level 1:colcon.colcon_core.package_identification:_identify(src) by extension 'colcon_meta'
[0.642s] Level 1:colcon.colcon_core.package_identification:_identify(src) by extensions ['ros']
[0.642s] Level 1:colcon.colcon_core.package_identification:_identify(src) by extension 'ros'
[0.642s] Level 1:colcon.colcon_core.package_identification:_identify(src) by extensions ['cmake', 'python']
[0.642s] Level 1:colcon.colcon_core.package_identification:_identify(src) by extension 'cmake'
[0.642s] Level 1:colcon.colcon_core.package_identification:_identify(src) by extension 'python'
[0.642s] Level 1:colcon.colcon_core.package_identification:_identify(src) by extensions ['python_setup_py']
[0.642s] Level 1:colcon.colcon_core.package_identification:_identify(src) by extension 'python_setup_py'
[0.643s] Level 1:colcon.colcon_core.package_identification:_identify(src/geotagging) by extensions ['ignore', 'ignore_ament_install']
[0.643s] Level 1:colcon.colcon_core.package_identification:_identify(src/geotagging) by extension 'ignore'
[0.643s] Level 1:colcon.colcon_core.package_identification:_identify(src/geotagging) by extension 'ignore_ament_install'
[0.643s] Level 1:colcon.colcon_core.package_identification:_identify(src/geotagging) by extensions ['colcon_pkg']
[0.643s] Level 1:colcon.colcon_core.package_identification:_identify(src/geotagging) by extension 'colcon_pkg'
[0.643s] Level 1:colcon.colcon_core.package_identification:_identify(src/geotagging) by extensions ['colcon_meta']
[0.643s] Level 1:colcon.colcon_core.package_identification:_identify(src/geotagging) by extension 'colcon_meta'
[0.643s] Level 1:colcon.colcon_core.package_identification:_identify(src/geotagging) by extensions ['ros']
[0.643s] Level 1:colcon.colcon_core.package_identification:_identify(src/geotagging) by extension 'ros'
[0.649s] DEBUG:colcon.colcon_core.package_identification:Found ROS schema reference in package manifest in 'src/geotagging'
[0.649s] WARNING:colcon.colcon_core.package_identification:Failed to parse ROS package manifest in 'src/geotagging': Error(s) in package 'src/geotagging/package.xml':
The package "geotagging" must not "build_depend" on a package with the same name as this package
The package "geotagging" must not "build_export_depend" on a package with the same name as this package
The package "geotagging" must not "exec_depend" on a package with the same name as this package
[0.649s] Level 1:colcon.colcon_core.package_identification:_identify(src/geotagging) by extensions ['cmake', 'python']
[0.649s] Level 1:colcon.colcon_core.package_identification:_identify(src/geotagging) by extension 'cmake'
[0.649s] Level 1:colcon.colcon_core.package_identification:_identify(src/geotagging) by extension 'python'
[0.649s] DEBUG:colcon.colcon_core.package_identification:Python package in 'src/geotagging' passes arguments to the setup() function which requires a different identification extension than 'python'
[0.649s] Level 1:colcon.colcon_core.package_identification:_identify(src/geotagging) by extensions ['python_setup_py']
[0.649s] Level 1:colcon.colcon_core.package_identification:_identify(src/geotagging) by extension 'python_setup_py'
[0.827s] DEBUG:colcon.colcon_core.package_identification:Package 'src/geotagging' with type 'python' and name 'geotagging'
[0.827s] Level 1:colcon.colcon_core.package_identification:_identify(src/image_capture) by extensions ['ignore', 'ignore_ament_install']
[0.828s] Level 1:colcon.colcon_core.package_identification:_identify(src/image_capture) by extension 'ignore'
[0.828s] Level 1:colcon.colcon_core.package_identification:_identify(src/image_capture) by extension 'ignore_ament_install'
[0.828s] Level 1:colcon.colcon_core.package_identification:_identify(src/image_capture) by extensions ['colcon_pkg']
[0.828s] Level 1:colcon.colcon_core.package_identification:_identify(src/image_capture) by extension 'colcon_pkg'
[0.828s] Level 1:colcon.colcon_core.package_identification:_identify(src/image_capture) by extensions ['colcon_meta']
[0.828s] Level 1:colcon.colcon_core.package_identification:_identify(src/image_capture) by extension 'colcon_meta'
[0.828s] Level 1:colcon.colcon_core.package_identification:_identify(src/image_capture) by extensions ['ros']
[0.828s] Level 1:colcon.colcon_core.package_identification:_identify(src/image_capture) by extension 'ros'
[0.829s] DEBUG:colcon.colcon_core.package_identification:Found ROS schema reference in package manifest in 'src/image_capture'
[0.829s] WARNING:colcon.colcon_core.package_identification:Failed to parse ROS package manifest in 'src/image_capture': Error(s) in package 'src/image_capture/package.xml':
The package "image_capture" must not "build_depend" on a package with the same name as this package
The package "image_capture" must not "build_export_depend" on a package with the same name as this package
The package "image_capture" must not "exec_depend" on a package with the same name as this package
[0.829s] Level 1:colcon.colcon_core.package_identification:_identify(src/image_capture) by extensions ['cmake', 'python']
[0.829s] Level 1:colcon.colcon_core.package_identification:_identify(src/image_capture) by extension 'cmake'
[0.830s] Level 1:colcon.colcon_core.package_identification:_identify(src/image_capture) by extension 'python'
[0.830s] DEBUG:colcon.colcon_core.package_identification:Python package in 'src/image_capture' passes arguments to the setup() function which requires a different identification extension than 'python'
[0.830s] Level 1:colcon.colcon_core.package_identification:_identify(src/image_capture) by extensions ['python_setup_py']
[0.830s] Level 1:colcon.colcon_core.package_identification:_identify(src/image_capture) by extension 'python_setup_py'
[1.023s] DEBUG:colcon.colcon_core.package_identification:Package 'src/image_capture' with type 'python' and name 'image_capture'
[1.024s] Level 1:colcon.colcon_core.package_identification:_identify(src/lidar) by extensions ['ignore', 'ignore_ament_install']
[1.024s] Level 1:colcon.colcon_core.package_identification:_identify(src/lidar) by extension 'ignore'
[1.025s] Level 1:colcon.colcon_core.package_identification:_identify(src/lidar) by extension 'ignore_ament_install'
[1.025s] Level 1:colcon.colcon_core.package_identification:_identify(src/lidar) by extensions ['colcon_pkg']
[1.025s] Level 1:colcon.colcon_core.package_identification:_identify(src/lidar) by extension 'colcon_pkg'
[1.025s] Level 1:colcon.colcon_core.package_identification:_identify(src/lidar) by extensions ['colcon_meta']
[1.025s] Level 1:colcon.colcon_core.package_identification:_identify(src/lidar) by extension 'colcon_meta'
[1.025s] Level 1:colcon.colcon_core.package_identification:_identify(src/lidar) by extensions ['ros']
[1.025s] Level 1:colcon.colcon_core.package_identification:_identify(src/lidar) by extension 'ros'
[1.026s] DEBUG:colcon.colcon_core.package_identification:Found ROS schema reference in package manifest in 'src/lidar'
[1.026s] WARNING:colcon.colcon_core.package_identification:Failed to parse ROS package manifest in 'src/lidar': Error(s) in package 'src/lidar/package.xml':
The package "lidar" must not "build_depend" on a package with the same name as this package
The package "lidar" must not "build_export_depend" on a package with the same name as this package
The package "lidar" must not "exec_depend" on a package with the same name as this package
[1.026s] Level 1:colcon.colcon_core.package_identification:_identify(src/lidar) by extensions ['cmake', 'python']
[1.026s] Level 1:colcon.colcon_core.package_identification:_identify(src/lidar) by extension 'cmake'
[1.026s] Level 1:colcon.colcon_core.package_identification:_identify(src/lidar) by extension 'python'
[1.027s] DEBUG:colcon.colcon_core.package_identification:Python package in 'src/lidar' passes arguments to the setup() function which requires a different identification extension than 'python'
[1.027s] Level 1:colcon.colcon_core.package_identification:_identify(src/lidar) by extensions ['python_setup_py']
[1.027s] Level 1:colcon.colcon_core.package_identification:_identify(src/lidar) by extension 'python_setup_py'
[1.208s] DEBUG:colcon.colcon_core.package_identification:Package 'src/lidar' with type 'python' and name 'lidar'
[1.209s] Level 1:colcon.colcon_core.package_identification:_identify(src/mission_manager) by extensions ['ignore', 'ignore_ament_install']
[1.209s] Level 1:colcon.colcon_core.package_identification:_identify(src/mission_manager) by extension 'ignore'
[1.209s] Level 1:colcon.colcon_core.package_identification:_identify(src/mission_manager) by extension 'ignore_ament_install'
[1.209s] Level 1:colcon.colcon_core.package_identification:_identify(src/mission_manager) by extensions ['colcon_pkg']
[1.210s] Level 1:colcon.colcon_core.package_identification:_identify(src/mission_manager) by extension 'colcon_pkg'
[1.210s] Level 1:colcon.colcon_core.package_identification:_identify(src/mission_manager) by extensions ['colcon_meta']
[1.210s] Level 1:colcon.colcon_core.package_identification:_identify(src/mission_manager) by extension 'colcon_meta'
[1.210s] Level 1:colcon.colcon_core.package_identification:_identify(src/mission_manager) by extensions ['ros']
[1.210s] Level 1:colcon.colcon_core.package_identification:_identify(src/mission_manager) by extension 'ros'
[1.211s] DEBUG:colcon.colcon_core.package_identification:Found ROS schema reference in package manifest in 'src/mission_manager'
[1.211s] WARNING:colcon.colcon_core.package_identification:Failed to parse ROS package manifest in 'src/mission_manager': Error(s) in package 'src/mission_manager/package.xml':
The package "mission_manager" must not "build_depend" on a package with the same name as this package
The package "mission_manager" must not "build_export_depend" on a package with the same name as this package
The package "mission_manager" must not "exec_depend" on a package with the same name as this package
[1.211s] Level 1:colcon.colcon_core.package_identification:_identify(src/mission_manager) by extensions ['cmake', 'python']
[1.211s] Level 1:colcon.colcon_core.package_identification:_identify(src/mission_manager) by extension 'cmake'
[1.211s] Level 1:colcon.colcon_core.package_identification:_identify(src/mission_manager) by extension 'python'
[1.211s] DEBUG:colcon.colcon_core.package_identification:Python package in 'src/mission_manager' passes arguments to the setup() function which requires a different identification extension than 'python'
[1.211s] Level 1:colcon.colcon_core.package_identification:_identify(src/mission_manager) by extensions ['python_setup_py']
[1.211s] Level 1:colcon.colcon_core.package_identification:_identify(src/mission_manager) by extension 'python_setup_py'
[1.388s] DEBUG:colcon.colcon_core.package_identification:Package 'src/mission_manager' with type 'python' and name 'mission_manager'
[1.389s] Level 1:colcon.colcon_core.package_identification:_identify(src/ntrip_client) by extensions ['ignore', 'ignore_ament_install']
[1.389s] Level 1:colcon.colcon_core.package_identification:_identify(src/ntrip_client) by extension 'ignore'
[1.389s] Level 1:colcon.colcon_core.package_identification:_identify(src/ntrip_client) by extension 'ignore_ament_install'
[1.389s] Level 1:colcon.colcon_core.package_identification:_identify(src/ntrip_client) by extensions ['colcon_pkg']
[1.389s] Level 1:colcon.colcon_core.package_identification:_identify(src/ntrip_client) by extension 'colcon_pkg'
[1.389s] Level 1:colcon.colcon_core.package_identification:_identify(src/ntrip_client) by extensions ['colcon_meta']
[1.389s] Level 1:colcon.colcon_core.package_identification:_identify(src/ntrip_client) by extension 'colcon_meta'
[1.389s] Level 1:colcon.colcon_core.package_identification:_identify(src/ntrip_client) by extensions ['ros']
[1.389s] Level 1:colcon.colcon_core.package_identification:_identify(src/ntrip_client) by extension 'ros'
[1.391s] DEBUG:colcon.colcon_core.package_identification:Found ROS schema reference in package manifest in 'src/ntrip_client'
[1.391s] WARNING:colcon.colcon_core.package_identification:Failed to parse ROS package manifest in 'src/ntrip_client': Error(s) in package 'src/ntrip_client/package.xml':
The package "ntrip_client" must not "build_depend" on a package with the same name as this package
The package "ntrip_client" must not "build_export_depend" on a package with the same name as this package
The package "ntrip_client" must not "exec_depend" on a package with the same name as this package
[1.391s] Level 1:colcon.colcon_core.package_identification:_identify(src/ntrip_client) by extensions ['cmake', 'python']
[1.391s] Level 1:colcon.colcon_core.package_identification:_identify(src/ntrip_client) by extension 'cmake'
[1.391s] Level 1:colcon.colcon_core.package_identification:_identify(src/ntrip_client) by extension 'python'
[1.391s] DEBUG:colcon.colcon_core.package_identification:Python package in 'src/ntrip_client' passes arguments to the setup() function which requires a different identification extension than 'python'
[1.392s] Level 1:colcon.colcon_core.package_identification:_identify(src/ntrip_client) by extensions ['python_setup_py']
[1.392s] Level 1:colcon.colcon_core.package_identification:_identify(src/ntrip_client) by extension 'python_setup_py'
[1.570s] DEBUG:colcon.colcon_core.package_identification:Package 'src/ntrip_client' with type 'python' and name 'ntrip_client'
[1.571s] Level 1:colcon.colcon_core.package_identification:_identify(src/pan_tilt) by extensions ['ignore', 'ignore_ament_install']
[1.571s] Level 1:colcon.colcon_core.package_identification:_identify(src/pan_tilt) by extension 'ignore'
[1.571s] Level 1:colcon.colcon_core.package_identification:_identify(src/pan_tilt) by extension 'ignore_ament_install'
[1.571s] Level 1:colcon.colcon_core.package_identification:_identify(src/pan_tilt) by extensions ['colcon_pkg']
[1.571s] Level 1:colcon.colcon_core.package_identification:_identify(src/pan_tilt) by extension 'colcon_pkg'
[1.571s] Level 1:colcon.colcon_core.package_identification:_identify(src/pan_tilt) by extensions ['colcon_meta']
[1.571s] Level 1:colcon.colcon_core.package_identification:_identify(src/pan_tilt) by extension 'colcon_meta'
[1.571s] Level 1:colcon.colcon_core.package_identification:_identify(src/pan_tilt) by extensions ['ros']
[1.571s] Level 1:colcon.colcon_core.package_identification:_identify(src/pan_tilt) by extension 'ros'
[1.573s] DEBUG:colcon.colcon_core.package_identification:Found ROS schema reference in package manifest in 'src/pan_tilt'
[1.573s] WARNING:colcon.colcon_core.package_identification:Failed to parse ROS package manifest in 'src/pan_tilt': Error(s) in package 'src/pan_tilt/package.xml':
The package "pan_tilt" must not "build_depend" on a package with the same name as this package
The package "pan_tilt" must not "build_export_depend" on a package with the same name as this package
The package "pan_tilt" must not "exec_depend" on a package with the same name as this package
[1.573s] Level 1:colcon.colcon_core.package_identification:_identify(src/pan_tilt) by extensions ['cmake', 'python']
[1.573s] Level 1:colcon.colcon_core.package_identification:_identify(src/pan_tilt) by extension 'cmake'
[1.573s] Level 1:colcon.colcon_core.package_identification:_identify(src/pan_tilt) by extension 'python'
[1.574s] DEBUG:colcon.colcon_core.package_identification:Python package in 'src/pan_tilt' passes arguments to the setup() function which requires a different identification extension than 'python'
[1.574s] Level 1:colcon.colcon_core.package_identification:_identify(src/pan_tilt) by extensions ['python_setup_py']
[1.574s] Level 1:colcon.colcon_core.package_identification:_identify(src/pan_tilt) by extension 'python_setup_py'
[1.753s] DEBUG:colcon.colcon_core.package_identification:Package 'src/pan_tilt' with type 'python' and name 'pan_tilt'
[1.754s] Level 1:colcon.colcon_core.package_identification:_identify(src/solar_panel_detector) by extensions ['ignore', 'ignore_ament_install']
[1.754s] Level 1:colcon.colcon_core.package_identification:_identify(src/solar_panel_detector) by extension 'ignore'
[1.754s] Level 1:colcon.colcon_core.package_identification:_identify(src/solar_panel_detector) by extension 'ignore_ament_install'
[1.755s] Level 1:colcon.colcon_core.package_identification:_identify(src/solar_panel_detector) by extensions ['colcon_pkg']
[1.755s] Level 1:colcon.colcon_core.package_identification:_identify(src/solar_panel_detector) by extension 'colcon_pkg'
[1.755s] Level 1:colcon.colcon_core.package_identification:_identify(src/solar_panel_detector) by extensions ['colcon_meta']
[1.755s] Level 1:colcon.colcon_core.package_identification:_identify(src/solar_panel_detector) by extension 'colcon_meta'
[1.755s] Level 1:colcon.colcon_core.package_identification:_identify(src/solar_panel_detector) by extensions ['ros']
[1.755s] Level 1:colcon.colcon_core.package_identification:_identify(src/solar_panel_detector) by extension 'ros'
[1.756s] DEBUG:colcon.colcon_core.package_identification:Found ROS schema reference in package manifest in 'src/solar_panel_detector'
[1.756s] WARNING:colcon.colcon_core.package_identification:Failed to parse ROS package manifest in 'src/solar_panel_detector': Error(s) in package 'src/solar_panel_detector/package.xml':
The package "solar_panel_detector" must not "build_depend" on a package with the same name as this package
The package "solar_panel_detector" must not "build_export_depend" on a package with the same name as this package
The package "solar_panel_detector" must not "exec_depend" on a package with the same name as this package
[1.756s] Level 1:colcon.colcon_core.package_identification:_identify(src/solar_panel_detector) by extensions ['cmake', 'python']
[1.756s] Level 1:colcon.colcon_core.package_identification:_identify(src/solar_panel_detector) by extension 'cmake'
[1.756s] Level 1:colcon.colcon_core.package_identification:_identify(src/solar_panel_detector) by extension 'python'
[1.757s] DEBUG:colcon.colcon_core.package_identification:Python package in 'src/solar_panel_detector' passes arguments to the setup() function which requires a different identification extension than 'python'
[1.757s] Level 1:colcon.colcon_core.package_identification:_identify(src/solar_panel_detector) by extensions ['python_setup_py']
[1.757s] Level 1:colcon.colcon_core.package_identification:_identify(src/solar_panel_detector) by extension 'python_setup_py'
[1.928s] DEBUG:colcon.colcon_core.package_identification:Package 'src/solar_panel_detector' with type 'python' and name 'solar_panel_detector'
[1.928s] Level 1:colcon.colcon_core.package_discovery:discover_packages(recursive) using defaults
[1.928s] Level 1:colcon.colcon_core.package_discovery:discover_packages(ignore) discover
[1.928s] Level 1:colcon.colcon_core.package_discovery:discover_packages(ignore) using defaults
[1.928s] Level 1:colcon.colcon_core.package_discovery:discover_packages(path) discover
[1.928s] Level 1:colcon.colcon_core.package_discovery:discover_packages(path) using defaults
[1.971s] Level 1:colcon.colcon_core.package_discovery:discover_packages(prefix_path) check parameters
[1.971s] Level 1:colcon.colcon_core.package_discovery:discover_packages(prefix_path) discover
[1.978s] DEBUG:colcon.colcon_installed_package_information.package_discovery:Found 1 installed packages in /home/pride/ros2_ws/install
[1.979s] DEBUG:colcon.colcon_installed_package_information.package_discovery:Found 271 installed packages in /opt/ros/humble
[1.990s] Level 1:colcon.colcon_core.package_discovery:discover_packages(prefix_path) using defaults
[2.062s] Level 5:colcon.colcon_core.verb:set package 'geotagging' build argument 'cmake_args' from command line to 'None'
[2.062s] Level 5:colcon.colcon_core.verb:set package 'geotagging' build argument 'cmake_target' from command line to 'None'
[2.062s] Level 5:colcon.colcon_core.verb:set package 'geotagging' build argument 'cmake_target_skip_unavailable' from command line to 'False'
[2.062s] Level 5:colcon.colcon_core.verb:set package 'geotagging' build argument 'cmake_clean_cache' from command line to 'False'
[2.062s] Level 5:colcon.colcon_core.verb:set package 'geotagging' build argument 'cmake_clean_first' from command line to 'False'
[2.062s] Level 5:colcon.colcon_core.verb:set package 'geotagging' build argument 'cmake_force_configure' from command line to 'False'
[2.062s] Level 5:colcon.colcon_core.verb:set package 'geotagging' build argument 'ament_cmake_args' from command line to 'None'
[2.062s] Level 5:colcon.colcon_core.verb:set package 'geotagging' build argument 'catkin_cmake_args' from command line to 'None'
[2.062s] Level 5:colcon.colcon_core.verb:set package 'geotagging' build argument 'catkin_skip_building_tests' from command line to 'False'
[2.062s] DEBUG:colcon.colcon_core.verb:Building package 'geotagging' with the following arguments: {'ament_cmake_args': None, 'build_base': '/home/pride/AGV/build/geotagging', 'catkin_cmake_args': None, 'catkin_skip_building_tests': False, 'cmake_args': None, 'cmake_clean_cache': False, 'cmake_clean_first': False, 'cmake_force_configure': False, 'cmake_target': None, 'cmake_target_skip_unavailable': False, 'install_base': '/home/pride/AGV/install/geotagging', 'merge_install': False, 'path': '/home/pride/AGV/src/geotagging', 'symlink_install': False, 'test_result_base': None}
[2.062s] Level 5:colcon.colcon_core.verb:set package 'image_capture' build argument 'cmake_args' from command line to 'None'
[2.062s] Level 5:colcon.colcon_core.verb:set package 'image_capture' build argument 'cmake_target' from command line to 'None'
[2.062s] Level 5:colcon.colcon_core.verb:set package 'image_capture' build argument 'cmake_target_skip_unavailable' from command line to 'False'
[2.062s] Level 5:colcon.colcon_core.verb:set package 'image_capture' build argument 'cmake_clean_cache' from command line to 'False'
[2.062s] Level 5:colcon.colcon_core.verb:set package 'image_capture' build argument 'cmake_clean_first' from command line to 'False'
[2.062s] Level 5:colcon.colcon_core.verb:set package 'image_capture' build argument 'cmake_force_configure' from command line to 'False'
[2.062s] Level 5:colcon.colcon_core.verb:set package 'image_capture' build argument 'ament_cmake_args' from command line to 'None'
[2.062s] Level 5:colcon.colcon_core.verb:set package 'image_capture' build argument 'catkin_cmake_args' from command line to 'None'
[2.062s] Level 5:colcon.colcon_core.verb:set package 'image_capture' build argument 'catkin_skip_building_tests' from command line to 'False'
[2.062s] DEBUG:colcon.colcon_core.verb:Building package 'image_capture' with the following arguments: {'ament_cmake_args': None, 'build_base': '/home/pride/AGV/build/image_capture', 'catkin_cmake_args': None, 'catkin_skip_building_tests': False, 'cmake_args': None, 'cmake_clean_cache': False, 'cmake_clean_first': False, 'cmake_force_configure': False, 'cmake_target': None, 'cmake_target_skip_unavailable': False, 'install_base': '/home/pride/AGV/install/image_capture', 'merge_install': False, 'path': '/home/pride/AGV/src/image_capture', 'symlink_install': False, 'test_result_base': None}
[2.063s] Level 5:colcon.colcon_core.verb:set package 'lidar' build argument 'cmake_args' from command line to 'None'
[2.063s] Level 5:colcon.colcon_core.verb:set package 'lidar' build argument 'cmake_target' from command line to 'None'
[2.063s] Level 5:colcon.colcon_core.verb:set package 'lidar' build argument 'cmake_target_skip_unavailable' from command line to 'False'
[2.063s] Level 5:colcon.colcon_core.verb:set package 'lidar' build argument 'cmake_clean_cache' from command line to 'False'
[2.063s] Level 5:colcon.colcon_core.verb:set package 'lidar' build argument 'cmake_clean_first' from command line to 'False'
[2.063s] Level 5:colcon.colcon_core.verb:set package 'lidar' build argument 'cmake_force_configure' from command line to 'False'
[2.063s] Level 5:colcon.colcon_core.verb:set package 'lidar' build argument 'ament_cmake_args' from command line to 'None'
[2.063s] Level 5:colcon.colcon_core.verb:set package 'lidar' build argument 'catkin_cmake_args' from command line to 'None'
[2.063s] Level 5:colcon.colcon_core.verb:set package 'lidar' build argument 'catkin_skip_building_tests' from command line to 'False'
[2.063s] DEBUG:colcon.colcon_core.verb:Building package 'lidar' with the following arguments: {'ament_cmake_args': None, 'build_base': '/home/pride/AGV/build/lidar', 'catkin_cmake_args': None, 'catkin_skip_building_tests': False, 'cmake_args': None, 'cmake_clean_cache': False, 'cmake_clean_first': False, 'cmake_force_configure': False, 'cmake_target': None, 'cmake_target_skip_unavailable': False, 'install_base': '/home/pride/AGV/install/lidar', 'merge_install': False, 'path': '/home/pride/AGV/src/lidar', 'symlink_install': False, 'test_result_base': None}
[2.063s] Level 5:colcon.colcon_core.verb:set package 'mission_manager' build argument 'cmake_args' from command line to 'None'
[2.063s] Level 5:colcon.colcon_core.verb:set package 'mission_manager' build argument 'cmake_target' from command line to 'None'
[2.063s] Level 5:colcon.colcon_core.verb:set package 'mission_manager' build argument 'cmake_target_skip_unavailable' from command line to 'False'
[2.063s] Level 5:colcon.colcon_core.verb:set package 'mission_manager' build argument 'cmake_clean_cache' from command line to 'False'
[2.063s] Level 5:colcon.colcon_core.verb:set package 'mission_manager' build argument 'cmake_clean_first' from command line to 'False'
[2.063s] Level 5:colcon.colcon_core.verb:set package 'mission_manager' build argument 'cmake_force_configure' from command line to 'False'
[2.063s] Level 5:colcon.colcon_core.verb:set package 'mission_manager' build argument 'ament_cmake_args' from command line to 'None'
[2.063s] Level 5:colcon.colcon_core.verb:set package 'mission_manager' build argument 'catkin_cmake_args' from command line to 'None'
[2.063s] Level 5:colcon.colcon_core.verb:set package 'mission_manager' build argument 'catkin_skip_building_tests' from command line to 'False'
[2.063s] DEBUG:colcon.colcon_core.verb:Building package 'mission_manager' with the following arguments: {'ament_cmake_args': None, 'build_base': '/home/pride/AGV/build/mission_manager', 'catkin_cmake_args': None, 'catkin_skip_building_tests': False, 'cmake_args': None, 'cmake_clean_cache': False, 'cmake_clean_first': False, 'cmake_force_configure': False, 'cmake_target': None, 'cmake_target_skip_unavailable': False, 'install_base': '/home/pride/AGV/install/mission_manager', 'merge_install': False, 'path': '/home/pride/AGV/src/mission_manager', 'symlink_install': False, 'test_result_base': None}
[2.063s] Level 5:colcon.colcon_core.verb:set package 'ntrip_client' build argument 'cmake_args' from command line to 'None'
[2.063s] Level 5:colcon.colcon_core.verb:set package 'ntrip_client' build argument 'cmake_target' from command line to 'None'
[2.063s] Level 5:colcon.colcon_core.verb:set package 'ntrip_client' build argument 'cmake_target_skip_unavailable' from command line to 'False'
[2.063s] Level 5:colcon.colcon_core.verb:set package 'ntrip_client' build argument 'cmake_clean_cache' from command line to 'False'
[2.063s] Level 5:colcon.colcon_core.verb:set package 'ntrip_client' build argument 'cmake_clean_first' from command line to 'False'
[2.063s] Level 5:colcon.colcon_core.verb:set package 'ntrip_client' build argument 'cmake_force_configure' from command line to 'False'
[2.063s] Level 5:colcon.colcon_core.verb:set package 'ntrip_client' build argument 'ament_cmake_args' from command line to 'None'
[2.063s] Level 5:colcon.colcon_core.verb:set package 'ntrip_client' build argument 'catkin_cmake_args' from command line to 'None'
[2.063s] Level 5:colcon.colcon_core.verb:set package 'ntrip_client' build argument 'catkin_skip_building_tests' from command line to 'False'
[2.063s] DEBUG:colcon.colcon_core.verb:Building package 'ntrip_client' with the following arguments: {'ament_cmake_args': None, 'build_base': '/home/pride/AGV/build/ntrip_client', 'catkin_cmake_args': None, 'catkin_skip_building_tests': False, 'cmake_args': None, 'cmake_clean_cache': False, 'cmake_clean_first': False, 'cmake_force_configure': False, 'cmake_target': None, 'cmake_target_skip_unavailable': False, 'install_base': '/home/pride/AGV/install/ntrip_client', 'merge_install': False, 'path': '/home/pride/AGV/src/ntrip_client', 'symlink_install': False, 'test_result_base': None}
[2.064s] Level 5:colcon.colcon_core.verb:set package 'pan_tilt' build argument 'cmake_args' from command line to 'None'
[2.064s] Level 5:colcon.colcon_core.verb:set package 'pan_tilt' build argument 'cmake_target' from command line to 'None'
[2.064s] Level 5:colcon.colcon_core.verb:set package 'pan_tilt' build argument 'cmake_target_skip_unavailable' from command line to 'False'
[2.064s] Level 5:colcon.colcon_core.verb:set package 'pan_tilt' build argument 'cmake_clean_cache' from command line to 'False'
[2.064s] Level 5:colcon.colcon_core.verb:set package 'pan_tilt' build argument 'cmake_clean_first' from command line to 'False'
[2.064s] Level 5:colcon.colcon_core.verb:set package 'pan_tilt' build argument 'cmake_force_configure' from command line to 'False'
[2.064s] Level 5:colcon.colcon_core.verb:set package 'pan_tilt' build argument 'ament_cmake_args' from command line to 'None'
[2.064s] Level 5:colcon.colcon_core.verb:set package 'pan_tilt' build argument 'catkin_cmake_args' from command line to 'None'
[2.064s] Level 5:colcon.colcon_core.verb:set package 'pan_tilt' build argument 'catkin_skip_building_tests' from command line to 'False'
[2.064s] DEBUG:colcon.colcon_core.verb:Building package 'pan_tilt' with the following arguments: {'ament_cmake_args': None, 'build_base': '/home/pride/AGV/build/pan_tilt', 'catkin_cmake_args': None, 'catkin_skip_building_tests': False, 'cmake_args': None, 'cmake_clean_cache': False, 'cmake_clean_first': False, 'cmake_force_configure': False, 'cmake_target': None, 'cmake_target_skip_unavailable': False, 'install_base': '/home/pride/AGV/install/pan_tilt', 'merge_install': False, 'path': '/home/pride/AGV/src/pan_tilt', 'symlink_install': False, 'test_result_base': None}
[2.064s] Level 5:colcon.colcon_core.verb:set package 'solar_panel_detector' build argument 'cmake_args' from command line to 'None'
[2.064s] Level 5:colcon.colcon_core.verb:set package 'solar_panel_detector' build argument 'cmake_target' from command line to 'None'
[2.064s] Level 5:colcon.colcon_core.verb:set package 'solar_panel_detector' build argument 'cmake_target_skip_unavailable' from command line to 'False'
[2.064s] Level 5:colcon.colcon_core.verb:set package 'solar_panel_detector' build argument 'cmake_clean_cache' from command line to 'False'
[2.064s] Level 5:colcon.colcon_core.verb:set package 'solar_panel_detector' build argument 'cmake_clean_first' from command line to 'False'
[2.064s] Level 5:colcon.colcon_core.verb:set package 'solar_panel_detector' build argument 'cmake_force_configure' from command line to 'False'
[2.064s] Level 5:colcon.colcon_core.verb:set package 'solar_panel_detector' build argument 'ament_cmake_args' from command line to 'None'
[2.064s] Level 5:colcon.colcon_core.verb:set package 'solar_panel_detector' build argument 'catkin_cmake_args' from command line to 'None'
[2.064s] Level 5:colcon.colcon_core.verb:set package 'solar_panel_detector' build argument 'catkin_skip_building_tests' from command line to 'False'
[2.064s] DEBUG:colcon.colcon_core.verb:Building package 'solar_panel_detector' with the following arguments: {'ament_cmake_args': None, 'build_base': '/home/pride/AGV/build/solar_panel_detector', 'catkin_cmake_args': None, 'catkin_skip_building_tests': False, 'cmake_args': None, 'cmake_clean_cache': False, 'cmake_clean_first': False, 'cmake_force_configure': False, 'cmake_target': None, 'cmake_target_skip_unavailable': False, 'install_base': '/home/pride/AGV/install/solar_panel_detector', 'merge_install': False, 'path': '/home/pride/AGV/src/solar_panel_detector', 'symlink_install': False, 'test_result_base': None}
[2.064s] INFO:colcon.colcon_core.executor:Executing jobs using 'parallel' executor
[2.065s] DEBUG:colcon.colcon_parallel_executor.executor.parallel:run_until_complete
[2.066s] INFO:colcon.colcon_core.task.python.build:Building Python package in '/home/pride/AGV/src/geotagging'
[2.075s] INFO:colcon.colcon_core.plugin_system:Skipping extension 'colcon_core.shell.bat': Not used on non-Windows systems
[2.075s] INFO:colcon.colcon_core.shell:Skip shell extension 'powershell' for command environment: Not usable outside of PowerShell
[2.075s] DEBUG:colcon.colcon_core.shell:Skip shell extension 'dsv' for command environment
[2.081s] INFO:colcon.colcon_core.task.python.build:Building Python package in '/home/pride/AGV/src/image_capture'
[2.082s] INFO:colcon.colcon_core.shell:Skip shell extension 'powershell' for command environment: Not usable outside of PowerShell
[2.082s] DEBUG:colcon.colcon_core.shell:Skip shell extension 'dsv' for command environment
[2.085s] INFO:colcon.colcon_core.task.python.build:Building Python package in '/home/pride/AGV/src/lidar'
[2.086s] INFO:colcon.colcon_core.shell:Skip shell extension 'powershell' for command environment: Not usable outside of PowerShell
[2.086s] DEBUG:colcon.colcon_core.shell:Skip shell extension 'dsv' for command environment
[2.089s] INFO:colcon.colcon_core.task.python.build:Building Python package in '/home/pride/AGV/src/mission_manager'
[2.089s] INFO:colcon.colcon_core.shell:Skip shell extension 'powershell' for command environment: Not usable outside of PowerShell
[2.090s] DEBUG:colcon.colcon_core.shell:Skip shell extension 'dsv' for command environment
[2.092s] INFO:colcon.colcon_core.task.python.build:Building Python package in '/home/pride/AGV/src/ntrip_client'
[2.093s] INFO:colcon.colcon_core.shell:Skip shell extension 'powershell' for command environment: Not usable outside of PowerShell
[2.093s] DEBUG:colcon.colcon_core.shell:Skip shell extension 'dsv' for command environment
[2.097s] INFO:colcon.colcon_core.task.python.build:Building Python package in '/home/pride/AGV/src/pan_tilt'
[2.098s] INFO:colcon.colcon_core.shell:Skip shell extension 'powershell' for command environment: Not usable outside of PowerShell
[2.098s] DEBUG:colcon.colcon_core.shell:Skip shell extension 'dsv' for command environment
[2.102s] INFO:colcon.colcon_core.task.python.build:Building Python package in '/home/pride/AGV/src/solar_panel_detector'
[2.102s] INFO:colcon.colcon_core.shell:Skip shell extension 'powershell' for command environment: Not usable outside of PowerShell
[2.103s] DEBUG:colcon.colcon_core.shell:Skip shell extension 'dsv' for command environment
[3.584s] DEBUG:colcon.colcon_core.event_handler.log_command:Invoking command in '/home/pride/AGV/src/geotagging': PYTHONPATH=/home/pride/AGV/build/geotagging/prefix_override:/usr/lib/python3/dist-packages/colcon_core/task/python/colcon_distutils_commands:/home/pride/AGV/install/geotagging/lib/python3.10/site-packages:${PYTHONPATH} /usr/bin/python3 -W ignore:setup.py install is deprecated -W ignore:easy_install command is deprecated setup.py egg_info --egg-base ../../build/geotagging build --build-base /home/pride/AGV/build/geotagging/build install --record /home/pride/AGV/build/geotagging/install.log --single-version-externally-managed install_data
[3.596s] DEBUG:colcon.colcon_core.event_handler.log_command:Invoking command in '/home/pride/AGV/src/image_capture': PYTHONPATH=/home/pride/AGV/build/image_capture/prefix_override:/usr/lib/python3/dist-packages/colcon_core/task/python/colcon_distutils_commands:/home/pride/AGV/install/image_capture/lib/python3.10/site-packages:${PYTHONPATH} /usr/bin/python3 -W ignore:setup.py install is deprecated -W ignore:easy_install command is deprecated setup.py egg_info --egg-base ../../build/image_capture build --build-base /home/pride/AGV/build/image_capture/build install --record /home/pride/AGV/build/image_capture/install.log --single-version-externally-managed install_data
[3.601s] DEBUG:colcon.colcon_core.event_handler.log_command:Invoking command in '/home/pride/AGV/src/lidar': PYTHONPATH=/home/pride/AGV/build/lidar/prefix_override:/usr/lib/python3/dist-packages/colcon_core/task/python/colcon_distutils_commands:/home/pride/AGV/install/lidar/lib/python3.10/site-packages:${PYTHONPATH} /usr/bin/python3 -W ignore:setup.py install is deprecated -W ignore:easy_install command is deprecated setup.py egg_info --egg-base ../../build/lidar build --build-base /home/pride/AGV/build/lidar/build install --record /home/pride/AGV/build/lidar/install.log --single-version-externally-managed install_data
[3.603s] DEBUG:colcon.colcon_core.event_handler.log_command:Invoking command in '/home/pride/AGV/src/mission_manager': PYTHONPATH=/home/pride/AGV/build/mission_manager/prefix_override:/usr/lib/python3/dist-packages/colcon_core/task/python/colcon_distutils_commands:/home/pride/AGV/install/mission_manager/lib/python3.10/site-packages:${PYTHONPATH} /usr/bin/python3 -W ignore:setup.py install is deprecated -W ignore:easy_install command is deprecated setup.py egg_info --egg-base ../../build/mission_manager build --build-base /home/pride/AGV/build/mission_manager/build install --record /home/pride/AGV/build/mission_manager/install.log --single-version-externally-managed install_data
[3.605s] DEBUG:colcon.colcon_core.event_handler.log_command:Invoking command in '/home/pride/AGV/src/ntrip_client': PYTHONPATH=/home/pride/AGV/build/ntrip_client/prefix_override:/usr/lib/python3/dist-packages/colcon_core/task/python/colcon_distutils_commands:/home/pride/AGV/install/ntrip_client/lib/python3.10/site-packages:${PYTHONPATH} /usr/bin/python3 -W ignore:setup.py install is deprecated -W ignore:easy_install command is deprecated setup.py egg_info --egg-base ../../build/ntrip_client build --build-base /home/pride/AGV/build/ntrip_client/build install --record /home/pride/AGV/build/ntrip_client/install.log --single-version-externally-managed install_data
[3.746s] DEBUG:colcon.colcon_core.event_handler.log_command:Invoking command in '/home/pride/AGV/src/pan_tilt': PYTHONPATH=/home/pride/AGV/build/pan_tilt/prefix_override:/usr/lib/python3/dist-packages/colcon_core/task/python/colcon_distutils_commands:/home/pride/AGV/install/pan_tilt/lib/python3.10/site-packages:${PYTHONPATH} /usr/bin/python3 -W ignore:setup.py install is deprecated -W ignore:easy_install command is deprecated setup.py egg_info --egg-base ../../build/pan_tilt build --build-base /home/pride/AGV/build/pan_tilt/build install --record /home/pride/AGV/build/pan_tilt/install.log --single-version-externally-managed install_data
[3.996s] DEBUG:colcon.colcon_core.event_handler.log_command:Invoked command in '/home/pride/AGV/src/mission_manager' returned '0': PYTHONPATH=/home/pride/AGV/build/mission_manager/prefix_override:/usr/lib/python3/dist-packages/colcon_core/task/python/colcon_distutils_commands:/home/pride/AGV/install/mission_manager/lib/python3.10/site-packages:${PYTHONPATH} /usr/bin/python3 -W ignore:setup.py install is deprecated -W ignore:easy_install command is deprecated setup.py egg_info --egg-base ../../build/mission_manager build --build-base /home/pride/AGV/build/mission_manager/build install --record /home/pride/AGV/build/mission_manager/install.log --single-version-externally-managed install_data
[4.011s] Level 1:colcon.colcon_core.environment:checking '/home/pride/AGV/install/mission_manager' for CMake module files
[4.013s] Level 1:colcon.colcon_core.environment:checking '/home/pride/AGV/install/mission_manager' for CMake config files
[4.018s] Level 1:colcon.colcon_core.environment:checking '/home/pride/AGV/install/mission_manager/lib'
[4.018s] Level 1:colcon.colcon_core.environment:checking '/home/pride/AGV/install/mission_manager/bin'
[4.018s] Level 1:colcon.colcon_core.environment:checking '/home/pride/AGV/install/mission_manager/lib/pkgconfig/mission_manager.pc'
[4.018s] Level 1:colcon.colcon_core.environment:checking '/home/pride/AGV/install/mission_manager/lib/python3.10/site-packages'
[4.018s] Level 1:colcon.colcon_core.shell:create_environment_hook('mission_manager', 'pythonpath')
[4.019s] INFO:colcon.colcon_core.shell:Creating environment hook '/home/pride/AGV/install/mission_manager/share/mission_manager/hook/pythonpath.ps1'
[4.020s] INFO:colcon.colcon_core.shell:Creating environment descriptor '/home/pride/AGV/install/mission_manager/share/mission_manager/hook/pythonpath.dsv'
[4.022s] INFO:colcon.colcon_core.shell:Creating environment hook '/home/pride/AGV/install/mission_manager/share/mission_manager/hook/pythonpath.sh'
[4.025s] Level 1:colcon.colcon_core.environment:checking '/home/pride/AGV/install/mission_manager/bin'
[4.025s] Level 1:colcon.colcon_core.environment:create_environment_scripts_only(mission_manager)
[4.026s] INFO:colcon.colcon_core.shell:Creating package script '/home/pride/AGV/install/mission_manager/share/mission_manager/package.ps1'
[4.029s] INFO:colcon.colcon_core.shell:Creating package descriptor '/home/pride/AGV/install/mission_manager/share/mission_manager/package.dsv'
[4.030s] INFO:colcon.colcon_core.shell:Creating package script '/home/pride/AGV/install/mission_manager/share/mission_manager/package.sh'
[4.032s] INFO:colcon.colcon_core.shell:Creating package script '/home/pride/AGV/install/mission_manager/share/mission_manager/package.bash'
[4.034s] INFO:colcon.colcon_core.shell:Creating package script '/home/pride/AGV/install/mission_manager/share/mission_manager/package.zsh'
[4.036s] Level 1:colcon.colcon_core.environment:create_file_with_runtime_dependencies(/home/pride/AGV/install/mission_manager/share/colcon-core/packages/mission_manager)
[4.040s] Level 1:colcon.colcon_core.environment:checking '/home/pride/AGV/install/geotagging' for CMake module files
[4.043s] DEBUG:colcon.colcon_core.event_handler.log_command:Invoked command in '/home/pride/AGV/src/geotagging' returned '0': PYTHONPATH=/home/pride/AGV/build/geotagging/prefix_override:/usr/lib/python3/dist-packages/colcon_core/task/python/colcon_distutils_commands:/home/pride/AGV/install/geotagging/lib/python3.10/site-packages:${PYTHONPATH} /usr/bin/python3 -W ignore:setup.py install is deprecated -W ignore:easy_install command is deprecated setup.py egg_info --egg-base ../../build/geotagging build --build-base /home/pride/AGV/build/geotagging/build install --record /home/pride/AGV/build/geotagging/install.log --single-version-externally-managed install_data
[4.043s] Level 1:colcon.colcon_core.environment:checking '/home/pride/AGV/install/geotagging' for CMake config files
[4.049s] Level 1:colcon.colcon_core.environment:checking '/home/pride/AGV/install/geotagging/lib'
[4.049s] Level 1:colcon.colcon_core.environment:checking '/home/pride/AGV/install/geotagging/bin'
[4.049s] Level 1:colcon.colcon_core.environment:checking '/home/pride/AGV/install/geotagging/lib/pkgconfig/geotagging.pc'
[4.049s] Level 1:colcon.colcon_core.environment:checking '/home/pride/AGV/install/geotagging/lib/python3.10/site-packages'
[4.049s] Level 1:colcon.colcon_core.shell:create_environment_hook('geotagging', 'pythonpath')
[4.050s] INFO:colcon.colcon_core.shell:Creating environment hook '/home/pride/AGV/install/geotagging/share/geotagging/hook/pythonpath.ps1'
[4.051s] INFO:colcon.colcon_core.shell:Creating environment descriptor '/home/pride/AGV/install/geotagging/share/geotagging/hook/pythonpath.dsv'
[4.052s] INFO:colcon.colcon_core.shell:Creating environment hook '/home/pride/AGV/install/geotagging/share/geotagging/hook/pythonpath.sh'
[4.053s] Level 1:colcon.colcon_core.environment:checking '/home/pride/AGV/install/geotagging/bin'
[4.053s] Level 1:colcon.colcon_core.environment:create_environment_scripts_only(geotagging)
[4.054s] INFO:colcon.colcon_core.shell:Creating package script '/home/pride/AGV/install/geotagging/share/geotagging/package.ps1'
[4.055s] INFO:colcon.colcon_core.shell:Creating package descriptor '/home/pride/AGV/install/geotagging/share/geotagging/package.dsv'
[4.056s] INFO:colcon.colcon_core.shell:Creating package script '/home/pride/AGV/install/geotagging/share/geotagging/package.sh'
[4.058s] INFO:colcon.colcon_core.shell:Creating package script '/home/pride/AGV/install/geotagging/share/geotagging/package.bash'
[4.059s] INFO:colcon.colcon_core.shell:Creating package script '/home/pride/AGV/install/geotagging/share/geotagging/package.zsh'
[4.060s] Level 1:colcon.colcon_core.environment:create_file_with_runtime_dependencies(/home/pride/AGV/install/geotagging/share/colcon-core/packages/geotagging)
[4.066s] Level 1:colcon.colcon_core.environment:checking '/home/pride/AGV/install/lidar' for CMake module files
[4.067s] DEBUG:colcon.colcon_core.event_handler.log_command:Invoked command in '/home/pride/AGV/src/lidar' returned '0': PYTHONPATH=/home/pride/AGV/build/lidar/prefix_override:/usr/lib/python3/dist-packages/colcon_core/task/python/colcon_distutils_commands:/home/pride/AGV/install/lidar/lib/python3.10/site-packages:${PYTHONPATH} /usr/bin/python3 -W ignore:setup.py install is deprecated -W ignore:easy_install command is deprecated setup.py egg_info --egg-base ../../build/lidar build --build-base /home/pride/AGV/build/lidar/build install --record /home/pride/AGV/build/lidar/install.log --single-version-externally-managed install_data
[4.068s] Level 1:colcon.colcon_core.environment:checking '/home/pride/AGV/install/lidar' for CMake config files
[4.072s] Level 1:colcon.colcon_core.environment:checking '/home/pride/AGV/install/lidar/lib'
[4.072s] Level 1:colcon.colcon_core.environment:checking '/home/pride/AGV/install/lidar/bin'
[4.072s] Level 1:colcon.colcon_core.environment:checking '/home/pride/AGV/install/lidar/lib/pkgconfig/lidar.pc'
[4.072s] Level 1:colcon.colcon_core.environment:checking '/home/pride/AGV/install/lidar/lib/python3.10/site-packages'
[4.072s] Level 1:colcon.colcon_core.shell:create_environment_hook('lidar', 'pythonpath')
[4.072s] INFO:colcon.colcon_core.shell:Creating environment hook '/home/pride/AGV/install/lidar/share/lidar/hook/pythonpath.ps1'
[4.074s] INFO:colcon.colcon_core.shell:Creating environment descriptor '/home/pride/AGV/install/lidar/share/lidar/hook/pythonpath.dsv'
[4.076s] INFO:colcon.colcon_core.shell:Creating environment hook '/home/pride/AGV/install/lidar/share/lidar/hook/pythonpath.sh'
[4.077s] Level 1:colcon.colcon_core.environment:checking '/home/pride/AGV/install/lidar/bin'
[4.077s] Level 1:colcon.colcon_core.environment:create_environment_scripts_only(lidar)
[4.078s] INFO:colcon.colcon_core.shell:Creating package script '/home/pride/AGV/install/lidar/share/lidar/package.ps1'
[4.078s] INFO:colcon.colcon_core.shell:Creating package descriptor '/home/pride/AGV/install/lidar/share/lidar/package.dsv'
[4.079s] INFO:colcon.colcon_core.shell:Creating package script '/home/pride/AGV/install/lidar/share/lidar/package.sh'
[4.079s] INFO:colcon.colcon_core.shell:Creating package script '/home/pride/AGV/install/lidar/share/lidar/package.bash'
[4.080s] INFO:colcon.colcon_core.shell:Creating package script '/home/pride/AGV/install/lidar/share/lidar/package.zsh'
[4.080s] Level 1:colcon.colcon_core.environment:create_file_with_runtime_dependencies(/home/pride/AGV/install/lidar/share/colcon-core/packages/lidar)
[4.081s] Level 1:colcon.colcon_core.environment:checking '/home/pride/AGV/install/image_capture' for CMake module files
[4.083s] Level 1:colcon.colcon_core.environment:checking '/home/pride/AGV/install/image_capture' for CMake config files
[4.083s] DEBUG:colcon.colcon_core.event_handler.log_command:Invoked command in '/home/pride/AGV/src/image_capture' returned '0': PYTHONPATH=/home/pride/AGV/build/image_capture/prefix_override:/usr/lib/python3/dist-packages/colcon_core/task/python/colcon_distutils_commands:/home/pride/AGV/install/image_capture/lib/python3.10/site-packages:${PYTHONPATH} /usr/bin/python3 -W ignore:setup.py install is deprecated -W ignore:easy_install command is deprecated setup.py egg_info --egg-base ../../build/image_capture build --build-base /home/pride/AGV/build/image_capture/build install --record /home/pride/AGV/build/image_capture/install.log --single-version-externally-managed install_data
[4.087s] Level 1:colcon.colcon_core.environment:checking '/home/pride/AGV/install/image_capture/lib'
[4.087s] Level 1:colcon.colcon_core.environment:checking '/home/pride/AGV/install/image_capture/bin'
[4.087s] Level 1:colcon.colcon_core.environment:checking '/home/pride/AGV/install/image_capture/lib/pkgconfig/image_capture.pc'
[4.087s] Level 1:colcon.colcon_core.environment:checking '/home/pride/AGV/install/image_capture/lib/python3.10/site-packages'
[4.087s] Level 1:colcon.colcon_core.shell:create_environment_hook('image_capture', 'pythonpath')
[4.087s] INFO:colcon.colcon_core.shell:Creating environment hook '/home/pride/AGV/install/image_capture/share/image_capture/hook/pythonpath.ps1'
[4.088s] INFO:colcon.colcon_core.shell:Creating environment descriptor '/home/pride/AGV/install/image_capture/share/image_capture/hook/pythonpath.dsv'
[4.088s] INFO:colcon.colcon_core.shell:Creating environment hook '/home/pride/AGV/install/image_capture/share/image_capture/hook/pythonpath.sh'
[4.089s] Level 1:colcon.colcon_core.environment:checking '/home/pride/AGV/install/image_capture/bin'
[4.089s] Level 1:colcon.colcon_core.environment:create_environment_scripts_only(image_capture)
[4.089s] INFO:colcon.colcon_core.shell:Creating package script '/home/pride/AGV/install/image_capture/share/image_capture/package.ps1'
[4.089s] INFO:colcon.colcon_core.shell:Creating package descriptor '/home/pride/AGV/install/image_capture/share/image_capture/package.dsv'
[4.090s] INFO:colcon.colcon_core.shell:Creating package script '/home/pride/AGV/install/image_capture/share/image_capture/package.sh'
[4.090s] INFO:colcon.colcon_core.shell:Creating package script '/home/pride/AGV/install/image_capture/share/image_capture/package.bash'
[4.090s] INFO:colcon.colcon_core.shell:Creating package script '/home/pride/AGV/install/image_capture/share/image_capture/package.zsh'
[4.091s] Level 1:colcon.colcon_core.environment:create_file_with_runtime_dependencies(/home/pride/AGV/install/image_capture/share/colcon-core/packages/image_capture)
[4.093s] Level 1:colcon.colcon_core.environment:checking '/home/pride/AGV/install/ntrip_client' for CMake module files
[4.095s] DEBUG:colcon.colcon_core.event_handler.log_command:Invoked command in '/home/pride/AGV/src/ntrip_client' returned '0': PYTHONPATH=/home/pride/AGV/build/ntrip_client/prefix_override:/usr/lib/python3/dist-packages/colcon_core/task/python/colcon_distutils_commands:/home/pride/AGV/install/ntrip_client/lib/python3.10/site-packages:${PYTHONPATH} /usr/bin/python3 -W ignore:setup.py install is deprecated -W ignore:easy_install command is deprecated setup.py egg_info --egg-base ../../build/ntrip_client build --build-base /home/pride/AGV/build/ntrip_client/build install --record /home/pride/AGV/build/ntrip_client/install.log --single-version-externally-managed install_data
[4.095s] Level 1:colcon.colcon_core.environment:checking '/home/pride/AGV/install/ntrip_client' for CMake config files
[4.099s] Level 1:colcon.colcon_core.environment:checking '/home/pride/AGV/install/ntrip_client/lib'
[4.099s] Level 1:colcon.colcon_core.environment:checking '/home/pride/AGV/install/ntrip_client/bin'
[4.099s] Level 1:colcon.colcon_core.environment:checking '/home/pride/AGV/install/ntrip_client/lib/pkgconfig/ntrip_client.pc'
[4.099s] Level 1:colcon.colcon_core.environment:checking '/home/pride/AGV/install/ntrip_client/lib/python3.10/site-packages'
[4.100s] Level 1:colcon.colcon_core.shell:create_environment_hook('ntrip_client', 'pythonpath')
[4.100s] INFO:colcon.colcon_core.shell:Creating environment hook '/home/pride/AGV/install/ntrip_client/share/ntrip_client/hook/pythonpath.ps1'
[4.101s] INFO:colcon.colcon_core.shell:Creating environment descriptor '/home/pride/AGV/install/ntrip_client/share/ntrip_client/hook/pythonpath.dsv'
[4.102s] INFO:colcon.colcon_core.shell:Creating environment hook '/home/pride/AGV/install/ntrip_client/share/ntrip_client/hook/pythonpath.sh'
[4.102s] Level 1:colcon.colcon_core.environment:checking '/home/pride/AGV/install/ntrip_client/bin'
[4.103s] Level 1:colcon.colcon_core.environment:create_environment_scripts_only(ntrip_client)
[4.103s] INFO:colcon.colcon_core.shell:Creating package script '/home/pride/AGV/install/ntrip_client/share/ntrip_client/package.ps1'
[4.104s] INFO:colcon.colcon_core.shell:Creating package descriptor '/home/pride/AGV/install/ntrip_client/share/ntrip_client/package.dsv'
[4.104s] INFO:colcon.colcon_core.shell:Creating package script '/home/pride/AGV/install/ntrip_client/share/ntrip_client/package.sh'
[4.104s] INFO:colcon.colcon_core.shell:Creating package script '/home/pride/AGV/install/ntrip_client/share/ntrip_client/package.bash'
[4.105s] INFO:colcon.colcon_core.shell:Creating package script '/home/pride/AGV/install/ntrip_client/share/ntrip_client/package.zsh'
[4.105s] Level 1:colcon.colcon_core.environment:create_file_with_runtime_dependencies(/home/pride/AGV/install/ntrip_client/share/colcon-core/packages/ntrip_client)
[4.116s] DEBUG:colcon.colcon_core.event_handler.log_command:Invoking command in '/home/pride/AGV/src/solar_panel_detector': PYTHONPATH=/home/pride/AGV/build/solar_panel_detector/prefix_override:/usr/lib/python3/dist-packages/colcon_core/task/python/colcon_distutils_commands:/home/pride/AGV/install/solar_panel_detector/lib/python3.10/site-packages:${PYTHONPATH} /usr/bin/python3 -W ignore:setup.py install is deprecated -W ignore:easy_install command is deprecated setup.py egg_info --egg-base ../../build/solar_panel_detector build --build-base /home/pride/AGV/build/solar_panel_detector/build install --record /home/pride/AGV/build/solar_panel_detector/install.log --single-version-externally-managed install_data
[4.133s] Level 1:colcon.colcon_core.environment:checking '/home/pride/AGV/install/pan_tilt' for CMake module files
[4.134s] DEBUG:colcon.colcon_core.event_handler.log_command:Invoked command in '/home/pride/AGV/src/pan_tilt' returned '0': PYTHONPATH=/home/pride/AGV/build/pan_tilt/prefix_override:/usr/lib/python3/dist-packages/colcon_core/task/python/colcon_distutils_commands:/home/pride/AGV/install/pan_tilt/lib/python3.10/site-packages:${PYTHONPATH} /usr/bin/python3 -W ignore:setup.py install is deprecated -W ignore:easy_install command is deprecated setup.py egg_info --egg-base ../../build/pan_tilt build --build-base /home/pride/AGV/build/pan_tilt/build install --record /home/pride/AGV/build/pan_tilt/install.log --single-version-externally-managed install_data
[4.134s] Level 1:colcon.colcon_core.environment:checking '/home/pride/AGV/install/pan_tilt' for CMake config files
[4.137s] Level 1:colcon.colcon_core.environment:checking '/home/pride/AGV/install/pan_tilt/lib'
[4.137s] Level 1:colcon.colcon_core.environment:checking '/home/pride/AGV/install/pan_tilt/bin'
[4.137s] Level 1:colcon.colcon_core.environment:checking '/home/pride/AGV/install/pan_tilt/lib/pkgconfig/pan_tilt.pc'
[4.138s] Level 1:colcon.colcon_core.environment:checking '/home/pride/AGV/install/pan_tilt/lib/python3.10/site-packages'
[4.138s] Level 1:colcon.colcon_core.shell:create_environment_hook('pan_tilt', 'pythonpath')
[4.138s] INFO:colcon.colcon_core.shell:Creating environment hook '/home/pride/AGV/install/pan_tilt/share/pan_tilt/hook/pythonpath.ps1'
[4.138s] INFO:colcon.colcon_core.shell:Creating environment descriptor '/home/pride/AGV/install/pan_tilt/share/pan_tilt/hook/pythonpath.dsv'
[4.138s] INFO:colcon.colcon_core.shell:Creating environment hook '/home/pride/AGV/install/pan_tilt/share/pan_tilt/hook/pythonpath.sh'
[4.139s] Level 1:colcon.colcon_core.environment:checking '/home/pride/AGV/install/pan_tilt/bin'
[4.139s] Level 1:colcon.colcon_core.environment:create_environment_scripts_only(pan_tilt)
[4.139s] INFO:colcon.colcon_core.shell:Creating package script '/home/pride/AGV/install/pan_tilt/share/pan_tilt/package.ps1'
[4.139s] INFO:colcon.colcon_core.shell:Creating package descriptor '/home/pride/AGV/install/pan_tilt/share/pan_tilt/package.dsv'
[4.140s] INFO:colcon.colcon_core.shell:Creating package script '/home/pride/AGV/install/pan_tilt/share/pan_tilt/package.sh'
[4.140s] INFO:colcon.colcon_core.shell:Creating package script '/home/pride/AGV/install/pan_tilt/share/pan_tilt/package.bash'
[4.140s] INFO:colcon.colcon_core.shell:Creating package script '/home/pride/AGV/install/pan_tilt/share/pan_tilt/package.zsh'
[4.140s] Level 1:colcon.colcon_core.environment:create_file_with_runtime_dependencies(/home/pride/AGV/install/pan_tilt/share/colcon-core/packages/pan_tilt)
[4.334s] Level 1:colcon.colcon_core.environment:checking '/home/pride/AGV/install/solar_panel_detector' for CMake module files
[4.334s] DEBUG:colcon.colcon_core.event_handler.log_command:Invoked command in '/home/pride/AGV/src/solar_panel_detector' returned '0': PYTHONPATH=/home/pride/AGV/build/solar_panel_detector/prefix_override:/usr/lib/python3/dist-packages/colcon_core/task/python/colcon_distutils_commands:/home/pride/AGV/install/solar_panel_detector/lib/python3.10/site-packages:${PYTHONPATH} /usr/bin/python3 -W ignore:setup.py install is deprecated -W ignore:easy_install command is deprecated setup.py egg_info --egg-base ../../build/solar_panel_detector build --build-base /home/pride/AGV/build/solar_panel_detector/build install --record /home/pride/AGV/build/solar_panel_detector/install.log --single-version-externally-managed install_data
[4.336s] Level 1:colcon.colcon_core.environment:checking '/home/pride/AGV/install/solar_panel_detector' for CMake config files
[4.342s] Level 1:colcon.colcon_core.environment:checking '/home/pride/AGV/install/solar_panel_detector/lib'
[4.342s] Level 1:colcon.colcon_core.environment:checking '/home/pride/AGV/install/solar_panel_detector/bin'
[4.342s] Level 1:colcon.colcon_core.environment:checking '/home/pride/AGV/install/solar_panel_detector/lib/pkgconfig/solar_panel_detector.pc'
[4.342s] Level 1:colcon.colcon_core.environment:checking '/home/pride/AGV/install/solar_panel_detector/lib/python3.10/site-packages'
[4.342s] Level 1:colcon.colcon_core.shell:create_environment_hook('solar_panel_detector', 'pythonpath')
[4.342s] INFO:colcon.colcon_core.shell:Creating environment hook '/home/pride/AGV/install/solar_panel_detector/share/solar_panel_detector/hook/pythonpath.ps1'
[4.343s] INFO:colcon.colcon_core.shell:Creating environment descriptor '/home/pride/AGV/install/solar_panel_detector/share/solar_panel_detector/hook/pythonpath.dsv'
[4.343s] INFO:colcon.colcon_core.shell:Creating environment hook '/home/pride/AGV/install/solar_panel_detector/share/solar_panel_detector/hook/pythonpath.sh'
[4.344s] Level 1:colcon.colcon_core.environment:checking '/home/pride/AGV/install/solar_panel_detector/bin'
[4.344s] Level 1:colcon.colcon_core.environment:create_environment_scripts_only(solar_panel_detector)
[4.344s] INFO:colcon.colcon_core.shell:Creating package script '/home/pride/AGV/install/solar_panel_detector/share/solar_panel_detector/package.ps1'
[4.344s] INFO:colcon.colcon_core.shell:Creating package descriptor '/home/pride/AGV/install/solar_panel_detector/share/solar_panel_detector/package.dsv'
[4.344s] INFO:colcon.colcon_core.shell:Creating package script '/home/pride/AGV/install/solar_panel_detector/share/solar_panel_detector/package.sh'
[4.345s] INFO:colcon.colcon_core.shell:Creating package script '/home/pride/AGV/install/solar_panel_detector/share/solar_panel_detector/package.bash'
[4.345s] INFO:colcon.colcon_core.shell:Creating package script '/home/pride/AGV/install/solar_panel_detector/share/solar_panel_detector/package.zsh'
[4.345s] Level 1:colcon.colcon_core.environment:create_file_with_runtime_dependencies(/home/pride/AGV/install/solar_panel_detector/share/colcon-core/packages/solar_panel_detector)
[4.346s] DEBUG:colcon.colcon_parallel_executor.executor.parallel:closing loop
[4.346s] DEBUG:colcon.colcon_parallel_executor.executor.parallel:loop closed
[4.346s] DEBUG:colcon.colcon_parallel_executor.executor.parallel:run_until_complete finished with '0'
[4.346s] DEBUG:colcon.colcon_core.event_reactor:joining thread
[4.385s] INFO:colcon.colcon_core.plugin_system:Skipping extension 'colcon_notification.desktop_notification.notify_send': Could not find 'notify-send'
[4.385s] INFO:colcon.colcon_core.plugin_system:Skipping extension 'colcon_notification.desktop_notification.terminal_notifier': Not used on non-Darwin systems
[4.385s] INFO:colcon.colcon_core.plugin_system:Skipping extension 'colcon_notification.desktop_notification.win32': Not used on non-Windows systems
[4.385s] INFO:colcon.colcon_notification.desktop_notification:Sending desktop notification using 'notify2'
[4.390s] DEBUG:colcon.colcon_notification.desktop_notification.notify2:Failed to initialize notify2: org.freedesktop.DBus.Error.ServiceUnknown: The name org.freedesktop.Notifications was not provided by any .service files
[4.390s] DEBUG:colcon.colcon_core.event_reactor:joined thread
[4.390s] INFO:colcon.colcon_core.shell:Creating prefix script '/home/pride/AGV/install/local_setup.ps1'
[4.392s] INFO:colcon.colcon_core.shell:Creating prefix util module '/home/pride/AGV/install/_local_setup_util_ps1.py'
[4.393s] INFO:colcon.colcon_core.shell:Creating prefix chain script '/home/pride/AGV/install/setup.ps1'
[4.394s] INFO:colcon.colcon_core.shell:Creating prefix script '/home/pride/AGV/install/local_setup.sh'
[4.395s] INFO:colcon.colcon_core.shell:Creating prefix util module '/home/pride/AGV/install/_local_setup_util_sh.py'
[4.395s] INFO:colcon.colcon_core.shell:Creating prefix chain script '/home/pride/AGV/install/setup.sh'
[4.396s] INFO:colcon.colcon_core.shell:Creating prefix script '/home/pride/AGV/install/local_setup.bash'
[4.397s] INFO:colcon.colcon_core.shell:Creating prefix chain script '/home/pride/AGV/install/setup.bash'
[4.398s] INFO:colcon.colcon_core.shell:Creating prefix script '/home/pride/AGV/install/local_setup.zsh'
[4.398s] INFO:colcon.colcon_core.shell:Creating prefix chain script '/home/pride/AGV/install/setup.zsh'
