[2.694s] Invoking command in '/home/pride/AGV/src/mission_manager': PYTHONPATH=/home/pride/AGV/build/mission_manager/prefix_override:/usr/lib/python3/dist-packages/colcon_core/task/python/colcon_distutils_commands:/home/pride/AGV/install/mission_manager/lib/python3.10/site-packages: /usr/bin/python3 -W ignore:setup.py install is deprecated -W ignore:easy_install command is deprecated setup.py egg_info --egg-base ../../build/mission_manager build --build-base /home/pride/AGV/build/mission_manager/build install --record /home/pride/AGV/build/mission_manager/install.log --single-version-externally-managed install_data
[2.952s] running egg_info
[2.953s] writing ../../build/mission_manager/mission_manager.egg-info/PKG-INFO
[2.955s] writing dependency_links to ../../build/mission_manager/mission_manager.egg-info/dependency_links.txt
[2.955s] writing entry points to ../../build/mission_manager/mission_manager.egg-info/entry_points.txt
[2.956s] writing requirements to ../../build/mission_manager/mission_manager.egg-info/requires.txt
[2.956s] writing top-level names to ../../build/mission_manager/mission_manager.egg-info/top_level.txt
[2.957s] reading manifest file '../../build/mission_manager/mission_manager.egg-info/SOURCES.txt'
[2.958s] writing manifest file '../../build/mission_manager/mission_manager.egg-info/SOURCES.txt'
[2.958s] running build
[2.959s] running build_py
[2.996s] copying mission_manager/mission_manager.py -> /home/pride/AGV/build/mission_manager/build/lib/mission_manager
[2.997s] copying mission_manager/__init__.py -> /home/pride/AGV/build/mission_manager/build/lib/mission_manager
[2.997s] running install
[2.997s] running install_lib
[2.997s] copying /home/pride/AGV/build/mission_manager/build/lib/mission_manager/mission_manager.py -> /home/pride/AGV/install/mission_manager/lib/python3.10/site-packages/mission_manager
[3.000s] copying /home/pride/AGV/build/mission_manager/build/lib/mission_manager/__init__.py -> /home/pride/AGV/install/mission_manager/lib/python3.10/site-packages/mission_manager
[3.000s] byte-compiling /home/pride/AGV/install/mission_manager/lib/python3.10/site-packages/mission_manager/mission_manager.py to mission_manager.cpython-310.pyc
[3.001s] byte-compiling /home/pride/AGV/install/mission_manager/lib/python3.10/site-packages/mission_manager/__init__.py to __init__.cpython-310.pyc
[3.024s] running install_data
[3.024s] copying resource/mission_manager -> /home/pride/AGV/install/mission_manager/share/ament_index/resource_index/packages
[3.024s] copying package.xml -> /home/pride/AGV/install/mission_manager/share/mission_manager
[3.024s] running install_egg_info
[3.024s] removing '/home/pride/AGV/install/mission_manager/lib/python3.10/site-packages/mission_manager-0.0.0-py3.10.egg-info' (and everything under it)
[3.025s] Copying ../../build/mission_manager/mission_manager.egg-info to /home/pride/AGV/install/mission_manager/lib/python3.10/site-packages/mission_manager-0.0.0-py3.10.egg-info
[3.025s] running install_scripts
[3.047s] writing list of installed files to '/home/pride/AGV/build/mission_manager/install.log'
[3.211s] Invoked command in '/home/pride/AGV/src/mission_manager' returned '0': PYTHONPATH=/home/pride/AGV/build/mission_manager/prefix_override:/usr/lib/python3/dist-packages/colcon_core/task/python/colcon_distutils_commands:/home/pride/AGV/install/mission_manager/lib/python3.10/site-packages: /usr/bin/python3 -W ignore:setup.py install is deprecated -W ignore:easy_install command is deprecated setup.py egg_info --egg-base ../../build/mission_manager build --build-base /home/pride/AGV/build/mission_manager/build install --record /home/pride/AGV/build/mission_manager/install.log --single-version-externally-managed install_data
