[1.486s] Invoking command in '/home/pride/AGV/src/geotagging': PYTHONPATH=/home/pride/AGV/build/geotagging/prefix_override:/usr/lib/python3/dist-packages/colcon_core/task/python/colcon_distutils_commands:/home/pride/AGV/install/geotagging/lib/python3.10/site-packages:${PYTHONPATH} /usr/bin/python3 -W ignore:setup.py install is deprecated -W ignore:easy_install command is deprecated setup.py egg_info --egg-base ../../build/geotagging build --build-base /home/pride/AGV/build/geotagging/build install --record /home/pride/AGV/build/geotagging/install.log --single-version-externally-managed install_data
[1.759s] running egg_info
[1.761s] writing ../../build/geotagging/geotagging.egg-info/PKG-INFO
[1.761s] writing dependency_links to ../../build/geotagging/geotagging.egg-info/dependency_links.txt
[1.762s] writing entry points to ../../build/geotagging/geotagging.egg-info/entry_points.txt
[1.762s] writing requirements to ../../build/geotagging/geotagging.egg-info/requires.txt
[1.762s] writing top-level names to ../../build/geotagging/geotagging.egg-info/top_level.txt
[1.765s] reading manifest file '../../build/geotagging/geotagging.egg-info/SOURCES.txt'
[1.766s] writing manifest file '../../build/geotagging/geotagging.egg-info/SOURCES.txt'
[1.767s] running build
[1.767s] running build_py
[1.767s] running install
[1.767s] running install_lib
[1.770s] running install_data
[1.771s] copying package.xml -> /home/pride/AGV/install/geotagging/share/geotagging
[1.771s] running install_egg_info
[1.774s] removing '/home/pride/AGV/install/geotagging/lib/python3.10/site-packages/geotagging-0.0.0-py3.10.egg-info' (and everything under it)
[1.775s] Copying ../../build/geotagging/geotagging.egg-info to /home/pride/AGV/install/geotagging/lib/python3.10/site-packages/geotagging-0.0.0-py3.10.egg-info
[1.777s] running install_scripts
[1.814s] writing list of installed files to '/home/pride/AGV/build/geotagging/install.log'
[1.900s] Invoked command in '/home/pride/AGV/src/geotagging' returned '0': PYTHONPATH=/home/pride/AGV/build/geotagging/prefix_override:/usr/lib/python3/dist-packages/colcon_core/task/python/colcon_distutils_commands:/home/pride/AGV/install/geotagging/lib/python3.10/site-packages:${PYTHONPATH} /usr/bin/python3 -W ignore:setup.py install is deprecated -W ignore:easy_install command is deprecated setup.py egg_info --egg-base ../../build/geotagging build --build-base /home/pride/AGV/build/geotagging/build install --record /home/pride/AGV/build/geotagging/install.log --single-version-externally-managed install_data
