running egg_info
creating build/geotagging/geotagging.egg-info
writing build/geotagging/geotagging.egg-info/PKG-INFO
writing dependency_links to build/geotagging/geotagging.egg-info/dependency_links.txt
writing entry points to build/geotagging/geotagging.egg-info/entry_points.txt
writing requirements to build/geotagging/geotagging.egg-info/requires.txt
writing top-level names to build/geotagging/geotagging.egg-info/top_level.txt
writing manifest file 'build/geotagging/geotagging.egg-info/SOURCES.txt'
reading manifest file 'build/geotagging/geotagging.egg-info/SOURCES.txt'
writing manifest file 'build/geotagging/geotagging.egg-info/SOURCES.txt'
running build
running build_py
creating /home/pride/AGV/src/geotagging/build/geotagging/build
creating /home/pride/AGV/src/geotagging/build/geotagging/build/lib
creating /home/pride/AGV/src/geotagging/build/geotagging/build/lib/geotagging
copying geotagging/__init__.py -> /home/pride/AGV/src/geotagging/build/geotagging/build/lib/geotagging
running install
running install_lib
creating /home/pride/AGV/src/geotagging/install/geotagging/lib/python3.10/site-packages/geotagging
copying /home/pride/AGV/src/geotagging/build/geotagging/build/lib/geotagging/__init__.py -> /home/pride/AGV/src/geotagging/install/geotagging/lib/python3.10/site-packages/geotagging
byte-compiling /home/pride/AGV/src/geotagging/install/geotagging/lib/python3.10/site-packages/geotagging/__init__.py to __init__.cpython-310.pyc
running install_data
creating /home/pride/AGV/src/geotagging/install/geotagging/share/ament_index
creating /home/pride/AGV/src/geotagging/install/geotagging/share/ament_index/resource_index
creating /home/pride/AGV/src/geotagging/install/geotagging/share/ament_index/resource_index/packages
copying resource/geotagging -> /home/pride/AGV/src/geotagging/install/geotagging/share/ament_index/resource_index/packages
copying package.xml -> /home/pride/AGV/src/geotagging/install/geotagging/share/geotagging
running install_egg_info
Copying build/geotagging/geotagging.egg-info to /home/pride/AGV/src/geotagging/install/geotagging/lib/python3.10/site-packages/geotagging-0.0.0-py3.10.egg-info
running install_scripts
writing list of installed files to '/home/pride/AGV/src/geotagging/build/geotagging/install.log'
