[0.665s] Invoking command in '/home/pride/AGV/src/geotagging': PYTHONPATH=/home/pride/AGV/src/geotagging/build/geotagging/prefix_override:/usr/lib/python3/dist-packages/colcon_core/task/python/colcon_distutils_commands:/home/pride/AGV/src/geotagging/install/geotagging/lib/python3.10/site-packages:${PYTHONPATH} /usr/bin/python3 -W ignore:setup.py install is deprecated -W ignore:easy_install command is deprecated setup.py egg_info --egg-base build/geotagging build --build-base /home/pride/AGV/src/geotagging/build/geotagging/build install --record /home/pride/AGV/src/geotagging/build/geotagging/install.log --single-version-externally-managed install_data
[0.830s] running egg_info
[0.830s] creating build/geotagging/geotagging.egg-info
[0.831s] writing build/geotagging/geotagging.egg-info/PKG-INFO
[0.831s] writing dependency_links to build/geotagging/geotagging.egg-info/dependency_links.txt
[0.832s] writing entry points to build/geotagging/geotagging.egg-info/entry_points.txt
[0.832s] writing requirements to build/geotagging/geotagging.egg-info/requires.txt
[0.832s] writing top-level names to build/geotagging/geotagging.egg-info/top_level.txt
[0.832s] writing manifest file 'build/geotagging/geotagging.egg-info/SOURCES.txt'
[0.834s] reading manifest file 'build/geotagging/geotagging.egg-info/SOURCES.txt'
[0.835s] writing manifest file 'build/geotagging/geotagging.egg-info/SOURCES.txt'
[0.835s] running build
[0.836s] running build_py
[0.836s] creating /home/pride/AGV/src/geotagging/build/geotagging/build
[0.836s] creating /home/pride/AGV/src/geotagging/build/geotagging/build/lib
[0.836s] creating /home/pride/AGV/src/geotagging/build/geotagging/build/lib/geotagging
[0.836s] copying geotagging/__init__.py -> /home/pride/AGV/src/geotagging/build/geotagging/build/lib/geotagging
[0.836s] running install
[0.837s] running install_lib
[0.837s] creating /home/pride/AGV/src/geotagging/install/geotagging/lib/python3.10/site-packages/geotagging
[0.837s] copying /home/pride/AGV/src/geotagging/build/geotagging/build/lib/geotagging/__init__.py -> /home/pride/AGV/src/geotagging/install/geotagging/lib/python3.10/site-packages/geotagging
[0.838s] byte-compiling /home/pride/AGV/src/geotagging/install/geotagging/lib/python3.10/site-packages/geotagging/__init__.py to __init__.cpython-310.pyc
[0.838s] running install_data
[0.838s] creating /home/pride/AGV/src/geotagging/install/geotagging/share/ament_index
[0.839s] creating /home/pride/AGV/src/geotagging/install/geotagging/share/ament_index/resource_index
[0.839s] creating /home/pride/AGV/src/geotagging/install/geotagging/share/ament_index/resource_index/packages
[0.839s] copying resource/geotagging -> /home/pride/AGV/src/geotagging/install/geotagging/share/ament_index/resource_index/packages
[0.839s] copying package.xml -> /home/pride/AGV/src/geotagging/install/geotagging/share/geotagging
[0.840s] running install_egg_info
[0.842s] Copying build/geotagging/geotagging.egg-info to /home/pride/AGV/src/geotagging/install/geotagging/lib/python3.10/site-packages/geotagging-0.0.0-py3.10.egg-info
[0.843s] running install_scripts
[0.860s] writing list of installed files to '/home/pride/AGV/src/geotagging/build/geotagging/install.log'
[0.884s] Invoked command in '/home/pride/AGV/src/geotagging' returned '0': PYTHONPATH=/home/pride/AGV/src/geotagging/build/geotagging/prefix_override:/usr/lib/python3/dist-packages/colcon_core/task/python/colcon_distutils_commands:/home/pride/AGV/src/geotagging/install/geotagging/lib/python3.10/site-packages:${PYTHONPATH} /usr/bin/python3 -W ignore:setup.py install is deprecated -W ignore:easy_install command is deprecated setup.py egg_info --egg-base build/geotagging build --build-base /home/pride/AGV/src/geotagging/build/geotagging/build install --record /home/pride/AGV/src/geotagging/build/geotagging/install.log --single-version-externally-managed install_data
