[2.708s] Invoking command in '/home/pride/AGV/src/lidar': PYTHONPATH=/home/pride/AGV/build/lidar/prefix_override:/usr/lib/python3/dist-packages/colcon_core/task/python/colcon_distutils_commands:/home/pride/AGV/install/lidar/lib/python3.10/site-packages: /usr/bin/python3 -W ignore:setup.py install is deprecated -W ignore:easy_install command is deprecated setup.py egg_info --egg-base ../../build/lidar build --build-base /home/pride/AGV/build/lidar/build install --record /home/pride/AGV/build/lidar/install.log --single-version-externally-managed install_data
[2.976s] running egg_info
[2.976s] writing ../../build/lidar/lidar.egg-info/PKG-INFO
[2.978s] writing dependency_links to ../../build/lidar/lidar.egg-info/dependency_links.txt
[2.978s] writing entry points to ../../build/lidar/lidar.egg-info/entry_points.txt
[2.978s] writing requirements to ../../build/lidar/lidar.egg-info/requires.txt
[2.978s] writing top-level names to ../../build/lidar/lidar.egg-info/top_level.txt
[2.979s] reading manifest file '../../build/lidar/lidar.egg-info/SOURCES.txt'
[2.980s] writing manifest file '../../build/lidar/lidar.egg-info/SOURCES.txt'
[2.980s] running build
[2.980s] running build_py
[2.980s] copying lidar/__init__.py -> /home/pride/AGV/build/lidar/build/lib/lidar
[2.980s] running install
[2.980s] running install_lib
[2.981s] copying /home/pride/AGV/build/lidar/build/lib/lidar/__init__.py -> /home/pride/AGV/install/lidar/lib/python3.10/site-packages/lidar
[2.981s] byte-compiling /home/pride/AGV/install/lidar/lib/python3.10/site-packages/lidar/__init__.py to __init__.cpython-310.pyc
[2.981s] running install_data
[2.982s] copying resource/lidar -> /home/pride/AGV/install/lidar/share/ament_index/resource_index/packages
[2.982s] copying package.xml -> /home/pride/AGV/install/lidar/share/lidar
[2.982s] running install_egg_info
[2.983s] removing '/home/pride/AGV/install/lidar/lib/python3.10/site-packages/lidar-0.0.0-py3.10.egg-info' (and everything under it)
[3.032s] Copying ../../build/lidar/lidar.egg-info to /home/pride/AGV/install/lidar/lib/python3.10/site-packages/lidar-0.0.0-py3.10.egg-info
[3.032s] running install_scripts
[3.053s] writing list of installed files to '/home/pride/AGV/build/lidar/install.log'
[3.175s] Invoked command in '/home/pride/AGV/src/lidar' returned '0': PYTHONPATH=/home/pride/AGV/build/lidar/prefix_override:/usr/lib/python3/dist-packages/colcon_core/task/python/colcon_distutils_commands:/home/pride/AGV/install/lidar/lib/python3.10/site-packages: /usr/bin/python3 -W ignore:setup.py install is deprecated -W ignore:easy_install command is deprecated setup.py egg_info --egg-base ../../build/lidar build --build-base /home/pride/AGV/build/lidar/build install --record /home/pride/AGV/build/lidar/install.log --single-version-externally-managed install_data
