[5.231s] Invoking command in '/home/pride/AGV/src/lidar': PYTHONPATH=/home/pride/AGV/build/lidar/prefix_override:/usr/lib/python3/dist-packages/colcon_core/task/python/colcon_distutils_commands:/home/pride/AGV/install/lidar/lib/python3.10/site-packages:${PYTHONPATH} /usr/bin/python3 -W ignore:setup.py install is deprecated -W ignore:easy_install command is deprecated setup.py egg_info --egg-base ../../build/lidar build --build-base /home/pride/AGV/build/lidar/build install --record /home/pride/AGV/build/lidar/install.log --single-version-externally-managed install_data
[5.825s] running egg_info
[5.826s] writing ../../build/lidar/lidar.egg-info/PKG-INFO
[5.830s] writing dependency_links to ../../build/lidar/lidar.egg-info/dependency_links.txt
[5.833s] writing entry points to ../../build/lidar/lidar.egg-info/entry_points.txt
[5.834s] writing requirements to ../../build/lidar/lidar.egg-info/requires.txt
[5.834s] writing top-level names to ../../build/lidar/lidar.egg-info/top_level.txt
[5.841s] reading manifest file '../../build/lidar/lidar.egg-info/SOURCES.txt'
[5.854s] writing manifest file '../../build/lidar/lidar.egg-info/SOURCES.txt'
[5.855s] running build
[5.856s] running build_py
[5.858s] running install
[5.859s] running install_lib
[5.866s] running install_data
[5.867s] running install_egg_info
[5.885s] removing '/home/pride/AGV/install/lidar/lib/python3.10/site-packages/lidar-0.0.0-py3.10.egg-info' (and everything under it)
[5.899s] Copying ../../build/lidar/lidar.egg-info to /home/pride/AGV/install/lidar/lib/python3.10/site-packages/lidar-0.0.0-py3.10.egg-info
[5.918s] running install_scripts
[6.104s] writing list of installed files to '/home/pride/AGV/build/lidar/install.log'
[6.274s] Invoked command in '/home/pride/AGV/src/lidar' returned '0': PYTHONPATH=/home/pride/AGV/build/lidar/prefix_override:/usr/lib/python3/dist-packages/colcon_core/task/python/colcon_distutils_commands:/home/pride/AGV/install/lidar/lib/python3.10/site-packages:${PYTHONPATH} /usr/bin/python3 -W ignore:setup.py install is deprecated -W ignore:easy_install command is deprecated setup.py egg_info --egg-base ../../build/lidar build --build-base /home/pride/AGV/build/lidar/build install --record /home/pride/AGV/build/lidar/install.log --single-version-externally-managed install_data
