[1.573s] Invoking command in '/home/pride/AGV/src/pan_tilt': PYTHONPATH=/home/pride/AGV/build/pan_tilt/prefix_override:/usr/lib/python3/dist-packages/colcon_core/task/python/colcon_distutils_commands:/home/pride/AGV/install/pan_tilt/lib/python3.10/site-packages:${PYTHONPATH} /usr/bin/python3 -W ignore:setup.py install is deprecated -W ignore:easy_install command is deprecated setup.py egg_info --egg-base ../../build/pan_tilt build --build-base /home/pride/AGV/build/pan_tilt/build install --record /home/pride/AGV/build/pan_tilt/install.log --single-version-externally-managed install_data
[1.901s] running egg_info
[1.903s] writing ../../build/pan_tilt/pan_tilt.egg-info/PKG-INFO
[1.903s] writing dependency_links to ../../build/pan_tilt/pan_tilt.egg-info/dependency_links.txt
[1.903s] writing entry points to ../../build/pan_tilt/pan_tilt.egg-info/entry_points.txt
[1.904s] writing requirements to ../../build/pan_tilt/pan_tilt.egg-info/requires.txt
[1.904s] writing top-level names to ../../build/pan_tilt/pan_tilt.egg-info/top_level.txt
[1.906s] reading manifest file '../../build/pan_tilt/pan_tilt.egg-info/SOURCES.txt'
[1.908s] writing manifest file '../../build/pan_tilt/pan_tilt.egg-info/SOURCES.txt'
[1.908s] running build
[1.908s] running build_py
[1.908s] running install
[1.909s] running install_lib
[1.912s] running install_data
[1.912s] running install_egg_info
[1.913s] removing '/home/pride/AGV/install/pan_tilt/lib/python3.10/site-packages/pan_tilt-0.0.0-py3.10.egg-info' (and everything under it)
[1.913s] Copying ../../build/pan_tilt/pan_tilt.egg-info to /home/pride/AGV/install/pan_tilt/lib/python3.10/site-packages/pan_tilt-0.0.0-py3.10.egg-info
[1.917s] running install_scripts
[1.954s] writing list of installed files to '/home/pride/AGV/build/pan_tilt/install.log'
[1.999s] Invoked command in '/home/pride/AGV/src/pan_tilt' returned '0': PYTHONPATH=/home/pride/AGV/build/pan_tilt/prefix_override:/usr/lib/python3/dist-packages/colcon_core/task/python/colcon_distutils_commands:/home/pride/AGV/install/pan_tilt/lib/python3.10/site-packages:${PYTHONPATH} /usr/bin/python3 -W ignore:setup.py install is deprecated -W ignore:easy_install command is deprecated setup.py egg_info --egg-base ../../build/pan_tilt build --build-base /home/pride/AGV/build/pan_tilt/build install --record /home/pride/AGV/build/pan_tilt/install.log --single-version-externally-managed install_data
