[0.517s] Invoking command in '/home/pride/AGV/src/mission_manager': PYTHONPATH=/home/pride/AGV/src/mission_manager/build/mission_manager/prefix_override:/usr/lib/python3/dist-packages/colcon_core/task/python/colcon_distutils_commands:/home/pride/AGV/src/mission_manager/install/mission_manager/lib/python3.10/site-packages:${PYTHONPATH} /usr/bin/python3 -W ignore:setup.py install is deprecated -W ignore:easy_install command is deprecated setup.py egg_info --egg-base build/mission_manager build --build-base /home/pride/AGV/src/mission_manager/build/mission_manager/build install --record /home/pride/AGV/src/mission_manager/build/mission_manager/install.log --single-version-externally-managed install_data
[0.730s] running egg_info
[0.731s] creating build/mission_manager/mission_manager.egg-info
[0.731s] writing build/mission_manager/mission_manager.egg-info/PKG-INFO
[0.732s] writing dependency_links to build/mission_manager/mission_manager.egg-info/dependency_links.txt
[0.732s] writing entry points to build/mission_manager/mission_manager.egg-info/entry_points.txt
[0.732s] writing requirements to build/mission_manager/mission_manager.egg-info/requires.txt
[0.732s] writing top-level names to build/mission_manager/mission_manager.egg-info/top_level.txt
[0.733s] writing manifest file 'build/mission_manager/mission_manager.egg-info/SOURCES.txt'
[0.736s] reading manifest file 'build/mission_manager/mission_manager.egg-info/SOURCES.txt'
[0.737s] writing manifest file 'build/mission_manager/mission_manager.egg-info/SOURCES.txt'
[0.737s] running build
[0.737s] running build_py
[0.737s] creating /home/pride/AGV/src/mission_manager/build/mission_manager/build
[0.738s] creating /home/pride/AGV/src/mission_manager/build/mission_manager/build/lib
[0.738s] creating /home/pride/AGV/src/mission_manager/build/mission_manager/build/lib/mission_manager
[0.738s] copying mission_manager/__init__.py -> /home/pride/AGV/src/mission_manager/build/mission_manager/build/lib/mission_manager
[0.738s] running install
[0.738s] running install_lib
[0.739s] creating /home/pride/AGV/src/mission_manager/install/mission_manager/lib/python3.10/site-packages/mission_manager
[0.740s] copying /home/pride/AGV/src/mission_manager/build/mission_manager/build/lib/mission_manager/__init__.py -> /home/pride/AGV/src/mission_manager/install/mission_manager/lib/python3.10/site-packages/mission_manager
[0.740s] byte-compiling /home/pride/AGV/src/mission_manager/install/mission_manager/lib/python3.10/site-packages/mission_manager/__init__.py to __init__.cpython-310.pyc
[0.740s] running install_data
[0.741s] creating /home/pride/AGV/src/mission_manager/install/mission_manager/share/ament_index
[0.741s] creating /home/pride/AGV/src/mission_manager/install/mission_manager/share/ament_index/resource_index
[0.741s] creating /home/pride/AGV/src/mission_manager/install/mission_manager/share/ament_index/resource_index/packages
[0.741s] copying resource/mission_manager -> /home/pride/AGV/src/mission_manager/install/mission_manager/share/ament_index/resource_index/packages
[0.742s] copying package.xml -> /home/pride/AGV/src/mission_manager/install/mission_manager/share/mission_manager
[0.742s] running install_egg_info
[0.743s] Copying build/mission_manager/mission_manager.egg-info to /home/pride/AGV/src/mission_manager/install/mission_manager/lib/python3.10/site-packages/mission_manager-0.0.0-py3.10.egg-info
[0.746s] running install_scripts
[0.763s] writing list of installed files to '/home/pride/AGV/src/mission_manager/build/mission_manager/install.log'
[0.789s] Invoked command in '/home/pride/AGV/src/mission_manager' returned '0': PYTHONPATH=/home/pride/AGV/src/mission_manager/build/mission_manager/prefix_override:/usr/lib/python3/dist-packages/colcon_core/task/python/colcon_distutils_commands:/home/pride/AGV/src/mission_manager/install/mission_manager/lib/python3.10/site-packages:${PYTHONPATH} /usr/bin/python3 -W ignore:setup.py install is deprecated -W ignore:easy_install command is deprecated setup.py egg_info --egg-base build/mission_manager build --build-base /home/pride/AGV/src/mission_manager/build/mission_manager/build install --record /home/pride/AGV/src/mission_manager/build/mission_manager/install.log --single-version-externally-managed install_data
