[0.991s] Invoking command in '/home/pride/AGV/src/geotagging': PYTHONPATH=/home/pride/AGV/src/geotagging/build/geotagging/prefix_override:/usr/lib/python3/dist-packages/colcon_core/task/python/colcon_distutils_commands:/home/pride/AGV/src/geotagging/install/geotagging/lib/python3.10/site-packages:${PYTHONPATH} /usr/bin/python3 -W ignore:setup.py install is deprecated -W ignore:easy_install command is deprecated setup.py egg_info --egg-base build/geotagging build --build-base /home/pride/AGV/src/geotagging/build/geotagging/build install --record /home/pride/AGV/src/geotagging/build/geotagging/install.log --single-version-externally-managed install_data
[1.196s] running egg_info
[1.197s] writing build/geotagging/geotagging.egg-info/PKG-INFO
[1.198s] writing dependency_links to build/geotagging/geotagging.egg-info/dependency_links.txt
[1.199s] writing entry points to build/geotagging/geotagging.egg-info/entry_points.txt
[1.199s] writing requirements to build/geotagging/geotagging.egg-info/requires.txt
[1.199s] writing top-level names to build/geotagging/geotagging.egg-info/top_level.txt
[1.202s] reading manifest file 'build/geotagging/geotagging.egg-info/SOURCES.txt'
[1.204s] writing manifest file 'build/geotagging/geotagging.egg-info/SOURCES.txt'
[1.204s] running build
[1.204s] running build_py
[1.204s] running install
[1.205s] running install_lib
[1.207s] running install_data
[1.207s] running install_egg_info
[1.209s] removing '/home/pride/AGV/src/geotagging/install/geotagging/lib/python3.10/site-packages/geotagging-0.0.0-py3.10.egg-info' (and everything under it)
[1.210s] Copying build/geotagging/geotagging.egg-info to /home/pride/AGV/src/geotagging/install/geotagging/lib/python3.10/site-packages/geotagging-0.0.0-py3.10.egg-info
[1.212s] running install_scripts
[1.229s] Installing geotag script to /home/pride/AGV/src/geotagging/install/geotagging/lib/geotagging
[1.229s] writing list of installed files to '/home/pride/AGV/src/geotagging/build/geotagging/install.log'
[1.257s] Invoked command in '/home/pride/AGV/src/geotagging' returned '0': PYTHONPATH=/home/pride/AGV/src/geotagging/build/geotagging/prefix_override:/usr/lib/python3/dist-packages/colcon_core/task/python/colcon_distutils_commands:/home/pride/AGV/src/geotagging/install/geotagging/lib/python3.10/site-packages:${PYTHONPATH} /usr/bin/python3 -W ignore:setup.py install is deprecated -W ignore:easy_install command is deprecated setup.py egg_info --egg-base build/geotagging build --build-base /home/pride/AGV/src/geotagging/build/geotagging/build install --record /home/pride/AGV/src/geotagging/build/geotagging/install.log --single-version-externally-managed install_data
