/home/pride/AGV/src/install/ntrip_client/lib/python3.10/site-packages/ntrip_client/__init__.py
/home/pride/AGV/src/install/ntrip_client/lib/python3.10/site-packages/ntrip_client/ntrip.py
/home/pride/AGV/src/install/ntrip_client/lib/python3.10/site-packages/ntrip_client/__pycache__/__init__.cpython-310.pyc
/home/pride/AGV/src/install/ntrip_client/lib/python3.10/site-packages/ntrip_client/__pycache__/ntrip.cpython-310.pyc
/home/pride/AGV/src/install/ntrip_client/share/ament_index/resource_index/packages/ntrip_client
/home/pride/AGV/src/install/ntrip_client/share/ntrip_client/package.xml
/home/pride/AGV/src/install/ntrip_client/lib/python3.10/site-packages/ntrip_client-0.0.0-py3.10.egg-info/SOURCES.txt:Zone.Identifier
/home/pride/AGV/src/install/ntrip_client/lib/python3.10/site-packages/ntrip_client-0.0.0-py3.10.egg-info/top_level.txt
/home/pride/AGV/src/install/ntrip_client/lib/python3.10/site-packages/ntrip_client-0.0.0-py3.10.egg-info/SOURCES.txt
/home/pride/AGV/src/install/ntrip_client/lib/python3.10/site-packages/ntrip_client-0.0.0-py3.10.egg-info/PKG-INFO:Zone.Identifier
/home/pride/AGV/src/install/ntrip_client/lib/python3.10/site-packages/ntrip_client-0.0.0-py3.10.egg-info/entry_points.txt
/home/pride/AGV/src/install/ntrip_client/lib/python3.10/site-packages/ntrip_client-0.0.0-py3.10.egg-info/dependency_links.txt
/home/pride/AGV/src/install/ntrip_client/lib/python3.10/site-packages/ntrip_client-0.0.0-py3.10.egg-info/dependency_links.txt:Zone.Identifier
/home/pride/AGV/src/install/ntrip_client/lib/python3.10/site-packages/ntrip_client-0.0.0-py3.10.egg-info/zip-safe
/home/pride/AGV/src/install/ntrip_client/lib/python3.10/site-packages/ntrip_client-0.0.0-py3.10.egg-info/entry_points.txt:Zone.Identifier
/home/pride/AGV/src/install/ntrip_client/lib/python3.10/site-packages/ntrip_client-0.0.0-py3.10.egg-info/requires.txt
/home/pride/AGV/src/install/ntrip_client/lib/python3.10/site-packages/ntrip_client-0.0.0-py3.10.egg-info/PKG-INFO
/home/pride/AGV/src/install/ntrip_client/lib/python3.10/site-packages/ntrip_client-0.0.0-py3.10.egg-info/requires.txt:Zone.Identifier
/home/pride/AGV/src/install/ntrip_client/lib/python3.10/site-packages/ntrip_client-0.0.0-py3.10.egg-info/zip-safe:Zone.Identifier
/home/pride/AGV/src/install/ntrip_client/lib/python3.10/site-packages/ntrip_client-0.0.0-py3.10.egg-info/top_level.txt:Zone.Identifier
/home/pride/AGV/src/install/ntrip_client/lib/ntrip_client/ntrip
