[0.663s] Invoking command in '/home/pride/AGV/src/lidar': PYTHONPATH=/home/pride/AGV/src/lidar/build/lidar/prefix_override:/usr/lib/python3/dist-packages/colcon_core/task/python/colcon_distutils_commands:/home/pride/AGV/src/lidar/install/lidar/lib/python3.10/site-packages:${PYTHONPATH} /usr/bin/python3 -W ignore:setup.py install is deprecated -W ignore:easy_install command is deprecated setup.py egg_info --egg-base build/lidar build --build-base /home/pride/AGV/src/lidar/build/lidar/build install --record /home/pride/AGV/src/lidar/build/lidar/install.log --single-version-externally-managed install_data
[0.860s] running egg_info
[0.861s] writing build/lidar/lidar.egg-info/PKG-INFO
[0.862s] writing dependency_links to build/lidar/lidar.egg-info/dependency_links.txt
[0.862s] writing entry points to build/lidar/lidar.egg-info/entry_points.txt
[0.863s] writing requirements to build/lidar/lidar.egg-info/requires.txt
[0.863s] writing top-level names to build/lidar/lidar.egg-info/top_level.txt
[0.866s] reading manifest file 'build/lidar/lidar.egg-info/SOURCES.txt'
[0.866s] writing manifest file 'build/lidar/lidar.egg-info/SOURCES.txt'
[0.867s] running build
[0.867s] running build_py
[0.867s] copying lidar/lidar.py -> /home/pride/AGV/src/lidar/build/lidar/build/lib/lidar
[0.867s] running install
[0.867s] running install_lib
[0.868s] copying /home/pride/AGV/src/lidar/build/lidar/build/lib/lidar/lidar.py -> /home/pride/AGV/src/lidar/install/lidar/lib/python3.10/site-packages/lidar
[0.869s] byte-compiling /home/pride/AGV/src/lidar/install/lidar/lib/python3.10/site-packages/lidar/lidar.py to lidar.cpython-310.pyc
[0.870s] running install_data
[0.870s] running install_egg_info
[0.872s] removing '/home/pride/AGV/src/lidar/install/lidar/lib/python3.10/site-packages/lidar-0.0.0-py3.10.egg-info' (and everything under it)
[0.876s] Copying build/lidar/lidar.egg-info to /home/pride/AGV/src/lidar/install/lidar/lib/python3.10/site-packages/lidar-0.0.0-py3.10.egg-info
[0.880s] running install_scripts
[0.897s] writing list of installed files to '/home/pride/AGV/src/lidar/build/lidar/install.log'
[0.927s] Invoked command in '/home/pride/AGV/src/lidar' returned '0': PYTHONPATH=/home/pride/AGV/src/lidar/build/lidar/prefix_override:/usr/lib/python3/dist-packages/colcon_core/task/python/colcon_distutils_commands:/home/pride/AGV/src/lidar/install/lidar/lib/python3.10/site-packages:${PYTHONPATH} /usr/bin/python3 -W ignore:setup.py install is deprecated -W ignore:easy_install command is deprecated setup.py egg_info --egg-base build/lidar build --build-base /home/pride/AGV/src/lidar/build/lidar/build install --record /home/pride/AGV/src/lidar/build/lidar/install.log --single-version-externally-managed install_data
