[0.376s] DEBUG:colcon:Command line arguments: ['/usr/bin/colcon', 'build']
[0.377s] DEBUG:colcon:Parsed command line arguments: Namespace(log_base=None, log_level=None, verb_name='build', build_base='build', install_base='install', merge_install=False, symlink_install=False, test_result_base=None, continue_on_error=False, executor='parallel', parallel_workers=8, event_handlers=None, ignore_user_meta=False, metas=['./colcon.meta'], base_paths=['.'], packages_ignore=None, packages_ignore_regex=None, paths=None, packages_up_to=None, packages_up_to_regex=None, packages_above=None, packages_above_and_dependencies=None, packages_above_depth=None, packages_select_by_dep=None, packages_skip_by_dep=None, packages_skip_up_to=None, packages_select_build_failed=False, packages_skip_build_finished=False, packages_select_test_failures=False, packages_skip_test_passed=False, packages_select=None, packages_skip=None, packages_select_regex=None, packages_skip_regex=None, packages_start=None, packages_end=None, allow_overriding=[], cmake_args=None, cmake_target=None, cmake_target_skip_unavailable=False, cmake_clean_cache=False, cmake_clean_first=False, cmake_force_configure=False, ament_cmake_args=None, catkin_cmake_args=None, catkin_skip_building_tests=False, verb_parser=<colcon_defaults.argument_parser.defaults.DefaultArgumentsDecorator object at 0x7fde4d960700>, verb_extension=<colcon_core.verb.build.BuildVerb object at 0x7fde4dadd3c0>, main=<bound method BuildVerb.main of <colcon_core.verb.build.BuildVerb object at 0x7fde4dadd3c0>>)
[0.592s] Level 1:colcon.colcon_core.package_discovery:discover_packages(colcon_meta) check parameters
[0.629s] Level 1:colcon.colcon_core.package_discovery:discover_packages(recursive) check parameters
[0.629s] Level 1:colcon.colcon_core.package_discovery:discover_packages(ignore) check parameters
[0.629s] Level 1:colcon.colcon_core.package_discovery:discover_packages(path) check parameters
[0.630s] Level 1:colcon.colcon_core.package_discovery:discover_packages(colcon_meta) discover
[0.630s] Level 1:colcon.colcon_core.package_discovery:discover_packages(recursive) discover
[0.630s] INFO:colcon.colcon_core.package_discovery:Crawling recursively for packages in '/home/pride/AGV/src'
[0.631s] Level 1:colcon.colcon_core.package_identification:_identify(.) by extensions ['ignore', 'ignore_ament_install']
[0.633s] Level 1:colcon.colcon_core.package_identification:_identify(.) by extension 'ignore'
[0.634s] Level 1:colcon.colcon_core.package_identification:_identify(.) by extension 'ignore_ament_install'
[0.634s] Level 1:colcon.colcon_core.package_identification:_identify(.) by extensions ['colcon_pkg']
[0.635s] Level 1:colcon.colcon_core.package_identification:_identify(.) by extension 'colcon_pkg'
[0.635s] Level 1:colcon.colcon_core.package_identification:_identify(.) by extensions ['colcon_meta']
[0.635s] Level 1:colcon.colcon_core.package_identification:_identify(.) by extension 'colcon_meta'
[0.635s] Level 1:colcon.colcon_core.package_identification:_identify(.) by extensions ['ros']
[0.635s] Level 1:colcon.colcon_core.package_identification:_identify(.) by extension 'ros'
[0.661s] Level 1:colcon.colcon_core.package_identification:_identify(.) by extensions ['cmake', 'python']
[0.661s] Level 1:colcon.colcon_core.package_identification:_identify(.) by extension 'cmake'
[0.662s] Level 1:colcon.colcon_core.package_identification:_identify(.) by extension 'python'
[0.662s] Level 1:colcon.colcon_core.package_identification:_identify(.) by extensions ['python_setup_py']
[0.662s] Level 1:colcon.colcon_core.package_identification:_identify(.) by extension 'python_setup_py'
[0.662s] Level 1:colcon.colcon_core.package_identification:_identify(build) by extensions ['ignore', 'ignore_ament_install']
[0.662s] Level 1:colcon.colcon_core.package_identification:_identify(build) by extension 'ignore'
[0.662s] Level 1:colcon.colcon_core.package_identification:_identify(build) ignored
[0.663s] Level 1:colcon.colcon_core.package_identification:_identify(geotagging) by extensions ['ignore', 'ignore_ament_install']
[0.663s] Level 1:colcon.colcon_core.package_identification:_identify(geotagging) by extension 'ignore'
[0.663s] Level 1:colcon.colcon_core.package_identification:_identify(geotagging) by extension 'ignore_ament_install'
[0.663s] Level 1:colcon.colcon_core.package_identification:_identify(geotagging) by extensions ['colcon_pkg']
[0.663s] Level 1:colcon.colcon_core.package_identification:_identify(geotagging) by extension 'colcon_pkg'
[0.663s] Level 1:colcon.colcon_core.package_identification:_identify(geotagging) by extensions ['colcon_meta']
[0.663s] Level 1:colcon.colcon_core.package_identification:_identify(geotagging) by extension 'colcon_meta'
[0.663s] Level 1:colcon.colcon_core.package_identification:_identify(geotagging) by extensions ['ros']
[0.663s] Level 1:colcon.colcon_core.package_identification:_identify(geotagging) by extension 'ros'
[0.669s] DEBUG:colcon.colcon_core.package_identification:Package 'geotagging' with type 'ros.ament_python' and name 'geotagging'
[0.669s] Level 1:colcon.colcon_core.package_identification:_identify(image_capture) by extensions ['ignore', 'ignore_ament_install']
[0.669s] Level 1:colcon.colcon_core.package_identification:_identify(image_capture) by extension 'ignore'
[0.669s] Level 1:colcon.colcon_core.package_identification:_identify(image_capture) by extension 'ignore_ament_install'
[0.669s] Level 1:colcon.colcon_core.package_identification:_identify(image_capture) by extensions ['colcon_pkg']
[0.669s] Level 1:colcon.colcon_core.package_identification:_identify(image_capture) by extension 'colcon_pkg'
[0.669s] Level 1:colcon.colcon_core.package_identification:_identify(image_capture) by extensions ['colcon_meta']
[0.669s] Level 1:colcon.colcon_core.package_identification:_identify(image_capture) by extension 'colcon_meta'
[0.669s] Level 1:colcon.colcon_core.package_identification:_identify(image_capture) by extensions ['ros']
[0.669s] Level 1:colcon.colcon_core.package_identification:_identify(image_capture) by extension 'ros'
[0.670s] DEBUG:colcon.colcon_core.package_identification:Package 'image_capture' with type 'ros.ament_python' and name 'image_capture'
[0.670s] Level 1:colcon.colcon_core.package_identification:_identify(install) by extensions ['ignore', 'ignore_ament_install']
[0.670s] Level 1:colcon.colcon_core.package_identification:_identify(install) by extension 'ignore'
[0.670s] Level 1:colcon.colcon_core.package_identification:_identify(install) ignored
[0.671s] Level 1:colcon.colcon_core.package_identification:_identify(lidar) by extensions ['ignore', 'ignore_ament_install']
[0.671s] Level 1:colcon.colcon_core.package_identification:_identify(lidar) by extension 'ignore'
[0.671s] Level 1:colcon.colcon_core.package_identification:_identify(lidar) by extension 'ignore_ament_install'
[0.671s] Level 1:colcon.colcon_core.package_identification:_identify(lidar) by extensions ['colcon_pkg']
[0.671s] Level 1:colcon.colcon_core.package_identification:_identify(lidar) by extension 'colcon_pkg'
[0.671s] Level 1:colcon.colcon_core.package_identification:_identify(lidar) by extensions ['colcon_meta']
[0.671s] Level 1:colcon.colcon_core.package_identification:_identify(lidar) by extension 'colcon_meta'
[0.671s] Level 1:colcon.colcon_core.package_identification:_identify(lidar) by extensions ['ros']
[0.671s] Level 1:colcon.colcon_core.package_identification:_identify(lidar) by extension 'ros'
[0.673s] DEBUG:colcon.colcon_core.package_identification:Package 'lidar' with type 'ros.ament_python' and name 'lidar'
[0.673s] Level 1:colcon.colcon_core.package_identification:_identify(log) by extensions ['ignore', 'ignore_ament_install']
[0.673s] Level 1:colcon.colcon_core.package_identification:_identify(log) by extension 'ignore'
[0.673s] Level 1:colcon.colcon_core.package_identification:_identify(log) ignored
[0.674s] Level 1:colcon.colcon_core.package_identification:_identify(mission_manager) by extensions ['ignore', 'ignore_ament_install']
[0.674s] Level 1:colcon.colcon_core.package_identification:_identify(mission_manager) by extension 'ignore'
[0.674s] Level 1:colcon.colcon_core.package_identification:_identify(mission_manager) by extension 'ignore_ament_install'
[0.674s] Level 1:colcon.colcon_core.package_identification:_identify(mission_manager) by extensions ['colcon_pkg']
[0.674s] Level 1:colcon.colcon_core.package_identification:_identify(mission_manager) by extension 'colcon_pkg'
[0.674s] Level 1:colcon.colcon_core.package_identification:_identify(mission_manager) by extensions ['colcon_meta']
[0.674s] Level 1:colcon.colcon_core.package_identification:_identify(mission_manager) by extension 'colcon_meta'
[0.674s] Level 1:colcon.colcon_core.package_identification:_identify(mission_manager) by extensions ['ros']
[0.674s] Level 1:colcon.colcon_core.package_identification:_identify(mission_manager) by extension 'ros'
[0.675s] DEBUG:colcon.colcon_core.package_identification:Package 'mission_manager' with type 'ros.ament_python' and name 'mission_manager'
[0.676s] Level 1:colcon.colcon_core.package_identification:_identify(ntrip_client) by extensions ['ignore', 'ignore_ament_install']
[0.676s] Level 1:colcon.colcon_core.package_identification:_identify(ntrip_client) by extension 'ignore'
[0.676s] Level 1:colcon.colcon_core.package_identification:_identify(ntrip_client) by extension 'ignore_ament_install'
[0.676s] Level 1:colcon.colcon_core.package_identification:_identify(ntrip_client) by extensions ['colcon_pkg']
[0.676s] Level 1:colcon.colcon_core.package_identification:_identify(ntrip_client) by extension 'colcon_pkg'
[0.676s] Level 1:colcon.colcon_core.package_identification:_identify(ntrip_client) by extensions ['colcon_meta']
[0.676s] Level 1:colcon.colcon_core.package_identification:_identify(ntrip_client) by extension 'colcon_meta'
[0.676s] Level 1:colcon.colcon_core.package_identification:_identify(ntrip_client) by extensions ['ros']
[0.677s] Level 1:colcon.colcon_core.package_identification:_identify(ntrip_client) by extension 'ros'
[0.677s] DEBUG:colcon.colcon_core.package_identification:Package 'ntrip_client' with type 'ros.ament_python' and name 'ntrip_client'
[0.678s] Level 1:colcon.colcon_core.package_identification:_identify(pan_tilt) by extensions ['ignore', 'ignore_ament_install']
[0.678s] Level 1:colcon.colcon_core.package_identification:_identify(pan_tilt) by extension 'ignore'
[0.678s] Level 1:colcon.colcon_core.package_identification:_identify(pan_tilt) by extension 'ignore_ament_install'
[0.678s] Level 1:colcon.colcon_core.package_identification:_identify(pan_tilt) by extensions ['colcon_pkg']
[0.678s] Level 1:colcon.colcon_core.package_identification:_identify(pan_tilt) by extension 'colcon_pkg'
[0.678s] Level 1:colcon.colcon_core.package_identification:_identify(pan_tilt) by extensions ['colcon_meta']
[0.678s] Level 1:colcon.colcon_core.package_identification:_identify(pan_tilt) by extension 'colcon_meta'
[0.678s] Level 1:colcon.colcon_core.package_identification:_identify(pan_tilt) by extensions ['ros']
[0.678s] Level 1:colcon.colcon_core.package_identification:_identify(pan_tilt) by extension 'ros'
[0.679s] DEBUG:colcon.colcon_core.package_identification:Package 'pan_tilt' with type 'ros.ament_python' and name 'pan_tilt'
[0.680s] Level 1:colcon.colcon_core.package_identification:_identify(solar_panel_detector) by extensions ['ignore', 'ignore_ament_install']
[0.680s] Level 1:colcon.colcon_core.package_identification:_identify(solar_panel_detector) by extension 'ignore'
[0.680s] Level 1:colcon.colcon_core.package_identification:_identify(solar_panel_detector) by extension 'ignore_ament_install'
[0.680s] Level 1:colcon.colcon_core.package_identification:_identify(solar_panel_detector) by extensions ['colcon_pkg']
[0.681s] Level 1:colcon.colcon_core.package_identification:_identify(solar_panel_detector) by extension 'colcon_pkg'
[0.681s] Level 1:colcon.colcon_core.package_identification:_identify(solar_panel_detector) by extensions ['colcon_meta']
[0.681s] Level 1:colcon.colcon_core.package_identification:_identify(solar_panel_detector) by extension 'colcon_meta'
[0.681s] Level 1:colcon.colcon_core.package_identification:_identify(solar_panel_detector) by extensions ['ros']
[0.681s] Level 1:colcon.colcon_core.package_identification:_identify(solar_panel_detector) by extension 'ros'
[0.683s] DEBUG:colcon.colcon_core.package_identification:Package 'solar_panel_detector' with type 'ros.ament_python' and name 'solar_panel_detector'
[0.683s] Level 1:colcon.colcon_core.package_discovery:discover_packages(recursive) using defaults
[0.683s] Level 1:colcon.colcon_core.package_discovery:discover_packages(ignore) discover
[0.683s] Level 1:colcon.colcon_core.package_discovery:discover_packages(ignore) using defaults
[0.683s] Level 1:colcon.colcon_core.package_discovery:discover_packages(path) discover
[0.683s] Level 1:colcon.colcon_core.package_discovery:discover_packages(path) using defaults
[0.731s] Level 1:colcon.colcon_core.package_discovery:discover_packages(prefix_path) check parameters
[0.731s] Level 1:colcon.colcon_core.package_discovery:discover_packages(prefix_path) discover
[0.735s] DEBUG:colcon.colcon_installed_package_information.package_discovery:Found 1 installed packages in /home/pride/AGV/src/image_capture/install
[0.736s] DEBUG:colcon.colcon_installed_package_information.package_discovery:Found 7 installed packages in /home/pride/AGV/src/install
[0.736s] DEBUG:colcon.colcon_installed_package_information.package_discovery:Found 1 installed packages in /home/pride/ros2_ws/install
[0.738s] DEBUG:colcon.colcon_installed_package_information.package_discovery:Found 272 installed packages in /opt/ros/humble
[0.755s] Level 1:colcon.colcon_core.package_discovery:discover_packages(prefix_path) using defaults
[0.805s] Level 5:colcon.colcon_core.verb:set package 'geotagging' build argument 'cmake_args' from command line to 'None'
[0.805s] Level 5:colcon.colcon_core.verb:set package 'geotagging' build argument 'cmake_target' from command line to 'None'
[0.805s] Level 5:colcon.colcon_core.verb:set package 'geotagging' build argument 'cmake_target_skip_unavailable' from command line to 'False'
[0.805s] Level 5:colcon.colcon_core.verb:set package 'geotagging' build argument 'cmake_clean_cache' from command line to 'False'
[0.805s] Level 5:colcon.colcon_core.verb:set package 'geotagging' build argument 'cmake_clean_first' from command line to 'False'
[0.805s] Level 5:colcon.colcon_core.verb:set package 'geotagging' build argument 'cmake_force_configure' from command line to 'False'
[0.805s] Level 5:colcon.colcon_core.verb:set package 'geotagging' build argument 'ament_cmake_args' from command line to 'None'
[0.805s] Level 5:colcon.colcon_core.verb:set package 'geotagging' build argument 'catkin_cmake_args' from command line to 'None'
[0.805s] Level 5:colcon.colcon_core.verb:set package 'geotagging' build argument 'catkin_skip_building_tests' from command line to 'False'
[0.805s] DEBUG:colcon.colcon_core.verb:Building package 'geotagging' with the following arguments: {'ament_cmake_args': None, 'build_base': '/home/pride/AGV/src/build/geotagging', 'catkin_cmake_args': None, 'catkin_skip_building_tests': False, 'cmake_args': None, 'cmake_clean_cache': False, 'cmake_clean_first': False, 'cmake_force_configure': False, 'cmake_target': None, 'cmake_target_skip_unavailable': False, 'install_base': '/home/pride/AGV/src/install/geotagging', 'merge_install': False, 'path': '/home/pride/AGV/src/geotagging', 'symlink_install': False, 'test_result_base': None}
[0.805s] Level 5:colcon.colcon_core.verb:set package 'image_capture' build argument 'cmake_args' from command line to 'None'
[0.805s] Level 5:colcon.colcon_core.verb:set package 'image_capture' build argument 'cmake_target' from command line to 'None'
[0.806s] Level 5:colcon.colcon_core.verb:set package 'image_capture' build argument 'cmake_target_skip_unavailable' from command line to 'False'
[0.806s] Level 5:colcon.colcon_core.verb:set package 'image_capture' build argument 'cmake_clean_cache' from command line to 'False'
[0.806s] Level 5:colcon.colcon_core.verb:set package 'image_capture' build argument 'cmake_clean_first' from command line to 'False'
[0.806s] Level 5:colcon.colcon_core.verb:set package 'image_capture' build argument 'cmake_force_configure' from command line to 'False'
[0.806s] Level 5:colcon.colcon_core.verb:set package 'image_capture' build argument 'ament_cmake_args' from command line to 'None'
[0.806s] Level 5:colcon.colcon_core.verb:set package 'image_capture' build argument 'catkin_cmake_args' from command line to 'None'
[0.806s] Level 5:colcon.colcon_core.verb:set package 'image_capture' build argument 'catkin_skip_building_tests' from command line to 'False'
[0.806s] DEBUG:colcon.colcon_core.verb:Building package 'image_capture' with the following arguments: {'ament_cmake_args': None, 'build_base': '/home/pride/AGV/src/build/image_capture', 'catkin_cmake_args': None, 'catkin_skip_building_tests': False, 'cmake_args': None, 'cmake_clean_cache': False, 'cmake_clean_first': False, 'cmake_force_configure': False, 'cmake_target': None, 'cmake_target_skip_unavailable': False, 'install_base': '/home/pride/AGV/src/install/image_capture', 'merge_install': False, 'path': '/home/pride/AGV/src/image_capture', 'symlink_install': False, 'test_result_base': None}
[0.806s] Level 5:colcon.colcon_core.verb:set package 'lidar' build argument 'cmake_args' from command line to 'None'
[0.806s] Level 5:colcon.colcon_core.verb:set package 'lidar' build argument 'cmake_target' from command line to 'None'
[0.806s] Level 5:colcon.colcon_core.verb:set package 'lidar' build argument 'cmake_target_skip_unavailable' from command line to 'False'
[0.806s] Level 5:colcon.colcon_core.verb:set package 'lidar' build argument 'cmake_clean_cache' from command line to 'False'
[0.806s] Level 5:colcon.colcon_core.verb:set package 'lidar' build argument 'cmake_clean_first' from command line to 'False'
[0.806s] Level 5:colcon.colcon_core.verb:set package 'lidar' build argument 'cmake_force_configure' from command line to 'False'
[0.806s] Level 5:colcon.colcon_core.verb:set package 'lidar' build argument 'ament_cmake_args' from command line to 'None'
[0.806s] Level 5:colcon.colcon_core.verb:set package 'lidar' build argument 'catkin_cmake_args' from command line to 'None'
[0.806s] Level 5:colcon.colcon_core.verb:set package 'lidar' build argument 'catkin_skip_building_tests' from command line to 'False'
[0.806s] DEBUG:colcon.colcon_core.verb:Building package 'lidar' with the following arguments: {'ament_cmake_args': None, 'build_base': '/home/pride/AGV/src/build/lidar', 'catkin_cmake_args': None, 'catkin_skip_building_tests': False, 'cmake_args': None, 'cmake_clean_cache': False, 'cmake_clean_first': False, 'cmake_force_configure': False, 'cmake_target': None, 'cmake_target_skip_unavailable': False, 'install_base': '/home/pride/AGV/src/install/lidar', 'merge_install': False, 'path': '/home/pride/AGV/src/lidar', 'symlink_install': False, 'test_result_base': None}
[0.806s] Level 5:colcon.colcon_core.verb:set package 'mission_manager' build argument 'cmake_args' from command line to 'None'
[0.806s] Level 5:colcon.colcon_core.verb:set package 'mission_manager' build argument 'cmake_target' from command line to 'None'
[0.806s] Level 5:colcon.colcon_core.verb:set package 'mission_manager' build argument 'cmake_target_skip_unavailable' from command line to 'False'
[0.806s] Level 5:colcon.colcon_core.verb:set package 'mission_manager' build argument 'cmake_clean_cache' from command line to 'False'
[0.807s] Level 5:colcon.colcon_core.verb:set package 'mission_manager' build argument 'cmake_clean_first' from command line to 'False'
[0.807s] Level 5:colcon.colcon_core.verb:set package 'mission_manager' build argument 'cmake_force_configure' from command line to 'False'
[0.807s] Level 5:colcon.colcon_core.verb:set package 'mission_manager' build argument 'ament_cmake_args' from command line to 'None'
[0.807s] Level 5:colcon.colcon_core.verb:set package 'mission_manager' build argument 'catkin_cmake_args' from command line to 'None'
[0.807s] Level 5:colcon.colcon_core.verb:set package 'mission_manager' build argument 'catkin_skip_building_tests' from command line to 'False'
[0.807s] DEBUG:colcon.colcon_core.verb:Building package 'mission_manager' with the following arguments: {'ament_cmake_args': None, 'build_base': '/home/pride/AGV/src/build/mission_manager', 'catkin_cmake_args': None, 'catkin_skip_building_tests': False, 'cmake_args': None, 'cmake_clean_cache': False, 'cmake_clean_first': False, 'cmake_force_configure': False, 'cmake_target': None, 'cmake_target_skip_unavailable': False, 'install_base': '/home/pride/AGV/src/install/mission_manager', 'merge_install': False, 'path': '/home/pride/AGV/src/mission_manager', 'symlink_install': False, 'test_result_base': None}
[0.807s] Level 5:colcon.colcon_core.verb:set package 'ntrip_client' build argument 'cmake_args' from command line to 'None'
[0.807s] Level 5:colcon.colcon_core.verb:set package 'ntrip_client' build argument 'cmake_target' from command line to 'None'
[0.807s] Level 5:colcon.colcon_core.verb:set package 'ntrip_client' build argument 'cmake_target_skip_unavailable' from command line to 'False'
[0.807s] Level 5:colcon.colcon_core.verb:set package 'ntrip_client' build argument 'cmake_clean_cache' from command line to 'False'
[0.807s] Level 5:colcon.colcon_core.verb:set package 'ntrip_client' build argument 'cmake_clean_first' from command line to 'False'
[0.807s] Level 5:colcon.colcon_core.verb:set package 'ntrip_client' build argument 'cmake_force_configure' from command line to 'False'
[0.807s] Level 5:colcon.colcon_core.verb:set package 'ntrip_client' build argument 'ament_cmake_args' from command line to 'None'
[0.807s] Level 5:colcon.colcon_core.verb:set package 'ntrip_client' build argument 'catkin_cmake_args' from command line to 'None'
[0.807s] Level 5:colcon.colcon_core.verb:set package 'ntrip_client' build argument 'catkin_skip_building_tests' from command line to 'False'
[0.807s] DEBUG:colcon.colcon_core.verb:Building package 'ntrip_client' with the following arguments: {'ament_cmake_args': None, 'build_base': '/home/pride/AGV/src/build/ntrip_client', 'catkin_cmake_args': None, 'catkin_skip_building_tests': False, 'cmake_args': None, 'cmake_clean_cache': False, 'cmake_clean_first': False, 'cmake_force_configure': False, 'cmake_target': None, 'cmake_target_skip_unavailable': False, 'install_base': '/home/pride/AGV/src/install/ntrip_client', 'merge_install': False, 'path': '/home/pride/AGV/src/ntrip_client', 'symlink_install': False, 'test_result_base': None}
[0.808s] Level 5:colcon.colcon_core.verb:set package 'pan_tilt' build argument 'cmake_args' from command line to 'None'
[0.808s] Level 5:colcon.colcon_core.verb:set package 'pan_tilt' build argument 'cmake_target' from command line to 'None'
[0.808s] Level 5:colcon.colcon_core.verb:set package 'pan_tilt' build argument 'cmake_target_skip_unavailable' from command line to 'False'
[0.808s] Level 5:colcon.colcon_core.verb:set package 'pan_tilt' build argument 'cmake_clean_cache' from command line to 'False'
[0.808s] Level 5:colcon.colcon_core.verb:set package 'pan_tilt' build argument 'cmake_clean_first' from command line to 'False'
[0.808s] Level 5:colcon.colcon_core.verb:set package 'pan_tilt' build argument 'cmake_force_configure' from command line to 'False'
[0.808s] Level 5:colcon.colcon_core.verb:set package 'pan_tilt' build argument 'ament_cmake_args' from command line to 'None'
[0.808s] Level 5:colcon.colcon_core.verb:set package 'pan_tilt' build argument 'catkin_cmake_args' from command line to 'None'
[0.808s] Level 5:colcon.colcon_core.verb:set package 'pan_tilt' build argument 'catkin_skip_building_tests' from command line to 'False'
[0.808s] DEBUG:colcon.colcon_core.verb:Building package 'pan_tilt' with the following arguments: {'ament_cmake_args': None, 'build_base': '/home/pride/AGV/src/build/pan_tilt', 'catkin_cmake_args': None, 'catkin_skip_building_tests': False, 'cmake_args': None, 'cmake_clean_cache': False, 'cmake_clean_first': False, 'cmake_force_configure': False, 'cmake_target': None, 'cmake_target_skip_unavailable': False, 'install_base': '/home/pride/AGV/src/install/pan_tilt', 'merge_install': False, 'path': '/home/pride/AGV/src/pan_tilt', 'symlink_install': False, 'test_result_base': None}
[0.808s] Level 5:colcon.colcon_core.verb:set package 'solar_panel_detector' build argument 'cmake_args' from command line to 'None'
[0.808s] Level 5:colcon.colcon_core.verb:set package 'solar_panel_detector' build argument 'cmake_target' from command line to 'None'
[0.808s] Level 5:colcon.colcon_core.verb:set package 'solar_panel_detector' build argument 'cmake_target_skip_unavailable' from command line to 'False'
[0.808s] Level 5:colcon.colcon_core.verb:set package 'solar_panel_detector' build argument 'cmake_clean_cache' from command line to 'False'
[0.808s] Level 5:colcon.colcon_core.verb:set package 'solar_panel_detector' build argument 'cmake_clean_first' from command line to 'False'
[0.808s] Level 5:colcon.colcon_core.verb:set package 'solar_panel_detector' build argument 'cmake_force_configure' from command line to 'False'
[0.808s] Level 5:colcon.colcon_core.verb:set package 'solar_panel_detector' build argument 'ament_cmake_args' from command line to 'None'
[0.808s] Level 5:colcon.colcon_core.verb:set package 'solar_panel_detector' build argument 'catkin_cmake_args' from command line to 'None'
[0.808s] Level 5:colcon.colcon_core.verb:set package 'solar_panel_detector' build argument 'catkin_skip_building_tests' from command line to 'False'
[0.808s] DEBUG:colcon.colcon_core.verb:Building package 'solar_panel_detector' with the following arguments: {'ament_cmake_args': None, 'build_base': '/home/pride/AGV/src/build/solar_panel_detector', 'catkin_cmake_args': None, 'catkin_skip_building_tests': False, 'cmake_args': None, 'cmake_clean_cache': False, 'cmake_clean_first': False, 'cmake_force_configure': False, 'cmake_target': None, 'cmake_target_skip_unavailable': False, 'install_base': '/home/pride/AGV/src/install/solar_panel_detector', 'merge_install': False, 'path': '/home/pride/AGV/src/solar_panel_detector', 'symlink_install': False, 'test_result_base': None}
[0.808s] INFO:colcon.colcon_core.executor:Executing jobs using 'parallel' executor
[0.810s] DEBUG:colcon.colcon_parallel_executor.executor.parallel:run_until_complete
[0.811s] INFO:colcon.colcon_ros.task.ament_python.build:Building ROS package in '/home/pride/AGV/src/geotagging' with build type 'ament_python'
[0.811s] Level 1:colcon.colcon_core.shell:create_environment_hook('geotagging', 'ament_prefix_path')
[0.814s] INFO:colcon.colcon_core.plugin_system:Skipping extension 'colcon_core.shell.bat': Not used on non-Windows systems
[0.814s] INFO:colcon.colcon_core.shell:Creating environment hook '/home/pride/AGV/src/install/geotagging/share/geotagging/hook/ament_prefix_path.ps1'
[0.818s] INFO:colcon.colcon_core.shell:Creating environment descriptor '/home/pride/AGV/src/install/geotagging/share/geotagging/hook/ament_prefix_path.dsv'
[0.818s] INFO:colcon.colcon_core.shell:Creating environment hook '/home/pride/AGV/src/install/geotagging/share/geotagging/hook/ament_prefix_path.sh'
[0.819s] INFO:colcon.colcon_core.shell:Skip shell extension 'powershell' for command environment: Not usable outside of PowerShell
[0.819s] DEBUG:colcon.colcon_core.shell:Skip shell extension 'dsv' for command environment
[0.827s] INFO:colcon.colcon_ros.task.ament_python.build:Building ROS package in '/home/pride/AGV/src/image_capture' with build type 'ament_python'
[0.828s] Level 1:colcon.colcon_core.shell:create_environment_hook('image_capture', 'ament_prefix_path')
[0.828s] INFO:colcon.colcon_core.shell:Creating environment hook '/home/pride/AGV/src/install/image_capture/share/image_capture/hook/ament_prefix_path.ps1'
[0.830s] INFO:colcon.colcon_core.shell:Creating environment descriptor '/home/pride/AGV/src/install/image_capture/share/image_capture/hook/ament_prefix_path.dsv'
[0.831s] INFO:colcon.colcon_core.shell:Creating environment hook '/home/pride/AGV/src/install/image_capture/share/image_capture/hook/ament_prefix_path.sh'
[0.833s] INFO:colcon.colcon_core.shell:Skip shell extension 'powershell' for command environment: Not usable outside of PowerShell
[0.833s] DEBUG:colcon.colcon_core.shell:Skip shell extension 'dsv' for command environment
[0.840s] INFO:colcon.colcon_ros.task.ament_python.build:Building ROS package in '/home/pride/AGV/src/lidar' with build type 'ament_python'
[0.840s] Level 1:colcon.colcon_core.shell:create_environment_hook('lidar', 'ament_prefix_path')
[0.840s] INFO:colcon.colcon_core.shell:Creating environment hook '/home/pride/AGV/src/install/lidar/share/lidar/hook/ament_prefix_path.ps1'
[0.842s] INFO:colcon.colcon_core.shell:Creating environment descriptor '/home/pride/AGV/src/install/lidar/share/lidar/hook/ament_prefix_path.dsv'
[0.843s] INFO:colcon.colcon_core.shell:Creating environment hook '/home/pride/AGV/src/install/lidar/share/lidar/hook/ament_prefix_path.sh'
[0.843s] INFO:colcon.colcon_core.shell:Skip shell extension 'powershell' for command environment: Not usable outside of PowerShell
[0.843s] DEBUG:colcon.colcon_core.shell:Skip shell extension 'dsv' for command environment
[0.849s] INFO:colcon.colcon_ros.task.ament_python.build:Building ROS package in '/home/pride/AGV/src/mission_manager' with build type 'ament_python'
[0.849s] Level 1:colcon.colcon_core.shell:create_environment_hook('mission_manager', 'ament_prefix_path')
[0.850s] INFO:colcon.colcon_core.shell:Creating environment hook '/home/pride/AGV/src/install/mission_manager/share/mission_manager/hook/ament_prefix_path.ps1'
[0.852s] INFO:colcon.colcon_core.shell:Creating environment descriptor '/home/pride/AGV/src/install/mission_manager/share/mission_manager/hook/ament_prefix_path.dsv'
[0.852s] INFO:colcon.colcon_core.shell:Creating environment hook '/home/pride/AGV/src/install/mission_manager/share/mission_manager/hook/ament_prefix_path.sh'
[0.853s] INFO:colcon.colcon_core.shell:Skip shell extension 'powershell' for command environment: Not usable outside of PowerShell
[0.853s] DEBUG:colcon.colcon_core.shell:Skip shell extension 'dsv' for command environment
[0.859s] INFO:colcon.colcon_ros.task.ament_python.build:Building ROS package in '/home/pride/AGV/src/ntrip_client' with build type 'ament_python'
[0.859s] Level 1:colcon.colcon_core.shell:create_environment_hook('ntrip_client', 'ament_prefix_path')
[0.860s] INFO:colcon.colcon_core.shell:Creating environment hook '/home/pride/AGV/src/install/ntrip_client/share/ntrip_client/hook/ament_prefix_path.ps1'
[0.861s] INFO:colcon.colcon_core.shell:Creating environment descriptor '/home/pride/AGV/src/install/ntrip_client/share/ntrip_client/hook/ament_prefix_path.dsv'
[0.862s] INFO:colcon.colcon_core.shell:Creating environment hook '/home/pride/AGV/src/install/ntrip_client/share/ntrip_client/hook/ament_prefix_path.sh'
[0.863s] INFO:colcon.colcon_core.shell:Skip shell extension 'powershell' for command environment: Not usable outside of PowerShell
[0.863s] DEBUG:colcon.colcon_core.shell:Skip shell extension 'dsv' for command environment
[0.871s] INFO:colcon.colcon_ros.task.ament_python.build:Building ROS package in '/home/pride/AGV/src/pan_tilt' with build type 'ament_python'
[0.871s] Level 1:colcon.colcon_core.shell:create_environment_hook('pan_tilt', 'ament_prefix_path')
[0.871s] INFO:colcon.colcon_core.shell:Creating environment hook '/home/pride/AGV/src/install/pan_tilt/share/pan_tilt/hook/ament_prefix_path.ps1'
[0.873s] INFO:colcon.colcon_core.shell:Creating environment descriptor '/home/pride/AGV/src/install/pan_tilt/share/pan_tilt/hook/ament_prefix_path.dsv'
[0.873s] INFO:colcon.colcon_core.shell:Creating environment hook '/home/pride/AGV/src/install/pan_tilt/share/pan_tilt/hook/ament_prefix_path.sh'
[0.875s] INFO:colcon.colcon_core.shell:Skip shell extension 'powershell' for command environment: Not usable outside of PowerShell
[0.875s] DEBUG:colcon.colcon_core.shell:Skip shell extension 'dsv' for command environment
[0.879s] INFO:colcon.colcon_ros.task.ament_python.build:Building ROS package in '/home/pride/AGV/src/solar_panel_detector' with build type 'ament_python'
[0.879s] Level 1:colcon.colcon_core.shell:create_environment_hook('solar_panel_detector', 'ament_prefix_path')
[0.880s] INFO:colcon.colcon_core.shell:Creating environment hook '/home/pride/AGV/src/install/solar_panel_detector/share/solar_panel_detector/hook/ament_prefix_path.ps1'
[0.883s] INFO:colcon.colcon_core.shell:Creating environment descriptor '/home/pride/AGV/src/install/solar_panel_detector/share/solar_panel_detector/hook/ament_prefix_path.dsv'
[0.883s] INFO:colcon.colcon_core.shell:Creating environment hook '/home/pride/AGV/src/install/solar_panel_detector/share/solar_panel_detector/hook/ament_prefix_path.sh'
[0.884s] INFO:colcon.colcon_core.shell:Skip shell extension 'powershell' for command environment: Not usable outside of PowerShell
[0.884s] DEBUG:colcon.colcon_core.shell:Skip shell extension 'dsv' for command environment
[1.203s] INFO:colcon.colcon_core.task.python.build:Building Python package in '/home/pride/AGV/src/geotagging'
[1.204s] INFO:colcon.colcon_core.shell:Skip shell extension 'powershell' for command environment: Not usable outside of PowerShell
[1.204s] DEBUG:colcon.colcon_core.shell:Skip shell extension 'dsv' for command environment
[1.411s] INFO:colcon.colcon_core.task.python.build:Building Python package in '/home/pride/AGV/src/image_capture'
[1.411s] INFO:colcon.colcon_core.shell:Skip shell extension 'powershell' for command environment: Not usable outside of PowerShell
[1.411s] DEBUG:colcon.colcon_core.shell:Skip shell extension 'dsv' for command environment
[1.706s] INFO:colcon.colcon_core.task.python.build:Building Python package in '/home/pride/AGV/src/lidar'
[1.707s] INFO:colcon.colcon_core.shell:Skip shell extension 'powershell' for command environment: Not usable outside of PowerShell
[1.707s] DEBUG:colcon.colcon_core.shell:Skip shell extension 'dsv' for command environment
[1.973s] INFO:colcon.colcon_core.task.python.build:Building Python package in '/home/pride/AGV/src/mission_manager'
[1.973s] INFO:colcon.colcon_core.shell:Skip shell extension 'powershell' for command environment: Not usable outside of PowerShell
[1.973s] DEBUG:colcon.colcon_core.shell:Skip shell extension 'dsv' for command environment
[2.190s] INFO:colcon.colcon_core.task.python.build:Building Python package in '/home/pride/AGV/src/ntrip_client'
[2.190s] INFO:colcon.colcon_core.shell:Skip shell extension 'powershell' for command environment: Not usable outside of PowerShell
[2.191s] DEBUG:colcon.colcon_core.shell:Skip shell extension 'dsv' for command environment
[2.397s] INFO:colcon.colcon_core.task.python.build:Building Python package in '/home/pride/AGV/src/pan_tilt'
[2.397s] INFO:colcon.colcon_core.shell:Skip shell extension 'powershell' for command environment: Not usable outside of PowerShell
[2.397s] DEBUG:colcon.colcon_core.shell:Skip shell extension 'dsv' for command environment
[2.642s] INFO:colcon.colcon_core.task.python.build:Building Python package in '/home/pride/AGV/src/solar_panel_detector'
[2.642s] INFO:colcon.colcon_core.shell:Skip shell extension 'powershell' for command environment: Not usable outside of PowerShell
[2.642s] DEBUG:colcon.colcon_core.shell:Skip shell extension 'dsv' for command environment
[3.271s] DEBUG:colcon.colcon_core.event_handler.log_command:Invoking command in '/home/pride/AGV/src/lidar': PYTHONPATH=/home/pride/AGV/src/build/lidar/prefix_override:/usr/lib/python3/dist-packages/colcon_core/task/python/colcon_distutils_commands:/home/pride/AGV/src/install/lidar/lib/python3.10/site-packages:${PYTHONPATH} /usr/bin/python3 -W ignore:setup.py install is deprecated -W ignore:easy_install command is deprecated setup.py egg_info --egg-base ../build/lidar build --build-base /home/pride/AGV/src/build/lidar/build install --record /home/pride/AGV/src/build/lidar/install.log --single-version-externally-managed install_data
[3.295s] DEBUG:colcon.colcon_core.event_handler.log_command:Invoking command in '/home/pride/AGV/src/image_capture': PYTHONPATH=/home/pride/AGV/src/build/image_capture/prefix_override:/usr/lib/python3/dist-packages/colcon_core/task/python/colcon_distutils_commands:/home/pride/AGV/src/install/image_capture/lib/python3.10/site-packages:${PYTHONPATH} /usr/bin/python3 -W ignore:setup.py install is deprecated -W ignore:easy_install command is deprecated setup.py egg_info --egg-base ../build/image_capture build --build-base /home/pride/AGV/src/build/image_capture/build install --record /home/pride/AGV/src/build/image_capture/install.log --single-version-externally-managed install_data
[3.308s] DEBUG:colcon.colcon_core.event_handler.log_command:Invoking command in '/home/pride/AGV/src/geotagging': PYTHONPATH=/home/pride/AGV/src/build/geotagging/prefix_override:/usr/lib/python3/dist-packages/colcon_core/task/python/colcon_distutils_commands:/home/pride/AGV/src/install/geotagging/lib/python3.10/site-packages:${PYTHONPATH} /usr/bin/python3 -W ignore:setup.py install is deprecated -W ignore:easy_install command is deprecated setup.py egg_info --egg-base ../build/geotagging build --build-base /home/pride/AGV/src/build/geotagging/build install --record /home/pride/AGV/src/build/geotagging/install.log --single-version-externally-managed install_data
[3.347s] DEBUG:colcon.colcon_core.event_handler.log_command:Invoking command in '/home/pride/AGV/src/mission_manager': PYTHONPATH=/home/pride/AGV/src/build/mission_manager/prefix_override:/usr/lib/python3/dist-packages/colcon_core/task/python/colcon_distutils_commands:/home/pride/AGV/src/install/mission_manager/lib/python3.10/site-packages:${PYTHONPATH} /usr/bin/python3 -W ignore:setup.py install is deprecated -W ignore:easy_install command is deprecated setup.py egg_info --egg-base ../build/mission_manager build --build-base /home/pride/AGV/src/build/mission_manager/build install --record /home/pride/AGV/src/build/mission_manager/install.log --single-version-externally-managed install_data
[3.352s] DEBUG:colcon.colcon_core.event_handler.log_command:Invoking command in '/home/pride/AGV/src/pan_tilt': PYTHONPATH=/home/pride/AGV/src/build/pan_tilt/prefix_override:/usr/lib/python3/dist-packages/colcon_core/task/python/colcon_distutils_commands:/home/pride/AGV/src/install/pan_tilt/lib/python3.10/site-packages:${PYTHONPATH} /usr/bin/python3 -W ignore:setup.py install is deprecated -W ignore:easy_install command is deprecated setup.py egg_info --egg-base ../build/pan_tilt build --build-base /home/pride/AGV/src/build/pan_tilt/build install --record /home/pride/AGV/src/build/pan_tilt/install.log --single-version-externally-managed install_data
[3.363s] DEBUG:colcon.colcon_core.event_handler.log_command:Invoking command in '/home/pride/AGV/src/ntrip_client': PYTHONPATH=/home/pride/AGV/src/build/ntrip_client/prefix_override:/usr/lib/python3/dist-packages/colcon_core/task/python/colcon_distutils_commands:/home/pride/AGV/src/install/ntrip_client/lib/python3.10/site-packages:${PYTHONPATH} /usr/bin/python3 -W ignore:setup.py install is deprecated -W ignore:easy_install command is deprecated setup.py egg_info --egg-base ../build/ntrip_client build --build-base /home/pride/AGV/src/build/ntrip_client/build install --record /home/pride/AGV/src/build/ntrip_client/install.log --single-version-externally-managed install_data
[3.371s] DEBUG:colcon.colcon_core.event_handler.log_command:Invoking command in '/home/pride/AGV/src/solar_panel_detector': PYTHONPATH=/home/pride/AGV/src/build/solar_panel_detector/prefix_override:/usr/lib/python3/dist-packages/colcon_core/task/python/colcon_distutils_commands:/home/pride/AGV/src/install/solar_panel_detector/lib/python3.10/site-packages:${PYTHONPATH} /usr/bin/python3 -W ignore:setup.py install is deprecated -W ignore:easy_install command is deprecated setup.py egg_info --egg-base ../build/solar_panel_detector build --build-base /home/pride/AGV/src/build/solar_panel_detector/build install --record /home/pride/AGV/src/build/solar_panel_detector/install.log --single-version-externally-managed install_data
[3.757s] DEBUG:colcon.colcon_core.event_handler.log_command:Invoked command in '/home/pride/AGV/src/lidar' returned '0': PYTHONPATH=/home/pride/AGV/src/build/lidar/prefix_override:/usr/lib/python3/dist-packages/colcon_core/task/python/colcon_distutils_commands:/home/pride/AGV/src/install/lidar/lib/python3.10/site-packages:${PYTHONPATH} /usr/bin/python3 -W ignore:setup.py install is deprecated -W ignore:easy_install command is deprecated setup.py egg_info --egg-base ../build/lidar build --build-base /home/pride/AGV/src/build/lidar/build install --record /home/pride/AGV/src/build/lidar/install.log --single-version-externally-managed install_data
[3.771s] Level 1:colcon.colcon_core.environment:checking '/home/pride/AGV/src/install/lidar' for CMake module files
[3.772s] Level 1:colcon.colcon_core.environment:checking '/home/pride/AGV/src/install/lidar' for CMake config files
[3.776s] Level 1:colcon.colcon_core.environment:checking '/home/pride/AGV/src/install/lidar/lib'
[3.776s] Level 1:colcon.colcon_core.environment:checking '/home/pride/AGV/src/install/lidar/bin'
[3.776s] Level 1:colcon.colcon_core.environment:checking '/home/pride/AGV/src/install/lidar/lib/pkgconfig/lidar.pc'
[3.777s] Level 1:colcon.colcon_core.environment:checking '/home/pride/AGV/src/install/lidar/lib/python3.10/site-packages'
[3.778s] Level 1:colcon.colcon_core.shell:create_environment_hook('lidar', 'pythonpath')
[3.778s] INFO:colcon.colcon_core.shell:Creating environment hook '/home/pride/AGV/src/install/lidar/share/lidar/hook/pythonpath.ps1'
[3.780s] INFO:colcon.colcon_core.shell:Creating environment descriptor '/home/pride/AGV/src/install/lidar/share/lidar/hook/pythonpath.dsv'
[3.781s] INFO:colcon.colcon_core.shell:Creating environment hook '/home/pride/AGV/src/install/lidar/share/lidar/hook/pythonpath.sh'
[3.782s] Level 1:colcon.colcon_core.environment:checking '/home/pride/AGV/src/install/lidar/bin'
[3.783s] Level 1:colcon.colcon_core.environment:create_environment_scripts_only(lidar)
[3.783s] INFO:colcon.colcon_core.shell:Creating package script '/home/pride/AGV/src/install/lidar/share/lidar/package.ps1'
[3.786s] INFO:colcon.colcon_core.shell:Creating package descriptor '/home/pride/AGV/src/install/lidar/share/lidar/package.dsv'
[3.787s] INFO:colcon.colcon_core.shell:Creating package script '/home/pride/AGV/src/install/lidar/share/lidar/package.sh'
[3.789s] INFO:colcon.colcon_core.shell:Creating package script '/home/pride/AGV/src/install/lidar/share/lidar/package.bash'
[3.790s] INFO:colcon.colcon_core.shell:Creating package script '/home/pride/AGV/src/install/lidar/share/lidar/package.zsh'
[3.793s] Level 1:colcon.colcon_core.environment:create_file_with_runtime_dependencies(/home/pride/AGV/src/install/lidar/share/colcon-core/packages/lidar)
[3.798s] Level 1:colcon.colcon_core.environment:checking '/home/pride/AGV/src/install/geotagging' for CMake module files
[3.799s] DEBUG:colcon.colcon_core.event_handler.log_command:Invoked command in '/home/pride/AGV/src/geotagging' returned '0': PYTHONPATH=/home/pride/AGV/src/build/geotagging/prefix_override:/usr/lib/python3/dist-packages/colcon_core/task/python/colcon_distutils_commands:/home/pride/AGV/src/install/geotagging/lib/python3.10/site-packages:${PYTHONPATH} /usr/bin/python3 -W ignore:setup.py install is deprecated -W ignore:easy_install command is deprecated setup.py egg_info --egg-base ../build/geotagging build --build-base /home/pride/AGV/src/build/geotagging/build install --record /home/pride/AGV/src/build/geotagging/install.log --single-version-externally-managed install_data
[3.801s] Level 1:colcon.colcon_core.environment:checking '/home/pride/AGV/src/install/geotagging' for CMake config files
[3.803s] Level 1:colcon.colcon_core.environment:checking '/home/pride/AGV/src/install/geotagging/lib'
[3.803s] Level 1:colcon.colcon_core.environment:checking '/home/pride/AGV/src/install/geotagging/bin'
[3.803s] Level 1:colcon.colcon_core.environment:checking '/home/pride/AGV/src/install/geotagging/lib/pkgconfig/geotagging.pc'
[3.804s] Level 1:colcon.colcon_core.environment:checking '/home/pride/AGV/src/install/geotagging/lib/python3.10/site-packages'
[3.804s] Level 1:colcon.colcon_core.shell:create_environment_hook('geotagging', 'pythonpath')
[3.804s] INFO:colcon.colcon_core.shell:Creating environment hook '/home/pride/AGV/src/install/geotagging/share/geotagging/hook/pythonpath.ps1'
[3.805s] INFO:colcon.colcon_core.shell:Creating environment descriptor '/home/pride/AGV/src/install/geotagging/share/geotagging/hook/pythonpath.dsv'
[3.806s] INFO:colcon.colcon_core.shell:Creating environment hook '/home/pride/AGV/src/install/geotagging/share/geotagging/hook/pythonpath.sh'
[3.807s] Level 1:colcon.colcon_core.environment:checking '/home/pride/AGV/src/install/geotagging/bin'
[3.807s] Level 1:colcon.colcon_core.environment:create_environment_scripts_only(geotagging)
[3.807s] INFO:colcon.colcon_core.shell:Creating package script '/home/pride/AGV/src/install/geotagging/share/geotagging/package.ps1'
[3.808s] INFO:colcon.colcon_core.shell:Creating package descriptor '/home/pride/AGV/src/install/geotagging/share/geotagging/package.dsv'
[3.809s] INFO:colcon.colcon_core.shell:Creating package script '/home/pride/AGV/src/install/geotagging/share/geotagging/package.sh'
[3.810s] INFO:colcon.colcon_core.shell:Creating package script '/home/pride/AGV/src/install/geotagging/share/geotagging/package.bash'
[3.811s] INFO:colcon.colcon_core.shell:Creating package script '/home/pride/AGV/src/install/geotagging/share/geotagging/package.zsh'
[3.811s] Level 1:colcon.colcon_core.environment:create_file_with_runtime_dependencies(/home/pride/AGV/src/install/geotagging/share/colcon-core/packages/geotagging)
[3.813s] Level 1:colcon.colcon_core.environment:checking '/home/pride/AGV/src/install/image_capture' for CMake module files
[3.816s] DEBUG:colcon.colcon_core.event_handler.log_command:Invoked command in '/home/pride/AGV/src/image_capture' returned '0': PYTHONPATH=/home/pride/AGV/src/build/image_capture/prefix_override:/usr/lib/python3/dist-packages/colcon_core/task/python/colcon_distutils_commands:/home/pride/AGV/src/install/image_capture/lib/python3.10/site-packages:${PYTHONPATH} /usr/bin/python3 -W ignore:setup.py install is deprecated -W ignore:easy_install command is deprecated setup.py egg_info --egg-base ../build/image_capture build --build-base /home/pride/AGV/src/build/image_capture/build install --record /home/pride/AGV/src/build/image_capture/install.log --single-version-externally-managed install_data
[3.817s] Level 1:colcon.colcon_core.environment:checking '/home/pride/AGV/src/install/image_capture' for CMake config files
[3.821s] Level 1:colcon.colcon_core.environment:checking '/home/pride/AGV/src/install/image_capture/lib'
[3.822s] Level 1:colcon.colcon_core.environment:checking '/home/pride/AGV/src/install/image_capture/bin'
[3.822s] Level 1:colcon.colcon_core.environment:checking '/home/pride/AGV/src/install/image_capture/lib/pkgconfig/image_capture.pc'
[3.822s] Level 1:colcon.colcon_core.environment:checking '/home/pride/AGV/src/install/image_capture/lib/python3.10/site-packages'
[3.822s] Level 1:colcon.colcon_core.shell:create_environment_hook('image_capture', 'pythonpath')
[3.823s] INFO:colcon.colcon_core.shell:Creating environment hook '/home/pride/AGV/src/install/image_capture/share/image_capture/hook/pythonpath.ps1'
[3.824s] INFO:colcon.colcon_core.shell:Creating environment descriptor '/home/pride/AGV/src/install/image_capture/share/image_capture/hook/pythonpath.dsv'
[3.825s] INFO:colcon.colcon_core.shell:Creating environment hook '/home/pride/AGV/src/install/image_capture/share/image_capture/hook/pythonpath.sh'
[3.826s] Level 1:colcon.colcon_core.environment:checking '/home/pride/AGV/src/install/image_capture/bin'
[3.826s] Level 1:colcon.colcon_core.environment:create_environment_scripts_only(image_capture)
[3.826s] INFO:colcon.colcon_core.shell:Creating package script '/home/pride/AGV/src/install/image_capture/share/image_capture/package.ps1'
[3.827s] INFO:colcon.colcon_core.shell:Creating package descriptor '/home/pride/AGV/src/install/image_capture/share/image_capture/package.dsv'
[3.827s] INFO:colcon.colcon_core.shell:Creating package script '/home/pride/AGV/src/install/image_capture/share/image_capture/package.sh'
[3.828s] INFO:colcon.colcon_core.shell:Creating package script '/home/pride/AGV/src/install/image_capture/share/image_capture/package.bash'
[3.829s] INFO:colcon.colcon_core.shell:Creating package script '/home/pride/AGV/src/install/image_capture/share/image_capture/package.zsh'
[3.829s] Level 1:colcon.colcon_core.environment:create_file_with_runtime_dependencies(/home/pride/AGV/src/install/image_capture/share/colcon-core/packages/image_capture)
[3.832s] Level 1:colcon.colcon_core.environment:checking '/home/pride/AGV/src/install/pan_tilt' for CMake module files
[3.834s] DEBUG:colcon.colcon_core.event_handler.log_command:Invoked command in '/home/pride/AGV/src/pan_tilt' returned '0': PYTHONPATH=/home/pride/AGV/src/build/pan_tilt/prefix_override:/usr/lib/python3/dist-packages/colcon_core/task/python/colcon_distutils_commands:/home/pride/AGV/src/install/pan_tilt/lib/python3.10/site-packages:${PYTHONPATH} /usr/bin/python3 -W ignore:setup.py install is deprecated -W ignore:easy_install command is deprecated setup.py egg_info --egg-base ../build/pan_tilt build --build-base /home/pride/AGV/src/build/pan_tilt/build install --record /home/pride/AGV/src/build/pan_tilt/install.log --single-version-externally-managed install_data
[3.835s] Level 1:colcon.colcon_core.environment:checking '/home/pride/AGV/src/install/pan_tilt' for CMake config files
[3.838s] Level 1:colcon.colcon_core.environment:checking '/home/pride/AGV/src/install/pan_tilt/lib'
[3.838s] Level 1:colcon.colcon_core.environment:checking '/home/pride/AGV/src/install/pan_tilt/bin'
[3.838s] Level 1:colcon.colcon_core.environment:checking '/home/pride/AGV/src/install/pan_tilt/lib/pkgconfig/pan_tilt.pc'
[3.838s] Level 1:colcon.colcon_core.environment:checking '/home/pride/AGV/src/install/pan_tilt/lib/python3.10/site-packages'
[3.838s] Level 1:colcon.colcon_core.shell:create_environment_hook('pan_tilt', 'pythonpath')
[3.839s] INFO:colcon.colcon_core.shell:Creating environment hook '/home/pride/AGV/src/install/pan_tilt/share/pan_tilt/hook/pythonpath.ps1'
[3.839s] INFO:colcon.colcon_core.shell:Creating environment descriptor '/home/pride/AGV/src/install/pan_tilt/share/pan_tilt/hook/pythonpath.dsv'
[3.840s] INFO:colcon.colcon_core.shell:Creating environment hook '/home/pride/AGV/src/install/pan_tilt/share/pan_tilt/hook/pythonpath.sh'
[3.840s] Level 1:colcon.colcon_core.environment:checking '/home/pride/AGV/src/install/pan_tilt/bin'
[3.840s] Level 1:colcon.colcon_core.environment:create_environment_scripts_only(pan_tilt)
[3.841s] INFO:colcon.colcon_core.shell:Creating package script '/home/pride/AGV/src/install/pan_tilt/share/pan_tilt/package.ps1'
[3.842s] INFO:colcon.colcon_core.shell:Creating package descriptor '/home/pride/AGV/src/install/pan_tilt/share/pan_tilt/package.dsv'
[3.842s] INFO:colcon.colcon_core.shell:Creating package script '/home/pride/AGV/src/install/pan_tilt/share/pan_tilt/package.sh'
[3.843s] INFO:colcon.colcon_core.shell:Creating package script '/home/pride/AGV/src/install/pan_tilt/share/pan_tilt/package.bash'
[3.843s] INFO:colcon.colcon_core.shell:Creating package script '/home/pride/AGV/src/install/pan_tilt/share/pan_tilt/package.zsh'
[3.843s] Level 1:colcon.colcon_core.environment:create_file_with_runtime_dependencies(/home/pride/AGV/src/install/pan_tilt/share/colcon-core/packages/pan_tilt)
[3.844s] Level 1:colcon.colcon_core.environment:checking '/home/pride/AGV/src/install/mission_manager' for CMake module files
[3.846s] DEBUG:colcon.colcon_core.event_handler.log_command:Invoked command in '/home/pride/AGV/src/mission_manager' returned '0': PYTHONPATH=/home/pride/AGV/src/build/mission_manager/prefix_override:/usr/lib/python3/dist-packages/colcon_core/task/python/colcon_distutils_commands:/home/pride/AGV/src/install/mission_manager/lib/python3.10/site-packages:${PYTHONPATH} /usr/bin/python3 -W ignore:setup.py install is deprecated -W ignore:easy_install command is deprecated setup.py egg_info --egg-base ../build/mission_manager build --build-base /home/pride/AGV/src/build/mission_manager/build install --record /home/pride/AGV/src/build/mission_manager/install.log --single-version-externally-managed install_data
[3.847s] Level 1:colcon.colcon_core.environment:checking '/home/pride/AGV/src/install/mission_manager' for CMake config files
[3.851s] Level 1:colcon.colcon_core.environment:checking '/home/pride/AGV/src/install/mission_manager/lib'
[3.851s] Level 1:colcon.colcon_core.environment:checking '/home/pride/AGV/src/install/mission_manager/bin'
[3.851s] Level 1:colcon.colcon_core.environment:checking '/home/pride/AGV/src/install/mission_manager/lib/pkgconfig/mission_manager.pc'
[3.852s] Level 1:colcon.colcon_core.environment:checking '/home/pride/AGV/src/install/mission_manager/lib/python3.10/site-packages'
[3.852s] Level 1:colcon.colcon_core.shell:create_environment_hook('mission_manager', 'pythonpath')
[3.852s] INFO:colcon.colcon_core.shell:Creating environment hook '/home/pride/AGV/src/install/mission_manager/share/mission_manager/hook/pythonpath.ps1'
[3.853s] INFO:colcon.colcon_core.shell:Creating environment descriptor '/home/pride/AGV/src/install/mission_manager/share/mission_manager/hook/pythonpath.dsv'
[3.853s] INFO:colcon.colcon_core.shell:Creating environment hook '/home/pride/AGV/src/install/mission_manager/share/mission_manager/hook/pythonpath.sh'
[3.854s] Level 1:colcon.colcon_core.environment:checking '/home/pride/AGV/src/install/mission_manager/bin'
[3.854s] Level 1:colcon.colcon_core.environment:create_environment_scripts_only(mission_manager)
[3.854s] INFO:colcon.colcon_core.shell:Creating package script '/home/pride/AGV/src/install/mission_manager/share/mission_manager/package.ps1'
[3.855s] INFO:colcon.colcon_core.shell:Creating package descriptor '/home/pride/AGV/src/install/mission_manager/share/mission_manager/package.dsv'
[3.855s] INFO:colcon.colcon_core.shell:Creating package script '/home/pride/AGV/src/install/mission_manager/share/mission_manager/package.sh'
[3.855s] INFO:colcon.colcon_core.shell:Creating package script '/home/pride/AGV/src/install/mission_manager/share/mission_manager/package.bash'
[3.856s] INFO:colcon.colcon_core.shell:Creating package script '/home/pride/AGV/src/install/mission_manager/share/mission_manager/package.zsh'
[3.856s] Level 1:colcon.colcon_core.environment:create_file_with_runtime_dependencies(/home/pride/AGV/src/install/mission_manager/share/colcon-core/packages/mission_manager)
[3.858s] Level 1:colcon.colcon_core.environment:checking '/home/pride/AGV/src/install/ntrip_client' for CMake module files
[3.859s] DEBUG:colcon.colcon_core.event_handler.log_command:Invoked command in '/home/pride/AGV/src/ntrip_client' returned '0': PYTHONPATH=/home/pride/AGV/src/build/ntrip_client/prefix_override:/usr/lib/python3/dist-packages/colcon_core/task/python/colcon_distutils_commands:/home/pride/AGV/src/install/ntrip_client/lib/python3.10/site-packages:${PYTHONPATH} /usr/bin/python3 -W ignore:setup.py install is deprecated -W ignore:easy_install command is deprecated setup.py egg_info --egg-base ../build/ntrip_client build --build-base /home/pride/AGV/src/build/ntrip_client/build install --record /home/pride/AGV/src/build/ntrip_client/install.log --single-version-externally-managed install_data
[3.859s] Level 1:colcon.colcon_core.environment:checking '/home/pride/AGV/src/install/ntrip_client' for CMake config files
[3.861s] Level 1:colcon.colcon_core.environment:checking '/home/pride/AGV/src/install/ntrip_client/lib'
[3.861s] Level 1:colcon.colcon_core.environment:checking '/home/pride/AGV/src/install/ntrip_client/bin'
[3.861s] Level 1:colcon.colcon_core.environment:checking '/home/pride/AGV/src/install/ntrip_client/lib/pkgconfig/ntrip_client.pc'
[3.861s] Level 1:colcon.colcon_core.environment:checking '/home/pride/AGV/src/install/ntrip_client/lib/python3.10/site-packages'
[3.861s] Level 1:colcon.colcon_core.shell:create_environment_hook('ntrip_client', 'pythonpath')
[3.862s] INFO:colcon.colcon_core.shell:Creating environment hook '/home/pride/AGV/src/install/ntrip_client/share/ntrip_client/hook/pythonpath.ps1'
[3.862s] INFO:colcon.colcon_core.shell:Creating environment descriptor '/home/pride/AGV/src/install/ntrip_client/share/ntrip_client/hook/pythonpath.dsv'
[3.862s] INFO:colcon.colcon_core.shell:Creating environment hook '/home/pride/AGV/src/install/ntrip_client/share/ntrip_client/hook/pythonpath.sh'
[3.863s] Level 1:colcon.colcon_core.environment:checking '/home/pride/AGV/src/install/ntrip_client/bin'
[3.863s] Level 1:colcon.colcon_core.environment:create_environment_scripts_only(ntrip_client)
[3.863s] INFO:colcon.colcon_core.shell:Creating package script '/home/pride/AGV/src/install/ntrip_client/share/ntrip_client/package.ps1'
[3.864s] INFO:colcon.colcon_core.shell:Creating package descriptor '/home/pride/AGV/src/install/ntrip_client/share/ntrip_client/package.dsv'
[3.865s] INFO:colcon.colcon_core.shell:Creating package script '/home/pride/AGV/src/install/ntrip_client/share/ntrip_client/package.sh'
[3.866s] INFO:colcon.colcon_core.shell:Creating package script '/home/pride/AGV/src/install/ntrip_client/share/ntrip_client/package.bash'
[3.867s] INFO:colcon.colcon_core.shell:Creating package script '/home/pride/AGV/src/install/ntrip_client/share/ntrip_client/package.zsh'
[3.867s] Level 1:colcon.colcon_core.environment:create_file_with_runtime_dependencies(/home/pride/AGV/src/install/ntrip_client/share/colcon-core/packages/ntrip_client)
[3.869s] Level 1:colcon.colcon_core.environment:checking '/home/pride/AGV/src/install/solar_panel_detector' for CMake module files
[3.870s] DEBUG:colcon.colcon_core.event_handler.log_command:Invoked command in '/home/pride/AGV/src/solar_panel_detector' returned '0': PYTHONPATH=/home/pride/AGV/src/build/solar_panel_detector/prefix_override:/usr/lib/python3/dist-packages/colcon_core/task/python/colcon_distutils_commands:/home/pride/AGV/src/install/solar_panel_detector/lib/python3.10/site-packages:${PYTHONPATH} /usr/bin/python3 -W ignore:setup.py install is deprecated -W ignore:easy_install command is deprecated setup.py egg_info --egg-base ../build/solar_panel_detector build --build-base /home/pride/AGV/src/build/solar_panel_detector/build install --record /home/pride/AGV/src/build/solar_panel_detector/install.log --single-version-externally-managed install_data
[3.871s] Level 1:colcon.colcon_core.environment:checking '/home/pride/AGV/src/install/solar_panel_detector' for CMake config files
[3.873s] Level 1:colcon.colcon_core.environment:checking '/home/pride/AGV/src/install/solar_panel_detector/lib'
[3.873s] Level 1:colcon.colcon_core.environment:checking '/home/pride/AGV/src/install/solar_panel_detector/bin'
[3.873s] Level 1:colcon.colcon_core.environment:checking '/home/pride/AGV/src/install/solar_panel_detector/lib/pkgconfig/solar_panel_detector.pc'
[3.873s] Level 1:colcon.colcon_core.environment:checking '/home/pride/AGV/src/install/solar_panel_detector/lib/python3.10/site-packages'
[3.873s] Level 1:colcon.colcon_core.shell:create_environment_hook('solar_panel_detector', 'pythonpath')
[3.874s] INFO:colcon.colcon_core.shell:Creating environment hook '/home/pride/AGV/src/install/solar_panel_detector/share/solar_panel_detector/hook/pythonpath.ps1'
[3.874s] INFO:colcon.colcon_core.shell:Creating environment descriptor '/home/pride/AGV/src/install/solar_panel_detector/share/solar_panel_detector/hook/pythonpath.dsv'
[3.874s] INFO:colcon.colcon_core.shell:Creating environment hook '/home/pride/AGV/src/install/solar_panel_detector/share/solar_panel_detector/hook/pythonpath.sh'
[3.875s] Level 1:colcon.colcon_core.environment:checking '/home/pride/AGV/src/install/solar_panel_detector/bin'
[3.875s] Level 1:colcon.colcon_core.environment:create_environment_scripts_only(solar_panel_detector)
[3.875s] INFO:colcon.colcon_core.shell:Creating package script '/home/pride/AGV/src/install/solar_panel_detector/share/solar_panel_detector/package.ps1'
[3.876s] INFO:colcon.colcon_core.shell:Creating package descriptor '/home/pride/AGV/src/install/solar_panel_detector/share/solar_panel_detector/package.dsv'
[3.876s] INFO:colcon.colcon_core.shell:Creating package script '/home/pride/AGV/src/install/solar_panel_detector/share/solar_panel_detector/package.sh'
[3.876s] INFO:colcon.colcon_core.shell:Creating package script '/home/pride/AGV/src/install/solar_panel_detector/share/solar_panel_detector/package.bash'
[3.876s] INFO:colcon.colcon_core.shell:Creating package script '/home/pride/AGV/src/install/solar_panel_detector/share/solar_panel_detector/package.zsh'
[3.877s] Level 1:colcon.colcon_core.environment:create_file_with_runtime_dependencies(/home/pride/AGV/src/install/solar_panel_detector/share/colcon-core/packages/solar_panel_detector)
[3.877s] DEBUG:colcon.colcon_parallel_executor.executor.parallel:closing loop
[3.878s] DEBUG:colcon.colcon_parallel_executor.executor.parallel:loop closed
[3.878s] DEBUG:colcon.colcon_parallel_executor.executor.parallel:run_until_complete finished with '0'
[3.878s] DEBUG:colcon.colcon_core.event_reactor:joining thread
[3.938s] INFO:colcon.colcon_core.plugin_system:Skipping extension 'colcon_notification.desktop_notification.notify_send': Could not find 'notify-send'
[3.938s] INFO:colcon.colcon_core.plugin_system:Skipping extension 'colcon_notification.desktop_notification.terminal_notifier': Not used on non-Darwin systems
[3.938s] INFO:colcon.colcon_core.plugin_system:Skipping extension 'colcon_notification.desktop_notification.win32': Not used on non-Windows systems
[3.938s] INFO:colcon.colcon_notification.desktop_notification:Sending desktop notification using 'notify2'
[3.944s] DEBUG:colcon.colcon_notification.desktop_notification.notify2:Failed to initialize notify2: org.freedesktop.DBus.Error.ServiceUnknown: The name org.freedesktop.Notifications was not provided by any .service files
[3.944s] DEBUG:colcon.colcon_core.event_reactor:joined thread
[3.944s] INFO:colcon.colcon_core.shell:Creating prefix script '/home/pride/AGV/src/install/local_setup.ps1'
[3.945s] INFO:colcon.colcon_core.shell:Creating prefix util module '/home/pride/AGV/src/install/_local_setup_util_ps1.py'
[3.947s] INFO:colcon.colcon_core.shell:Creating prefix chain script '/home/pride/AGV/src/install/setup.ps1'
[3.949s] INFO:colcon.colcon_core.shell:Creating prefix script '/home/pride/AGV/src/install/local_setup.sh'
[3.950s] INFO:colcon.colcon_core.shell:Creating prefix util module '/home/pride/AGV/src/install/_local_setup_util_sh.py'
[3.951s] INFO:colcon.colcon_core.shell:Creating prefix chain script '/home/pride/AGV/src/install/setup.sh'
[3.952s] INFO:colcon.colcon_core.shell:Creating prefix script '/home/pride/AGV/src/install/local_setup.bash'
[3.953s] INFO:colcon.colcon_core.shell:Creating prefix chain script '/home/pride/AGV/src/install/setup.bash'
[3.955s] INFO:colcon.colcon_core.shell:Creating prefix script '/home/pride/AGV/src/install/local_setup.zsh'
[3.957s] INFO:colcon.colcon_core.shell:Creating prefix chain script '/home/pride/AGV/src/install/setup.zsh'
