[1.892s] Invoking command in '/home/pride/AGV/src/solar_panel_detector': PYTHONPATH=/home/pride/AGV/src/build/solar_panel_detector/prefix_override:/usr/lib/python3/dist-packages/colcon_core/task/python/colcon_distutils_commands:/home/pride/AGV/src/install/solar_panel_detector/lib/python3.10/site-packages:${PYTHONPATH} /usr/bin/python3 -W ignore:setup.py install is deprecated -W ignore:easy_install command is deprecated setup.py egg_info --egg-base ../build/solar_panel_detector build --build-base /home/pride/AGV/src/build/solar_panel_detector/build install --record /home/pride/AGV/src/build/solar_panel_detector/install.log --single-version-externally-managed install_data
[2.238s] running egg_info
[2.238s] creating ../build/solar_panel_detector/solar_panel_detector.egg-info
[2.238s] writing ../build/solar_panel_detector/solar_panel_detector.egg-info/PKG-INFO
[2.239s] writing dependency_links to ../build/solar_panel_detector/solar_panel_detector.egg-info/dependency_links.txt
[2.239s] writing entry points to ../build/solar_panel_detector/solar_panel_detector.egg-info/entry_points.txt
[2.239s] writing requirements to ../build/solar_panel_detector/solar_panel_detector.egg-info/requires.txt
[2.239s] writing top-level names to ../build/solar_panel_detector/solar_panel_detector.egg-info/top_level.txt
[2.239s] writing manifest file '../build/solar_panel_detector/solar_panel_detector.egg-info/SOURCES.txt'
[2.239s] reading manifest file '../build/solar_panel_detector/solar_panel_detector.egg-info/SOURCES.txt'
[2.239s] writing manifest file '../build/solar_panel_detector/solar_panel_detector.egg-info/SOURCES.txt'
[2.239s] running build
[2.239s] running build_py
[2.239s] creating /home/pride/AGV/src/build/solar_panel_detector/build
[2.239s] creating /home/pride/AGV/src/build/solar_panel_detector/build/lib
[2.239s] creating /home/pride/AGV/src/build/solar_panel_detector/build/lib/solar_panel_detector
[2.239s] copying solar_panel_detector/__init__.py -> /home/pride/AGV/src/build/solar_panel_detector/build/lib/solar_panel_detector
[2.239s] running install
[2.239s] running install_lib
[2.240s] creating /home/pride/AGV/src/install/solar_panel_detector/lib/python3.10/site-packages/solar_panel_detector
[2.240s] copying /home/pride/AGV/src/build/solar_panel_detector/build/lib/solar_panel_detector/__init__.py -> /home/pride/AGV/src/install/solar_panel_detector/lib/python3.10/site-packages/solar_panel_detector
[2.240s] byte-compiling /home/pride/AGV/src/install/solar_panel_detector/lib/python3.10/site-packages/solar_panel_detector/__init__.py to __init__.cpython-310.pyc
[2.240s] running install_data
[2.240s] creating /home/pride/AGV/src/install/solar_panel_detector/share/ament_index
[2.240s] creating /home/pride/AGV/src/install/solar_panel_detector/share/ament_index/resource_index
[2.240s] creating /home/pride/AGV/src/install/solar_panel_detector/share/ament_index/resource_index/packages
[2.240s] copying resource/solar_panel_detector -> /home/pride/AGV/src/install/solar_panel_detector/share/ament_index/resource_index/packages
[2.240s] copying package.xml -> /home/pride/AGV/src/install/solar_panel_detector/share/solar_panel_detector
[2.240s] running install_egg_info
[2.241s] Copying ../build/solar_panel_detector/solar_panel_detector.egg-info to /home/pride/AGV/src/install/solar_panel_detector/lib/python3.10/site-packages/solar_panel_detector-0.0.0-py3.10.egg-info
[2.241s] running install_scripts
[2.265s] writing list of installed files to '/home/pride/AGV/src/build/solar_panel_detector/install.log'
[2.338s] Invoked command in '/home/pride/AGV/src/solar_panel_detector' returned '0': PYTHONPATH=/home/pride/AGV/src/build/solar_panel_detector/prefix_override:/usr/lib/python3/dist-packages/colcon_core/task/python/colcon_distutils_commands:/home/pride/AGV/src/install/solar_panel_detector/lib/python3.10/site-packages:${PYTHONPATH} /usr/bin/python3 -W ignore:setup.py install is deprecated -W ignore:easy_install command is deprecated setup.py egg_info --egg-base ../build/solar_panel_detector build --build-base /home/pride/AGV/src/build/solar_panel_detector/build install --record /home/pride/AGV/src/build/solar_panel_detector/install.log --single-version-externally-managed install_data
