running egg_info
writing ../build/lidar/lidar.egg-info/PKG-INFO
writing dependency_links to ../build/lidar/lidar.egg-info/dependency_links.txt
writing entry points to ../build/lidar/lidar.egg-info/entry_points.txt
writing requirements to ../build/lidar/lidar.egg-info/requires.txt
writing top-level names to ../build/lidar/lidar.egg-info/top_level.txt
reading manifest file '../build/lidar/lidar.egg-info/SOURCES.txt'
writing manifest file '../build/lidar/lidar.egg-info/SOURCES.txt'
running build
running build_py
copying lidar/lidar.py -> /home/pride/AGV/src/build/lidar/build/lib/lidar
copying lidar/__init__.py -> /home/pride/AGV/src/build/lidar/build/lib/lidar
running install
running install_lib
copying /home/pride/AGV/src/build/lidar/build/lib/lidar/lidar.py -> /home/pride/AGV/src/install/lidar/lib/python3.10/site-packages/lidar
byte-compiling /home/pride/AGV/src/install/lidar/lib/python3.10/site-packages/lidar/lidar.py to lidar.cpython-310.pyc
running install_data
copying package.xml -> /home/pride/AGV/src/install/lidar/share/lidar
running install_egg_info
removing '/home/pride/AGV/src/install/lidar/lib/python3.10/site-packages/lidar-0.0.0-py3.10.egg-info' (and everything under it)
Copying ../build/lidar/lidar.egg-info to /home/pride/AGV/src/install/lidar/lib/python3.10/site-packages/lidar-0.0.0-py3.10.egg-info
running install_scripts
Installing lidar script to /home/pride/AGV/src/install/lidar/lib/lidar
writing list of installed files to '/home/pride/AGV/src/build/lidar/install.log'
