[2.705s] Invoking command in '/home/pride/AGV/src/lidar': PYTHONPATH=/home/pride/AGV/src/build/lidar/prefix_override:/usr/lib/python3/dist-packages/colcon_core/task/python/colcon_distutils_commands:/home/pride/AGV/src/install/lidar/lib/python3.10/site-packages:${PYTHONPATH} /usr/bin/python3 -W ignore:setup.py install is deprecated -W ignore:easy_install command is deprecated setup.py egg_info --egg-base ../build/lidar build --build-base /home/pride/AGV/src/build/lidar/build install --record /home/pride/AGV/src/build/lidar/install.log --single-version-externally-managed install_data
[3.117s] running egg_info
[3.122s] writing ../build/lidar/lidar.egg-info/PKG-INFO
[3.124s] writing dependency_links to ../build/lidar/lidar.egg-info/dependency_links.txt
[3.125s] writing entry points to ../build/lidar/lidar.egg-info/entry_points.txt
[3.125s] writing requirements to ../build/lidar/lidar.egg-info/requires.txt
[3.125s] writing top-level names to ../build/lidar/lidar.egg-info/top_level.txt
[3.130s] reading manifest file '../build/lidar/lidar.egg-info/SOURCES.txt'
[3.131s] writing manifest file '../build/lidar/lidar.egg-info/SOURCES.txt'
[3.132s] running build
[3.133s] running build_py
[3.133s] copying lidar/lidar.py -> /home/pride/AGV/src/build/lidar/build/lib/lidar
[3.133s] copying lidar/__init__.py -> /home/pride/AGV/src/build/lidar/build/lib/lidar
[3.134s] running install
[3.135s] running install_lib
[3.136s] copying /home/pride/AGV/src/build/lidar/build/lib/lidar/lidar.py -> /home/pride/AGV/src/install/lidar/lib/python3.10/site-packages/lidar
[3.145s] byte-compiling /home/pride/AGV/src/install/lidar/lib/python3.10/site-packages/lidar/lidar.py to lidar.cpython-310.pyc
[3.146s] running install_data
[3.147s] copying package.xml -> /home/pride/AGV/src/install/lidar/share/lidar
[3.147s] running install_egg_info
[3.150s] removing '/home/pride/AGV/src/install/lidar/lib/python3.10/site-packages/lidar-0.0.0-py3.10.egg-info' (and everything under it)
[3.155s] Copying ../build/lidar/lidar.egg-info to /home/pride/AGV/src/install/lidar/lib/python3.10/site-packages/lidar-0.0.0-py3.10.egg-info
[3.168s] running install_scripts
[3.210s] Installing lidar script to /home/pride/AGV/src/install/lidar/lib/lidar
[3.212s] writing list of installed files to '/home/pride/AGV/src/build/lidar/install.log'
[3.317s] Invoked command in '/home/pride/AGV/src/lidar' returned '0': PYTHONPATH=/home/pride/AGV/src/build/lidar/prefix_override:/usr/lib/python3/dist-packages/colcon_core/task/python/colcon_distutils_commands:/home/pride/AGV/src/install/lidar/lib/python3.10/site-packages:${PYTHONPATH} /usr/bin/python3 -W ignore:setup.py install is deprecated -W ignore:easy_install command is deprecated setup.py egg_info --egg-base ../build/lidar build --build-base /home/pride/AGV/src/build/lidar/build install --record /home/pride/AGV/src/build/lidar/install.log --single-version-externally-managed install_data
