[2.467s] Invoking command in '/home/pride/AGV/src/image_capture': PYTHONPATH=/home/pride/AGV/src/build/image_capture/prefix_override:/usr/lib/python3/dist-packages/colcon_core/task/python/colcon_distutils_commands:/home/pride/AGV/src/install/image_capture/lib/python3.10/site-packages:${PYTHONPATH} /usr/bin/python3 -W ignore:setup.py install is deprecated -W ignore:easy_install command is deprecated setup.py egg_info --egg-base ../build/image_capture build --build-base /home/pride/AGV/src/build/image_capture/build install --record /home/pride/AGV/src/build/image_capture/install.log --single-version-externally-managed install_data
[2.788s] running egg_info
[2.790s] writing ../build/image_capture/image_capture.egg-info/PKG-INFO
[2.791s] writing dependency_links to ../build/image_capture/image_capture.egg-info/dependency_links.txt
[2.792s] writing entry points to ../build/image_capture/image_capture.egg-info/entry_points.txt
[2.792s] writing requirements to ../build/image_capture/image_capture.egg-info/requires.txt
[2.792s] writing top-level names to ../build/image_capture/image_capture.egg-info/top_level.txt
[2.796s] reading manifest file '../build/image_capture/image_capture.egg-info/SOURCES.txt'
[2.798s] writing manifest file '../build/image_capture/image_capture.egg-info/SOURCES.txt'
[2.798s] running build
[2.798s] running build_py
[2.799s] copying image_capture/capture.py -> /home/pride/AGV/src/build/image_capture/build/lib/image_capture
[2.799s] running install
[2.800s] running install_lib
[2.801s] copying /home/pride/AGV/src/build/image_capture/build/lib/image_capture/capture.py -> /home/pride/AGV/src/install/image_capture/lib/python3.10/site-packages/image_capture
[2.803s] byte-compiling /home/pride/AGV/src/install/image_capture/lib/python3.10/site-packages/image_capture/capture.py to capture.cpython-310.pyc
[2.804s] running install_data
[2.804s] running install_egg_info
[2.808s] removing '/home/pride/AGV/src/install/image_capture/lib/python3.10/site-packages/image_capture-0.0.0-py3.10.egg-info' (and everything under it)
[2.810s] Copying ../build/image_capture/image_capture.egg-info to /home/pride/AGV/src/install/image_capture/lib/python3.10/site-packages/image_capture-0.0.0-py3.10.egg-info
[2.812s] running install_scripts
[2.845s] Installing capture script to /home/pride/AGV/src/install/image_capture/lib/image_capture
[2.845s] writing list of installed files to '/home/pride/AGV/src/build/image_capture/install.log'
[2.988s] Invoked command in '/home/pride/AGV/src/image_capture' returned '0': PYTHONPATH=/home/pride/AGV/src/build/image_capture/prefix_override:/usr/lib/python3/dist-packages/colcon_core/task/python/colcon_distutils_commands:/home/pride/AGV/src/install/image_capture/lib/python3.10/site-packages:${PYTHONPATH} /usr/bin/python3 -W ignore:setup.py install is deprecated -W ignore:easy_install command is deprecated setup.py egg_info --egg-base ../build/image_capture build --build-base /home/pride/AGV/src/build/image_capture/build install --record /home/pride/AGV/src/build/image_capture/install.log --single-version-externally-managed install_data
