[2.749s] Invoking command in '/home/pride/AGV/src/solar_panel_detector': PYTHONPATH=/home/pride/AGV/src/build/solar_panel_detector/prefix_override:/usr/lib/python3/dist-packages/colcon_core/task/python/colcon_distutils_commands:/home/pride/AGV/src/install/solar_panel_detector/lib/python3.10/site-packages:${PYTHONPATH} /usr/bin/python3 -W ignore:setup.py install is deprecated -W ignore:easy_install command is deprecated setup.py egg_info --egg-base ../build/solar_panel_detector build --build-base /home/pride/AGV/src/build/solar_panel_detector/build install --record /home/pride/AGV/src/build/solar_panel_detector/install.log --single-version-externally-managed install_data
[3.343s] running egg_info
[3.345s] writing ../build/solar_panel_detector/solar_panel_detector.egg-info/PKG-INFO
[3.346s] writing dependency_links to ../build/solar_panel_detector/solar_panel_detector.egg-info/dependency_links.txt
[3.347s] writing entry points to ../build/solar_panel_detector/solar_panel_detector.egg-info/entry_points.txt
[3.347s] writing requirements to ../build/solar_panel_detector/solar_panel_detector.egg-info/requires.txt
[3.353s] writing top-level names to ../build/solar_panel_detector/solar_panel_detector.egg-info/top_level.txt
[3.355s] reading manifest file '../build/solar_panel_detector/solar_panel_detector.egg-info/SOURCES.txt'
[3.359s] writing manifest file '../build/solar_panel_detector/solar_panel_detector.egg-info/SOURCES.txt'
[3.360s] running build
[3.361s] running build_py
[3.361s] copying solar_panel_detector/detector.py -> /home/pride/AGV/src/build/solar_panel_detector/build/lib/solar_panel_detector
[3.361s] running install
[3.361s] running install_lib
[3.361s] copying /home/pride/AGV/src/build/solar_panel_detector/build/lib/solar_panel_detector/detector.py -> /home/pride/AGV/src/install/solar_panel_detector/lib/python3.10/site-packages/solar_panel_detector
[3.363s] byte-compiling /home/pride/AGV/src/install/solar_panel_detector/lib/python3.10/site-packages/solar_panel_detector/detector.py to detector.cpython-310.pyc
[3.366s] running install_data
[3.366s] running install_egg_info
[3.376s] removing '/home/pride/AGV/src/install/solar_panel_detector/lib/python3.10/site-packages/solar_panel_detector-0.0.0-py3.10.egg-info' (and everything under it)
[3.377s] Copying ../build/solar_panel_detector/solar_panel_detector.egg-info to /home/pride/AGV/src/install/solar_panel_detector/lib/python3.10/site-packages/solar_panel_detector-0.0.0-py3.10.egg-info
[3.382s] running install_scripts
[3.420s] Installing detector script to /home/pride/AGV/src/install/solar_panel_detector/lib/solar_panel_detector
[3.420s] writing list of installed files to '/home/pride/AGV/src/build/solar_panel_detector/install.log'
[3.460s] Invoked command in '/home/pride/AGV/src/solar_panel_detector' returned '0': PYTHONPATH=/home/pride/AGV/src/build/solar_panel_detector/prefix_override:/usr/lib/python3/dist-packages/colcon_core/task/python/colcon_distutils_commands:/home/pride/AGV/src/install/solar_panel_detector/lib/python3.10/site-packages:${PYTHONPATH} /usr/bin/python3 -W ignore:setup.py install is deprecated -W ignore:easy_install command is deprecated setup.py egg_info --egg-base ../build/solar_panel_detector build --build-base /home/pride/AGV/src/build/solar_panel_detector/build install --record /home/pride/AGV/src/build/solar_panel_detector/install.log --single-version-externally-managed install_data
