/home/pride/AGV/install/image_capture/lib/python3.10/site-packages/image_capture/__init__.py
/home/pride/AGV/install/image_capture/lib/python3.10/site-packages/image_capture/capture.py
/home/pride/AGV/install/image_capture/lib/python3.10/site-packages/image_capture/__pycache__/__init__.cpython-310.pyc
/home/pride/AGV/install/image_capture/lib/python3.10/site-packages/image_capture/__pycache__/capture.cpython-310.pyc
/home/pride/AGV/install/image_capture/share/ament_index/resource_index/packages/image_capture
/home/pride/AGV/install/image_capture/share/image_capture/package.xml
/home/pride/AGV/install/image_capture/lib/python3.10/site-packages/image_capture-0.0.0-py3.10.egg-info/SOURCES.txt:Zone.Identifier
/home/pride/AGV/install/image_capture/lib/python3.10/site-packages/image_capture-0.0.0-py3.10.egg-info/top_level.txt
/home/pride/AGV/install/image_capture/lib/python3.10/site-packages/image_capture-0.0.0-py3.10.egg-info/SOURCES.txt
/home/pride/AGV/install/image_capture/lib/python3.10/site-packages/image_capture-0.0.0-py3.10.egg-info/PKG-INFO:Zone.Identifier
/home/pride/AGV/install/image_capture/lib/python3.10/site-packages/image_capture-0.0.0-py3.10.egg-info/entry_points.txt
/home/pride/AGV/install/image_capture/lib/python3.10/site-packages/image_capture-0.0.0-py3.10.egg-info/dependency_links.txt
/home/pride/AGV/install/image_capture/lib/python3.10/site-packages/image_capture-0.0.0-py3.10.egg-info/dependency_links.txt:Zone.Identifier
/home/pride/AGV/install/image_capture/lib/python3.10/site-packages/image_capture-0.0.0-py3.10.egg-info/zip-safe
/home/pride/AGV/install/image_capture/lib/python3.10/site-packages/image_capture-0.0.0-py3.10.egg-info/entry_points.txt:Zone.Identifier
/home/pride/AGV/install/image_capture/lib/python3.10/site-packages/image_capture-0.0.0-py3.10.egg-info/requires.txt
/home/pride/AGV/install/image_capture/lib/python3.10/site-packages/image_capture-0.0.0-py3.10.egg-info/PKG-INFO
/home/pride/AGV/install/image_capture/lib/python3.10/site-packages/image_capture-0.0.0-py3.10.egg-info/requires.txt:Zone.Identifier
/home/pride/AGV/install/image_capture/lib/python3.10/site-packages/image_capture-0.0.0-py3.10.egg-info/zip-safe:Zone.Identifier
/home/pride/AGV/install/image_capture/lib/python3.10/site-packages/image_capture-0.0.0-py3.10.egg-info/top_level.txt:Zone.Identifier
/home/pride/AGV/install/image_capture/lib/image_capture/capture
