[5.076s] Invoking command in '/home/pride/AGV/src/pan_tilt': PYTHONPATH=/home/pride/AGV/build/pan_tilt/prefix_override:/usr/lib/python3/dist-packages/colcon_core/task/python/colcon_distutils_commands:/home/pride/AGV/install/pan_tilt/lib/python3.10/site-packages:${PYTHONPATH} /usr/bin/python3 -W ignore:setup.py install is deprecated -W ignore:easy_install command is deprecated setup.py egg_info --egg-base ../../build/pan_tilt build --build-base /home/pride/AGV/build/pan_tilt/build install --record /home/pride/AGV/build/pan_tilt/install.log --single-version-externally-managed install_data
[5.655s] running egg_info
[5.656s] writing ../../build/pan_tilt/pan_tilt.egg-info/PKG-INFO
[5.659s] writing dependency_links to ../../build/pan_tilt/pan_tilt.egg-info/dependency_links.txt
[5.660s] writing entry points to ../../build/pan_tilt/pan_tilt.egg-info/entry_points.txt
[5.660s] writing requirements to ../../build/pan_tilt/pan_tilt.egg-info/requires.txt
[5.661s] writing top-level names to ../../build/pan_tilt/pan_tilt.egg-info/top_level.txt
[5.674s] reading manifest file '../../build/pan_tilt/pan_tilt.egg-info/SOURCES.txt'
[5.695s] writing manifest file '../../build/pan_tilt/pan_tilt.egg-info/SOURCES.txt'
[5.697s] running build
[5.697s] running build_py
[5.698s] running install
[5.699s] running install_lib
[5.705s] running install_data
[5.705s] running install_egg_info
[5.719s] removing '/home/pride/AGV/install/pan_tilt/lib/python3.10/site-packages/pan_tilt-0.0.0-py3.10.egg-info' (and everything under it)
[5.724s] Copying ../../build/pan_tilt/pan_tilt.egg-info to /home/pride/AGV/install/pan_tilt/lib/python3.10/site-packages/pan_tilt-0.0.0-py3.10.egg-info
[5.758s] running install_scripts
[5.977s] writing list of installed files to '/home/pride/AGV/build/pan_tilt/install.log'
[6.078s] Invoked command in '/home/pride/AGV/src/pan_tilt' returned '0': PYTHONPATH=/home/pride/AGV/build/pan_tilt/prefix_override:/usr/lib/python3/dist-packages/colcon_core/task/python/colcon_distutils_commands:/home/pride/AGV/install/pan_tilt/lib/python3.10/site-packages:${PYTHONPATH} /usr/bin/python3 -W ignore:setup.py install is deprecated -W ignore:easy_install command is deprecated setup.py egg_info --egg-base ../../build/pan_tilt build --build-base /home/pride/AGV/build/pan_tilt/build install --record /home/pride/AGV/build/pan_tilt/install.log --single-version-externally-managed install_data
