[0.725s] DEBUG:colcon:Command line arguments: ['/usr/bin/colcon', 'build']
[0.726s] DEBUG:colcon:Parsed command line arguments: Namespace(log_base=None, log_level=None, verb_name='build', build_base='build', install_base='install', merge_install=False, symlink_install=False, test_result_base=None, continue_on_error=False, executor='parallel', parallel_workers=8, event_handlers=None, ignore_user_meta=False, metas=['./colcon.meta'], base_paths=['.'], packages_ignore=None, packages_ignore_regex=None, paths=None, packages_up_to=None, packages_up_to_regex=None, packages_above=None, packages_above_and_dependencies=None, packages_above_depth=None, packages_select_by_dep=None, packages_skip_by_dep=None, packages_skip_up_to=None, packages_select_build_failed=False, packages_skip_build_finished=False, packages_select_test_failures=False, packages_skip_test_passed=False, packages_select=None, packages_skip=None, packages_select_regex=None, packages_skip_regex=None, packages_start=None, packages_end=None, allow_overriding=[], cmake_args=None, cmake_target=None, cmake_target_skip_unavailable=False, cmake_clean_cache=False, cmake_clean_first=False, cmake_force_configure=False, ament_cmake_args=None, catkin_cmake_args=None, catkin_skip_building_tests=False, mixin_files=None, mixin=None, verb_parser=<colcon_mixin.mixin.mixin_argument.MixinArgumentDecorator object at 0x7fc34869c250>, verb_extension=<colcon_core.verb.build.BuildVerb object at 0x7fc34866f5b0>, main=<bound method BuildVerb.main of <colcon_core.verb.build.BuildVerb object at 0x7fc34866f5b0>>, mixin_verb=('build',))
[1.049s] Level 1:colcon.colcon_core.package_discovery:discover_packages(colcon_meta) check parameters
[1.049s] Level 1:colcon.colcon_core.package_discovery:discover_packages(recursive) check parameters
[1.049s] Level 1:colcon.colcon_core.package_discovery:discover_packages(ignore) check parameters
[1.049s] Level 1:colcon.colcon_core.package_discovery:discover_packages(path) check parameters
[1.049s] Level 1:colcon.colcon_core.package_discovery:discover_packages(colcon_meta) discover
[1.049s] Level 1:colcon.colcon_core.package_discovery:discover_packages(recursive) discover
[1.049s] INFO:colcon.colcon_core.package_discovery:Crawling recursively for packages in '/home/pride/AGV'
[1.049s] Level 1:colcon.colcon_core.package_identification:_identify(.) by extensions ['ignore', 'ignore_ament_install']
[1.049s] Level 1:colcon.colcon_core.package_identification:_identify(.) by extension 'ignore'
[1.050s] Level 1:colcon.colcon_core.package_identification:_identify(.) by extension 'ignore_ament_install'
[1.050s] Level 1:colcon.colcon_core.package_identification:_identify(.) by extensions ['colcon_pkg']
[1.050s] Level 1:colcon.colcon_core.package_identification:_identify(.) by extension 'colcon_pkg'
[1.050s] Level 1:colcon.colcon_core.package_identification:_identify(.) by extensions ['colcon_meta']
[1.050s] Level 1:colcon.colcon_core.package_identification:_identify(.) by extension 'colcon_meta'
[1.050s] Level 1:colcon.colcon_core.package_identification:_identify(.) by extensions ['ros']
[1.050s] Level 1:colcon.colcon_core.package_identification:_identify(.) by extension 'ros'
[1.071s] Level 1:colcon.colcon_core.package_identification:_identify(.) by extensions ['cmake', 'python']
[1.071s] Level 1:colcon.colcon_core.package_identification:_identify(.) by extension 'cmake'
[1.071s] Level 1:colcon.colcon_core.package_identification:_identify(.) by extension 'python'
[1.071s] Level 1:colcon.colcon_core.package_identification:_identify(.) by extensions ['python_setup_py']
[1.071s] Level 1:colcon.colcon_core.package_identification:_identify(.) by extension 'python_setup_py'
[1.072s] Level 1:colcon.colcon_core.package_identification:_identify(build) by extensions ['ignore', 'ignore_ament_install']
[1.072s] Level 1:colcon.colcon_core.package_identification:_identify(build) by extension 'ignore'
[1.072s] Level 1:colcon.colcon_core.package_identification:_identify(build) ignored
[1.072s] Level 1:colcon.colcon_core.package_identification:_identify(install) by extensions ['ignore', 'ignore_ament_install']
[1.072s] Level 1:colcon.colcon_core.package_identification:_identify(install) by extension 'ignore'
[1.072s] Level 1:colcon.colcon_core.package_identification:_identify(install) ignored
[1.072s] Level 1:colcon.colcon_core.package_identification:_identify(log) by extensions ['ignore', 'ignore_ament_install']
[1.072s] Level 1:colcon.colcon_core.package_identification:_identify(log) by extension 'ignore'
[1.072s] Level 1:colcon.colcon_core.package_identification:_identify(log) ignored
[1.073s] Level 1:colcon.colcon_core.package_identification:_identify(src) by extensions ['ignore', 'ignore_ament_install']
[1.073s] Level 1:colcon.colcon_core.package_identification:_identify(src) by extension 'ignore'
[1.073s] Level 1:colcon.colcon_core.package_identification:_identify(src) by extension 'ignore_ament_install'
[1.073s] Level 1:colcon.colcon_core.package_identification:_identify(src) by extensions ['colcon_pkg']
[1.073s] Level 1:colcon.colcon_core.package_identification:_identify(src) by extension 'colcon_pkg'
[1.073s] Level 1:colcon.colcon_core.package_identification:_identify(src) by extensions ['colcon_meta']
[1.073s] Level 1:colcon.colcon_core.package_identification:_identify(src) by extension 'colcon_meta'
[1.073s] Level 1:colcon.colcon_core.package_identification:_identify(src) by extensions ['ros']
[1.073s] Level 1:colcon.colcon_core.package_identification:_identify(src) by extension 'ros'
[1.073s] Level 1:colcon.colcon_core.package_identification:_identify(src) by extensions ['cmake', 'python']
[1.073s] Level 1:colcon.colcon_core.package_identification:_identify(src) by extension 'cmake'
[1.073s] Level 1:colcon.colcon_core.package_identification:_identify(src) by extension 'python'
[1.073s] Level 1:colcon.colcon_core.package_identification:_identify(src) by extensions ['python_setup_py']
[1.073s] Level 1:colcon.colcon_core.package_identification:_identify(src) by extension 'python_setup_py'
[1.073s] Level 1:colcon.colcon_core.package_identification:_identify(src/build) by extensions ['ignore', 'ignore_ament_install']
[1.073s] Level 1:colcon.colcon_core.package_identification:_identify(src/build) by extension 'ignore'
[1.073s] Level 1:colcon.colcon_core.package_identification:_identify(src/build) ignored
[1.073s] Level 1:colcon.colcon_core.package_identification:_identify(src/geotagging) by extensions ['ignore', 'ignore_ament_install']
[1.073s] Level 1:colcon.colcon_core.package_identification:_identify(src/geotagging) by extension 'ignore'
[1.074s] Level 1:colcon.colcon_core.package_identification:_identify(src/geotagging) by extension 'ignore_ament_install'
[1.074s] Level 1:colcon.colcon_core.package_identification:_identify(src/geotagging) by extensions ['colcon_pkg']
[1.074s] Level 1:colcon.colcon_core.package_identification:_identify(src/geotagging) by extension 'colcon_pkg'
[1.074s] Level 1:colcon.colcon_core.package_identification:_identify(src/geotagging) by extensions ['colcon_meta']
[1.074s] Level 1:colcon.colcon_core.package_identification:_identify(src/geotagging) by extension 'colcon_meta'
[1.074s] Level 1:colcon.colcon_core.package_identification:_identify(src/geotagging) by extensions ['ros']
[1.074s] Level 1:colcon.colcon_core.package_identification:_identify(src/geotagging) by extension 'ros'
[1.085s] DEBUG:colcon.colcon_core.package_identification:Package 'src/geotagging' with type 'ros.ament_python' and name 'geotagging'
[1.085s] Level 1:colcon.colcon_core.package_identification:_identify(src/image_capture) by extensions ['ignore', 'ignore_ament_install']
[1.085s] Level 1:colcon.colcon_core.package_identification:_identify(src/image_capture) by extension 'ignore'
[1.085s] Level 1:colcon.colcon_core.package_identification:_identify(src/image_capture) by extension 'ignore_ament_install'
[1.085s] Level 1:colcon.colcon_core.package_identification:_identify(src/image_capture) by extensions ['colcon_pkg']
[1.085s] Level 1:colcon.colcon_core.package_identification:_identify(src/image_capture) by extension 'colcon_pkg'
[1.085s] Level 1:colcon.colcon_core.package_identification:_identify(src/image_capture) by extensions ['colcon_meta']
[1.085s] Level 1:colcon.colcon_core.package_identification:_identify(src/image_capture) by extension 'colcon_meta'
[1.085s] Level 1:colcon.colcon_core.package_identification:_identify(src/image_capture) by extensions ['ros']
[1.085s] Level 1:colcon.colcon_core.package_identification:_identify(src/image_capture) by extension 'ros'
[1.086s] DEBUG:colcon.colcon_core.package_identification:Package 'src/image_capture' with type 'ros.ament_python' and name 'image_capture'
[1.086s] Level 1:colcon.colcon_core.package_identification:_identify(src/install) by extensions ['ignore', 'ignore_ament_install']
[1.086s] Level 1:colcon.colcon_core.package_identification:_identify(src/install) by extension 'ignore'
[1.086s] Level 1:colcon.colcon_core.package_identification:_identify(src/install) ignored
[1.087s] Level 1:colcon.colcon_core.package_identification:_identify(src/lidar) by extensions ['ignore', 'ignore_ament_install']
[1.087s] Level 1:colcon.colcon_core.package_identification:_identify(src/lidar) by extension 'ignore'
[1.087s] Level 1:colcon.colcon_core.package_identification:_identify(src/lidar) by extension 'ignore_ament_install'
[1.087s] Level 1:colcon.colcon_core.package_identification:_identify(src/lidar) by extensions ['colcon_pkg']
[1.087s] Level 1:colcon.colcon_core.package_identification:_identify(src/lidar) by extension 'colcon_pkg'
[1.087s] Level 1:colcon.colcon_core.package_identification:_identify(src/lidar) by extensions ['colcon_meta']
[1.087s] Level 1:colcon.colcon_core.package_identification:_identify(src/lidar) by extension 'colcon_meta'
[1.087s] Level 1:colcon.colcon_core.package_identification:_identify(src/lidar) by extensions ['ros']
[1.087s] Level 1:colcon.colcon_core.package_identification:_identify(src/lidar) by extension 'ros'
[1.088s] DEBUG:colcon.colcon_core.package_identification:Package 'src/lidar' with type 'ros.ament_python' and name 'lidar'
[1.088s] Level 1:colcon.colcon_core.package_identification:_identify(src/log) by extensions ['ignore', 'ignore_ament_install']
[1.088s] Level 1:colcon.colcon_core.package_identification:_identify(src/log) by extension 'ignore'
[1.088s] Level 1:colcon.colcon_core.package_identification:_identify(src/log) ignored
[1.088s] Level 1:colcon.colcon_core.package_identification:_identify(src/mission_manager) by extensions ['ignore', 'ignore_ament_install']
[1.088s] Level 1:colcon.colcon_core.package_identification:_identify(src/mission_manager) by extension 'ignore'
[1.088s] Level 1:colcon.colcon_core.package_identification:_identify(src/mission_manager) by extension 'ignore_ament_install'
[1.088s] Level 1:colcon.colcon_core.package_identification:_identify(src/mission_manager) by extensions ['colcon_pkg']
[1.088s] Level 1:colcon.colcon_core.package_identification:_identify(src/mission_manager) by extension 'colcon_pkg'
[1.088s] Level 1:colcon.colcon_core.package_identification:_identify(src/mission_manager) by extensions ['colcon_meta']
[1.088s] Level 1:colcon.colcon_core.package_identification:_identify(src/mission_manager) by extension 'colcon_meta'
[1.088s] Level 1:colcon.colcon_core.package_identification:_identify(src/mission_manager) by extensions ['ros']
[1.088s] Level 1:colcon.colcon_core.package_identification:_identify(src/mission_manager) by extension 'ros'
[1.089s] DEBUG:colcon.colcon_core.package_identification:Package 'src/mission_manager' with type 'ros.ament_python' and name 'mission_manager'
[1.089s] Level 1:colcon.colcon_core.package_identification:_identify(src/ntrip_client) by extensions ['ignore', 'ignore_ament_install']
[1.089s] Level 1:colcon.colcon_core.package_identification:_identify(src/ntrip_client) by extension 'ignore'
[1.089s] Level 1:colcon.colcon_core.package_identification:_identify(src/ntrip_client) by extension 'ignore_ament_install'
[1.089s] Level 1:colcon.colcon_core.package_identification:_identify(src/ntrip_client) by extensions ['colcon_pkg']
[1.089s] Level 1:colcon.colcon_core.package_identification:_identify(src/ntrip_client) by extension 'colcon_pkg'
[1.089s] Level 1:colcon.colcon_core.package_identification:_identify(src/ntrip_client) by extensions ['colcon_meta']
[1.089s] Level 1:colcon.colcon_core.package_identification:_identify(src/ntrip_client) by extension 'colcon_meta'
[1.089s] Level 1:colcon.colcon_core.package_identification:_identify(src/ntrip_client) by extensions ['ros']
[1.089s] Level 1:colcon.colcon_core.package_identification:_identify(src/ntrip_client) by extension 'ros'
[1.090s] DEBUG:colcon.colcon_core.package_identification:Package 'src/ntrip_client' with type 'ros.ament_python' and name 'ntrip_client'
[1.090s] Level 1:colcon.colcon_core.package_identification:_identify(src/pan_tilt) by extensions ['ignore', 'ignore_ament_install']
[1.090s] Level 1:colcon.colcon_core.package_identification:_identify(src/pan_tilt) by extension 'ignore'
[1.090s] Level 1:colcon.colcon_core.package_identification:_identify(src/pan_tilt) by extension 'ignore_ament_install'
[1.090s] Level 1:colcon.colcon_core.package_identification:_identify(src/pan_tilt) by extensions ['colcon_pkg']
[1.090s] Level 1:colcon.colcon_core.package_identification:_identify(src/pan_tilt) by extension 'colcon_pkg'
[1.090s] Level 1:colcon.colcon_core.package_identification:_identify(src/pan_tilt) by extensions ['colcon_meta']
[1.090s] Level 1:colcon.colcon_core.package_identification:_identify(src/pan_tilt) by extension 'colcon_meta'
[1.090s] Level 1:colcon.colcon_core.package_identification:_identify(src/pan_tilt) by extensions ['ros']
[1.090s] Level 1:colcon.colcon_core.package_identification:_identify(src/pan_tilt) by extension 'ros'
[1.091s] DEBUG:colcon.colcon_core.package_identification:Package 'src/pan_tilt' with type 'ros.ament_python' and name 'pan_tilt'
[1.091s] Level 1:colcon.colcon_core.package_identification:_identify(src/solar_panel_detector) by extensions ['ignore', 'ignore_ament_install']
[1.091s] Level 1:colcon.colcon_core.package_identification:_identify(src/solar_panel_detector) by extension 'ignore'
[1.091s] Level 1:colcon.colcon_core.package_identification:_identify(src/solar_panel_detector) by extension 'ignore_ament_install'
[1.091s] Level 1:colcon.colcon_core.package_identification:_identify(src/solar_panel_detector) by extensions ['colcon_pkg']
[1.091s] Level 1:colcon.colcon_core.package_identification:_identify(src/solar_panel_detector) by extension 'colcon_pkg'
[1.091s] Level 1:colcon.colcon_core.package_identification:_identify(src/solar_panel_detector) by extensions ['colcon_meta']
[1.091s] Level 1:colcon.colcon_core.package_identification:_identify(src/solar_panel_detector) by extension 'colcon_meta'
[1.091s] Level 1:colcon.colcon_core.package_identification:_identify(src/solar_panel_detector) by extensions ['ros']
[1.091s] Level 1:colcon.colcon_core.package_identification:_identify(src/solar_panel_detector) by extension 'ros'
[1.092s] DEBUG:colcon.colcon_core.package_identification:Package 'src/solar_panel_detector' with type 'ros.ament_python' and name 'solar_panel_detector'
[1.092s] Level 1:colcon.colcon_core.package_discovery:discover_packages(recursive) using defaults
[1.092s] Level 1:colcon.colcon_core.package_discovery:discover_packages(ignore) discover
[1.092s] Level 1:colcon.colcon_core.package_discovery:discover_packages(ignore) using defaults
[1.092s] Level 1:colcon.colcon_core.package_discovery:discover_packages(path) discover
[1.092s] Level 1:colcon.colcon_core.package_discovery:discover_packages(path) using defaults
[1.148s] Level 1:colcon.colcon_core.package_discovery:discover_packages(prefix_path) check parameters
[1.149s] Level 1:colcon.colcon_core.package_discovery:discover_packages(prefix_path) discover
[1.152s] Level 1:colcon.colcon_core.package_discovery:discover_packages(prefix_path) using defaults
[1.155s] Level 5:colcon.colcon_core.verb:set package 'geotagging' build argument 'cmake_args' from command line to 'None'
[1.155s] Level 5:colcon.colcon_core.verb:set package 'geotagging' build argument 'cmake_target' from command line to 'None'
[1.155s] Level 5:colcon.colcon_core.verb:set package 'geotagging' build argument 'cmake_target_skip_unavailable' from command line to 'False'
[1.155s] Level 5:colcon.colcon_core.verb:set package 'geotagging' build argument 'cmake_clean_cache' from command line to 'False'
[1.155s] Level 5:colcon.colcon_core.verb:set package 'geotagging' build argument 'cmake_clean_first' from command line to 'False'
[1.155s] Level 5:colcon.colcon_core.verb:set package 'geotagging' build argument 'cmake_force_configure' from command line to 'False'
[1.155s] Level 5:colcon.colcon_core.verb:set package 'geotagging' build argument 'ament_cmake_args' from command line to 'None'
[1.155s] Level 5:colcon.colcon_core.verb:set package 'geotagging' build argument 'catkin_cmake_args' from command line to 'None'
[1.155s] Level 5:colcon.colcon_core.verb:set package 'geotagging' build argument 'catkin_skip_building_tests' from command line to 'False'
[1.155s] DEBUG:colcon.colcon_core.verb:Building package 'geotagging' with the following arguments: {'ament_cmake_args': None, 'build_base': '/home/pride/AGV/build/geotagging', 'catkin_cmake_args': None, 'catkin_skip_building_tests': False, 'cmake_args': None, 'cmake_clean_cache': False, 'cmake_clean_first': False, 'cmake_force_configure': False, 'cmake_target': None, 'cmake_target_skip_unavailable': False, 'install_base': '/home/pride/AGV/install/geotagging', 'merge_install': False, 'path': '/home/pride/AGV/src/geotagging', 'symlink_install': False, 'test_result_base': None}
[1.156s] Level 5:colcon.colcon_core.verb:set package 'image_capture' build argument 'cmake_args' from command line to 'None'
[1.156s] Level 5:colcon.colcon_core.verb:set package 'image_capture' build argument 'cmake_target' from command line to 'None'
[1.156s] Level 5:colcon.colcon_core.verb:set package 'image_capture' build argument 'cmake_target_skip_unavailable' from command line to 'False'
[1.156s] Level 5:colcon.colcon_core.verb:set package 'image_capture' build argument 'cmake_clean_cache' from command line to 'False'
[1.156s] Level 5:colcon.colcon_core.verb:set package 'image_capture' build argument 'cmake_clean_first' from command line to 'False'
[1.156s] Level 5:colcon.colcon_core.verb:set package 'image_capture' build argument 'cmake_force_configure' from command line to 'False'
[1.156s] Level 5:colcon.colcon_core.verb:set package 'image_capture' build argument 'ament_cmake_args' from command line to 'None'
[1.156s] Level 5:colcon.colcon_core.verb:set package 'image_capture' build argument 'catkin_cmake_args' from command line to 'None'
[1.156s] Level 5:colcon.colcon_core.verb:set package 'image_capture' build argument 'catkin_skip_building_tests' from command line to 'False'
[1.156s] DEBUG:colcon.colcon_core.verb:Building package 'image_capture' with the following arguments: {'ament_cmake_args': None, 'build_base': '/home/pride/AGV/build/image_capture', 'catkin_cmake_args': None, 'catkin_skip_building_tests': False, 'cmake_args': None, 'cmake_clean_cache': False, 'cmake_clean_first': False, 'cmake_force_configure': False, 'cmake_target': None, 'cmake_target_skip_unavailable': False, 'install_base': '/home/pride/AGV/install/image_capture', 'merge_install': False, 'path': '/home/pride/AGV/src/image_capture', 'symlink_install': False, 'test_result_base': None}
[1.156s] Level 5:colcon.colcon_core.verb:set package 'lidar' build argument 'cmake_args' from command line to 'None'
[1.156s] Level 5:colcon.colcon_core.verb:set package 'lidar' build argument 'cmake_target' from command line to 'None'
[1.156s] Level 5:colcon.colcon_core.verb:set package 'lidar' build argument 'cmake_target_skip_unavailable' from command line to 'False'
[1.156s] Level 5:colcon.colcon_core.verb:set package 'lidar' build argument 'cmake_clean_cache' from command line to 'False'
[1.156s] Level 5:colcon.colcon_core.verb:set package 'lidar' build argument 'cmake_clean_first' from command line to 'False'
[1.156s] Level 5:colcon.colcon_core.verb:set package 'lidar' build argument 'cmake_force_configure' from command line to 'False'
[1.156s] Level 5:colcon.colcon_core.verb:set package 'lidar' build argument 'ament_cmake_args' from command line to 'None'
[1.156s] Level 5:colcon.colcon_core.verb:set package 'lidar' build argument 'catkin_cmake_args' from command line to 'None'
[1.156s] Level 5:colcon.colcon_core.verb:set package 'lidar' build argument 'catkin_skip_building_tests' from command line to 'False'
[1.156s] DEBUG:colcon.colcon_core.verb:Building package 'lidar' with the following arguments: {'ament_cmake_args': None, 'build_base': '/home/pride/AGV/build/lidar', 'catkin_cmake_args': None, 'catkin_skip_building_tests': False, 'cmake_args': None, 'cmake_clean_cache': False, 'cmake_clean_first': False, 'cmake_force_configure': False, 'cmake_target': None, 'cmake_target_skip_unavailable': False, 'install_base': '/home/pride/AGV/install/lidar', 'merge_install': False, 'path': '/home/pride/AGV/src/lidar', 'symlink_install': False, 'test_result_base': None}
[1.156s] Level 5:colcon.colcon_core.verb:set package 'mission_manager' build argument 'cmake_args' from command line to 'None'
[1.156s] Level 5:colcon.colcon_core.verb:set package 'mission_manager' build argument 'cmake_target' from command line to 'None'
[1.156s] Level 5:colcon.colcon_core.verb:set package 'mission_manager' build argument 'cmake_target_skip_unavailable' from command line to 'False'
[1.156s] Level 5:colcon.colcon_core.verb:set package 'mission_manager' build argument 'cmake_clean_cache' from command line to 'False'
[1.156s] Level 5:colcon.colcon_core.verb:set package 'mission_manager' build argument 'cmake_clean_first' from command line to 'False'
[1.156s] Level 5:colcon.colcon_core.verb:set package 'mission_manager' build argument 'cmake_force_configure' from command line to 'False'
[1.156s] Level 5:colcon.colcon_core.verb:set package 'mission_manager' build argument 'ament_cmake_args' from command line to 'None'
[1.156s] Level 5:colcon.colcon_core.verb:set package 'mission_manager' build argument 'catkin_cmake_args' from command line to 'None'
[1.157s] Level 5:colcon.colcon_core.verb:set package 'mission_manager' build argument 'catkin_skip_building_tests' from command line to 'False'
[1.157s] DEBUG:colcon.colcon_core.verb:Building package 'mission_manager' with the following arguments: {'ament_cmake_args': None, 'build_base': '/home/pride/AGV/build/mission_manager', 'catkin_cmake_args': None, 'catkin_skip_building_tests': False, 'cmake_args': None, 'cmake_clean_cache': False, 'cmake_clean_first': False, 'cmake_force_configure': False, 'cmake_target': None, 'cmake_target_skip_unavailable': False, 'install_base': '/home/pride/AGV/install/mission_manager', 'merge_install': False, 'path': '/home/pride/AGV/src/mission_manager', 'symlink_install': False, 'test_result_base': None}
[1.157s] Level 5:colcon.colcon_core.verb:set package 'ntrip_client' build argument 'cmake_args' from command line to 'None'
[1.157s] Level 5:colcon.colcon_core.verb:set package 'ntrip_client' build argument 'cmake_target' from command line to 'None'
[1.157s] Level 5:colcon.colcon_core.verb:set package 'ntrip_client' build argument 'cmake_target_skip_unavailable' from command line to 'False'
[1.157s] Level 5:colcon.colcon_core.verb:set package 'ntrip_client' build argument 'cmake_clean_cache' from command line to 'False'
[1.157s] Level 5:colcon.colcon_core.verb:set package 'ntrip_client' build argument 'cmake_clean_first' from command line to 'False'
[1.157s] Level 5:colcon.colcon_core.verb:set package 'ntrip_client' build argument 'cmake_force_configure' from command line to 'False'
[1.157s] Level 5:colcon.colcon_core.verb:set package 'ntrip_client' build argument 'ament_cmake_args' from command line to 'None'
[1.157s] Level 5:colcon.colcon_core.verb:set package 'ntrip_client' build argument 'catkin_cmake_args' from command line to 'None'
[1.157s] Level 5:colcon.colcon_core.verb:set package 'ntrip_client' build argument 'catkin_skip_building_tests' from command line to 'False'
[1.157s] DEBUG:colcon.colcon_core.verb:Building package 'ntrip_client' with the following arguments: {'ament_cmake_args': None, 'build_base': '/home/pride/AGV/build/ntrip_client', 'catkin_cmake_args': None, 'catkin_skip_building_tests': False, 'cmake_args': None, 'cmake_clean_cache': False, 'cmake_clean_first': False, 'cmake_force_configure': False, 'cmake_target': None, 'cmake_target_skip_unavailable': False, 'install_base': '/home/pride/AGV/install/ntrip_client', 'merge_install': False, 'path': '/home/pride/AGV/src/ntrip_client', 'symlink_install': False, 'test_result_base': None}
[1.157s] Level 5:colcon.colcon_core.verb:set package 'pan_tilt' build argument 'cmake_args' from command line to 'None'
[1.157s] Level 5:colcon.colcon_core.verb:set package 'pan_tilt' build argument 'cmake_target' from command line to 'None'
[1.157s] Level 5:colcon.colcon_core.verb:set package 'pan_tilt' build argument 'cmake_target_skip_unavailable' from command line to 'False'
[1.157s] Level 5:colcon.colcon_core.verb:set package 'pan_tilt' build argument 'cmake_clean_cache' from command line to 'False'
[1.157s] Level 5:colcon.colcon_core.verb:set package 'pan_tilt' build argument 'cmake_clean_first' from command line to 'False'
[1.157s] Level 5:colcon.colcon_core.verb:set package 'pan_tilt' build argument 'cmake_force_configure' from command line to 'False'
[1.157s] Level 5:colcon.colcon_core.verb:set package 'pan_tilt' build argument 'ament_cmake_args' from command line to 'None'
[1.157s] Level 5:colcon.colcon_core.verb:set package 'pan_tilt' build argument 'catkin_cmake_args' from command line to 'None'
[1.157s] Level 5:colcon.colcon_core.verb:set package 'pan_tilt' build argument 'catkin_skip_building_tests' from command line to 'False'
[1.157s] DEBUG:colcon.colcon_core.verb:Building package 'pan_tilt' with the following arguments: {'ament_cmake_args': None, 'build_base': '/home/pride/AGV/build/pan_tilt', 'catkin_cmake_args': None, 'catkin_skip_building_tests': False, 'cmake_args': None, 'cmake_clean_cache': False, 'cmake_clean_first': False, 'cmake_force_configure': False, 'cmake_target': None, 'cmake_target_skip_unavailable': False, 'install_base': '/home/pride/AGV/install/pan_tilt', 'merge_install': False, 'path': '/home/pride/AGV/src/pan_tilt', 'symlink_install': False, 'test_result_base': None}
[1.158s] Level 5:colcon.colcon_core.verb:set package 'solar_panel_detector' build argument 'cmake_args' from command line to 'None'
[1.158s] Level 5:colcon.colcon_core.verb:set package 'solar_panel_detector' build argument 'cmake_target' from command line to 'None'
[1.158s] Level 5:colcon.colcon_core.verb:set package 'solar_panel_detector' build argument 'cmake_target_skip_unavailable' from command line to 'False'
[1.158s] Level 5:colcon.colcon_core.verb:set package 'solar_panel_detector' build argument 'cmake_clean_cache' from command line to 'False'
[1.158s] Level 5:colcon.colcon_core.verb:set package 'solar_panel_detector' build argument 'cmake_clean_first' from command line to 'False'
[1.158s] Level 5:colcon.colcon_core.verb:set package 'solar_panel_detector' build argument 'cmake_force_configure' from command line to 'False'
[1.158s] Level 5:colcon.colcon_core.verb:set package 'solar_panel_detector' build argument 'ament_cmake_args' from command line to 'None'
[1.158s] Level 5:colcon.colcon_core.verb:set package 'solar_panel_detector' build argument 'catkin_cmake_args' from command line to 'None'
[1.158s] Level 5:colcon.colcon_core.verb:set package 'solar_panel_detector' build argument 'catkin_skip_building_tests' from command line to 'False'
[1.158s] DEBUG:colcon.colcon_core.verb:Building package 'solar_panel_detector' with the following arguments: {'ament_cmake_args': None, 'build_base': '/home/pride/AGV/build/solar_panel_detector', 'catkin_cmake_args': None, 'catkin_skip_building_tests': False, 'cmake_args': None, 'cmake_clean_cache': False, 'cmake_clean_first': False, 'cmake_force_configure': False, 'cmake_target': None, 'cmake_target_skip_unavailable': False, 'install_base': '/home/pride/AGV/install/solar_panel_detector', 'merge_install': False, 'path': '/home/pride/AGV/src/solar_panel_detector', 'symlink_install': False, 'test_result_base': None}
[1.158s] INFO:colcon.colcon_core.executor:Executing jobs using 'parallel' executor
[1.159s] DEBUG:colcon.colcon_parallel_executor.executor.parallel:run_until_complete
[1.160s] INFO:colcon.colcon_ros.task.ament_python.build:Building ROS package in '/home/pride/AGV/src/geotagging' with build type 'ament_python'
[1.160s] Level 1:colcon.colcon_core.shell:create_environment_hook('geotagging', 'ament_prefix_path')
[1.174s] INFO:colcon.colcon_core.plugin_system:Skipping extension 'colcon_core.shell.bat': Not used on non-Windows systems
[1.174s] INFO:colcon.colcon_core.shell:Creating environment hook '/home/pride/AGV/install/geotagging/share/geotagging/hook/ament_prefix_path.ps1'
[1.176s] INFO:colcon.colcon_core.shell:Creating environment descriptor '/home/pride/AGV/install/geotagging/share/geotagging/hook/ament_prefix_path.dsv'
[1.178s] INFO:colcon.colcon_core.shell:Creating environment hook '/home/pride/AGV/install/geotagging/share/geotagging/hook/ament_prefix_path.sh'
[1.182s] INFO:colcon.colcon_core.shell:Skip shell extension 'powershell' for command environment: Not usable outside of PowerShell
[1.182s] DEBUG:colcon.colcon_core.shell:Skip shell extension 'dsv' for command environment
[1.186s] INFO:colcon.colcon_ros.task.ament_python.build:Building ROS package in '/home/pride/AGV/src/image_capture' with build type 'ament_python'
[1.187s] Level 1:colcon.colcon_core.shell:create_environment_hook('image_capture', 'ament_prefix_path')
[1.188s] INFO:colcon.colcon_core.shell:Creating environment hook '/home/pride/AGV/install/image_capture/share/image_capture/hook/ament_prefix_path.ps1'
[1.188s] INFO:colcon.colcon_core.shell:Creating environment descriptor '/home/pride/AGV/install/image_capture/share/image_capture/hook/ament_prefix_path.dsv'
[1.189s] INFO:colcon.colcon_core.shell:Creating environment hook '/home/pride/AGV/install/image_capture/share/image_capture/hook/ament_prefix_path.sh'
[1.190s] INFO:colcon.colcon_core.shell:Skip shell extension 'powershell' for command environment: Not usable outside of PowerShell
[1.190s] DEBUG:colcon.colcon_core.shell:Skip shell extension 'dsv' for command environment
[1.192s] INFO:colcon.colcon_ros.task.ament_python.build:Building ROS package in '/home/pride/AGV/src/lidar' with build type 'ament_python'
[1.193s] Level 1:colcon.colcon_core.shell:create_environment_hook('lidar', 'ament_prefix_path')
[1.193s] INFO:colcon.colcon_core.shell:Creating environment hook '/home/pride/AGV/install/lidar/share/lidar/hook/ament_prefix_path.ps1'
[1.194s] INFO:colcon.colcon_core.shell:Creating environment descriptor '/home/pride/AGV/install/lidar/share/lidar/hook/ament_prefix_path.dsv'
[1.195s] INFO:colcon.colcon_core.shell:Creating environment hook '/home/pride/AGV/install/lidar/share/lidar/hook/ament_prefix_path.sh'
[1.196s] INFO:colcon.colcon_core.shell:Skip shell extension 'powershell' for command environment: Not usable outside of PowerShell
[1.197s] DEBUG:colcon.colcon_core.shell:Skip shell extension 'dsv' for command environment
[1.201s] INFO:colcon.colcon_ros.task.ament_python.build:Building ROS package in '/home/pride/AGV/src/mission_manager' with build type 'ament_python'
[1.201s] Level 1:colcon.colcon_core.shell:create_environment_hook('mission_manager', 'ament_prefix_path')
[1.202s] INFO:colcon.colcon_core.shell:Creating environment hook '/home/pride/AGV/install/mission_manager/share/mission_manager/hook/ament_prefix_path.ps1'
[1.204s] INFO:colcon.colcon_core.shell:Creating environment descriptor '/home/pride/AGV/install/mission_manager/share/mission_manager/hook/ament_prefix_path.dsv'
[1.204s] INFO:colcon.colcon_core.shell:Creating environment hook '/home/pride/AGV/install/mission_manager/share/mission_manager/hook/ament_prefix_path.sh'
[1.205s] INFO:colcon.colcon_core.shell:Skip shell extension 'powershell' for command environment: Not usable outside of PowerShell
[1.205s] DEBUG:colcon.colcon_core.shell:Skip shell extension 'dsv' for command environment
[1.208s] INFO:colcon.colcon_ros.task.ament_python.build:Building ROS package in '/home/pride/AGV/src/ntrip_client' with build type 'ament_python'
[1.208s] Level 1:colcon.colcon_core.shell:create_environment_hook('ntrip_client', 'ament_prefix_path')
[1.209s] INFO:colcon.colcon_core.shell:Creating environment hook '/home/pride/AGV/install/ntrip_client/share/ntrip_client/hook/ament_prefix_path.ps1'
[1.212s] INFO:colcon.colcon_core.shell:Creating environment descriptor '/home/pride/AGV/install/ntrip_client/share/ntrip_client/hook/ament_prefix_path.dsv'
[1.214s] INFO:colcon.colcon_core.shell:Creating environment hook '/home/pride/AGV/install/ntrip_client/share/ntrip_client/hook/ament_prefix_path.sh'
[1.216s] INFO:colcon.colcon_core.shell:Skip shell extension 'powershell' for command environment: Not usable outside of PowerShell
[1.216s] DEBUG:colcon.colcon_core.shell:Skip shell extension 'dsv' for command environment
[1.219s] INFO:colcon.colcon_ros.task.ament_python.build:Building ROS package in '/home/pride/AGV/src/pan_tilt' with build type 'ament_python'
[1.219s] Level 1:colcon.colcon_core.shell:create_environment_hook('pan_tilt', 'ament_prefix_path')
[1.220s] INFO:colcon.colcon_core.shell:Creating environment hook '/home/pride/AGV/install/pan_tilt/share/pan_tilt/hook/ament_prefix_path.ps1'
[1.221s] INFO:colcon.colcon_core.shell:Creating environment descriptor '/home/pride/AGV/install/pan_tilt/share/pan_tilt/hook/ament_prefix_path.dsv'
[1.222s] INFO:colcon.colcon_core.shell:Creating environment hook '/home/pride/AGV/install/pan_tilt/share/pan_tilt/hook/ament_prefix_path.sh'
[1.223s] INFO:colcon.colcon_core.shell:Skip shell extension 'powershell' for command environment: Not usable outside of PowerShell
[1.223s] DEBUG:colcon.colcon_core.shell:Skip shell extension 'dsv' for command environment
[1.226s] INFO:colcon.colcon_ros.task.ament_python.build:Building ROS package in '/home/pride/AGV/src/solar_panel_detector' with build type 'ament_python'
[1.227s] Level 1:colcon.colcon_core.shell:create_environment_hook('solar_panel_detector', 'ament_prefix_path')
[1.228s] INFO:colcon.colcon_core.shell:Creating environment hook '/home/pride/AGV/install/solar_panel_detector/share/solar_panel_detector/hook/ament_prefix_path.ps1'
[1.229s] INFO:colcon.colcon_core.shell:Creating environment descriptor '/home/pride/AGV/install/solar_panel_detector/share/solar_panel_detector/hook/ament_prefix_path.dsv'
[1.230s] INFO:colcon.colcon_core.shell:Creating environment hook '/home/pride/AGV/install/solar_panel_detector/share/solar_panel_detector/hook/ament_prefix_path.sh'
[1.232s] INFO:colcon.colcon_core.shell:Skip shell extension 'powershell' for command environment: Not usable outside of PowerShell
[1.232s] DEBUG:colcon.colcon_core.shell:Skip shell extension 'dsv' for command environment
[1.459s] INFO:colcon.colcon_core.task.python.build:Building Python package in '/home/pride/AGV/src/geotagging'
[1.460s] INFO:colcon.colcon_core.shell:Skip shell extension 'powershell' for command environment: Not usable outside of PowerShell
[1.460s] DEBUG:colcon.colcon_core.shell:Skip shell extension 'dsv' for command environment
[1.684s] INFO:colcon.colcon_core.task.python.build:Building Python package in '/home/pride/AGV/src/image_capture'
[1.684s] INFO:colcon.colcon_core.shell:Skip shell extension 'powershell' for command environment: Not usable outside of PowerShell
[1.684s] DEBUG:colcon.colcon_core.shell:Skip shell extension 'dsv' for command environment
[1.893s] INFO:colcon.colcon_core.task.python.build:Building Python package in '/home/pride/AGV/src/lidar'
[1.893s] INFO:colcon.colcon_core.shell:Skip shell extension 'powershell' for command environment: Not usable outside of PowerShell
[1.893s] DEBUG:colcon.colcon_core.shell:Skip shell extension 'dsv' for command environment
[2.053s] INFO:colcon.colcon_core.task.python.build:Building Python package in '/home/pride/AGV/src/mission_manager'
[2.054s] INFO:colcon.colcon_core.shell:Skip shell extension 'powershell' for command environment: Not usable outside of PowerShell
[2.054s] DEBUG:colcon.colcon_core.shell:Skip shell extension 'dsv' for command environment
[2.227s] INFO:colcon.colcon_core.task.python.build:Building Python package in '/home/pride/AGV/src/ntrip_client'
[2.228s] INFO:colcon.colcon_core.shell:Skip shell extension 'powershell' for command environment: Not usable outside of PowerShell
[2.228s] DEBUG:colcon.colcon_core.shell:Skip shell extension 'dsv' for command environment
[2.464s] INFO:colcon.colcon_core.task.python.build:Building Python package in '/home/pride/AGV/src/pan_tilt'
[2.464s] INFO:colcon.colcon_core.shell:Skip shell extension 'powershell' for command environment: Not usable outside of PowerShell
[2.464s] DEBUG:colcon.colcon_core.shell:Skip shell extension 'dsv' for command environment
[2.668s] INFO:colcon.colcon_core.task.python.build:Building Python package in '/home/pride/AGV/src/solar_panel_detector'
[2.668s] INFO:colcon.colcon_core.shell:Skip shell extension 'powershell' for command environment: Not usable outside of PowerShell
[2.668s] DEBUG:colcon.colcon_core.shell:Skip shell extension 'dsv' for command environment
[3.872s] DEBUG:colcon.colcon_core.event_handler.log_command:Invoking command in '/home/pride/AGV/src/solar_panel_detector': PYTHONPATH=/home/pride/AGV/build/solar_panel_detector/prefix_override:/usr/lib/python3/dist-packages/colcon_core/task/python/colcon_distutils_commands:/home/pride/AGV/install/solar_panel_detector/lib/python3.10/site-packages: /usr/bin/python3 -W ignore:setup.py install is deprecated -W ignore:easy_install command is deprecated setup.py egg_info --egg-base ../../build/solar_panel_detector build --build-base /home/pride/AGV/build/solar_panel_detector/build install --record /home/pride/AGV/build/solar_panel_detector/install.log --single-version-externally-managed install_data
[3.894s] DEBUG:colcon.colcon_core.event_handler.log_command:Invoking command in '/home/pride/AGV/src/ntrip_client': PYTHONPATH=/home/pride/AGV/build/ntrip_client/prefix_override:/usr/lib/python3/dist-packages/colcon_core/task/python/colcon_distutils_commands:/home/pride/AGV/install/ntrip_client/lib/python3.10/site-packages: /usr/bin/python3 -W ignore:setup.py install is deprecated -W ignore:easy_install command is deprecated setup.py egg_info --egg-base ../../build/ntrip_client build --build-base /home/pride/AGV/build/ntrip_client/build install --record /home/pride/AGV/build/ntrip_client/install.log --single-version-externally-managed install_data
[3.895s] DEBUG:colcon.colcon_core.event_handler.log_command:Invoking command in '/home/pride/AGV/src/mission_manager': PYTHONPATH=/home/pride/AGV/build/mission_manager/prefix_override:/usr/lib/python3/dist-packages/colcon_core/task/python/colcon_distutils_commands:/home/pride/AGV/install/mission_manager/lib/python3.10/site-packages: /usr/bin/python3 -W ignore:setup.py install is deprecated -W ignore:easy_install command is deprecated setup.py egg_info --egg-base ../../build/mission_manager build --build-base /home/pride/AGV/build/mission_manager/build install --record /home/pride/AGV/build/mission_manager/install.log --single-version-externally-managed install_data
[3.897s] DEBUG:colcon.colcon_core.event_handler.log_command:Invoking command in '/home/pride/AGV/src/image_capture': PYTHONPATH=/home/pride/AGV/build/image_capture/prefix_override:/usr/lib/python3/dist-packages/colcon_core/task/python/colcon_distutils_commands:/home/pride/AGV/install/image_capture/lib/python3.10/site-packages: /usr/bin/python3 -W ignore:setup.py install is deprecated -W ignore:easy_install command is deprecated setup.py egg_info --egg-base ../../build/image_capture build --build-base /home/pride/AGV/build/image_capture/build install --record /home/pride/AGV/build/image_capture/install.log --single-version-externally-managed install_data
[3.902s] DEBUG:colcon.colcon_core.event_handler.log_command:Invoking command in '/home/pride/AGV/src/lidar': PYTHONPATH=/home/pride/AGV/build/lidar/prefix_override:/usr/lib/python3/dist-packages/colcon_core/task/python/colcon_distutils_commands:/home/pride/AGV/install/lidar/lib/python3.10/site-packages: /usr/bin/python3 -W ignore:setup.py install is deprecated -W ignore:easy_install command is deprecated setup.py egg_info --egg-base ../../build/lidar build --build-base /home/pride/AGV/build/lidar/build install --record /home/pride/AGV/build/lidar/install.log --single-version-externally-managed install_data
[3.905s] DEBUG:colcon.colcon_core.event_handler.log_command:Invoking command in '/home/pride/AGV/src/geotagging': PYTHONPATH=/home/pride/AGV/build/geotagging/prefix_override:/usr/lib/python3/dist-packages/colcon_core/task/python/colcon_distutils_commands:/home/pride/AGV/install/geotagging/lib/python3.10/site-packages: /usr/bin/python3 -W ignore:setup.py install is deprecated -W ignore:easy_install command is deprecated setup.py egg_info --egg-base ../../build/geotagging build --build-base /home/pride/AGV/build/geotagging/build install --record /home/pride/AGV/build/geotagging/install.log --single-version-externally-managed install_data
[3.924s] DEBUG:colcon.colcon_core.event_handler.log_command:Invoking command in '/home/pride/AGV/src/pan_tilt': PYTHONPATH=/home/pride/AGV/build/pan_tilt/prefix_override:/usr/lib/python3/dist-packages/colcon_core/task/python/colcon_distutils_commands:/home/pride/AGV/install/pan_tilt/lib/python3.10/site-packages: /usr/bin/python3 -W ignore:setup.py install is deprecated -W ignore:easy_install command is deprecated setup.py egg_info --egg-base ../../build/pan_tilt build --build-base /home/pride/AGV/build/pan_tilt/build install --record /home/pride/AGV/build/pan_tilt/install.log --single-version-externally-managed install_data
[4.369s] DEBUG:colcon.colcon_core.event_handler.log_command:Invoked command in '/home/pride/AGV/src/lidar' returned '0': PYTHONPATH=/home/pride/AGV/build/lidar/prefix_override:/usr/lib/python3/dist-packages/colcon_core/task/python/colcon_distutils_commands:/home/pride/AGV/install/lidar/lib/python3.10/site-packages: /usr/bin/python3 -W ignore:setup.py install is deprecated -W ignore:easy_install command is deprecated setup.py egg_info --egg-base ../../build/lidar build --build-base /home/pride/AGV/build/lidar/build install --record /home/pride/AGV/build/lidar/install.log --single-version-externally-managed install_data
[4.389s] Level 1:colcon.colcon_core.environment:checking '/home/pride/AGV/install/lidar' for CMake module files
[4.390s] Level 1:colcon.colcon_core.environment:checking '/home/pride/AGV/install/lidar' for CMake config files
[4.391s] Level 1:colcon.colcon_core.environment:checking '/home/pride/AGV/install/lidar/lib'
[4.391s] Level 1:colcon.colcon_core.environment:checking '/home/pride/AGV/install/lidar/bin'
[4.391s] Level 1:colcon.colcon_core.environment:checking '/home/pride/AGV/install/lidar/lib/pkgconfig/lidar.pc'
[4.391s] Level 1:colcon.colcon_core.environment:checking '/home/pride/AGV/install/lidar/lib/python3.10/site-packages'
[4.391s] Level 1:colcon.colcon_core.shell:create_environment_hook('lidar', 'pythonpath')
[4.392s] INFO:colcon.colcon_core.shell:Creating environment hook '/home/pride/AGV/install/lidar/share/lidar/hook/pythonpath.ps1'
[4.392s] INFO:colcon.colcon_core.shell:Creating environment descriptor '/home/pride/AGV/install/lidar/share/lidar/hook/pythonpath.dsv'
[4.393s] INFO:colcon.colcon_core.shell:Creating environment hook '/home/pride/AGV/install/lidar/share/lidar/hook/pythonpath.sh'
[4.394s] Level 1:colcon.colcon_core.environment:checking '/home/pride/AGV/install/lidar/bin'
[4.394s] Level 1:colcon.colcon_core.environment:create_environment_scripts_only(lidar)
[4.394s] INFO:colcon.colcon_core.shell:Creating package script '/home/pride/AGV/install/lidar/share/lidar/package.ps1'
[4.396s] INFO:colcon.colcon_core.shell:Creating package descriptor '/home/pride/AGV/install/lidar/share/lidar/package.dsv'
[4.398s] INFO:colcon.colcon_core.shell:Creating package script '/home/pride/AGV/install/lidar/share/lidar/package.sh'
[4.400s] INFO:colcon.colcon_core.shell:Creating package script '/home/pride/AGV/install/lidar/share/lidar/package.bash'
[4.402s] INFO:colcon.colcon_core.shell:Creating package script '/home/pride/AGV/install/lidar/share/lidar/package.zsh'
[4.405s] Level 1:colcon.colcon_core.environment:create_file_with_runtime_dependencies(/home/pride/AGV/install/lidar/share/colcon-core/packages/lidar)
[4.411s] Level 1:colcon.colcon_core.environment:checking '/home/pride/AGV/install/mission_manager' for CMake module files
[4.412s] DEBUG:colcon.colcon_core.event_handler.log_command:Invoked command in '/home/pride/AGV/src/mission_manager' returned '0': PYTHONPATH=/home/pride/AGV/build/mission_manager/prefix_override:/usr/lib/python3/dist-packages/colcon_core/task/python/colcon_distutils_commands:/home/pride/AGV/install/mission_manager/lib/python3.10/site-packages: /usr/bin/python3 -W ignore:setup.py install is deprecated -W ignore:easy_install command is deprecated setup.py egg_info --egg-base ../../build/mission_manager build --build-base /home/pride/AGV/build/mission_manager/build install --record /home/pride/AGV/build/mission_manager/install.log --single-version-externally-managed install_data
[4.413s] Level 1:colcon.colcon_core.environment:checking '/home/pride/AGV/install/mission_manager' for CMake config files
[4.413s] Level 1:colcon.colcon_core.environment:checking '/home/pride/AGV/install/mission_manager/lib'
[4.413s] Level 1:colcon.colcon_core.environment:checking '/home/pride/AGV/install/mission_manager/bin'
[4.413s] Level 1:colcon.colcon_core.environment:checking '/home/pride/AGV/install/mission_manager/lib/pkgconfig/mission_manager.pc'
[4.413s] Level 1:colcon.colcon_core.environment:checking '/home/pride/AGV/install/mission_manager/lib/python3.10/site-packages'
[4.414s] Level 1:colcon.colcon_core.shell:create_environment_hook('mission_manager', 'pythonpath')
[4.414s] INFO:colcon.colcon_core.shell:Creating environment hook '/home/pride/AGV/install/mission_manager/share/mission_manager/hook/pythonpath.ps1'
[4.414s] INFO:colcon.colcon_core.shell:Creating environment descriptor '/home/pride/AGV/install/mission_manager/share/mission_manager/hook/pythonpath.dsv'
[4.415s] INFO:colcon.colcon_core.shell:Creating environment hook '/home/pride/AGV/install/mission_manager/share/mission_manager/hook/pythonpath.sh'
[4.415s] Level 1:colcon.colcon_core.environment:checking '/home/pride/AGV/install/mission_manager/bin'
[4.415s] Level 1:colcon.colcon_core.environment:create_environment_scripts_only(mission_manager)
[4.416s] INFO:colcon.colcon_core.shell:Creating package script '/home/pride/AGV/install/mission_manager/share/mission_manager/package.ps1'
[4.416s] INFO:colcon.colcon_core.shell:Creating package descriptor '/home/pride/AGV/install/mission_manager/share/mission_manager/package.dsv'
[4.416s] INFO:colcon.colcon_core.shell:Creating package script '/home/pride/AGV/install/mission_manager/share/mission_manager/package.sh'
[4.417s] INFO:colcon.colcon_core.shell:Creating package script '/home/pride/AGV/install/mission_manager/share/mission_manager/package.bash'
[4.417s] INFO:colcon.colcon_core.shell:Creating package script '/home/pride/AGV/install/mission_manager/share/mission_manager/package.zsh'
[4.417s] Level 1:colcon.colcon_core.environment:create_file_with_runtime_dependencies(/home/pride/AGV/install/mission_manager/share/colcon-core/packages/mission_manager)
[4.418s] Level 1:colcon.colcon_core.environment:checking '/home/pride/AGV/install/ntrip_client' for CMake module files
[4.419s] DEBUG:colcon.colcon_core.event_handler.log_command:Invoked command in '/home/pride/AGV/src/ntrip_client' returned '0': PYTHONPATH=/home/pride/AGV/build/ntrip_client/prefix_override:/usr/lib/python3/dist-packages/colcon_core/task/python/colcon_distutils_commands:/home/pride/AGV/install/ntrip_client/lib/python3.10/site-packages: /usr/bin/python3 -W ignore:setup.py install is deprecated -W ignore:easy_install command is deprecated setup.py egg_info --egg-base ../../build/ntrip_client build --build-base /home/pride/AGV/build/ntrip_client/build install --record /home/pride/AGV/build/ntrip_client/install.log --single-version-externally-managed install_data
[4.420s] Level 1:colcon.colcon_core.environment:checking '/home/pride/AGV/install/ntrip_client' for CMake config files
[4.420s] Level 1:colcon.colcon_core.environment:checking '/home/pride/AGV/install/ntrip_client/lib'
[4.421s] Level 1:colcon.colcon_core.environment:checking '/home/pride/AGV/install/ntrip_client/bin'
[4.421s] Level 1:colcon.colcon_core.environment:checking '/home/pride/AGV/install/ntrip_client/lib/pkgconfig/ntrip_client.pc'
[4.421s] Level 1:colcon.colcon_core.environment:checking '/home/pride/AGV/install/ntrip_client/lib/python3.10/site-packages'
[4.421s] Level 1:colcon.colcon_core.shell:create_environment_hook('ntrip_client', 'pythonpath')
[4.421s] INFO:colcon.colcon_core.shell:Creating environment hook '/home/pride/AGV/install/ntrip_client/share/ntrip_client/hook/pythonpath.ps1'
[4.422s] INFO:colcon.colcon_core.shell:Creating environment descriptor '/home/pride/AGV/install/ntrip_client/share/ntrip_client/hook/pythonpath.dsv'
[4.423s] INFO:colcon.colcon_core.shell:Creating environment hook '/home/pride/AGV/install/ntrip_client/share/ntrip_client/hook/pythonpath.sh'
[4.424s] Level 1:colcon.colcon_core.environment:checking '/home/pride/AGV/install/ntrip_client/bin'
[4.424s] Level 1:colcon.colcon_core.environment:create_environment_scripts_only(ntrip_client)
[4.425s] INFO:colcon.colcon_core.shell:Creating package script '/home/pride/AGV/install/ntrip_client/share/ntrip_client/package.ps1'
[4.425s] INFO:colcon.colcon_core.shell:Creating package descriptor '/home/pride/AGV/install/ntrip_client/share/ntrip_client/package.dsv'
[4.426s] INFO:colcon.colcon_core.shell:Creating package script '/home/pride/AGV/install/ntrip_client/share/ntrip_client/package.sh'
[4.426s] INFO:colcon.colcon_core.shell:Creating package script '/home/pride/AGV/install/ntrip_client/share/ntrip_client/package.bash'
[4.426s] INFO:colcon.colcon_core.shell:Creating package script '/home/pride/AGV/install/ntrip_client/share/ntrip_client/package.zsh'
[4.427s] Level 1:colcon.colcon_core.environment:create_file_with_runtime_dependencies(/home/pride/AGV/install/ntrip_client/share/colcon-core/packages/ntrip_client)
[4.428s] Level 1:colcon.colcon_core.environment:checking '/home/pride/AGV/install/solar_panel_detector' for CMake module files
[4.430s] DEBUG:colcon.colcon_core.event_handler.log_command:Invoked command in '/home/pride/AGV/src/solar_panel_detector' returned '0': PYTHONPATH=/home/pride/AGV/build/solar_panel_detector/prefix_override:/usr/lib/python3/dist-packages/colcon_core/task/python/colcon_distutils_commands:/home/pride/AGV/install/solar_panel_detector/lib/python3.10/site-packages: /usr/bin/python3 -W ignore:setup.py install is deprecated -W ignore:easy_install command is deprecated setup.py egg_info --egg-base ../../build/solar_panel_detector build --build-base /home/pride/AGV/build/solar_panel_detector/build install --record /home/pride/AGV/build/solar_panel_detector/install.log --single-version-externally-managed install_data
[4.430s] Level 1:colcon.colcon_core.environment:checking '/home/pride/AGV/install/solar_panel_detector' for CMake config files
[4.430s] Level 1:colcon.colcon_core.environment:checking '/home/pride/AGV/install/solar_panel_detector/lib'
[4.430s] Level 1:colcon.colcon_core.environment:checking '/home/pride/AGV/install/solar_panel_detector/bin'
[4.430s] Level 1:colcon.colcon_core.environment:checking '/home/pride/AGV/install/solar_panel_detector/lib/pkgconfig/solar_panel_detector.pc'
[4.431s] Level 1:colcon.colcon_core.environment:checking '/home/pride/AGV/install/solar_panel_detector/lib/python3.10/site-packages'
[4.431s] Level 1:colcon.colcon_core.shell:create_environment_hook('solar_panel_detector', 'pythonpath')
[4.431s] INFO:colcon.colcon_core.shell:Creating environment hook '/home/pride/AGV/install/solar_panel_detector/share/solar_panel_detector/hook/pythonpath.ps1'
[4.431s] INFO:colcon.colcon_core.shell:Creating environment descriptor '/home/pride/AGV/install/solar_panel_detector/share/solar_panel_detector/hook/pythonpath.dsv'
[4.432s] INFO:colcon.colcon_core.shell:Creating environment hook '/home/pride/AGV/install/solar_panel_detector/share/solar_panel_detector/hook/pythonpath.sh'
[4.432s] Level 1:colcon.colcon_core.environment:checking '/home/pride/AGV/install/solar_panel_detector/bin'
[4.432s] Level 1:colcon.colcon_core.environment:create_environment_scripts_only(solar_panel_detector)
[4.433s] INFO:colcon.colcon_core.shell:Creating package script '/home/pride/AGV/install/solar_panel_detector/share/solar_panel_detector/package.ps1'
[4.433s] INFO:colcon.colcon_core.shell:Creating package descriptor '/home/pride/AGV/install/solar_panel_detector/share/solar_panel_detector/package.dsv'
[4.434s] INFO:colcon.colcon_core.shell:Creating package script '/home/pride/AGV/install/solar_panel_detector/share/solar_panel_detector/package.sh'
[4.434s] INFO:colcon.colcon_core.shell:Creating package script '/home/pride/AGV/install/solar_panel_detector/share/solar_panel_detector/package.bash'
[4.435s] INFO:colcon.colcon_core.shell:Creating package script '/home/pride/AGV/install/solar_panel_detector/share/solar_panel_detector/package.zsh'
[4.435s] Level 1:colcon.colcon_core.environment:create_file_with_runtime_dependencies(/home/pride/AGV/install/solar_panel_detector/share/colcon-core/packages/solar_panel_detector)
[4.436s] Level 1:colcon.colcon_core.environment:checking '/home/pride/AGV/install/pan_tilt' for CMake module files
[4.437s] Level 1:colcon.colcon_core.environment:checking '/home/pride/AGV/install/pan_tilt' for CMake config files
[4.438s] DEBUG:colcon.colcon_core.event_handler.log_command:Invoked command in '/home/pride/AGV/src/pan_tilt' returned '0': PYTHONPATH=/home/pride/AGV/build/pan_tilt/prefix_override:/usr/lib/python3/dist-packages/colcon_core/task/python/colcon_distutils_commands:/home/pride/AGV/install/pan_tilt/lib/python3.10/site-packages: /usr/bin/python3 -W ignore:setup.py install is deprecated -W ignore:easy_install command is deprecated setup.py egg_info --egg-base ../../build/pan_tilt build --build-base /home/pride/AGV/build/pan_tilt/build install --record /home/pride/AGV/build/pan_tilt/install.log --single-version-externally-managed install_data
[4.438s] Level 1:colcon.colcon_core.environment:checking '/home/pride/AGV/install/pan_tilt/lib'
[4.439s] Level 1:colcon.colcon_core.environment:checking '/home/pride/AGV/install/pan_tilt/bin'
[4.439s] Level 1:colcon.colcon_core.environment:checking '/home/pride/AGV/install/pan_tilt/lib/pkgconfig/pan_tilt.pc'
[4.439s] Level 1:colcon.colcon_core.environment:checking '/home/pride/AGV/install/pan_tilt/lib/python3.10/site-packages'
[4.439s] Level 1:colcon.colcon_core.shell:create_environment_hook('pan_tilt', 'pythonpath')
[4.439s] INFO:colcon.colcon_core.shell:Creating environment hook '/home/pride/AGV/install/pan_tilt/share/pan_tilt/hook/pythonpath.ps1'
[4.442s] INFO:colcon.colcon_core.shell:Creating environment descriptor '/home/pride/AGV/install/pan_tilt/share/pan_tilt/hook/pythonpath.dsv'
[4.442s] INFO:colcon.colcon_core.shell:Creating environment hook '/home/pride/AGV/install/pan_tilt/share/pan_tilt/hook/pythonpath.sh'
[4.443s] Level 1:colcon.colcon_core.environment:checking '/home/pride/AGV/install/pan_tilt/bin'
[4.443s] Level 1:colcon.colcon_core.environment:create_environment_scripts_only(pan_tilt)
[4.444s] INFO:colcon.colcon_core.shell:Creating package script '/home/pride/AGV/install/pan_tilt/share/pan_tilt/package.ps1'
[4.444s] INFO:colcon.colcon_core.shell:Creating package descriptor '/home/pride/AGV/install/pan_tilt/share/pan_tilt/package.dsv'
[4.446s] INFO:colcon.colcon_core.shell:Creating package script '/home/pride/AGV/install/pan_tilt/share/pan_tilt/package.sh'
[4.446s] INFO:colcon.colcon_core.shell:Creating package script '/home/pride/AGV/install/pan_tilt/share/pan_tilt/package.bash'
[4.447s] INFO:colcon.colcon_core.shell:Creating package script '/home/pride/AGV/install/pan_tilt/share/pan_tilt/package.zsh'
[4.447s] Level 1:colcon.colcon_core.environment:create_file_with_runtime_dependencies(/home/pride/AGV/install/pan_tilt/share/colcon-core/packages/pan_tilt)
[4.448s] Level 1:colcon.colcon_core.environment:checking '/home/pride/AGV/install/geotagging' for CMake module files
[4.450s] Level 1:colcon.colcon_core.environment:checking '/home/pride/AGV/install/geotagging' for CMake config files
[4.450s] DEBUG:colcon.colcon_core.event_handler.log_command:Invoked command in '/home/pride/AGV/src/geotagging' returned '0': PYTHONPATH=/home/pride/AGV/build/geotagging/prefix_override:/usr/lib/python3/dist-packages/colcon_core/task/python/colcon_distutils_commands:/home/pride/AGV/install/geotagging/lib/python3.10/site-packages: /usr/bin/python3 -W ignore:setup.py install is deprecated -W ignore:easy_install command is deprecated setup.py egg_info --egg-base ../../build/geotagging build --build-base /home/pride/AGV/build/geotagging/build install --record /home/pride/AGV/build/geotagging/install.log --single-version-externally-managed install_data
[4.451s] Level 1:colcon.colcon_core.environment:checking '/home/pride/AGV/install/geotagging/lib'
[4.451s] Level 1:colcon.colcon_core.environment:checking '/home/pride/AGV/install/geotagging/bin'
[4.451s] Level 1:colcon.colcon_core.environment:checking '/home/pride/AGV/install/geotagging/lib/pkgconfig/geotagging.pc'
[4.452s] Level 1:colcon.colcon_core.environment:checking '/home/pride/AGV/install/geotagging/lib/python3.10/site-packages'
[4.452s] Level 1:colcon.colcon_core.shell:create_environment_hook('geotagging', 'pythonpath')
[4.452s] INFO:colcon.colcon_core.shell:Creating environment hook '/home/pride/AGV/install/geotagging/share/geotagging/hook/pythonpath.ps1'
[4.453s] INFO:colcon.colcon_core.shell:Creating environment descriptor '/home/pride/AGV/install/geotagging/share/geotagging/hook/pythonpath.dsv'
[4.453s] INFO:colcon.colcon_core.shell:Creating environment hook '/home/pride/AGV/install/geotagging/share/geotagging/hook/pythonpath.sh'
[4.454s] Level 1:colcon.colcon_core.environment:checking '/home/pride/AGV/install/geotagging/bin'
[4.454s] Level 1:colcon.colcon_core.environment:create_environment_scripts_only(geotagging)
[4.454s] INFO:colcon.colcon_core.shell:Creating package script '/home/pride/AGV/install/geotagging/share/geotagging/package.ps1'
[4.454s] INFO:colcon.colcon_core.shell:Creating package descriptor '/home/pride/AGV/install/geotagging/share/geotagging/package.dsv'
[4.455s] INFO:colcon.colcon_core.shell:Creating package script '/home/pride/AGV/install/geotagging/share/geotagging/package.sh'
[4.457s] INFO:colcon.colcon_core.shell:Creating package script '/home/pride/AGV/install/geotagging/share/geotagging/package.bash'
[4.459s] INFO:colcon.colcon_core.shell:Creating package script '/home/pride/AGV/install/geotagging/share/geotagging/package.zsh'
[4.459s] Level 1:colcon.colcon_core.environment:create_file_with_runtime_dependencies(/home/pride/AGV/install/geotagging/share/colcon-core/packages/geotagging)
[4.460s] Level 1:colcon.colcon_core.environment:checking '/home/pride/AGV/install/image_capture' for CMake module files
[4.462s] Level 1:colcon.colcon_core.environment:checking '/home/pride/AGV/install/image_capture' for CMake config files
[4.462s] DEBUG:colcon.colcon_core.event_handler.log_command:Invoked command in '/home/pride/AGV/src/image_capture' returned '0': PYTHONPATH=/home/pride/AGV/build/image_capture/prefix_override:/usr/lib/python3/dist-packages/colcon_core/task/python/colcon_distutils_commands:/home/pride/AGV/install/image_capture/lib/python3.10/site-packages: /usr/bin/python3 -W ignore:setup.py install is deprecated -W ignore:easy_install command is deprecated setup.py egg_info --egg-base ../../build/image_capture build --build-base /home/pride/AGV/build/image_capture/build install --record /home/pride/AGV/build/image_capture/install.log --single-version-externally-managed install_data
[4.463s] Level 1:colcon.colcon_core.environment:checking '/home/pride/AGV/install/image_capture/lib'
[4.463s] Level 1:colcon.colcon_core.environment:checking '/home/pride/AGV/install/image_capture/bin'
[4.463s] Level 1:colcon.colcon_core.environment:checking '/home/pride/AGV/install/image_capture/lib/pkgconfig/image_capture.pc'
[4.463s] Level 1:colcon.colcon_core.environment:checking '/home/pride/AGV/install/image_capture/lib/python3.10/site-packages'
[4.463s] Level 1:colcon.colcon_core.shell:create_environment_hook('image_capture', 'pythonpath')
[4.463s] INFO:colcon.colcon_core.shell:Creating environment hook '/home/pride/AGV/install/image_capture/share/image_capture/hook/pythonpath.ps1'
[4.464s] INFO:colcon.colcon_core.shell:Creating environment descriptor '/home/pride/AGV/install/image_capture/share/image_capture/hook/pythonpath.dsv'
[4.464s] INFO:colcon.colcon_core.shell:Creating environment hook '/home/pride/AGV/install/image_capture/share/image_capture/hook/pythonpath.sh'
[4.465s] Level 1:colcon.colcon_core.environment:checking '/home/pride/AGV/install/image_capture/bin'
[4.465s] Level 1:colcon.colcon_core.environment:create_environment_scripts_only(image_capture)
[4.465s] INFO:colcon.colcon_core.shell:Creating package script '/home/pride/AGV/install/image_capture/share/image_capture/package.ps1'
[4.466s] INFO:colcon.colcon_core.shell:Creating package descriptor '/home/pride/AGV/install/image_capture/share/image_capture/package.dsv'
[4.466s] INFO:colcon.colcon_core.shell:Creating package script '/home/pride/AGV/install/image_capture/share/image_capture/package.sh'
[4.467s] INFO:colcon.colcon_core.shell:Creating package script '/home/pride/AGV/install/image_capture/share/image_capture/package.bash'
[4.467s] INFO:colcon.colcon_core.shell:Creating package script '/home/pride/AGV/install/image_capture/share/image_capture/package.zsh'
[4.468s] Level 1:colcon.colcon_core.environment:create_file_with_runtime_dependencies(/home/pride/AGV/install/image_capture/share/colcon-core/packages/image_capture)
[4.468s] DEBUG:colcon.colcon_parallel_executor.executor.parallel:closing loop
[4.469s] DEBUG:colcon.colcon_parallel_executor.executor.parallel:loop closed
[4.469s] DEBUG:colcon.colcon_parallel_executor.executor.parallel:run_until_complete finished with '0'
[4.469s] DEBUG:colcon.colcon_core.event_reactor:joining thread
[4.527s] INFO:colcon.colcon_core.plugin_system:Skipping extension 'colcon_notification.desktop_notification.notify_send': Could not find 'notify-send'
[4.528s] INFO:colcon.colcon_core.plugin_system:Skipping extension 'colcon_notification.desktop_notification.terminal_notifier': Not used on non-Darwin systems
[4.528s] INFO:colcon.colcon_core.plugin_system:Skipping extension 'colcon_notification.desktop_notification.win32': Not used on non-Windows systems
[4.528s] INFO:colcon.colcon_notification.desktop_notification:Sending desktop notification using 'notify2'
[4.530s] DEBUG:colcon.colcon_notification.desktop_notification.notify2:Failed to initialize notify2: org.freedesktop.DBus.Error.FileNotFound: Failed to connect to socket /run/user/1000/bus: No such file or directory
[4.531s] DEBUG:colcon.colcon_core.event_reactor:joined thread
[4.531s] INFO:colcon.colcon_core.shell:Creating prefix script '/home/pride/AGV/install/local_setup.ps1'
[4.533s] INFO:colcon.colcon_core.shell:Creating prefix util module '/home/pride/AGV/install/_local_setup_util_ps1.py'
[4.535s] INFO:colcon.colcon_core.shell:Creating prefix chain script '/home/pride/AGV/install/setup.ps1'
[4.537s] INFO:colcon.colcon_core.shell:Creating prefix script '/home/pride/AGV/install/local_setup.sh'
[4.539s] INFO:colcon.colcon_core.shell:Creating prefix util module '/home/pride/AGV/install/_local_setup_util_sh.py'
[4.539s] INFO:colcon.colcon_core.shell:Creating prefix chain script '/home/pride/AGV/install/setup.sh'
[4.541s] INFO:colcon.colcon_core.shell:Creating prefix script '/home/pride/AGV/install/local_setup.bash'
[4.543s] INFO:colcon.colcon_core.shell:Creating prefix chain script '/home/pride/AGV/install/setup.bash'
[4.544s] INFO:colcon.colcon_core.shell:Creating prefix script '/home/pride/AGV/install/local_setup.zsh'
[4.547s] INFO:colcon.colcon_core.shell:Creating prefix chain script '/home/pride/AGV/install/setup.zsh'
