[1.823s] Invoking command in '/home/pride/AGV/src/lidar': PYTHONPATH=/home/pride/AGV/build/lidar/prefix_override:/usr/lib/python3/dist-packages/colcon_core/task/python/colcon_distutils_commands:/home/pride/AGV/install/lidar/lib/python3.10/site-packages:${PYTHONPATH} /usr/bin/python3 -W ignore:setup.py install is deprecated -W ignore:easy_install command is deprecated setup.py egg_info --egg-base ../../build/lidar build --build-base /home/pride/AGV/build/lidar/build install --record /home/pride/AGV/build/lidar/install.log --single-version-externally-managed install_data
[2.156s] running egg_info
[2.157s] creating ../../build/lidar/lidar.egg-info
[2.158s] writing ../../build/lidar/lidar.egg-info/PKG-INFO
[2.159s] writing dependency_links to ../../build/lidar/lidar.egg-info/dependency_links.txt
[2.161s] writing entry points to ../../build/lidar/lidar.egg-info/entry_points.txt
[2.161s] writing requirements to ../../build/lidar/lidar.egg-info/requires.txt
[2.162s] writing top-level names to ../../build/lidar/lidar.egg-info/top_level.txt
[2.162s] writing manifest file '../../build/lidar/lidar.egg-info/SOURCES.txt'
[2.165s] reading manifest file '../../build/lidar/lidar.egg-info/SOURCES.txt'
[2.167s] writing manifest file '../../build/lidar/lidar.egg-info/SOURCES.txt'
[2.167s] running build
[2.167s] running build_py
[2.167s] creating /home/pride/AGV/build/lidar/build
[2.167s] creating /home/pride/AGV/build/lidar/build/lib
[2.167s] creating /home/pride/AGV/build/lidar/build/lib/lidar
[2.169s] copying lidar/__init__.py -> /home/pride/AGV/build/lidar/build/lib/lidar
[2.169s] running install
[2.170s] running install_lib
[2.172s] creating /home/pride/AGV/install/lidar/lib/python3.10/site-packages/lidar
[2.173s] copying /home/pride/AGV/build/lidar/build/lib/lidar/__init__.py -> /home/pride/AGV/install/lidar/lib/python3.10/site-packages/lidar
[2.174s] byte-compiling /home/pride/AGV/install/lidar/lib/python3.10/site-packages/lidar/__init__.py to __init__.cpython-310.pyc
[2.174s] running install_data
[2.175s] creating /home/pride/AGV/install/lidar/share
[2.175s] creating /home/pride/AGV/install/lidar/share/ament_index
[2.175s] creating /home/pride/AGV/install/lidar/share/ament_index/resource_index
[2.176s] creating /home/pride/AGV/install/lidar/share/ament_index/resource_index/packages
[2.177s] copying resource/lidar -> /home/pride/AGV/install/lidar/share/ament_index/resource_index/packages
[2.177s] creating /home/pride/AGV/install/lidar/share/lidar
[2.178s] copying package.xml -> /home/pride/AGV/install/lidar/share/lidar
[2.178s] running install_egg_info
[2.182s] Copying ../../build/lidar/lidar.egg-info to /home/pride/AGV/install/lidar/lib/python3.10/site-packages/lidar-0.0.0-py3.10.egg-info
[2.185s] running install_scripts
[2.234s] writing list of installed files to '/home/pride/AGV/build/lidar/install.log'
[2.392s] Invoked command in '/home/pride/AGV/src/lidar' returned '0': PYTHONPATH=/home/pride/AGV/build/lidar/prefix_override:/usr/lib/python3/dist-packages/colcon_core/task/python/colcon_distutils_commands:/home/pride/AGV/install/lidar/lib/python3.10/site-packages:${PYTHONPATH} /usr/bin/python3 -W ignore:setup.py install is deprecated -W ignore:easy_install command is deprecated setup.py egg_info --egg-base ../../build/lidar build --build-base /home/pride/AGV/build/lidar/build install --record /home/pride/AGV/build/lidar/install.log --single-version-externally-managed install_data
