[1.883s] Invoking command in '/home/pride/AGV/src/image_capture': PYTHONPATH=/home/pride/AGV/src/build/image_capture/prefix_override:/usr/lib/python3/dist-packages/colcon_core/task/python/colcon_distutils_commands:/home/pride/AGV/src/install/image_capture/lib/python3.10/site-packages:${PYTHONPATH} /usr/bin/python3 -W ignore:setup.py install is deprecated -W ignore:easy_install command is deprecated setup.py egg_info --egg-base ../build/image_capture build --build-base /home/pride/AGV/src/build/image_capture/build install --record /home/pride/AGV/src/build/image_capture/install.log --single-version-externally-managed install_data
[2.175s] running egg_info
[2.176s] creating ../build/image_capture/image_capture.egg-info
[2.176s] writing ../build/image_capture/image_capture.egg-info/PKG-INFO
[2.177s] writing dependency_links to ../build/image_capture/image_capture.egg-info/dependency_links.txt
[2.177s] writing entry points to ../build/image_capture/image_capture.egg-info/entry_points.txt
[2.177s] writing requirements to ../build/image_capture/image_capture.egg-info/requires.txt
[2.178s] writing top-level names to ../build/image_capture/image_capture.egg-info/top_level.txt
[2.178s] writing manifest file '../build/image_capture/image_capture.egg-info/SOURCES.txt'
[2.181s] reading manifest file '../build/image_capture/image_capture.egg-info/SOURCES.txt'
[2.182s] writing manifest file '../build/image_capture/image_capture.egg-info/SOURCES.txt'
[2.182s] running build
[2.182s] running build_py
[2.182s] creating /home/pride/AGV/src/build/image_capture/build
[2.184s] creating /home/pride/AGV/src/build/image_capture/build/lib
[2.184s] creating /home/pride/AGV/src/build/image_capture/build/lib/image_capture
[2.184s] copying image_capture/__init__.py -> /home/pride/AGV/src/build/image_capture/build/lib/image_capture
[2.184s] running install
[2.185s] running install_lib
[2.187s] creating /home/pride/AGV/src/install/image_capture/lib/python3.10/site-packages/image_capture
[2.187s] copying /home/pride/AGV/src/build/image_capture/build/lib/image_capture/__init__.py -> /home/pride/AGV/src/install/image_capture/lib/python3.10/site-packages/image_capture
[2.188s] byte-compiling /home/pride/AGV/src/install/image_capture/lib/python3.10/site-packages/image_capture/__init__.py to __init__.cpython-310.pyc
[2.189s] running install_data
[2.189s] creating /home/pride/AGV/src/install/image_capture/share/ament_index
[2.189s] creating /home/pride/AGV/src/install/image_capture/share/ament_index/resource_index
[2.189s] creating /home/pride/AGV/src/install/image_capture/share/ament_index/resource_index/packages
[2.190s] copying resource/image_capture -> /home/pride/AGV/src/install/image_capture/share/ament_index/resource_index/packages
[2.190s] copying package.xml -> /home/pride/AGV/src/install/image_capture/share/image_capture
[2.190s] running install_egg_info
[2.193s] Copying ../build/image_capture/image_capture.egg-info to /home/pride/AGV/src/install/image_capture/lib/python3.10/site-packages/image_capture-0.0.0-py3.10.egg-info
[2.196s] running install_scripts
[2.232s] writing list of installed files to '/home/pride/AGV/src/build/image_capture/install.log'
[2.346s] Invoked command in '/home/pride/AGV/src/image_capture' returned '0': PYTHONPATH=/home/pride/AGV/src/build/image_capture/prefix_override:/usr/lib/python3/dist-packages/colcon_core/task/python/colcon_distutils_commands:/home/pride/AGV/src/install/image_capture/lib/python3.10/site-packages:${PYTHONPATH} /usr/bin/python3 -W ignore:setup.py install is deprecated -W ignore:easy_install command is deprecated setup.py egg_info --egg-base ../build/image_capture build --build-base /home/pride/AGV/src/build/image_capture/build install --record /home/pride/AGV/src/build/image_capture/install.log --single-version-externally-managed install_data
