running egg_info
creating ../../build/ntrip_client/ntrip_client.egg-info
writing ../../build/ntrip_client/ntrip_client.egg-info/PKG-INFO
writing dependency_links to ../../build/ntrip_client/ntrip_client.egg-info/dependency_links.txt
writing entry points to ../../build/ntrip_client/ntrip_client.egg-info/entry_points.txt
writing requirements to ../../build/ntrip_client/ntrip_client.egg-info/requires.txt
writing top-level names to ../../build/ntrip_client/ntrip_client.egg-info/top_level.txt
writing manifest file '../../build/ntrip_client/ntrip_client.egg-info/SOURCES.txt'
reading manifest file '../../build/ntrip_client/ntrip_client.egg-info/SOURCES.txt'
writing manifest file '../../build/ntrip_client/ntrip_client.egg-info/SOURCES.txt'
running build
running build_py
creating /home/pride/AGV/build/ntrip_client/build
creating /home/pride/AGV/build/ntrip_client/build/lib
creating /home/pride/AGV/build/ntrip_client/build/lib/ntrip_client
copying ntrip_client/__init__.py -> /home/pride/AGV/build/ntrip_client/build/lib/ntrip_client
running install
running install_lib
creating /home/pride/AGV/install/ntrip_client/lib/python3.10/site-packages/ntrip_client
copying /home/pride/AGV/build/ntrip_client/build/lib/ntrip_client/__init__.py -> /home/pride/AGV/install/ntrip_client/lib/python3.10/site-packages/ntrip_client
byte-compiling /home/pride/AGV/install/ntrip_client/lib/python3.10/site-packages/ntrip_client/__init__.py to __init__.cpython-310.pyc
running install_data
creating /home/pride/AGV/install/ntrip_client/share
creating /home/pride/AGV/install/ntrip_client/share/ament_index
creating /home/pride/AGV/install/ntrip_client/share/ament_index/resource_index
creating /home/pride/AGV/install/ntrip_client/share/ament_index/resource_index/packages
copying resource/ntrip_client -> /home/pride/AGV/install/ntrip_client/share/ament_index/resource_index/packages
creating /home/pride/AGV/install/ntrip_client/share/ntrip_client
copying package.xml -> /home/pride/AGV/install/ntrip_client/share/ntrip_client
running install_egg_info
Copying ../../build/ntrip_client/ntrip_client.egg-info to /home/pride/AGV/install/ntrip_client/lib/python3.10/site-packages/ntrip_client-0.0.0-py3.10.egg-info
running install_scripts
writing list of installed files to '/home/pride/AGV/build/ntrip_client/install.log'
