[1.819s] Invoking command in '/home/pride/AGV/src/ntrip_client': PYTHONPATH=/home/pride/AGV/build/ntrip_client/prefix_override:/usr/lib/python3/dist-packages/colcon_core/task/python/colcon_distutils_commands:/home/pride/AGV/install/ntrip_client/lib/python3.10/site-packages:${PYTHONPATH} /usr/bin/python3 -W ignore:setup.py install is deprecated -W ignore:easy_install command is deprecated setup.py egg_info --egg-base ../../build/ntrip_client build --build-base /home/pride/AGV/build/ntrip_client/build install --record /home/pride/AGV/build/ntrip_client/install.log --single-version-externally-managed install_data
[2.117s] running egg_info
[2.119s] creating ../../build/ntrip_client/ntrip_client.egg-info
[2.119s] writing ../../build/ntrip_client/ntrip_client.egg-info/PKG-INFO
[2.121s] writing dependency_links to ../../build/ntrip_client/ntrip_client.egg-info/dependency_links.txt
[2.121s] writing entry points to ../../build/ntrip_client/ntrip_client.egg-info/entry_points.txt
[2.121s] writing requirements to ../../build/ntrip_client/ntrip_client.egg-info/requires.txt
[2.122s] writing top-level names to ../../build/ntrip_client/ntrip_client.egg-info/top_level.txt
[2.123s] writing manifest file '../../build/ntrip_client/ntrip_client.egg-info/SOURCES.txt'
[2.125s] reading manifest file '../../build/ntrip_client/ntrip_client.egg-info/SOURCES.txt'
[2.126s] writing manifest file '../../build/ntrip_client/ntrip_client.egg-info/SOURCES.txt'
[2.126s] running build
[2.127s] running build_py
[2.127s] creating /home/pride/AGV/build/ntrip_client/build
[2.128s] creating /home/pride/AGV/build/ntrip_client/build/lib
[2.129s] creating /home/pride/AGV/build/ntrip_client/build/lib/ntrip_client
[2.129s] copying ntrip_client/__init__.py -> /home/pride/AGV/build/ntrip_client/build/lib/ntrip_client
[2.130s] running install
[2.131s] running install_lib
[2.132s] creating /home/pride/AGV/install/ntrip_client/lib/python3.10/site-packages/ntrip_client
[2.132s] copying /home/pride/AGV/build/ntrip_client/build/lib/ntrip_client/__init__.py -> /home/pride/AGV/install/ntrip_client/lib/python3.10/site-packages/ntrip_client
[2.133s] byte-compiling /home/pride/AGV/install/ntrip_client/lib/python3.10/site-packages/ntrip_client/__init__.py to __init__.cpython-310.pyc
[2.134s] running install_data
[2.134s] creating /home/pride/AGV/install/ntrip_client/share
[2.134s] creating /home/pride/AGV/install/ntrip_client/share/ament_index
[2.134s] creating /home/pride/AGV/install/ntrip_client/share/ament_index/resource_index
[2.135s] creating /home/pride/AGV/install/ntrip_client/share/ament_index/resource_index/packages
[2.135s] copying resource/ntrip_client -> /home/pride/AGV/install/ntrip_client/share/ament_index/resource_index/packages
[2.135s] creating /home/pride/AGV/install/ntrip_client/share/ntrip_client
[2.136s] copying package.xml -> /home/pride/AGV/install/ntrip_client/share/ntrip_client
[2.136s] running install_egg_info
[2.140s] Copying ../../build/ntrip_client/ntrip_client.egg-info to /home/pride/AGV/install/ntrip_client/lib/python3.10/site-packages/ntrip_client-0.0.0-py3.10.egg-info
[2.143s] running install_scripts
[2.180s] writing list of installed files to '/home/pride/AGV/build/ntrip_client/install.log'
[2.369s] Invoked command in '/home/pride/AGV/src/ntrip_client' returned '0': PYTHONPATH=/home/pride/AGV/build/ntrip_client/prefix_override:/usr/lib/python3/dist-packages/colcon_core/task/python/colcon_distutils_commands:/home/pride/AGV/install/ntrip_client/lib/python3.10/site-packages:${PYTHONPATH} /usr/bin/python3 -W ignore:setup.py install is deprecated -W ignore:easy_install command is deprecated setup.py egg_info --egg-base ../../build/ntrip_client build --build-base /home/pride/AGV/build/ntrip_client/build install --record /home/pride/AGV/build/ntrip_client/install.log --single-version-externally-managed install_data
