[5.287s] Invoking command in '/home/pride/AGV/src/geotagging': PYTHONPATH=/home/pride/AGV/build/geotagging/prefix_override:/usr/lib/python3/dist-packages/colcon_core/task/python/colcon_distutils_commands:/home/pride/AGV/install/geotagging/lib/python3.10/site-packages:${PYTHONPATH} /usr/bin/python3 -W ignore:setup.py install is deprecated -W ignore:easy_install command is deprecated setup.py egg_info --egg-base ../../build/geotagging build --build-base /home/pride/AGV/build/geotagging/build install --record /home/pride/AGV/build/geotagging/install.log --single-version-externally-managed install_data
[6.079s] running egg_info
[6.079s] writing ../../build/geotagging/geotagging.egg-info/PKG-INFO
[6.082s] writing dependency_links to ../../build/geotagging/geotagging.egg-info/dependency_links.txt
[6.083s] writing entry points to ../../build/geotagging/geotagging.egg-info/entry_points.txt
[6.084s] writing requirements to ../../build/geotagging/geotagging.egg-info/requires.txt
[6.090s] writing top-level names to ../../build/geotagging/geotagging.egg-info/top_level.txt
[6.098s] reading manifest file '../../build/geotagging/geotagging.egg-info/SOURCES.txt'
[6.110s] writing manifest file '../../build/geotagging/geotagging.egg-info/SOURCES.txt'
[6.110s] running build
[6.110s] running build_py
[6.110s] copying geotagging/geotag.py -> /home/pride/AGV/build/geotagging/build/lib/geotagging
[6.112s] running install
[6.113s] running install_lib
[6.119s] copying /home/pride/AGV/build/geotagging/build/lib/geotagging/geotag.py -> /home/pride/AGV/install/geotagging/lib/python3.10/site-packages/geotagging
[6.122s] byte-compiling /home/pride/AGV/install/geotagging/lib/python3.10/site-packages/geotagging/geotag.py to geotag.cpython-310.pyc
[6.138s] running install_data
[6.138s] running install_egg_info
[6.150s] removing '/home/pride/AGV/install/geotagging/lib/python3.10/site-packages/geotagging-0.0.0-py3.10.egg-info' (and everything under it)
[6.151s] Copying ../../build/geotagging/geotagging.egg-info to /home/pride/AGV/install/geotagging/lib/python3.10/site-packages/geotagging-0.0.0-py3.10.egg-info
[6.179s] running install_scripts
[6.233s] Installing geotag script to /home/pride/AGV/install/geotagging/lib/geotagging
[6.235s] writing list of installed files to '/home/pride/AGV/build/geotagging/install.log'
[6.457s] Invoked command in '/home/pride/AGV/src/geotagging' returned '0': PYTHONPATH=/home/pride/AGV/build/geotagging/prefix_override:/usr/lib/python3/dist-packages/colcon_core/task/python/colcon_distutils_commands:/home/pride/AGV/install/geotagging/lib/python3.10/site-packages:${PYTHONPATH} /usr/bin/python3 -W ignore:setup.py install is deprecated -W ignore:easy_install command is deprecated setup.py egg_info --egg-base ../../build/geotagging build --build-base /home/pride/AGV/build/geotagging/build install --record /home/pride/AGV/build/geotagging/install.log --single-version-externally-managed install_data
