[2.215s] Invoking command in '/home/pride/AGV/src/geotagging': PYTHONPATH=/home/pride/AGV/build/geotagging/prefix_override:/usr/lib/python3/dist-packages/colcon_core/task/python/colcon_distutils_commands:/home/pride/AGV/install/geotagging/lib/python3.10/site-packages:${PYTHONPATH} /usr/bin/python3 -W ignore:setup.py install is deprecated -W ignore:easy_install command is deprecated setup.py egg_info --egg-base ../../build/geotagging build --build-base /home/pride/AGV/build/geotagging/build install --record /home/pride/AGV/build/geotagging/install.log --single-version-externally-managed install_data
[2.552s] running egg_info
[2.553s] writing ../../build/geotagging/geotagging.egg-info/PKG-INFO
[2.555s] writing dependency_links to ../../build/geotagging/geotagging.egg-info/dependency_links.txt
[2.555s] writing entry points to ../../build/geotagging/geotagging.egg-info/entry_points.txt
[2.555s] writing requirements to ../../build/geotagging/geotagging.egg-info/requires.txt
[2.556s] writing top-level names to ../../build/geotagging/geotagging.egg-info/top_level.txt
[2.560s] reading manifest file '../../build/geotagging/geotagging.egg-info/SOURCES.txt'
[2.562s] writing manifest file '../../build/geotagging/geotagging.egg-info/SOURCES.txt'
[2.562s] running build
[2.563s] running build_py
[2.563s] running install
[2.564s] running install_lib
[2.567s] running install_data
[2.567s] running install_egg_info
[2.570s] removing '/home/pride/AGV/install/geotagging/lib/python3.10/site-packages/geotagging-0.0.0-py3.10.egg-info' (and everything under it)
[2.573s] Copying ../../build/geotagging/geotagging.egg-info to /home/pride/AGV/install/geotagging/lib/python3.10/site-packages/geotagging-0.0.0-py3.10.egg-info
[2.579s] running install_scripts
[2.615s] Installing geotag script to /home/pride/AGV/install/geotagging/lib/geotagging
[2.617s] writing list of installed files to '/home/pride/AGV/build/geotagging/install.log'
[2.801s] Invoked command in '/home/pride/AGV/src/geotagging' returned '0': PYTHONPATH=/home/pride/AGV/build/geotagging/prefix_override:/usr/lib/python3/dist-packages/colcon_core/task/python/colcon_distutils_commands:/home/pride/AGV/install/geotagging/lib/python3.10/site-packages:${PYTHONPATH} /usr/bin/python3 -W ignore:setup.py install is deprecated -W ignore:easy_install command is deprecated setup.py egg_info --egg-base ../../build/geotagging build --build-base /home/pride/AGV/build/geotagging/build install --record /home/pride/AGV/build/geotagging/install.log --single-version-externally-managed install_data
