[0.659s] Invoking command in '/home/pride/AGV/src/image_capture': PYTHONPATH=/home/pride/AGV/src/image_capture/build/image_capture/prefix_override:/usr/lib/python3/dist-packages/colcon_core/task/python/colcon_distutils_commands:/home/pride/AGV/src/image_capture/install/image_capture/lib/python3.10/site-packages:${PYTHONPATH} /usr/bin/python3 -W ignore:setup.py install is deprecated -W ignore:easy_install command is deprecated setup.py egg_info --egg-base build/image_capture build --build-base /home/pride/AGV/src/image_capture/build/image_capture/build install --record /home/pride/AGV/src/image_capture/build/image_capture/install.log --single-version-externally-managed install_data
[0.817s] running egg_info
[0.818s] creating build/image_capture/image_capture.egg-info
[0.818s] writing build/image_capture/image_capture.egg-info/PKG-INFO
[0.821s] writing dependency_links to build/image_capture/image_capture.egg-info/dependency_links.txt
[0.821s] writing entry points to build/image_capture/image_capture.egg-info/entry_points.txt
[0.822s] writing requirements to build/image_capture/image_capture.egg-info/requires.txt
[0.823s] writing top-level names to build/image_capture/image_capture.egg-info/top_level.txt
[0.823s] writing manifest file 'build/image_capture/image_capture.egg-info/SOURCES.txt'
[0.825s] reading manifest file 'build/image_capture/image_capture.egg-info/SOURCES.txt'
[0.826s] writing manifest file 'build/image_capture/image_capture.egg-info/SOURCES.txt'
[0.826s] running build
[0.826s] running build_py
[0.827s] creating /home/pride/AGV/src/image_capture/build/image_capture/build
[0.827s] creating /home/pride/AGV/src/image_capture/build/image_capture/build/lib
[0.827s] creating /home/pride/AGV/src/image_capture/build/image_capture/build/lib/image_capture
[0.827s] copying image_capture/__init__.py -> /home/pride/AGV/src/image_capture/build/image_capture/build/lib/image_capture
[0.827s] running install
[0.828s] running install_lib
[0.828s] creating /home/pride/AGV/src/image_capture/install/image_capture/lib/python3.10/site-packages/image_capture
[0.829s] copying /home/pride/AGV/src/image_capture/build/image_capture/build/lib/image_capture/__init__.py -> /home/pride/AGV/src/image_capture/install/image_capture/lib/python3.10/site-packages/image_capture
[0.829s] byte-compiling /home/pride/AGV/src/image_capture/install/image_capture/lib/python3.10/site-packages/image_capture/__init__.py to __init__.cpython-310.pyc
[0.829s] running install_data
[0.830s] creating /home/pride/AGV/src/image_capture/install/image_capture/share/ament_index
[0.830s] creating /home/pride/AGV/src/image_capture/install/image_capture/share/ament_index/resource_index
[0.830s] creating /home/pride/AGV/src/image_capture/install/image_capture/share/ament_index/resource_index/packages
[0.830s] copying resource/image_capture -> /home/pride/AGV/src/image_capture/install/image_capture/share/ament_index/resource_index/packages
[0.830s] copying package.xml -> /home/pride/AGV/src/image_capture/install/image_capture/share/image_capture
[0.830s] running install_egg_info
[0.832s] Copying build/image_capture/image_capture.egg-info to /home/pride/AGV/src/image_capture/install/image_capture/lib/python3.10/site-packages/image_capture-0.0.0-py3.10.egg-info
[0.833s] running install_scripts
[0.850s] writing list of installed files to '/home/pride/AGV/src/image_capture/build/image_capture/install.log'
[0.872s] Invoked command in '/home/pride/AGV/src/image_capture' returned '0': PYTHONPATH=/home/pride/AGV/src/image_capture/build/image_capture/prefix_override:/usr/lib/python3/dist-packages/colcon_core/task/python/colcon_distutils_commands:/home/pride/AGV/src/image_capture/install/image_capture/lib/python3.10/site-packages:${PYTHONPATH} /usr/bin/python3 -W ignore:setup.py install is deprecated -W ignore:easy_install command is deprecated setup.py egg_info --egg-base build/image_capture build --build-base /home/pride/AGV/src/image_capture/build/image_capture/build install --record /home/pride/AGV/src/image_capture/build/image_capture/install.log --single-version-externally-managed install_data
