[2.631s] Invoking command in '/home/pride/AGV/build/lidar': PYTHONPATH=/home/pride/AGV/build/lidar/prefix_override:/usr/lib/python3/dist-packages/colcon_core/task/python/colcon_distutils_commands:/home/pride/AGV/install/lidar/lib/python3.10/site-packages:${PYTHONPATH} /usr/bin/python3 -W ignore:setup.py install is deprecated -W ignore:easy_install command is deprecated setup.py develop --uninstall --editable --build-directory /home/pride/AGV/build/lidar/build
[3.007s] running develop
[3.236s] Removing /home/pride/AGV/install/lidar/lib/python3.10/site-packages/lidar.egg-link (link to .)
[3.432s] Invoked command in '/home/pride/AGV/build/lidar' returned '0': PYTHONPATH=/home/pride/AGV/build/lidar/prefix_override:/usr/lib/python3/dist-packages/colcon_core/task/python/colcon_distutils_commands:/home/pride/AGV/install/lidar/lib/python3.10/site-packages:${PYTHONPATH} /usr/bin/python3 -W ignore:setup.py install is deprecated -W ignore:easy_install command is deprecated setup.py develop --uninstall --editable --build-directory /home/pride/AGV/build/lidar/build
[3.436s] Invoking command in '/home/pride/AGV/src/lidar': PYTHONPATH=/home/pride/AGV/build/lidar/prefix_override:/usr/lib/python3/dist-packages/colcon_core/task/python/colcon_distutils_commands:/home/pride/AGV/install/lidar/lib/python3.10/site-packages:${PYTHONPATH} /usr/bin/python3 -W ignore:setup.py install is deprecated -W ignore:easy_install command is deprecated setup.py egg_info --egg-base ../../build/lidar build --build-base /home/pride/AGV/build/lidar/build install --record /home/pride/AGV/build/lidar/install.log --single-version-externally-managed install_data --force
[3.807s] running egg_info
[3.809s] writing ../../build/lidar/lidar.egg-info/PKG-INFO
[3.809s] writing dependency_links to ../../build/lidar/lidar.egg-info/dependency_links.txt
[3.812s] writing entry points to ../../build/lidar/lidar.egg-info/entry_points.txt
[3.812s] writing requirements to ../../build/lidar/lidar.egg-info/requires.txt
[3.812s] writing top-level names to ../../build/lidar/lidar.egg-info/top_level.txt
[3.815s] reading manifest file '../../build/lidar/lidar.egg-info/SOURCES.txt'
[3.819s] writing manifest file '../../build/lidar/lidar.egg-info/SOURCES.txt'
[3.820s] running build
[3.820s] running build_py
[3.821s] running install
[3.822s] running install_lib
[3.823s] copying /home/pride/AGV/build/lidar/build/lib/lidar/__init__.py -> /home/pride/AGV/install/lidar/lib/python3.10/site-packages/lidar
[3.825s] byte-compiling /home/pride/AGV/install/lidar/lib/python3.10/site-packages/lidar/__init__.py to __init__.cpython-310.pyc
[3.825s] running install_data
[3.825s] copying resource/lidar -> /home/pride/AGV/install/lidar/share/ament_index/resource_index/packages
[3.826s] copying package.xml -> /home/pride/AGV/install/lidar/share/lidar
[3.826s] running install_egg_info
[3.833s] Copying ../../build/lidar/lidar.egg-info to /home/pride/AGV/install/lidar/lib/python3.10/site-packages/lidar-0.0.0-py3.10.egg-info
[3.847s] running install_scripts
[3.899s] writing list of installed files to '/home/pride/AGV/build/lidar/install.log'
[4.045s] Invoked command in '/home/pride/AGV/src/lidar' returned '0': PYTHONPATH=/home/pride/AGV/build/lidar/prefix_override:/usr/lib/python3/dist-packages/colcon_core/task/python/colcon_distutils_commands:/home/pride/AGV/install/lidar/lib/python3.10/site-packages:${PYTHONPATH} /usr/bin/python3 -W ignore:setup.py install is deprecated -W ignore:easy_install command is deprecated setup.py egg_info --egg-base ../../build/lidar build --build-base /home/pride/AGV/build/lidar/build install --record /home/pride/AGV/build/lidar/install.log --single-version-externally-managed install_data --force
