[2.729s] Invoking command in '/home/pride/AGV/src/ntrip_client': PYTHONPATH=/home/pride/AGV/src/build/ntrip_client/prefix_override:/usr/lib/python3/dist-packages/colcon_core/task/python/colcon_distutils_commands:/home/pride/AGV/src/install/ntrip_client/lib/python3.10/site-packages:${PYTHONPATH} /usr/bin/python3 -W ignore:setup.py install is deprecated -W ignore:easy_install command is deprecated setup.py egg_info --egg-base ../build/ntrip_client build --build-base /home/pride/AGV/src/build/ntrip_client/build install --record /home/pride/AGV/src/build/ntrip_client/install.log --single-version-externally-managed install_data
[3.139s] running egg_info
[3.140s] writing ../build/ntrip_client/ntrip_client.egg-info/PKG-INFO
[3.143s] writing dependency_links to ../build/ntrip_client/ntrip_client.egg-info/dependency_links.txt
[3.143s] writing entry points to ../build/ntrip_client/ntrip_client.egg-info/entry_points.txt
[3.144s] writing requirements to ../build/ntrip_client/ntrip_client.egg-info/requires.txt
[3.144s] writing top-level names to ../build/ntrip_client/ntrip_client.egg-info/top_level.txt
[3.145s] reading manifest file '../build/ntrip_client/ntrip_client.egg-info/SOURCES.txt'
[3.148s] writing manifest file '../build/ntrip_client/ntrip_client.egg-info/SOURCES.txt'
[3.148s] running build
[3.148s] running build_py
[3.148s] copying ntrip_client/ntrip.py -> /home/pride/AGV/src/build/ntrip_client/build/lib/ntrip_client
[3.149s] running install
[3.151s] running install_lib
[3.155s] copying /home/pride/AGV/src/build/ntrip_client/build/lib/ntrip_client/ntrip.py -> /home/pride/AGV/src/install/ntrip_client/lib/python3.10/site-packages/ntrip_client
[3.158s] byte-compiling /home/pride/AGV/src/install/ntrip_client/lib/python3.10/site-packages/ntrip_client/ntrip.py to ntrip.cpython-310.pyc
[3.162s] running install_data
[3.162s] running install_egg_info
[3.167s] removing '/home/pride/AGV/src/install/ntrip_client/lib/python3.10/site-packages/ntrip_client-0.0.0-py3.10.egg-info' (and everything under it)
[3.171s] Copying ../build/ntrip_client/ntrip_client.egg-info to /home/pride/AGV/src/install/ntrip_client/lib/python3.10/site-packages/ntrip_client-0.0.0-py3.10.egg-info
[3.207s] running install_scripts
[3.278s] Installing ntrip script to /home/pride/AGV/src/install/ntrip_client/lib/ntrip_client
[3.280s] writing list of installed files to '/home/pride/AGV/src/build/ntrip_client/install.log'
[3.421s] Invoked command in '/home/pride/AGV/src/ntrip_client' returned '0': PYTHONPATH=/home/pride/AGV/src/build/ntrip_client/prefix_override:/usr/lib/python3/dist-packages/colcon_core/task/python/colcon_distutils_commands:/home/pride/AGV/src/install/ntrip_client/lib/python3.10/site-packages:${PYTHONPATH} /usr/bin/python3 -W ignore:setup.py install is deprecated -W ignore:easy_install command is deprecated setup.py egg_info --egg-base ../build/ntrip_client build --build-base /home/pride/AGV/src/build/ntrip_client/build install --record /home/pride/AGV/src/build/ntrip_client/install.log --single-version-externally-managed install_data
