[1.770s] Invoking command in '/home/pride/AGV/src/image_capture': PYTHONPATH=/home/pride/AGV/src/image_capture/build/image_capture/prefix_override:/usr/lib/python3/dist-packages/colcon_core/task/python/colcon_distutils_commands:/home/pride/AGV/src/image_capture/install/image_capture/lib/python3.10/site-packages:${PYTHONPATH} /usr/bin/python3 -W ignore:setup.py install is deprecated -W ignore:easy_install command is deprecated setup.py egg_info --egg-base build/image_capture build --build-base /home/pride/AGV/src/image_capture/build/image_capture/build install --record /home/pride/AGV/src/image_capture/build/image_capture/install.log --single-version-externally-managed install_data
[1.962s] running egg_info
[1.964s] writing build/image_capture/image_capture.egg-info/PKG-INFO
[1.966s] writing dependency_links to build/image_capture/image_capture.egg-info/dependency_links.txt
[1.967s] writing entry points to build/image_capture/image_capture.egg-info/entry_points.txt
[1.967s] writing requirements to build/image_capture/image_capture.egg-info/requires.txt
[1.967s] writing top-level names to build/image_capture/image_capture.egg-info/top_level.txt
[1.970s] reading manifest file 'build/image_capture/image_capture.egg-info/SOURCES.txt'
[1.971s] writing manifest file 'build/image_capture/image_capture.egg-info/SOURCES.txt'
[1.971s] running build
[1.971s] running build_py
[1.971s] copying image_capture/capture.py -> /home/pride/AGV/src/image_capture/build/image_capture/build/lib/image_capture
[1.973s] running install
[1.973s] running install_lib
[1.974s] copying /home/pride/AGV/src/image_capture/build/image_capture/build/lib/image_capture/capture.py -> /home/pride/AGV/src/image_capture/install/image_capture/lib/python3.10/site-packages/image_capture
[1.976s] byte-compiling /home/pride/AGV/src/image_capture/install/image_capture/lib/python3.10/site-packages/image_capture/capture.py to capture.cpython-310.pyc
[1.978s] running install_data
[1.978s] running install_egg_info
[1.980s] removing '/home/pride/AGV/src/image_capture/install/image_capture/lib/python3.10/site-packages/image_capture-0.0.0-py3.10.egg-info' (and everything under it)
[1.981s] Copying build/image_capture/image_capture.egg-info to /home/pride/AGV/src/image_capture/install/image_capture/lib/python3.10/site-packages/image_capture-0.0.0-py3.10.egg-info
[1.983s] running install_scripts
[2.004s] Installing capture script to /home/pride/AGV/src/image_capture/install/image_capture/lib/image_capture
[2.005s] writing list of installed files to '/home/pride/AGV/src/image_capture/build/image_capture/install.log'
[2.029s] Invoked command in '/home/pride/AGV/src/image_capture' returned '0': PYTHONPATH=/home/pride/AGV/src/image_capture/build/image_capture/prefix_override:/usr/lib/python3/dist-packages/colcon_core/task/python/colcon_distutils_commands:/home/pride/AGV/src/image_capture/install/image_capture/lib/python3.10/site-packages:${PYTHONPATH} /usr/bin/python3 -W ignore:setup.py install is deprecated -W ignore:easy_install command is deprecated setup.py egg_info --egg-base build/image_capture build --build-base /home/pride/AGV/src/image_capture/build/image_capture/build install --record /home/pride/AGV/src/image_capture/build/image_capture/install.log --single-version-externally-managed install_data
