running egg_info
creating ../../build/solar_panel_detector/solar_panel_detector.egg-info
writing ../../build/solar_panel_detector/solar_panel_detector.egg-info/PKG-INFO
writing dependency_links to ../../build/solar_panel_detector/solar_panel_detector.egg-info/dependency_links.txt
writing entry points to ../../build/solar_panel_detector/solar_panel_detector.egg-info/entry_points.txt
writing requirements to ../../build/solar_panel_detector/solar_panel_detector.egg-info/requires.txt
writing top-level names to ../../build/solar_panel_detector/solar_panel_detector.egg-info/top_level.txt
writing manifest file '../../build/solar_panel_detector/solar_panel_detector.egg-info/SOURCES.txt'
reading manifest file '../../build/solar_panel_detector/solar_panel_detector.egg-info/SOURCES.txt'
writing manifest file '../../build/solar_panel_detector/solar_panel_detector.egg-info/SOURCES.txt'
running build
running build_py
creating /home/pride/AGV/build/solar_panel_detector/build
creating /home/pride/AGV/build/solar_panel_detector/build/lib
creating /home/pride/AGV/build/solar_panel_detector/build/lib/solar_panel_detector
copying solar_panel_detector/__init__.py -> /home/pride/AGV/build/solar_panel_detector/build/lib/solar_panel_detector
running install
running install_lib
creating /home/pride/AGV/install/solar_panel_detector/lib/python3.10/site-packages/solar_panel_detector
copying /home/pride/AGV/build/solar_panel_detector/build/lib/solar_panel_detector/__init__.py -> /home/pride/AGV/install/solar_panel_detector/lib/python3.10/site-packages/solar_panel_detector
byte-compiling /home/pride/AGV/install/solar_panel_detector/lib/python3.10/site-packages/solar_panel_detector/__init__.py to __init__.cpython-310.pyc
running install_data
creating /home/pride/AGV/install/solar_panel_detector/share
creating /home/pride/AGV/install/solar_panel_detector/share/ament_index
creating /home/pride/AGV/install/solar_panel_detector/share/ament_index/resource_index
creating /home/pride/AGV/install/solar_panel_detector/share/ament_index/resource_index/packages
copying resource/solar_panel_detector -> /home/pride/AGV/install/solar_panel_detector/share/ament_index/resource_index/packages
creating /home/pride/AGV/install/solar_panel_detector/share/solar_panel_detector
copying package.xml -> /home/pride/AGV/install/solar_panel_detector/share/solar_panel_detector
running install_egg_info
Copying ../../build/solar_panel_detector/solar_panel_detector.egg-info to /home/pride/AGV/install/solar_panel_detector/lib/python3.10/site-packages/solar_panel_detector-0.0.0-py3.10.egg-info
running install_scripts
writing list of installed files to '/home/pride/AGV/build/solar_panel_detector/install.log'
