[2.396s] Invoking command in '/home/pride/AGV/src/solar_panel_detector': PYTHONPATH=/home/pride/AGV/build/solar_panel_detector/prefix_override:/usr/lib/python3/dist-packages/colcon_core/task/python/colcon_distutils_commands:/home/pride/AGV/install/solar_panel_detector/lib/python3.10/site-packages:${PYTHONPATH} /usr/bin/python3 -W ignore:setup.py install is deprecated -W ignore:easy_install command is deprecated setup.py egg_info --egg-base ../../build/solar_panel_detector build --build-base /home/pride/AGV/build/solar_panel_detector/build install --record /home/pride/AGV/build/solar_panel_detector/install.log --single-version-externally-managed install_data
[2.614s] running egg_info
[2.615s] creating ../../build/solar_panel_detector/solar_panel_detector.egg-info
[2.615s] writing ../../build/solar_panel_detector/solar_panel_detector.egg-info/PKG-INFO
[2.616s] writing dependency_links to ../../build/solar_panel_detector/solar_panel_detector.egg-info/dependency_links.txt
[2.617s] writing entry points to ../../build/solar_panel_detector/solar_panel_detector.egg-info/entry_points.txt
[2.617s] writing requirements to ../../build/solar_panel_detector/solar_panel_detector.egg-info/requires.txt
[2.617s] writing top-level names to ../../build/solar_panel_detector/solar_panel_detector.egg-info/top_level.txt
[2.618s] writing manifest file '../../build/solar_panel_detector/solar_panel_detector.egg-info/SOURCES.txt'
[2.623s] reading manifest file '../../build/solar_panel_detector/solar_panel_detector.egg-info/SOURCES.txt'
[2.624s] writing manifest file '../../build/solar_panel_detector/solar_panel_detector.egg-info/SOURCES.txt'
[2.624s] running build
[2.625s] running build_py
[2.625s] creating /home/pride/AGV/build/solar_panel_detector/build
[2.625s] creating /home/pride/AGV/build/solar_panel_detector/build/lib
[2.625s] creating /home/pride/AGV/build/solar_panel_detector/build/lib/solar_panel_detector
[2.625s] copying solar_panel_detector/__init__.py -> /home/pride/AGV/build/solar_panel_detector/build/lib/solar_panel_detector
[2.626s] running install
[2.626s] running install_lib
[2.626s] creating /home/pride/AGV/install/solar_panel_detector/lib/python3.10/site-packages/solar_panel_detector
[2.626s] copying /home/pride/AGV/build/solar_panel_detector/build/lib/solar_panel_detector/__init__.py -> /home/pride/AGV/install/solar_panel_detector/lib/python3.10/site-packages/solar_panel_detector
[2.627s] byte-compiling /home/pride/AGV/install/solar_panel_detector/lib/python3.10/site-packages/solar_panel_detector/__init__.py to __init__.cpython-310.pyc
[2.627s] running install_data
[2.628s] creating /home/pride/AGV/install/solar_panel_detector/share
[2.628s] creating /home/pride/AGV/install/solar_panel_detector/share/ament_index
[2.628s] creating /home/pride/AGV/install/solar_panel_detector/share/ament_index/resource_index
[2.628s] creating /home/pride/AGV/install/solar_panel_detector/share/ament_index/resource_index/packages
[2.628s] copying resource/solar_panel_detector -> /home/pride/AGV/install/solar_panel_detector/share/ament_index/resource_index/packages
[2.629s] creating /home/pride/AGV/install/solar_panel_detector/share/solar_panel_detector
[2.629s] copying package.xml -> /home/pride/AGV/install/solar_panel_detector/share/solar_panel_detector
[2.629s] running install_egg_info
[2.630s] Copying ../../build/solar_panel_detector/solar_panel_detector.egg-info to /home/pride/AGV/install/solar_panel_detector/lib/python3.10/site-packages/solar_panel_detector-0.0.0-py3.10.egg-info
[2.631s] running install_scripts
[2.647s] writing list of installed files to '/home/pride/AGV/build/solar_panel_detector/install.log'
[2.673s] Invoked command in '/home/pride/AGV/src/solar_panel_detector' returned '0': PYTHONPATH=/home/pride/AGV/build/solar_panel_detector/prefix_override:/usr/lib/python3/dist-packages/colcon_core/task/python/colcon_distutils_commands:/home/pride/AGV/install/solar_panel_detector/lib/python3.10/site-packages:${PYTHONPATH} /usr/bin/python3 -W ignore:setup.py install is deprecated -W ignore:easy_install command is deprecated setup.py egg_info --egg-base ../../build/solar_panel_detector build --build-base /home/pride/AGV/build/solar_panel_detector/build install --record /home/pride/AGV/build/solar_panel_detector/install.log --single-version-externally-managed install_data
