[5.247s] Invoking command in '/home/pride/AGV/src/image_capture': PYTHONPATH=/home/pride/AGV/build/image_capture/prefix_override:/usr/lib/python3/dist-packages/colcon_core/task/python/colcon_distutils_commands:/home/pride/AGV/install/image_capture/lib/python3.10/site-packages:${PYTHONPATH} /usr/bin/python3 -W ignore:setup.py install is deprecated -W ignore:easy_install command is deprecated setup.py egg_info --egg-base ../../build/image_capture build --build-base /home/pride/AGV/build/image_capture/build install --record /home/pride/AGV/build/image_capture/install.log --single-version-externally-managed install_data
[5.786s] running egg_info
[5.789s] writing ../../build/image_capture/image_capture.egg-info/PKG-INFO
[5.792s] writing dependency_links to ../../build/image_capture/image_capture.egg-info/dependency_links.txt
[5.793s] writing entry points to ../../build/image_capture/image_capture.egg-info/entry_points.txt
[5.793s] writing requirements to ../../build/image_capture/image_capture.egg-info/requires.txt
[5.795s] writing top-level names to ../../build/image_capture/image_capture.egg-info/top_level.txt
[5.810s] reading manifest file '../../build/image_capture/image_capture.egg-info/SOURCES.txt'
[5.817s] writing manifest file '../../build/image_capture/image_capture.egg-info/SOURCES.txt'
[5.817s] running build
[5.818s] running build_py
[5.820s] running install
[5.826s] running install_lib
[5.847s] running install_data
[5.847s] running install_egg_info
[5.858s] removing '/home/pride/AGV/install/image_capture/lib/python3.10/site-packages/image_capture-0.0.0-py3.10.egg-info' (and everything under it)
[5.862s] Copying ../../build/image_capture/image_capture.egg-info to /home/pride/AGV/install/image_capture/lib/python3.10/site-packages/image_capture-0.0.0-py3.10.egg-info
[5.892s] running install_scripts
[6.120s] Installing capture script to /home/pride/AGV/install/image_capture/lib/image_capture
[6.121s] writing list of installed files to '/home/pride/AGV/build/image_capture/install.log'
[6.335s] Invoked command in '/home/pride/AGV/src/image_capture' returned '0': PYTHONPATH=/home/pride/AGV/build/image_capture/prefix_override:/usr/lib/python3/dist-packages/colcon_core/task/python/colcon_distutils_commands:/home/pride/AGV/install/image_capture/lib/python3.10/site-packages:${PYTHONPATH} /usr/bin/python3 -W ignore:setup.py install is deprecated -W ignore:easy_install command is deprecated setup.py egg_info --egg-base ../../build/image_capture build --build-base /home/pride/AGV/build/image_capture/build install --record /home/pride/AGV/build/image_capture/install.log --single-version-externally-managed install_data
