[1.886s] Invoking command in '/home/pride/AGV/src/pan_tilt': PYTHONPATH=/home/pride/AGV/src/build/pan_tilt/prefix_override:/usr/lib/python3/dist-packages/colcon_core/task/python/colcon_distutils_commands:/home/pride/AGV/src/install/pan_tilt/lib/python3.10/site-packages:${PYTHONPATH} /usr/bin/python3 -W ignore:setup.py install is deprecated -W ignore:easy_install command is deprecated setup.py egg_info --egg-base ../build/pan_tilt build --build-base /home/pride/AGV/src/build/pan_tilt/build install --record /home/pride/AGV/src/build/pan_tilt/install.log --single-version-externally-managed install_data
[2.182s] running egg_info
[2.184s] creating ../build/pan_tilt/pan_tilt.egg-info
[2.184s] writing ../build/pan_tilt/pan_tilt.egg-info/PKG-INFO
[2.185s] writing dependency_links to ../build/pan_tilt/pan_tilt.egg-info/dependency_links.txt
[2.185s] writing entry points to ../build/pan_tilt/pan_tilt.egg-info/entry_points.txt
[2.186s] writing requirements to ../build/pan_tilt/pan_tilt.egg-info/requires.txt
[2.186s] writing top-level names to ../build/pan_tilt/pan_tilt.egg-info/top_level.txt
[2.186s] writing manifest file '../build/pan_tilt/pan_tilt.egg-info/SOURCES.txt'
[2.191s] reading manifest file '../build/pan_tilt/pan_tilt.egg-info/SOURCES.txt'
[2.192s] writing manifest file '../build/pan_tilt/pan_tilt.egg-info/SOURCES.txt'
[2.192s] running build
[2.192s] running build_py
[2.192s] creating /home/pride/AGV/src/build/pan_tilt/build
[2.193s] creating /home/pride/AGV/src/build/pan_tilt/build/lib
[2.193s] creating /home/pride/AGV/src/build/pan_tilt/build/lib/pan_tilt
[2.193s] copying pan_tilt/__init__.py -> /home/pride/AGV/src/build/pan_tilt/build/lib/pan_tilt
[2.194s] running install
[2.195s] running install_lib
[2.196s] creating /home/pride/AGV/src/install/pan_tilt/lib/python3.10/site-packages/pan_tilt
[2.197s] copying /home/pride/AGV/src/build/pan_tilt/build/lib/pan_tilt/__init__.py -> /home/pride/AGV/src/install/pan_tilt/lib/python3.10/site-packages/pan_tilt
[2.198s] byte-compiling /home/pride/AGV/src/install/pan_tilt/lib/python3.10/site-packages/pan_tilt/__init__.py to __init__.cpython-310.pyc
[2.199s] running install_data
[2.199s] creating /home/pride/AGV/src/install/pan_tilt/share/ament_index
[2.202s] creating /home/pride/AGV/src/install/pan_tilt/share/ament_index/resource_index
[2.202s] creating /home/pride/AGV/src/install/pan_tilt/share/ament_index/resource_index/packages
[2.202s] copying resource/pan_tilt -> /home/pride/AGV/src/install/pan_tilt/share/ament_index/resource_index/packages
[2.202s] copying package.xml -> /home/pride/AGV/src/install/pan_tilt/share/pan_tilt
[2.202s] running install_egg_info
[2.206s] Copying ../build/pan_tilt/pan_tilt.egg-info to /home/pride/AGV/src/install/pan_tilt/lib/python3.10/site-packages/pan_tilt-0.0.0-py3.10.egg-info
[2.210s] running install_scripts
[2.252s] writing list of installed files to '/home/pride/AGV/src/build/pan_tilt/install.log'
[2.338s] Invoked command in '/home/pride/AGV/src/pan_tilt' returned '0': PYTHONPATH=/home/pride/AGV/src/build/pan_tilt/prefix_override:/usr/lib/python3/dist-packages/colcon_core/task/python/colcon_distutils_commands:/home/pride/AGV/src/install/pan_tilt/lib/python3.10/site-packages:${PYTHONPATH} /usr/bin/python3 -W ignore:setup.py install is deprecated -W ignore:easy_install command is deprecated setup.py egg_info --egg-base ../build/pan_tilt build --build-base /home/pride/AGV/src/build/pan_tilt/build install --record /home/pride/AGV/src/build/pan_tilt/install.log --single-version-externally-managed install_data
