[1.971s] Invoking command in '/home/pride/AGV/src/solar_panel_detector': PYTHONPATH=/home/pride/AGV/build/solar_panel_detector/prefix_override:/usr/lib/python3/dist-packages/colcon_core/task/python/colcon_distutils_commands:/home/pride/AGV/install/solar_panel_detector/lib/python3.10/site-packages:${PYTHONPATH} /usr/bin/python3 -W ignore:setup.py install is deprecated -W ignore:easy_install command is deprecated setup.py egg_info --egg-base ../../build/solar_panel_detector build --build-base /home/pride/AGV/build/solar_panel_detector/build install --record /home/pride/AGV/build/solar_panel_detector/install.log --single-version-externally-managed install_data
[2.173s] running egg_info
[2.174s] writing ../../build/solar_panel_detector/solar_panel_detector.egg-info/PKG-INFO
[2.174s] writing dependency_links to ../../build/solar_panel_detector/solar_panel_detector.egg-info/dependency_links.txt
[2.174s] writing entry points to ../../build/solar_panel_detector/solar_panel_detector.egg-info/entry_points.txt
[2.175s] writing requirements to ../../build/solar_panel_detector/solar_panel_detector.egg-info/requires.txt
[2.175s] writing top-level names to ../../build/solar_panel_detector/solar_panel_detector.egg-info/top_level.txt
[2.177s] reading manifest file '../../build/solar_panel_detector/solar_panel_detector.egg-info/SOURCES.txt'
[2.179s] writing manifest file '../../build/solar_panel_detector/solar_panel_detector.egg-info/SOURCES.txt'
[2.179s] running build
[2.179s] running build_py
[2.179s] running install
[2.179s] running install_lib
[2.181s] running install_data
[2.181s] running install_egg_info
[2.183s] removing '/home/pride/AGV/install/solar_panel_detector/lib/python3.10/site-packages/solar_panel_detector-0.0.0-py3.10.egg-info' (and everything under it)
[2.183s] Copying ../../build/solar_panel_detector/solar_panel_detector.egg-info to /home/pride/AGV/install/solar_panel_detector/lib/python3.10/site-packages/solar_panel_detector-0.0.0-py3.10.egg-info
[2.185s] running install_scripts
[2.207s] writing list of installed files to '/home/pride/AGV/build/solar_panel_detector/install.log'
[2.238s] Invoked command in '/home/pride/AGV/src/solar_panel_detector' returned '0': PYTHONPATH=/home/pride/AGV/build/solar_panel_detector/prefix_override:/usr/lib/python3/dist-packages/colcon_core/task/python/colcon_distutils_commands:/home/pride/AGV/install/solar_panel_detector/lib/python3.10/site-packages:${PYTHONPATH} /usr/bin/python3 -W ignore:setup.py install is deprecated -W ignore:easy_install command is deprecated setup.py egg_info --egg-base ../../build/solar_panel_detector build --build-base /home/pride/AGV/build/solar_panel_detector/build install --record /home/pride/AGV/build/solar_panel_detector/install.log --single-version-externally-managed install_data
