[2.646s] Invoking command in '/home/pride/AGV/src/build/lidar': PYTHONPATH=/home/pride/AGV/src/build/lidar/prefix_override:/usr/lib/python3/dist-packages/colcon_core/task/python/colcon_distutils_commands:/home/pride/AGV/src/install/lidar/lib/python3.10/site-packages:${PYTHONPATH} /usr/bin/python3 -W ignore:setup.py install is deprecated -W ignore:easy_install command is deprecated setup.py develop --uninstall --editable --build-directory /home/pride/AGV/src/build/lidar/build
[3.272s] running develop
[3.273s] Removing /home/pride/AGV/src/install/lidar/lib/python3.10/site-packages/lidar.egg-link (link to .)
[3.343s] Invoked command in '/home/pride/AGV/src/build/lidar' returned '0': PYTHONPATH=/home/pride/AGV/src/build/lidar/prefix_override:/usr/lib/python3/dist-packages/colcon_core/task/python/colcon_distutils_commands:/home/pride/AGV/src/install/lidar/lib/python3.10/site-packages:${PYTHONPATH} /usr/bin/python3 -W ignore:setup.py install is deprecated -W ignore:easy_install command is deprecated setup.py develop --uninstall --editable --build-directory /home/pride/AGV/src/build/lidar/build
[3.351s] Invoking command in '/home/pride/AGV/src/lidar': PYTHONPATH=/home/pride/AGV/src/build/lidar/prefix_override:/usr/lib/python3/dist-packages/colcon_core/task/python/colcon_distutils_commands:/home/pride/AGV/src/install/lidar/lib/python3.10/site-packages:${PYTHONPATH} /usr/bin/python3 -W ignore:setup.py install is deprecated -W ignore:easy_install command is deprecated setup.py egg_info --egg-base ../build/lidar build --build-base /home/pride/AGV/src/build/lidar/build install --record /home/pride/AGV/src/build/lidar/install.log --single-version-externally-managed install_data --force
[3.655s] running egg_info
[3.656s] writing ../build/lidar/lidar.egg-info/PKG-INFO
[3.656s] writing dependency_links to ../build/lidar/lidar.egg-info/dependency_links.txt
[3.657s] writing entry points to ../build/lidar/lidar.egg-info/entry_points.txt
[3.658s] writing requirements to ../build/lidar/lidar.egg-info/requires.txt
[3.658s] writing top-level names to ../build/lidar/lidar.egg-info/top_level.txt
[3.661s] reading manifest file '../build/lidar/lidar.egg-info/SOURCES.txt'
[3.662s] writing manifest file '../build/lidar/lidar.egg-info/SOURCES.txt'
[3.663s] running build
[3.663s] running build_py
[3.664s] running install
[3.664s] running install_lib
[3.667s] creating /home/pride/AGV/src/install/lidar/lib/python3.10/site-packages/lidar
[3.667s] copying /home/pride/AGV/src/build/lidar/build/lib/lidar/__init__.py -> /home/pride/AGV/src/install/lidar/lib/python3.10/site-packages/lidar
[3.668s] byte-compiling /home/pride/AGV/src/install/lidar/lib/python3.10/site-packages/lidar/__init__.py to __init__.cpython-310.pyc
[3.669s] running install_data
[3.669s] copying resource/lidar -> /home/pride/AGV/src/install/lidar/share/ament_index/resource_index/packages
[3.670s] copying package.xml -> /home/pride/AGV/src/install/lidar/share/lidar
[3.670s] running install_egg_info
[3.673s] Copying ../build/lidar/lidar.egg-info to /home/pride/AGV/src/install/lidar/lib/python3.10/site-packages/lidar-0.0.0-py3.10.egg-info
[3.675s] running install_scripts
[3.710s] writing list of installed files to '/home/pride/AGV/src/build/lidar/install.log'
[3.863s] Invoked command in '/home/pride/AGV/src/lidar' returned '0': PYTHONPATH=/home/pride/AGV/src/build/lidar/prefix_override:/usr/lib/python3/dist-packages/colcon_core/task/python/colcon_distutils_commands:/home/pride/AGV/src/install/lidar/lib/python3.10/site-packages:${PYTHONPATH} /usr/bin/python3 -W ignore:setup.py install is deprecated -W ignore:easy_install command is deprecated setup.py egg_info --egg-base ../build/lidar build --build-base /home/pride/AGV/src/build/lidar/build install --record /home/pride/AGV/src/build/lidar/install.log --single-version-externally-managed install_data --force
