[2.710s] Invoking command in '/home/pride/AGV/src/obstacle_detection_msgs': PYTHONPATH=/home/pride/AGV/src/build/obstacle_detection_msgs/prefix_override:/usr/lib/python3/dist-packages/colcon_core/task/python/colcon_distutils_commands:/home/pride/AGV/src/install/obstacle_detection_msgs/lib/python3.10/site-packages:${PYTHONPATH} /usr/bin/python3 -W ignore:setup.py install is deprecated -W ignore:easy_install command is deprecated setup.py egg_info --egg-base ../build/obstacle_detection_msgs build --build-base /home/pride/AGV/src/build/obstacle_detection_msgs/build install --record /home/pride/AGV/src/build/obstacle_detection_msgs/install.log --single-version-externally-managed install_data
[3.098s] running egg_info
[3.099s] creating ../build/obstacle_detection_msgs/obstacle_detection_msgs.egg-info
[3.101s] writing ../build/obstacle_detection_msgs/obstacle_detection_msgs.egg-info/PKG-INFO
[3.103s] writing dependency_links to ../build/obstacle_detection_msgs/obstacle_detection_msgs.egg-info/dependency_links.txt
[3.104s] writing entry points to ../build/obstacle_detection_msgs/obstacle_detection_msgs.egg-info/entry_points.txt
[3.104s] writing requirements to ../build/obstacle_detection_msgs/obstacle_detection_msgs.egg-info/requires.txt
[3.104s] writing top-level names to ../build/obstacle_detection_msgs/obstacle_detection_msgs.egg-info/top_level.txt
[3.105s] writing manifest file '../build/obstacle_detection_msgs/obstacle_detection_msgs.egg-info/SOURCES.txt'
[3.110s] reading manifest file '../build/obstacle_detection_msgs/obstacle_detection_msgs.egg-info/SOURCES.txt'
[3.112s] writing manifest file '../build/obstacle_detection_msgs/obstacle_detection_msgs.egg-info/SOURCES.txt'
[3.112s] running build
[3.112s] running build_py
[3.112s] creating /home/pride/AGV/src/build/obstacle_detection_msgs/build
[3.113s] creating /home/pride/AGV/src/build/obstacle_detection_msgs/build/lib
[3.114s] creating /home/pride/AGV/src/build/obstacle_detection_msgs/build/lib/obstacle_detection_msgs
[3.119s] copying obstacle_detection_msgs/__init__.py -> /home/pride/AGV/src/build/obstacle_detection_msgs/build/lib/obstacle_detection_msgs
[3.119s] running install
[3.119s] running install_lib
[3.120s] creating /home/pride/AGV/src/install/obstacle_detection_msgs/lib/python3.10/site-packages/obstacle_detection_msgs
[3.121s] copying /home/pride/AGV/src/build/obstacle_detection_msgs/build/lib/obstacle_detection_msgs/__init__.py -> /home/pride/AGV/src/install/obstacle_detection_msgs/lib/python3.10/site-packages/obstacle_detection_msgs
[3.122s] byte-compiling /home/pride/AGV/src/install/obstacle_detection_msgs/lib/python3.10/site-packages/obstacle_detection_msgs/__init__.py to __init__.cpython-310.pyc
[3.125s] running install_data
[3.125s] creating /home/pride/AGV/src/install/obstacle_detection_msgs/share/ament_index
[3.125s] creating /home/pride/AGV/src/install/obstacle_detection_msgs/share/ament_index/resource_index
[3.126s] creating /home/pride/AGV/src/install/obstacle_detection_msgs/share/ament_index/resource_index/packages
[3.127s] copying resource/obstacle_detection_msgs -> /home/pride/AGV/src/install/obstacle_detection_msgs/share/ament_index/resource_index/packages
[3.127s] copying package.xml -> /home/pride/AGV/src/install/obstacle_detection_msgs/share/obstacle_detection_msgs
[3.127s] running install_egg_info
[3.131s] Copying ../build/obstacle_detection_msgs/obstacle_detection_msgs.egg-info to /home/pride/AGV/src/install/obstacle_detection_msgs/lib/python3.10/site-packages/obstacle_detection_msgs-0.0.0-py3.10.egg-info
[3.136s] running install_scripts
[3.180s] writing list of installed files to '/home/pride/AGV/src/build/obstacle_detection_msgs/install.log'
[3.338s] Invoked command in '/home/pride/AGV/src/obstacle_detection_msgs' returned '0': PYTHONPATH=/home/pride/AGV/src/build/obstacle_detection_msgs/prefix_override:/usr/lib/python3/dist-packages/colcon_core/task/python/colcon_distutils_commands:/home/pride/AGV/src/install/obstacle_detection_msgs/lib/python3.10/site-packages:${PYTHONPATH} /usr/bin/python3 -W ignore:setup.py install is deprecated -W ignore:easy_install command is deprecated setup.py egg_info --egg-base ../build/obstacle_detection_msgs build --build-base /home/pride/AGV/src/build/obstacle_detection_msgs/build install --record /home/pride/AGV/src/build/obstacle_detection_msgs/install.log --single-version-externally-managed install_data
