[0.683s] Invoking command in '/home/pride/AGV/src/lidar': PYTHONPATH=/home/pride/AGV/src/lidar/build/lidar/prefix_override:/usr/lib/python3/dist-packages/colcon_core/task/python/colcon_distutils_commands:/home/pride/AGV/src/lidar/install/lidar/lib/python3.10/site-packages:${PYTHONPATH} /usr/bin/python3 -W ignore:setup.py install is deprecated -W ignore:easy_install command is deprecated setup.py egg_info --egg-base build/lidar build --build-base /home/pride/AGV/src/lidar/build/lidar/build install --record /home/pride/AGV/src/lidar/build/lidar/install.log --single-version-externally-managed install_data
[0.877s] running egg_info
[0.877s] writing build/lidar/lidar.egg-info/PKG-INFO
[0.878s] writing dependency_links to build/lidar/lidar.egg-info/dependency_links.txt
[0.878s] writing entry points to build/lidar/lidar.egg-info/entry_points.txt
[0.879s] writing requirements to build/lidar/lidar.egg-info/requires.txt
[0.880s] writing top-level names to build/lidar/lidar.egg-info/top_level.txt
[0.882s] reading manifest file 'build/lidar/lidar.egg-info/SOURCES.txt'
[0.884s] writing manifest file 'build/lidar/lidar.egg-info/SOURCES.txt'
[0.885s] running build
[0.885s] running build_py
[0.885s] copying lidar/lidar.py -> /home/pride/AGV/src/lidar/build/lidar/build/lib/lidar
[0.888s] running install
[0.888s] running install_lib
[0.889s] copying /home/pride/AGV/src/lidar/build/lidar/build/lib/lidar/lidar.py -> /home/pride/AGV/src/lidar/install/lidar/lib/python3.10/site-packages/lidar
[0.890s] byte-compiling /home/pride/AGV/src/lidar/install/lidar/lib/python3.10/site-packages/lidar/lidar.py to lidar.cpython-310.pyc
[0.891s] running install_data
[0.891s] copying package.xml -> /home/pride/AGV/src/lidar/install/lidar/share/lidar
[0.893s] running install_egg_info
[0.894s] removing '/home/pride/AGV/src/lidar/install/lidar/lib/python3.10/site-packages/lidar-0.0.0-py3.10.egg-info' (and everything under it)
[0.897s] Copying build/lidar/lidar.egg-info to /home/pride/AGV/src/lidar/install/lidar/lib/python3.10/site-packages/lidar-0.0.0-py3.10.egg-info
[0.904s] running install_scripts
[0.925s] Installing lidar script to /home/pride/AGV/src/lidar/install/lidar/lib/lidar
[0.926s] writing list of installed files to '/home/pride/AGV/src/lidar/build/lidar/install.log'
[0.956s] Invoked command in '/home/pride/AGV/src/lidar' returned '0': PYTHONPATH=/home/pride/AGV/src/lidar/build/lidar/prefix_override:/usr/lib/python3/dist-packages/colcon_core/task/python/colcon_distutils_commands:/home/pride/AGV/src/lidar/install/lidar/lib/python3.10/site-packages:${PYTHONPATH} /usr/bin/python3 -W ignore:setup.py install is deprecated -W ignore:easy_install command is deprecated setup.py egg_info --egg-base build/lidar build --build-base /home/pride/AGV/src/lidar/build/lidar/build install --record /home/pride/AGV/src/lidar/build/lidar/install.log --single-version-externally-managed install_data
