[2.610s] Invoking command in '/home/pride/AGV/build/ntrip_client': PYTHONPATH=/home/pride/AGV/build/ntrip_client/prefix_override:/usr/lib/python3/dist-packages/colcon_core/task/python/colcon_distutils_commands:/home/pride/AGV/install/ntrip_client/lib/python3.10/site-packages:${PYTHONPATH} /usr/bin/python3 -W ignore:setup.py install is deprecated -W ignore:easy_install command is deprecated setup.py develop --uninstall --editable --build-directory /home/pride/AGV/build/ntrip_client/build
[2.991s] running develop
[3.228s] Removing /home/pride/AGV/install/ntrip_client/lib/python3.10/site-packages/ntrip-client.egg-link (link to .)
[3.432s] Invoked command in '/home/pride/AGV/build/ntrip_client' returned '0': PYTHONPATH=/home/pride/AGV/build/ntrip_client/prefix_override:/usr/lib/python3/dist-packages/colcon_core/task/python/colcon_distutils_commands:/home/pride/AGV/install/ntrip_client/lib/python3.10/site-packages:${PYTHONPATH} /usr/bin/python3 -W ignore:setup.py install is deprecated -W ignore:easy_install command is deprecated setup.py develop --uninstall --editable --build-directory /home/pride/AGV/build/ntrip_client/build
[3.438s] Invoking command in '/home/pride/AGV/src/ntrip_client': PYTHONPATH=/home/pride/AGV/build/ntrip_client/prefix_override:/usr/lib/python3/dist-packages/colcon_core/task/python/colcon_distutils_commands:/home/pride/AGV/install/ntrip_client/lib/python3.10/site-packages:${PYTHONPATH} /usr/bin/python3 -W ignore:setup.py install is deprecated -W ignore:easy_install command is deprecated setup.py egg_info --egg-base ../../build/ntrip_client build --build-base /home/pride/AGV/build/ntrip_client/build install --record /home/pride/AGV/build/ntrip_client/install.log --single-version-externally-managed install_data --force
[3.920s] running egg_info
[3.920s] writing ../../build/ntrip_client/ntrip_client.egg-info/PKG-INFO
[3.921s] writing dependency_links to ../../build/ntrip_client/ntrip_client.egg-info/dependency_links.txt
[3.921s] writing entry points to ../../build/ntrip_client/ntrip_client.egg-info/entry_points.txt
[3.921s] writing requirements to ../../build/ntrip_client/ntrip_client.egg-info/requires.txt
[3.921s] writing top-level names to ../../build/ntrip_client/ntrip_client.egg-info/top_level.txt
[3.921s] reading manifest file '../../build/ntrip_client/ntrip_client.egg-info/SOURCES.txt'
[3.921s] writing manifest file '../../build/ntrip_client/ntrip_client.egg-info/SOURCES.txt'
[3.921s] running build
[3.921s] running build_py
[3.921s] copying ntrip_client/ntrip.py -> /home/pride/AGV/build/ntrip_client/build/lib/ntrip_client
[3.922s] running install
[3.922s] running install_lib
[3.922s] copying /home/pride/AGV/build/ntrip_client/build/lib/ntrip_client/__init__.py -> /home/pride/AGV/install/ntrip_client/lib/python3.10/site-packages/ntrip_client
[3.922s] copying /home/pride/AGV/build/ntrip_client/build/lib/ntrip_client/ntrip.py -> /home/pride/AGV/install/ntrip_client/lib/python3.10/site-packages/ntrip_client
[3.922s] byte-compiling /home/pride/AGV/install/ntrip_client/lib/python3.10/site-packages/ntrip_client/__init__.py to __init__.cpython-310.pyc
[3.922s] byte-compiling /home/pride/AGV/install/ntrip_client/lib/python3.10/site-packages/ntrip_client/ntrip.py to ntrip.cpython-310.pyc
[3.922s] running install_data
[3.922s] copying resource/ntrip_client -> /home/pride/AGV/install/ntrip_client/share/ament_index/resource_index/packages
[3.922s] copying package.xml -> /home/pride/AGV/install/ntrip_client/share/ntrip_client
[3.922s] running install_egg_info
[3.922s] Copying ../../build/ntrip_client/ntrip_client.egg-info to /home/pride/AGV/install/ntrip_client/lib/python3.10/site-packages/ntrip_client-0.0.0-py3.10.egg-info
[3.923s] running install_scripts
[3.923s] Installing ntrip script to /home/pride/AGV/install/ntrip_client/lib/ntrip_client
[3.923s] writing list of installed files to '/home/pride/AGV/build/ntrip_client/install.log'
[4.020s] Invoked command in '/home/pride/AGV/src/ntrip_client' returned '0': PYTHONPATH=/home/pride/AGV/build/ntrip_client/prefix_override:/usr/lib/python3/dist-packages/colcon_core/task/python/colcon_distutils_commands:/home/pride/AGV/install/ntrip_client/lib/python3.10/site-packages:${PYTHONPATH} /usr/bin/python3 -W ignore:setup.py install is deprecated -W ignore:easy_install command is deprecated setup.py egg_info --egg-base ../../build/ntrip_client build --build-base /home/pride/AGV/build/ntrip_client/build install --record /home/pride/AGV/build/ntrip_client/install.log --single-version-externally-managed install_data --force
