[2.181s] Invoking command in '/home/pride/AGV/src/lidar': PYTHONPATH=/home/pride/AGV/build/lidar/prefix_override:/usr/lib/python3/dist-packages/colcon_core/task/python/colcon_distutils_commands:/home/pride/AGV/install/lidar/lib/python3.10/site-packages:${PYTHONPATH} /usr/bin/python3 -W ignore:setup.py install is deprecated -W ignore:easy_install command is deprecated setup.py egg_info --egg-base ../../build/lidar build --build-base /home/pride/AGV/build/lidar/build install --record /home/pride/AGV/build/lidar/install.log --single-version-externally-managed install_data
[2.555s] running egg_info
[2.556s] writing ../../build/lidar/lidar.egg-info/PKG-INFO
[2.556s] writing dependency_links to ../../build/lidar/lidar.egg-info/dependency_links.txt
[2.557s] writing entry points to ../../build/lidar/lidar.egg-info/entry_points.txt
[2.557s] writing requirements to ../../build/lidar/lidar.egg-info/requires.txt
[2.558s] writing top-level names to ../../build/lidar/lidar.egg-info/top_level.txt
[2.561s] reading manifest file '../../build/lidar/lidar.egg-info/SOURCES.txt'
[2.562s] writing manifest file '../../build/lidar/lidar.egg-info/SOURCES.txt'
[2.564s] running build
[2.564s] running build_py
[2.564s] running install
[2.564s] running install_lib
[2.570s] running install_data
[2.571s] running install_egg_info
[2.575s] removing '/home/pride/AGV/install/lidar/lib/python3.10/site-packages/lidar-0.0.0-py3.10.egg-info' (and everything under it)
[2.578s] Copying ../../build/lidar/lidar.egg-info to /home/pride/AGV/install/lidar/lib/python3.10/site-packages/lidar-0.0.0-py3.10.egg-info
[2.584s] running install_scripts
[2.622s] writing list of installed files to '/home/pride/AGV/build/lidar/install.log'
[2.768s] Invoked command in '/home/pride/AGV/src/lidar' returned '0': PYTHONPATH=/home/pride/AGV/build/lidar/prefix_override:/usr/lib/python3/dist-packages/colcon_core/task/python/colcon_distutils_commands:/home/pride/AGV/install/lidar/lib/python3.10/site-packages:${PYTHONPATH} /usr/bin/python3 -W ignore:setup.py install is deprecated -W ignore:easy_install command is deprecated setup.py egg_info --egg-base ../../build/lidar build --build-base /home/pride/AGV/build/lidar/build install --record /home/pride/AGV/build/lidar/install.log --single-version-externally-managed install_data
