[2.771s] Invoking command in '/home/pride/AGV/src/geotagging': PYTHONPATH=/home/pride/AGV/src/build/geotagging/prefix_override:/usr/lib/python3/dist-packages/colcon_core/task/python/colcon_distutils_commands:/home/pride/AGV/src/install/geotagging/lib/python3.10/site-packages:${PYTHONPATH} /usr/bin/python3 -W ignore:setup.py install is deprecated -W ignore:easy_install command is deprecated setup.py egg_info --egg-base ../build/geotagging build --build-base /home/pride/AGV/src/build/geotagging/build install --record /home/pride/AGV/src/build/geotagging/install.log --single-version-externally-managed install_data
[3.130s] running egg_info
[3.137s] writing ../build/geotagging/geotagging.egg-info/PKG-INFO
[3.139s] writing dependency_links to ../build/geotagging/geotagging.egg-info/dependency_links.txt
[3.141s] writing entry points to ../build/geotagging/geotagging.egg-info/entry_points.txt
[3.143s] writing requirements to ../build/geotagging/geotagging.egg-info/requires.txt
[3.144s] writing top-level names to ../build/geotagging/geotagging.egg-info/top_level.txt
[3.149s] reading manifest file '../build/geotagging/geotagging.egg-info/SOURCES.txt'
[3.154s] writing manifest file '../build/geotagging/geotagging.egg-info/SOURCES.txt'
[3.154s] running build
[3.154s] running build_py
[3.154s] copying geotagging/__init__.py -> /home/pride/AGV/src/build/geotagging/build/lib/geotagging
[3.155s] copying geotagging/geotag.py -> /home/pride/AGV/src/build/geotagging/build/lib/geotagging
[3.157s] running install
[3.158s] running install_lib
[3.161s] copying /home/pride/AGV/src/build/geotagging/build/lib/geotagging/geotag.py -> /home/pride/AGV/src/install/geotagging/lib/python3.10/site-packages/geotagging
[3.165s] byte-compiling /home/pride/AGV/src/install/geotagging/lib/python3.10/site-packages/geotagging/geotag.py to geotag.cpython-310.pyc
[3.169s] running install_data
[3.169s] running install_egg_info
[3.176s] removing '/home/pride/AGV/src/install/geotagging/lib/python3.10/site-packages/geotagging-0.0.0-py3.10.egg-info' (and everything under it)
[3.181s] Copying ../build/geotagging/geotagging.egg-info to /home/pride/AGV/src/install/geotagging/lib/python3.10/site-packages/geotagging-0.0.0-py3.10.egg-info
[3.198s] running install_scripts
[3.242s] Installing geotag script to /home/pride/AGV/src/install/geotagging/lib/geotagging
[3.246s] writing list of installed files to '/home/pride/AGV/src/build/geotagging/install.log'
[3.417s] Invoked command in '/home/pride/AGV/src/geotagging' returned '0': PYTHONPATH=/home/pride/AGV/src/build/geotagging/prefix_override:/usr/lib/python3/dist-packages/colcon_core/task/python/colcon_distutils_commands:/home/pride/AGV/src/install/geotagging/lib/python3.10/site-packages:${PYTHONPATH} /usr/bin/python3 -W ignore:setup.py install is deprecated -W ignore:easy_install command is deprecated setup.py egg_info --egg-base ../build/geotagging build --build-base /home/pride/AGV/src/build/geotagging/build install --record /home/pride/AGV/src/build/geotagging/install.log --single-version-externally-managed install_data
