/home/pride/AGV/src/install/mission_manager/lib/python3.10/site-packages/mission_manager/mission_manager.py
/home/pride/AGV/src/install/mission_manager/lib/python3.10/site-packages/mission_manager/__init__.py
/home/pride/AGV/src/install/mission_manager/lib/python3.10/site-packages/mission_manager/__pycache__/mission_manager.cpython-310.pyc
/home/pride/AGV/src/install/mission_manager/lib/python3.10/site-packages/mission_manager/__pycache__/__init__.cpython-310.pyc
/home/pride/AGV/src/install/mission_manager/share/ament_index/resource_index/packages/mission_manager
/home/pride/AGV/src/install/mission_manager/share/mission_manager/package.xml
/home/pride/AGV/src/install/mission_manager/lib/python3.10/site-packages/mission_manager-0.0.0-py3.10.egg-info/SOURCES.txt:Zone.Identifier
/home/pride/AGV/src/install/mission_manager/lib/python3.10/site-packages/mission_manager-0.0.0-py3.10.egg-info/top_level.txt
/home/pride/AGV/src/install/mission_manager/lib/python3.10/site-packages/mission_manager-0.0.0-py3.10.egg-info/SOURCES.txt
/home/pride/AGV/src/install/mission_manager/lib/python3.10/site-packages/mission_manager-0.0.0-py3.10.egg-info/PKG-INFO:Zone.Identifier
/home/pride/AGV/src/install/mission_manager/lib/python3.10/site-packages/mission_manager-0.0.0-py3.10.egg-info/entry_points.txt
/home/pride/AGV/src/install/mission_manager/lib/python3.10/site-packages/mission_manager-0.0.0-py3.10.egg-info/dependency_links.txt
/home/pride/AGV/src/install/mission_manager/lib/python3.10/site-packages/mission_manager-0.0.0-py3.10.egg-info/dependency_links.txt:Zone.Identifier
/home/pride/AGV/src/install/mission_manager/lib/python3.10/site-packages/mission_manager-0.0.0-py3.10.egg-info/zip-safe
/home/pride/AGV/src/install/mission_manager/lib/python3.10/site-packages/mission_manager-0.0.0-py3.10.egg-info/entry_points.txt:Zone.Identifier
/home/pride/AGV/src/install/mission_manager/lib/python3.10/site-packages/mission_manager-0.0.0-py3.10.egg-info/requires.txt
/home/pride/AGV/src/install/mission_manager/lib/python3.10/site-packages/mission_manager-0.0.0-py3.10.egg-info/PKG-INFO
/home/pride/AGV/src/install/mission_manager/lib/python3.10/site-packages/mission_manager-0.0.0-py3.10.egg-info/requires.txt:Zone.Identifier
/home/pride/AGV/src/install/mission_manager/lib/python3.10/site-packages/mission_manager-0.0.0-py3.10.egg-info/zip-safe:Zone.Identifier
/home/pride/AGV/src/install/mission_manager/lib/python3.10/site-packages/mission_manager-0.0.0-py3.10.egg-info/top_level.txt:Zone.Identifier
/home/pride/AGV/src/install/mission_manager/lib/mission_manager/mission_manager
