[2.779s] Invoking command in '/home/pride/AGV/src/mission_manager': PYTHONPATH=/home/pride/AGV/src/build/mission_manager/prefix_override:/usr/lib/python3/dist-packages/colcon_core/task/python/colcon_distutils_commands:/home/pride/AGV/src/install/mission_manager/lib/python3.10/site-packages:${PYTHONPATH} /usr/bin/python3 -W ignore:setup.py install is deprecated -W ignore:easy_install command is deprecated setup.py egg_info --egg-base ../build/mission_manager build --build-base /home/pride/AGV/src/build/mission_manager/build install --record /home/pride/AGV/src/build/mission_manager/install.log --single-version-externally-managed install_data
[3.181s] running egg_info
[3.183s] writing ../build/mission_manager/mission_manager.egg-info/PKG-INFO
[3.184s] writing dependency_links to ../build/mission_manager/mission_manager.egg-info/dependency_links.txt
[3.185s] writing entry points to ../build/mission_manager/mission_manager.egg-info/entry_points.txt
[3.185s] writing requirements to ../build/mission_manager/mission_manager.egg-info/requires.txt
[3.186s] writing top-level names to ../build/mission_manager/mission_manager.egg-info/top_level.txt
[3.192s] reading manifest file '../build/mission_manager/mission_manager.egg-info/SOURCES.txt'
[3.193s] writing manifest file '../build/mission_manager/mission_manager.egg-info/SOURCES.txt'
[3.196s] running build
[3.197s] running build_py
[3.197s] copying mission_manager/mission_manager.py -> /home/pride/AGV/src/build/mission_manager/build/lib/mission_manager
[3.197s] copying mission_manager/__init__.py -> /home/pride/AGV/src/build/mission_manager/build/lib/mission_manager
[3.198s] running install
[3.199s] running install_lib
[3.199s] copying /home/pride/AGV/src/build/mission_manager/build/lib/mission_manager/mission_manager.py -> /home/pride/AGV/src/install/mission_manager/lib/python3.10/site-packages/mission_manager
[3.204s] byte-compiling /home/pride/AGV/src/install/mission_manager/lib/python3.10/site-packages/mission_manager/mission_manager.py to mission_manager.cpython-310.pyc
[3.210s] running install_data
[3.210s] copying package.xml -> /home/pride/AGV/src/install/mission_manager/share/mission_manager
[3.211s] running install_egg_info
[3.215s] removing '/home/pride/AGV/src/install/mission_manager/lib/python3.10/site-packages/mission_manager-0.0.0-py3.10.egg-info' (and everything under it)
[3.218s] Copying ../build/mission_manager/mission_manager.egg-info to /home/pride/AGV/src/install/mission_manager/lib/python3.10/site-packages/mission_manager-0.0.0-py3.10.egg-info
[3.262s] running install_scripts
[3.319s] Installing mission_manager script to /home/pride/AGV/src/install/mission_manager/lib/mission_manager
[3.320s] writing list of installed files to '/home/pride/AGV/src/build/mission_manager/install.log'
[3.448s] Invoked command in '/home/pride/AGV/src/mission_manager' returned '0': PYTHONPATH=/home/pride/AGV/src/build/mission_manager/prefix_override:/usr/lib/python3/dist-packages/colcon_core/task/python/colcon_distutils_commands:/home/pride/AGV/src/install/mission_manager/lib/python3.10/site-packages:${PYTHONPATH} /usr/bin/python3 -W ignore:setup.py install is deprecated -W ignore:easy_install command is deprecated setup.py egg_info --egg-base ../build/mission_manager build --build-base /home/pride/AGV/src/build/mission_manager/build install --record /home/pride/AGV/src/build/mission_manager/install.log --single-version-externally-managed install_data
