[2.743s] Invoking command in '/home/pride/AGV/src/geotagging': PYTHONPATH=/home/pride/AGV/build/geotagging/prefix_override:/usr/lib/python3/dist-packages/colcon_core/task/python/colcon_distutils_commands:/home/pride/AGV/install/geotagging/lib/python3.10/site-packages: /usr/bin/python3 -W ignore:setup.py install is deprecated -W ignore:easy_install command is deprecated setup.py egg_info --egg-base ../../build/geotagging build --build-base /home/pride/AGV/build/geotagging/build install --record /home/pride/AGV/build/geotagging/install.log --single-version-externally-managed install_data
[3.063s] running egg_info
[3.064s] writing ../../build/geotagging/geotagging.egg-info/PKG-INFO
[3.064s] writing dependency_links to ../../build/geotagging/geotagging.egg-info/dependency_links.txt
[3.064s] writing entry points to ../../build/geotagging/geotagging.egg-info/entry_points.txt
[3.064s] writing requirements to ../../build/geotagging/geotagging.egg-info/requires.txt
[3.064s] writing top-level names to ../../build/geotagging/geotagging.egg-info/top_level.txt
[3.065s] reading manifest file '../../build/geotagging/geotagging.egg-info/SOURCES.txt'
[3.071s] writing manifest file '../../build/geotagging/geotagging.egg-info/SOURCES.txt'
[3.072s] running build
[3.072s] running build_py
[3.072s] copying geotagging/__init__.py -> /home/pride/AGV/build/geotagging/build/lib/geotagging
[3.072s] copying geotagging/geotag.py -> /home/pride/AGV/build/geotagging/build/lib/geotagging
[3.072s] running install
[3.072s] running install_lib
[3.072s] copying /home/pride/AGV/build/geotagging/build/lib/geotagging/__init__.py -> /home/pride/AGV/install/geotagging/lib/python3.10/site-packages/geotagging
[3.072s] copying /home/pride/AGV/build/geotagging/build/lib/geotagging/geotag.py -> /home/pride/AGV/install/geotagging/lib/python3.10/site-packages/geotagging
[3.072s] byte-compiling /home/pride/AGV/install/geotagging/lib/python3.10/site-packages/geotagging/__init__.py to __init__.cpython-310.pyc
[3.072s] byte-compiling /home/pride/AGV/install/geotagging/lib/python3.10/site-packages/geotagging/geotag.py to geotag.cpython-310.pyc
[3.073s] running install_data
[3.073s] copying resource/geotagging -> /home/pride/AGV/install/geotagging/share/ament_index/resource_index/packages
[3.073s] copying package.xml -> /home/pride/AGV/install/geotagging/share/geotagging
[3.074s] running install_egg_info
[3.078s] removing '/home/pride/AGV/install/geotagging/lib/python3.10/site-packages/geotagging-0.0.0-py3.10.egg-info' (and everything under it)
[3.078s] Copying ../../build/geotagging/geotagging.egg-info to /home/pride/AGV/install/geotagging/lib/python3.10/site-packages/geotagging-0.0.0-py3.10.egg-info
[3.083s] running install_scripts
[3.142s] Installing geotag script to /home/pride/AGV/install/geotagging/lib/geotagging
[3.142s] writing list of installed files to '/home/pride/AGV/build/geotagging/install.log'
[3.289s] Invoked command in '/home/pride/AGV/src/geotagging' returned '0': PYTHONPATH=/home/pride/AGV/build/geotagging/prefix_override:/usr/lib/python3/dist-packages/colcon_core/task/python/colcon_distutils_commands:/home/pride/AGV/install/geotagging/lib/python3.10/site-packages: /usr/bin/python3 -W ignore:setup.py install is deprecated -W ignore:easy_install command is deprecated setup.py egg_info --egg-base ../../build/geotagging build --build-base /home/pride/AGV/build/geotagging/build install --record /home/pride/AGV/build/geotagging/install.log --single-version-externally-managed install_data
