[0.437s] Invoking command in '/home/pride/AGV/src/pan_tilt': PYTHONPATH=/home/pride/AGV/src/pan_tilt/build/pan_tilt/prefix_override:/usr/lib/python3/dist-packages/colcon_core/task/python/colcon_distutils_commands:/home/pride/AGV/src/pan_tilt/install/pan_tilt/lib/python3.10/site-packages:${PYTHONPATH} /usr/bin/python3 -W ignore:setup.py install is deprecated -W ignore:easy_install command is deprecated setup.py egg_info --egg-base build/pan_tilt build --build-base /home/pride/AGV/src/pan_tilt/build/pan_tilt/build install --record /home/pride/AGV/src/pan_tilt/build/pan_tilt/install.log --single-version-externally-managed install_data
[0.598s] running egg_info
[0.599s] creating build/pan_tilt/pan_tilt.egg-info
[0.599s] writing build/pan_tilt/pan_tilt.egg-info/PKG-INFO
[0.599s] writing dependency_links to build/pan_tilt/pan_tilt.egg-info/dependency_links.txt
[0.600s] writing entry points to build/pan_tilt/pan_tilt.egg-info/entry_points.txt
[0.600s] writing requirements to build/pan_tilt/pan_tilt.egg-info/requires.txt
[0.600s] writing top-level names to build/pan_tilt/pan_tilt.egg-info/top_level.txt
[0.600s] writing manifest file 'build/pan_tilt/pan_tilt.egg-info/SOURCES.txt'
[0.602s] reading manifest file 'build/pan_tilt/pan_tilt.egg-info/SOURCES.txt'
[0.603s] writing manifest file 'build/pan_tilt/pan_tilt.egg-info/SOURCES.txt'
[0.603s] running build
[0.603s] running build_py
[0.603s] creating /home/pride/AGV/src/pan_tilt/build/pan_tilt/build
[0.603s] creating /home/pride/AGV/src/pan_tilt/build/pan_tilt/build/lib
[0.604s] creating /home/pride/AGV/src/pan_tilt/build/pan_tilt/build/lib/pan_tilt
[0.604s] copying pan_tilt/__init__.py -> /home/pride/AGV/src/pan_tilt/build/pan_tilt/build/lib/pan_tilt
[0.604s] running install
[0.604s] running install_lib
[0.605s] creating /home/pride/AGV/src/pan_tilt/install/pan_tilt/lib/python3.10/site-packages/pan_tilt
[0.605s] copying /home/pride/AGV/src/pan_tilt/build/pan_tilt/build/lib/pan_tilt/__init__.py -> /home/pride/AGV/src/pan_tilt/install/pan_tilt/lib/python3.10/site-packages/pan_tilt
[0.606s] byte-compiling /home/pride/AGV/src/pan_tilt/install/pan_tilt/lib/python3.10/site-packages/pan_tilt/__init__.py to __init__.cpython-310.pyc
[0.606s] running install_data
[0.606s] creating /home/pride/AGV/src/pan_tilt/install/pan_tilt/share/ament_index
[0.607s] creating /home/pride/AGV/src/pan_tilt/install/pan_tilt/share/ament_index/resource_index
[0.607s] creating /home/pride/AGV/src/pan_tilt/install/pan_tilt/share/ament_index/resource_index/packages
[0.607s] copying resource/pan_tilt -> /home/pride/AGV/src/pan_tilt/install/pan_tilt/share/ament_index/resource_index/packages
[0.607s] copying package.xml -> /home/pride/AGV/src/pan_tilt/install/pan_tilt/share/pan_tilt
[0.607s] running install_egg_info
[0.609s] Copying build/pan_tilt/pan_tilt.egg-info to /home/pride/AGV/src/pan_tilt/install/pan_tilt/lib/python3.10/site-packages/pan_tilt-0.0.0-py3.10.egg-info
[0.610s] running install_scripts
[0.626s] writing list of installed files to '/home/pride/AGV/src/pan_tilt/build/pan_tilt/install.log'
[0.648s] Invoked command in '/home/pride/AGV/src/pan_tilt' returned '0': PYTHONPATH=/home/pride/AGV/src/pan_tilt/build/pan_tilt/prefix_override:/usr/lib/python3/dist-packages/colcon_core/task/python/colcon_distutils_commands:/home/pride/AGV/src/pan_tilt/install/pan_tilt/lib/python3.10/site-packages:${PYTHONPATH} /usr/bin/python3 -W ignore:setup.py install is deprecated -W ignore:easy_install command is deprecated setup.py egg_info --egg-base build/pan_tilt build --build-base /home/pride/AGV/src/pan_tilt/build/pan_tilt/build install --record /home/pride/AGV/src/pan_tilt/build/pan_tilt/install.log --single-version-externally-managed install_data
