[1.888s] Invoking command in '/home/pride/AGV/src/lidar': PYTHONPATH=/home/pride/AGV/src/build/lidar/prefix_override:/usr/lib/python3/dist-packages/colcon_core/task/python/colcon_distutils_commands:/home/pride/AGV/src/install/lidar/lib/python3.10/site-packages:${PYTHONPATH} /usr/bin/python3 -W ignore:setup.py install is deprecated -W ignore:easy_install command is deprecated setup.py egg_info --egg-base ../build/lidar build --build-base /home/pride/AGV/src/build/lidar/build install --record /home/pride/AGV/src/build/lidar/install.log --single-version-externally-managed install_data
[2.196s] running egg_info
[2.197s] creating ../build/lidar/lidar.egg-info
[2.198s] writing ../build/lidar/lidar.egg-info/PKG-INFO
[2.198s] writing dependency_links to ../build/lidar/lidar.egg-info/dependency_links.txt
[2.198s] writing entry points to ../build/lidar/lidar.egg-info/entry_points.txt
[2.198s] writing requirements to ../build/lidar/lidar.egg-info/requires.txt
[2.199s] writing top-level names to ../build/lidar/lidar.egg-info/top_level.txt
[2.199s] writing manifest file '../build/lidar/lidar.egg-info/SOURCES.txt'
[2.202s] reading manifest file '../build/lidar/lidar.egg-info/SOURCES.txt'
[2.204s] writing manifest file '../build/lidar/lidar.egg-info/SOURCES.txt'
[2.205s] running build
[2.205s] running build_py
[2.205s] creating /home/pride/AGV/src/build/lidar/build
[2.205s] creating /home/pride/AGV/src/build/lidar/build/lib
[2.205s] creating /home/pride/AGV/src/build/lidar/build/lib/lidar
[2.205s] copying lidar/__init__.py -> /home/pride/AGV/src/build/lidar/build/lib/lidar
[2.206s] running install
[2.206s] running install_lib
[2.208s] creating /home/pride/AGV/src/install/lidar/lib/python3.10/site-packages/lidar
[2.208s] copying /home/pride/AGV/src/build/lidar/build/lib/lidar/__init__.py -> /home/pride/AGV/src/install/lidar/lib/python3.10/site-packages/lidar
[2.211s] byte-compiling /home/pride/AGV/src/install/lidar/lib/python3.10/site-packages/lidar/__init__.py to __init__.cpython-310.pyc
[2.211s] running install_data
[2.212s] creating /home/pride/AGV/src/install/lidar/share/ament_index
[2.212s] creating /home/pride/AGV/src/install/lidar/share/ament_index/resource_index
[2.212s] creating /home/pride/AGV/src/install/lidar/share/ament_index/resource_index/packages
[2.213s] copying resource/lidar -> /home/pride/AGV/src/install/lidar/share/ament_index/resource_index/packages
[2.213s] copying package.xml -> /home/pride/AGV/src/install/lidar/share/lidar
[2.213s] running install_egg_info
[2.217s] Copying ../build/lidar/lidar.egg-info to /home/pride/AGV/src/install/lidar/lib/python3.10/site-packages/lidar-0.0.0-py3.10.egg-info
[2.219s] running install_scripts
[2.268s] writing list of installed files to '/home/pride/AGV/src/build/lidar/install.log'
[2.352s] Invoked command in '/home/pride/AGV/src/lidar' returned '0': PYTHONPATH=/home/pride/AGV/src/build/lidar/prefix_override:/usr/lib/python3/dist-packages/colcon_core/task/python/colcon_distutils_commands:/home/pride/AGV/src/install/lidar/lib/python3.10/site-packages:${PYTHONPATH} /usr/bin/python3 -W ignore:setup.py install is deprecated -W ignore:easy_install command is deprecated setup.py egg_info --egg-base ../build/lidar build --build-base /home/pride/AGV/src/build/lidar/build install --record /home/pride/AGV/src/build/lidar/install.log --single-version-externally-managed install_data
