[0.458s] DEBUG:colcon:Command line arguments: ['/usr/bin/colcon', 'build']
[0.458s] DEBUG:colcon:Parsed command line arguments: Namespace(log_base=None, log_level=None, verb_name='build', build_base='build', install_base='install', merge_install=False, symlink_install=False, test_result_base=None, continue_on_error=False, executor='parallel', parallel_workers=8, event_handlers=None, ignore_user_meta=False, metas=['./colcon.meta'], base_paths=['.'], packages_ignore=None, packages_ignore_regex=None, paths=None, packages_up_to=None, packages_up_to_regex=None, packages_above=None, packages_above_and_dependencies=None, packages_above_depth=None, packages_select_by_dep=None, packages_skip_by_dep=None, packages_skip_up_to=None, packages_select_build_failed=False, packages_skip_build_finished=False, packages_select_test_failures=False, packages_skip_test_passed=False, packages_select=None, packages_skip=None, packages_select_regex=None, packages_skip_regex=None, packages_start=None, packages_end=None, allow_overriding=[], cmake_args=None, cmake_target=None, cmake_target_skip_unavailable=False, cmake_clean_cache=False, cmake_clean_first=False, cmake_force_configure=False, ament_cmake_args=None, catkin_cmake_args=None, catkin_skip_building_tests=False, verb_parser=<colcon_defaults.argument_parser.defaults.DefaultArgumentsDecorator object at 0x7fb0f60e9660>, verb_extension=<colcon_core.verb.build.BuildVerb object at 0x7fb0f62662f0>, main=<bound method BuildVerb.main of <colcon_core.verb.build.BuildVerb object at 0x7fb0f62662f0>>)
[0.961s] Level 1:colcon.colcon_core.package_discovery:discover_packages(colcon_meta) check parameters
[0.961s] Level 1:colcon.colcon_core.package_discovery:discover_packages(recursive) check parameters
[0.961s] Level 1:colcon.colcon_core.package_discovery:discover_packages(ignore) check parameters
[0.961s] Level 1:colcon.colcon_core.package_discovery:discover_packages(path) check parameters
[0.961s] Level 1:colcon.colcon_core.package_discovery:discover_packages(colcon_meta) discover
[0.961s] Level 1:colcon.colcon_core.package_discovery:discover_packages(recursive) discover
[0.961s] INFO:colcon.colcon_core.package_discovery:Crawling recursively for packages in '/home/pride/AGV/src'
[0.961s] Level 1:colcon.colcon_core.package_identification:_identify(.) by extensions ['ignore', 'ignore_ament_install']
[0.962s] Level 1:colcon.colcon_core.package_identification:_identify(.) by extension 'ignore'
[0.962s] Level 1:colcon.colcon_core.package_identification:_identify(.) by extension 'ignore_ament_install'
[0.962s] Level 1:colcon.colcon_core.package_identification:_identify(.) by extensions ['colcon_pkg']
[0.962s] Level 1:colcon.colcon_core.package_identification:_identify(.) by extension 'colcon_pkg'
[0.962s] Level 1:colcon.colcon_core.package_identification:_identify(.) by extensions ['colcon_meta']
[0.962s] Level 1:colcon.colcon_core.package_identification:_identify(.) by extension 'colcon_meta'
[0.962s] Level 1:colcon.colcon_core.package_identification:_identify(.) by extensions ['ros']
[0.962s] Level 1:colcon.colcon_core.package_identification:_identify(.) by extension 'ros'
[0.984s] Level 1:colcon.colcon_core.package_identification:_identify(.) by extensions ['cmake', 'python']
[0.984s] Level 1:colcon.colcon_core.package_identification:_identify(.) by extension 'cmake'
[0.984s] Level 1:colcon.colcon_core.package_identification:_identify(.) by extension 'python'
[0.984s] Level 1:colcon.colcon_core.package_identification:_identify(.) by extensions ['python_setup_py']
[0.984s] Level 1:colcon.colcon_core.package_identification:_identify(.) by extension 'python_setup_py'
[0.985s] Level 1:colcon.colcon_core.package_identification:_identify(build) by extensions ['ignore', 'ignore_ament_install']
[0.985s] Level 1:colcon.colcon_core.package_identification:_identify(build) by extension 'ignore'
[0.985s] Level 1:colcon.colcon_core.package_identification:_identify(build) ignored
[0.986s] Level 1:colcon.colcon_core.package_identification:_identify(geotagging) by extensions ['ignore', 'ignore_ament_install']
[0.986s] Level 1:colcon.colcon_core.package_identification:_identify(geotagging) by extension 'ignore'
[0.986s] Level 1:colcon.colcon_core.package_identification:_identify(geotagging) by extension 'ignore_ament_install'
[0.986s] Level 1:colcon.colcon_core.package_identification:_identify(geotagging) by extensions ['colcon_pkg']
[0.986s] Level 1:colcon.colcon_core.package_identification:_identify(geotagging) by extension 'colcon_pkg'
[0.986s] Level 1:colcon.colcon_core.package_identification:_identify(geotagging) by extensions ['colcon_meta']
[0.986s] Level 1:colcon.colcon_core.package_identification:_identify(geotagging) by extension 'colcon_meta'
[0.986s] Level 1:colcon.colcon_core.package_identification:_identify(geotagging) by extensions ['ros']
[0.986s] Level 1:colcon.colcon_core.package_identification:_identify(geotagging) by extension 'ros'
[0.992s] DEBUG:colcon.colcon_core.package_identification:Package 'geotagging' with type 'ros.ament_python' and name 'geotagging'
[0.993s] Level 1:colcon.colcon_core.package_identification:_identify(image_capture) by extensions ['ignore', 'ignore_ament_install']
[0.993s] Level 1:colcon.colcon_core.package_identification:_identify(image_capture) by extension 'ignore'
[0.994s] Level 1:colcon.colcon_core.package_identification:_identify(image_capture) by extension 'ignore_ament_install'
[0.994s] Level 1:colcon.colcon_core.package_identification:_identify(image_capture) by extensions ['colcon_pkg']
[0.994s] Level 1:colcon.colcon_core.package_identification:_identify(image_capture) by extension 'colcon_pkg'
[0.994s] Level 1:colcon.colcon_core.package_identification:_identify(image_capture) by extensions ['colcon_meta']
[0.994s] Level 1:colcon.colcon_core.package_identification:_identify(image_capture) by extension 'colcon_meta'
[0.994s] Level 1:colcon.colcon_core.package_identification:_identify(image_capture) by extensions ['ros']
[0.994s] Level 1:colcon.colcon_core.package_identification:_identify(image_capture) by extension 'ros'
[0.995s] DEBUG:colcon.colcon_core.package_identification:Package 'image_capture' with type 'ros.ament_python' and name 'image_capture'
[0.995s] Level 1:colcon.colcon_core.package_identification:_identify(install) by extensions ['ignore', 'ignore_ament_install']
[0.995s] Level 1:colcon.colcon_core.package_identification:_identify(install) by extension 'ignore'
[0.995s] Level 1:colcon.colcon_core.package_identification:_identify(install) ignored
[0.996s] Level 1:colcon.colcon_core.package_identification:_identify(lidar) by extensions ['ignore', 'ignore_ament_install']
[0.996s] Level 1:colcon.colcon_core.package_identification:_identify(lidar) by extension 'ignore'
[0.996s] Level 1:colcon.colcon_core.package_identification:_identify(lidar) by extension 'ignore_ament_install'
[0.996s] Level 1:colcon.colcon_core.package_identification:_identify(lidar) by extensions ['colcon_pkg']
[0.996s] Level 1:colcon.colcon_core.package_identification:_identify(lidar) by extension 'colcon_pkg'
[0.996s] Level 1:colcon.colcon_core.package_identification:_identify(lidar) by extensions ['colcon_meta']
[0.996s] Level 1:colcon.colcon_core.package_identification:_identify(lidar) by extension 'colcon_meta'
[0.996s] Level 1:colcon.colcon_core.package_identification:_identify(lidar) by extensions ['ros']
[0.996s] Level 1:colcon.colcon_core.package_identification:_identify(lidar) by extension 'ros'
[0.997s] DEBUG:colcon.colcon_core.package_identification:Package 'lidar' with type 'ros.ament_python' and name 'lidar'
[0.997s] Level 1:colcon.colcon_core.package_identification:_identify(log) by extensions ['ignore', 'ignore_ament_install']
[0.997s] Level 1:colcon.colcon_core.package_identification:_identify(log) by extension 'ignore'
[0.997s] Level 1:colcon.colcon_core.package_identification:_identify(log) ignored
[0.997s] Level 1:colcon.colcon_core.package_identification:_identify(mission_manager) by extensions ['ignore', 'ignore_ament_install']
[0.997s] Level 1:colcon.colcon_core.package_identification:_identify(mission_manager) by extension 'ignore'
[0.998s] Level 1:colcon.colcon_core.package_identification:_identify(mission_manager) by extension 'ignore_ament_install'
[0.998s] Level 1:colcon.colcon_core.package_identification:_identify(mission_manager) by extensions ['colcon_pkg']
[0.998s] Level 1:colcon.colcon_core.package_identification:_identify(mission_manager) by extension 'colcon_pkg'
[0.998s] Level 1:colcon.colcon_core.package_identification:_identify(mission_manager) by extensions ['colcon_meta']
[0.998s] Level 1:colcon.colcon_core.package_identification:_identify(mission_manager) by extension 'colcon_meta'
[0.998s] Level 1:colcon.colcon_core.package_identification:_identify(mission_manager) by extensions ['ros']
[0.998s] Level 1:colcon.colcon_core.package_identification:_identify(mission_manager) by extension 'ros'
[0.998s] DEBUG:colcon.colcon_core.package_identification:Package 'mission_manager' with type 'ros.ament_python' and name 'mission_manager'
[0.999s] Level 1:colcon.colcon_core.package_identification:_identify(ntrip_client) by extensions ['ignore', 'ignore_ament_install']
[0.999s] Level 1:colcon.colcon_core.package_identification:_identify(ntrip_client) by extension 'ignore'
[0.999s] Level 1:colcon.colcon_core.package_identification:_identify(ntrip_client) by extension 'ignore_ament_install'
[0.999s] Level 1:colcon.colcon_core.package_identification:_identify(ntrip_client) by extensions ['colcon_pkg']
[0.999s] Level 1:colcon.colcon_core.package_identification:_identify(ntrip_client) by extension 'colcon_pkg'
[0.999s] Level 1:colcon.colcon_core.package_identification:_identify(ntrip_client) by extensions ['colcon_meta']
[0.999s] Level 1:colcon.colcon_core.package_identification:_identify(ntrip_client) by extension 'colcon_meta'
[0.999s] Level 1:colcon.colcon_core.package_identification:_identify(ntrip_client) by extensions ['ros']
[0.999s] Level 1:colcon.colcon_core.package_identification:_identify(ntrip_client) by extension 'ros'
[1.000s] DEBUG:colcon.colcon_core.package_identification:Package 'ntrip_client' with type 'ros.ament_python' and name 'ntrip_client'
[1.001s] Level 1:colcon.colcon_core.package_identification:_identify(pan_tilt) by extensions ['ignore', 'ignore_ament_install']
[1.001s] Level 1:colcon.colcon_core.package_identification:_identify(pan_tilt) by extension 'ignore'
[1.001s] Level 1:colcon.colcon_core.package_identification:_identify(pan_tilt) by extension 'ignore_ament_install'
[1.001s] Level 1:colcon.colcon_core.package_identification:_identify(pan_tilt) by extensions ['colcon_pkg']
[1.001s] Level 1:colcon.colcon_core.package_identification:_identify(pan_tilt) by extension 'colcon_pkg'
[1.001s] Level 1:colcon.colcon_core.package_identification:_identify(pan_tilt) by extensions ['colcon_meta']
[1.001s] Level 1:colcon.colcon_core.package_identification:_identify(pan_tilt) by extension 'colcon_meta'
[1.001s] Level 1:colcon.colcon_core.package_identification:_identify(pan_tilt) by extensions ['ros']
[1.001s] Level 1:colcon.colcon_core.package_identification:_identify(pan_tilt) by extension 'ros'
[1.003s] DEBUG:colcon.colcon_core.package_identification:Package 'pan_tilt' with type 'ros.ament_python' and name 'pan_tilt'
[1.003s] Level 1:colcon.colcon_core.package_identification:_identify(solar_panel_detector) by extensions ['ignore', 'ignore_ament_install']
[1.003s] Level 1:colcon.colcon_core.package_identification:_identify(solar_panel_detector) by extension 'ignore'
[1.003s] Level 1:colcon.colcon_core.package_identification:_identify(solar_panel_detector) by extension 'ignore_ament_install'
[1.003s] Level 1:colcon.colcon_core.package_identification:_identify(solar_panel_detector) by extensions ['colcon_pkg']
[1.003s] Level 1:colcon.colcon_core.package_identification:_identify(solar_panel_detector) by extension 'colcon_pkg'
[1.003s] Level 1:colcon.colcon_core.package_identification:_identify(solar_panel_detector) by extensions ['colcon_meta']
[1.004s] Level 1:colcon.colcon_core.package_identification:_identify(solar_panel_detector) by extension 'colcon_meta'
[1.004s] Level 1:colcon.colcon_core.package_identification:_identify(solar_panel_detector) by extensions ['ros']
[1.004s] Level 1:colcon.colcon_core.package_identification:_identify(solar_panel_detector) by extension 'ros'
[1.005s] DEBUG:colcon.colcon_core.package_identification:Package 'solar_panel_detector' with type 'ros.ament_python' and name 'solar_panel_detector'
[1.005s] Level 1:colcon.colcon_core.package_discovery:discover_packages(recursive) using defaults
[1.005s] Level 1:colcon.colcon_core.package_discovery:discover_packages(ignore) discover
[1.006s] Level 1:colcon.colcon_core.package_discovery:discover_packages(ignore) using defaults
[1.006s] Level 1:colcon.colcon_core.package_discovery:discover_packages(path) discover
[1.006s] Level 1:colcon.colcon_core.package_discovery:discover_packages(path) using defaults
[1.070s] Level 1:colcon.colcon_core.package_discovery:discover_packages(prefix_path) check parameters
[1.070s] Level 1:colcon.colcon_core.package_discovery:discover_packages(prefix_path) discover
[1.084s] DEBUG:colcon.colcon_installed_package_information.package_discovery:Found 7 installed packages in /home/pride/AGV/src/install
[1.085s] DEBUG:colcon.colcon_installed_package_information.package_discovery:Found 1 installed packages in /home/pride/AGV/src/image_capture/install
[1.086s] DEBUG:colcon.colcon_installed_package_information.package_discovery:Found 1 installed packages in /home/pride/ros2_ws/install
[1.087s] DEBUG:colcon.colcon_installed_package_information.package_discovery:Found 272 installed packages in /opt/ros/humble
[1.101s] Level 1:colcon.colcon_core.package_discovery:discover_packages(prefix_path) using defaults
[1.143s] Level 5:colcon.colcon_core.verb:set package 'geotagging' build argument 'cmake_args' from command line to 'None'
[1.143s] Level 5:colcon.colcon_core.verb:set package 'geotagging' build argument 'cmake_target' from command line to 'None'
[1.143s] Level 5:colcon.colcon_core.verb:set package 'geotagging' build argument 'cmake_target_skip_unavailable' from command line to 'False'
[1.143s] Level 5:colcon.colcon_core.verb:set package 'geotagging' build argument 'cmake_clean_cache' from command line to 'False'
[1.143s] Level 5:colcon.colcon_core.verb:set package 'geotagging' build argument 'cmake_clean_first' from command line to 'False'
[1.143s] Level 5:colcon.colcon_core.verb:set package 'geotagging' build argument 'cmake_force_configure' from command line to 'False'
[1.143s] Level 5:colcon.colcon_core.verb:set package 'geotagging' build argument 'ament_cmake_args' from command line to 'None'
[1.143s] Level 5:colcon.colcon_core.verb:set package 'geotagging' build argument 'catkin_cmake_args' from command line to 'None'
[1.143s] Level 5:colcon.colcon_core.verb:set package 'geotagging' build argument 'catkin_skip_building_tests' from command line to 'False'
[1.143s] DEBUG:colcon.colcon_core.verb:Building package 'geotagging' with the following arguments: {'ament_cmake_args': None, 'build_base': '/home/pride/AGV/src/build/geotagging', 'catkin_cmake_args': None, 'catkin_skip_building_tests': False, 'cmake_args': None, 'cmake_clean_cache': False, 'cmake_clean_first': False, 'cmake_force_configure': False, 'cmake_target': None, 'cmake_target_skip_unavailable': False, 'install_base': '/home/pride/AGV/src/install/geotagging', 'merge_install': False, 'path': '/home/pride/AGV/src/geotagging', 'symlink_install': False, 'test_result_base': None}
[1.143s] Level 5:colcon.colcon_core.verb:set package 'image_capture' build argument 'cmake_args' from command line to 'None'
[1.143s] Level 5:colcon.colcon_core.verb:set package 'image_capture' build argument 'cmake_target' from command line to 'None'
[1.143s] Level 5:colcon.colcon_core.verb:set package 'image_capture' build argument 'cmake_target_skip_unavailable' from command line to 'False'
[1.143s] Level 5:colcon.colcon_core.verb:set package 'image_capture' build argument 'cmake_clean_cache' from command line to 'False'
[1.143s] Level 5:colcon.colcon_core.verb:set package 'image_capture' build argument 'cmake_clean_first' from command line to 'False'
[1.143s] Level 5:colcon.colcon_core.verb:set package 'image_capture' build argument 'cmake_force_configure' from command line to 'False'
[1.143s] Level 5:colcon.colcon_core.verb:set package 'image_capture' build argument 'ament_cmake_args' from command line to 'None'
[1.143s] Level 5:colcon.colcon_core.verb:set package 'image_capture' build argument 'catkin_cmake_args' from command line to 'None'
[1.143s] Level 5:colcon.colcon_core.verb:set package 'image_capture' build argument 'catkin_skip_building_tests' from command line to 'False'
[1.143s] DEBUG:colcon.colcon_core.verb:Building package 'image_capture' with the following arguments: {'ament_cmake_args': None, 'build_base': '/home/pride/AGV/src/build/image_capture', 'catkin_cmake_args': None, 'catkin_skip_building_tests': False, 'cmake_args': None, 'cmake_clean_cache': False, 'cmake_clean_first': False, 'cmake_force_configure': False, 'cmake_target': None, 'cmake_target_skip_unavailable': False, 'install_base': '/home/pride/AGV/src/install/image_capture', 'merge_install': False, 'path': '/home/pride/AGV/src/image_capture', 'symlink_install': False, 'test_result_base': None}
[1.144s] Level 5:colcon.colcon_core.verb:set package 'lidar' build argument 'cmake_args' from command line to 'None'
[1.144s] Level 5:colcon.colcon_core.verb:set package 'lidar' build argument 'cmake_target' from command line to 'None'
[1.144s] Level 5:colcon.colcon_core.verb:set package 'lidar' build argument 'cmake_target_skip_unavailable' from command line to 'False'
[1.144s] Level 5:colcon.colcon_core.verb:set package 'lidar' build argument 'cmake_clean_cache' from command line to 'False'
[1.144s] Level 5:colcon.colcon_core.verb:set package 'lidar' build argument 'cmake_clean_first' from command line to 'False'
[1.144s] Level 5:colcon.colcon_core.verb:set package 'lidar' build argument 'cmake_force_configure' from command line to 'False'
[1.144s] Level 5:colcon.colcon_core.verb:set package 'lidar' build argument 'ament_cmake_args' from command line to 'None'
[1.144s] Level 5:colcon.colcon_core.verb:set package 'lidar' build argument 'catkin_cmake_args' from command line to 'None'
[1.144s] Level 5:colcon.colcon_core.verb:set package 'lidar' build argument 'catkin_skip_building_tests' from command line to 'False'
[1.144s] DEBUG:colcon.colcon_core.verb:Building package 'lidar' with the following arguments: {'ament_cmake_args': None, 'build_base': '/home/pride/AGV/src/build/lidar', 'catkin_cmake_args': None, 'catkin_skip_building_tests': False, 'cmake_args': None, 'cmake_clean_cache': False, 'cmake_clean_first': False, 'cmake_force_configure': False, 'cmake_target': None, 'cmake_target_skip_unavailable': False, 'install_base': '/home/pride/AGV/src/install/lidar', 'merge_install': False, 'path': '/home/pride/AGV/src/lidar', 'symlink_install': False, 'test_result_base': None}
[1.144s] Level 5:colcon.colcon_core.verb:set package 'mission_manager' build argument 'cmake_args' from command line to 'None'
[1.144s] Level 5:colcon.colcon_core.verb:set package 'mission_manager' build argument 'cmake_target' from command line to 'None'
[1.144s] Level 5:colcon.colcon_core.verb:set package 'mission_manager' build argument 'cmake_target_skip_unavailable' from command line to 'False'
[1.144s] Level 5:colcon.colcon_core.verb:set package 'mission_manager' build argument 'cmake_clean_cache' from command line to 'False'
[1.144s] Level 5:colcon.colcon_core.verb:set package 'mission_manager' build argument 'cmake_clean_first' from command line to 'False'
[1.144s] Level 5:colcon.colcon_core.verb:set package 'mission_manager' build argument 'cmake_force_configure' from command line to 'False'
[1.144s] Level 5:colcon.colcon_core.verb:set package 'mission_manager' build argument 'ament_cmake_args' from command line to 'None'
[1.145s] Level 5:colcon.colcon_core.verb:set package 'mission_manager' build argument 'catkin_cmake_args' from command line to 'None'
[1.145s] Level 5:colcon.colcon_core.verb:set package 'mission_manager' build argument 'catkin_skip_building_tests' from command line to 'False'
[1.145s] DEBUG:colcon.colcon_core.verb:Building package 'mission_manager' with the following arguments: {'ament_cmake_args': None, 'build_base': '/home/pride/AGV/src/build/mission_manager', 'catkin_cmake_args': None, 'catkin_skip_building_tests': False, 'cmake_args': None, 'cmake_clean_cache': False, 'cmake_clean_first': False, 'cmake_force_configure': False, 'cmake_target': None, 'cmake_target_skip_unavailable': False, 'install_base': '/home/pride/AGV/src/install/mission_manager', 'merge_install': False, 'path': '/home/pride/AGV/src/mission_manager', 'symlink_install': False, 'test_result_base': None}
[1.145s] Level 5:colcon.colcon_core.verb:set package 'ntrip_client' build argument 'cmake_args' from command line to 'None'
[1.145s] Level 5:colcon.colcon_core.verb:set package 'ntrip_client' build argument 'cmake_target' from command line to 'None'
[1.145s] Level 5:colcon.colcon_core.verb:set package 'ntrip_client' build argument 'cmake_target_skip_unavailable' from command line to 'False'
[1.145s] Level 5:colcon.colcon_core.verb:set package 'ntrip_client' build argument 'cmake_clean_cache' from command line to 'False'
[1.145s] Level 5:colcon.colcon_core.verb:set package 'ntrip_client' build argument 'cmake_clean_first' from command line to 'False'
[1.145s] Level 5:colcon.colcon_core.verb:set package 'ntrip_client' build argument 'cmake_force_configure' from command line to 'False'
[1.145s] Level 5:colcon.colcon_core.verb:set package 'ntrip_client' build argument 'ament_cmake_args' from command line to 'None'
[1.145s] Level 5:colcon.colcon_core.verb:set package 'ntrip_client' build argument 'catkin_cmake_args' from command line to 'None'
[1.145s] Level 5:colcon.colcon_core.verb:set package 'ntrip_client' build argument 'catkin_skip_building_tests' from command line to 'False'
[1.145s] DEBUG:colcon.colcon_core.verb:Building package 'ntrip_client' with the following arguments: {'ament_cmake_args': None, 'build_base': '/home/pride/AGV/src/build/ntrip_client', 'catkin_cmake_args': None, 'catkin_skip_building_tests': False, 'cmake_args': None, 'cmake_clean_cache': False, 'cmake_clean_first': False, 'cmake_force_configure': False, 'cmake_target': None, 'cmake_target_skip_unavailable': False, 'install_base': '/home/pride/AGV/src/install/ntrip_client', 'merge_install': False, 'path': '/home/pride/AGV/src/ntrip_client', 'symlink_install': False, 'test_result_base': None}
[1.146s] Level 5:colcon.colcon_core.verb:set package 'pan_tilt' build argument 'cmake_args' from command line to 'None'
[1.146s] Level 5:colcon.colcon_core.verb:set package 'pan_tilt' build argument 'cmake_target' from command line to 'None'
[1.146s] Level 5:colcon.colcon_core.verb:set package 'pan_tilt' build argument 'cmake_target_skip_unavailable' from command line to 'False'
[1.146s] Level 5:colcon.colcon_core.verb:set package 'pan_tilt' build argument 'cmake_clean_cache' from command line to 'False'
[1.146s] Level 5:colcon.colcon_core.verb:set package 'pan_tilt' build argument 'cmake_clean_first' from command line to 'False'
[1.146s] Level 5:colcon.colcon_core.verb:set package 'pan_tilt' build argument 'cmake_force_configure' from command line to 'False'
[1.146s] Level 5:colcon.colcon_core.verb:set package 'pan_tilt' build argument 'ament_cmake_args' from command line to 'None'
[1.146s] Level 5:colcon.colcon_core.verb:set package 'pan_tilt' build argument 'catkin_cmake_args' from command line to 'None'
[1.146s] Level 5:colcon.colcon_core.verb:set package 'pan_tilt' build argument 'catkin_skip_building_tests' from command line to 'False'
[1.146s] DEBUG:colcon.colcon_core.verb:Building package 'pan_tilt' with the following arguments: {'ament_cmake_args': None, 'build_base': '/home/pride/AGV/src/build/pan_tilt', 'catkin_cmake_args': None, 'catkin_skip_building_tests': False, 'cmake_args': None, 'cmake_clean_cache': False, 'cmake_clean_first': False, 'cmake_force_configure': False, 'cmake_target': None, 'cmake_target_skip_unavailable': False, 'install_base': '/home/pride/AGV/src/install/pan_tilt', 'merge_install': False, 'path': '/home/pride/AGV/src/pan_tilt', 'symlink_install': False, 'test_result_base': None}
[1.146s] Level 5:colcon.colcon_core.verb:set package 'solar_panel_detector' build argument 'cmake_args' from command line to 'None'
[1.146s] Level 5:colcon.colcon_core.verb:set package 'solar_panel_detector' build argument 'cmake_target' from command line to 'None'
[1.146s] Level 5:colcon.colcon_core.verb:set package 'solar_panel_detector' build argument 'cmake_target_skip_unavailable' from command line to 'False'
[1.146s] Level 5:colcon.colcon_core.verb:set package 'solar_panel_detector' build argument 'cmake_clean_cache' from command line to 'False'
[1.146s] Level 5:colcon.colcon_core.verb:set package 'solar_panel_detector' build argument 'cmake_clean_first' from command line to 'False'
[1.146s] Level 5:colcon.colcon_core.verb:set package 'solar_panel_detector' build argument 'cmake_force_configure' from command line to 'False'
[1.146s] Level 5:colcon.colcon_core.verb:set package 'solar_panel_detector' build argument 'ament_cmake_args' from command line to 'None'
[1.146s] Level 5:colcon.colcon_core.verb:set package 'solar_panel_detector' build argument 'catkin_cmake_args' from command line to 'None'
[1.147s] Level 5:colcon.colcon_core.verb:set package 'solar_panel_detector' build argument 'catkin_skip_building_tests' from command line to 'False'
[1.147s] DEBUG:colcon.colcon_core.verb:Building package 'solar_panel_detector' with the following arguments: {'ament_cmake_args': None, 'build_base': '/home/pride/AGV/src/build/solar_panel_detector', 'catkin_cmake_args': None, 'catkin_skip_building_tests': False, 'cmake_args': None, 'cmake_clean_cache': False, 'cmake_clean_first': False, 'cmake_force_configure': False, 'cmake_target': None, 'cmake_target_skip_unavailable': False, 'install_base': '/home/pride/AGV/src/install/solar_panel_detector', 'merge_install': False, 'path': '/home/pride/AGV/src/solar_panel_detector', 'symlink_install': False, 'test_result_base': None}
[1.147s] INFO:colcon.colcon_core.executor:Executing jobs using 'parallel' executor
[1.148s] DEBUG:colcon.colcon_parallel_executor.executor.parallel:run_until_complete
[1.148s] INFO:colcon.colcon_ros.task.ament_python.build:Building ROS package in '/home/pride/AGV/src/geotagging' with build type 'ament_python'
[1.148s] Level 1:colcon.colcon_core.shell:create_environment_hook('geotagging', 'ament_prefix_path')
[1.157s] INFO:colcon.colcon_core.plugin_system:Skipping extension 'colcon_core.shell.bat': Not used on non-Windows systems
[1.157s] INFO:colcon.colcon_core.shell:Creating environment hook '/home/pride/AGV/src/install/geotagging/share/geotagging/hook/ament_prefix_path.ps1'
[1.158s] INFO:colcon.colcon_core.shell:Creating environment descriptor '/home/pride/AGV/src/install/geotagging/share/geotagging/hook/ament_prefix_path.dsv'
[1.159s] INFO:colcon.colcon_core.shell:Creating environment hook '/home/pride/AGV/src/install/geotagging/share/geotagging/hook/ament_prefix_path.sh'
[1.161s] INFO:colcon.colcon_core.shell:Skip shell extension 'powershell' for command environment: Not usable outside of PowerShell
[1.161s] DEBUG:colcon.colcon_core.shell:Skip shell extension 'dsv' for command environment
[1.167s] INFO:colcon.colcon_ros.task.ament_python.build:Building ROS package in '/home/pride/AGV/src/image_capture' with build type 'ament_python'
[1.167s] Level 1:colcon.colcon_core.shell:create_environment_hook('image_capture', 'ament_prefix_path')
[1.168s] INFO:colcon.colcon_core.shell:Creating environment hook '/home/pride/AGV/src/install/image_capture/share/image_capture/hook/ament_prefix_path.ps1'
[1.169s] INFO:colcon.colcon_core.shell:Creating environment descriptor '/home/pride/AGV/src/install/image_capture/share/image_capture/hook/ament_prefix_path.dsv'
[1.170s] INFO:colcon.colcon_core.shell:Creating environment hook '/home/pride/AGV/src/install/image_capture/share/image_capture/hook/ament_prefix_path.sh'
[1.171s] INFO:colcon.colcon_core.shell:Skip shell extension 'powershell' for command environment: Not usable outside of PowerShell
[1.171s] DEBUG:colcon.colcon_core.shell:Skip shell extension 'dsv' for command environment
[1.175s] INFO:colcon.colcon_ros.task.ament_python.build:Building ROS package in '/home/pride/AGV/src/lidar' with build type 'ament_python'
[1.176s] Level 1:colcon.colcon_core.shell:create_environment_hook('lidar', 'ament_prefix_path')
[1.176s] INFO:colcon.colcon_core.shell:Creating environment hook '/home/pride/AGV/src/install/lidar/share/lidar/hook/ament_prefix_path.ps1'
[1.177s] INFO:colcon.colcon_core.shell:Creating environment descriptor '/home/pride/AGV/src/install/lidar/share/lidar/hook/ament_prefix_path.dsv'
[1.178s] INFO:colcon.colcon_core.shell:Creating environment hook '/home/pride/AGV/src/install/lidar/share/lidar/hook/ament_prefix_path.sh'
[1.178s] INFO:colcon.colcon_core.shell:Skip shell extension 'powershell' for command environment: Not usable outside of PowerShell
[1.179s] DEBUG:colcon.colcon_core.shell:Skip shell extension 'dsv' for command environment
[1.186s] INFO:colcon.colcon_ros.task.ament_python.build:Building ROS package in '/home/pride/AGV/src/mission_manager' with build type 'ament_python'
[1.186s] Level 1:colcon.colcon_core.shell:create_environment_hook('mission_manager', 'ament_prefix_path')
[1.187s] INFO:colcon.colcon_core.shell:Creating environment hook '/home/pride/AGV/src/install/mission_manager/share/mission_manager/hook/ament_prefix_path.ps1'
[1.188s] INFO:colcon.colcon_core.shell:Creating environment descriptor '/home/pride/AGV/src/install/mission_manager/share/mission_manager/hook/ament_prefix_path.dsv'
[1.188s] INFO:colcon.colcon_core.shell:Creating environment hook '/home/pride/AGV/src/install/mission_manager/share/mission_manager/hook/ament_prefix_path.sh'
[1.189s] INFO:colcon.colcon_core.shell:Skip shell extension 'powershell' for command environment: Not usable outside of PowerShell
[1.189s] DEBUG:colcon.colcon_core.shell:Skip shell extension 'dsv' for command environment
[1.193s] INFO:colcon.colcon_ros.task.ament_python.build:Building ROS package in '/home/pride/AGV/src/ntrip_client' with build type 'ament_python'
[1.193s] Level 1:colcon.colcon_core.shell:create_environment_hook('ntrip_client', 'ament_prefix_path')
[1.194s] INFO:colcon.colcon_core.shell:Creating environment hook '/home/pride/AGV/src/install/ntrip_client/share/ntrip_client/hook/ament_prefix_path.ps1'
[1.195s] INFO:colcon.colcon_core.shell:Creating environment descriptor '/home/pride/AGV/src/install/ntrip_client/share/ntrip_client/hook/ament_prefix_path.dsv'
[1.195s] INFO:colcon.colcon_core.shell:Creating environment hook '/home/pride/AGV/src/install/ntrip_client/share/ntrip_client/hook/ament_prefix_path.sh'
[1.196s] INFO:colcon.colcon_core.shell:Skip shell extension 'powershell' for command environment: Not usable outside of PowerShell
[1.196s] DEBUG:colcon.colcon_core.shell:Skip shell extension 'dsv' for command environment
[1.199s] INFO:colcon.colcon_ros.task.ament_python.build:Building ROS package in '/home/pride/AGV/src/pan_tilt' with build type 'ament_python'
[1.200s] Level 1:colcon.colcon_core.shell:create_environment_hook('pan_tilt', 'ament_prefix_path')
[1.201s] INFO:colcon.colcon_core.shell:Creating environment hook '/home/pride/AGV/src/install/pan_tilt/share/pan_tilt/hook/ament_prefix_path.ps1'
[1.203s] INFO:colcon.colcon_core.shell:Creating environment descriptor '/home/pride/AGV/src/install/pan_tilt/share/pan_tilt/hook/ament_prefix_path.dsv'
[1.203s] INFO:colcon.colcon_core.shell:Creating environment hook '/home/pride/AGV/src/install/pan_tilt/share/pan_tilt/hook/ament_prefix_path.sh'
[1.204s] INFO:colcon.colcon_core.shell:Skip shell extension 'powershell' for command environment: Not usable outside of PowerShell
[1.204s] DEBUG:colcon.colcon_core.shell:Skip shell extension 'dsv' for command environment
[1.207s] INFO:colcon.colcon_ros.task.ament_python.build:Building ROS package in '/home/pride/AGV/src/solar_panel_detector' with build type 'ament_python'
[1.208s] Level 1:colcon.colcon_core.shell:create_environment_hook('solar_panel_detector', 'ament_prefix_path')
[1.208s] INFO:colcon.colcon_core.shell:Creating environment hook '/home/pride/AGV/src/install/solar_panel_detector/share/solar_panel_detector/hook/ament_prefix_path.ps1'
[1.209s] INFO:colcon.colcon_core.shell:Creating environment descriptor '/home/pride/AGV/src/install/solar_panel_detector/share/solar_panel_detector/hook/ament_prefix_path.dsv'
[1.209s] INFO:colcon.colcon_core.shell:Creating environment hook '/home/pride/AGV/src/install/solar_panel_detector/share/solar_panel_detector/hook/ament_prefix_path.sh'
[1.210s] INFO:colcon.colcon_core.shell:Skip shell extension 'powershell' for command environment: Not usable outside of PowerShell
[1.210s] DEBUG:colcon.colcon_core.shell:Skip shell extension 'dsv' for command environment
[1.476s] INFO:colcon.colcon_core.task.python.build:Building Python package in '/home/pride/AGV/src/geotagging'
[1.476s] INFO:colcon.colcon_core.shell:Skip shell extension 'powershell' for command environment: Not usable outside of PowerShell
[1.477s] DEBUG:colcon.colcon_core.shell:Skip shell extension 'dsv' for command environment
[1.723s] INFO:colcon.colcon_core.task.python.build:Building Python package in '/home/pride/AGV/src/image_capture'
[1.723s] INFO:colcon.colcon_core.shell:Skip shell extension 'powershell' for command environment: Not usable outside of PowerShell
[1.723s] DEBUG:colcon.colcon_core.shell:Skip shell extension 'dsv' for command environment
[1.932s] INFO:colcon.colcon_core.task.python.build:Building Python package in '/home/pride/AGV/src/lidar'
[1.932s] INFO:colcon.colcon_core.shell:Skip shell extension 'powershell' for command environment: Not usable outside of PowerShell
[1.932s] DEBUG:colcon.colcon_core.shell:Skip shell extension 'dsv' for command environment
[2.138s] INFO:colcon.colcon_core.task.python.build:Building Python package in '/home/pride/AGV/src/mission_manager'
[2.139s] INFO:colcon.colcon_core.shell:Skip shell extension 'powershell' for command environment: Not usable outside of PowerShell
[2.139s] DEBUG:colcon.colcon_core.shell:Skip shell extension 'dsv' for command environment
[2.412s] INFO:colcon.colcon_core.task.python.build:Building Python package in '/home/pride/AGV/src/ntrip_client'
[2.412s] INFO:colcon.colcon_core.shell:Skip shell extension 'powershell' for command environment: Not usable outside of PowerShell
[2.412s] DEBUG:colcon.colcon_core.shell:Skip shell extension 'dsv' for command environment
[2.650s] INFO:colcon.colcon_core.task.python.build:Building Python package in '/home/pride/AGV/src/pan_tilt'
[2.650s] INFO:colcon.colcon_core.shell:Skip shell extension 'powershell' for command environment: Not usable outside of PowerShell
[2.650s] DEBUG:colcon.colcon_core.shell:Skip shell extension 'dsv' for command environment
[2.901s] INFO:colcon.colcon_core.task.python.build:Building Python package in '/home/pride/AGV/src/solar_panel_detector'
[2.902s] INFO:colcon.colcon_core.shell:Skip shell extension 'powershell' for command environment: Not usable outside of PowerShell
[2.902s] DEBUG:colcon.colcon_core.shell:Skip shell extension 'dsv' for command environment
[3.777s] DEBUG:colcon.colcon_core.event_handler.log_command:Invoking command in '/home/pride/AGV/src/build/mission_manager': PYTHONPATH=/home/pride/AGV/src/build/mission_manager/prefix_override:/usr/lib/python3/dist-packages/colcon_core/task/python/colcon_distutils_commands:/home/pride/AGV/src/install/mission_manager/lib/python3.10/site-packages:${PYTHONPATH} /usr/bin/python3 -W ignore:setup.py install is deprecated -W ignore:easy_install command is deprecated setup.py develop --uninstall --editable --build-directory /home/pride/AGV/src/build/mission_manager/build
[3.812s] DEBUG:colcon.colcon_core.event_handler.log_command:Invoking command in '/home/pride/AGV/src/build/pan_tilt': PYTHONPATH=/home/pride/AGV/src/build/pan_tilt/prefix_override:/usr/lib/python3/dist-packages/colcon_core/task/python/colcon_distutils_commands:/home/pride/AGV/src/install/pan_tilt/lib/python3.10/site-packages:${PYTHONPATH} /usr/bin/python3 -W ignore:setup.py install is deprecated -W ignore:easy_install command is deprecated setup.py develop --uninstall --editable --build-directory /home/pride/AGV/src/build/pan_tilt/build
[3.814s] DEBUG:colcon.colcon_core.event_handler.log_command:Invoking command in '/home/pride/AGV/src/build/geotagging': PYTHONPATH=/home/pride/AGV/src/build/geotagging/prefix_override:/usr/lib/python3/dist-packages/colcon_core/task/python/colcon_distutils_commands:/home/pride/AGV/src/install/geotagging/lib/python3.10/site-packages:${PYTHONPATH} /usr/bin/python3 -W ignore:setup.py install is deprecated -W ignore:easy_install command is deprecated setup.py develop --uninstall --editable --build-directory /home/pride/AGV/src/build/geotagging/build
[3.816s] DEBUG:colcon.colcon_core.event_handler.log_command:Invoking command in '/home/pride/AGV/src/build/image_capture': PYTHONPATH=/home/pride/AGV/src/build/image_capture/prefix_override:/usr/lib/python3/dist-packages/colcon_core/task/python/colcon_distutils_commands:/home/pride/AGV/src/install/image_capture/lib/python3.10/site-packages:${PYTHONPATH} /usr/bin/python3 -W ignore:setup.py install is deprecated -W ignore:easy_install command is deprecated setup.py develop --uninstall --editable --build-directory /home/pride/AGV/src/build/image_capture/build
[3.818s] DEBUG:colcon.colcon_core.event_handler.log_command:Invoking command in '/home/pride/AGV/src/build/ntrip_client': PYTHONPATH=/home/pride/AGV/src/build/ntrip_client/prefix_override:/usr/lib/python3/dist-packages/colcon_core/task/python/colcon_distutils_commands:/home/pride/AGV/src/install/ntrip_client/lib/python3.10/site-packages:${PYTHONPATH} /usr/bin/python3 -W ignore:setup.py install is deprecated -W ignore:easy_install command is deprecated setup.py develop --uninstall --editable --build-directory /home/pride/AGV/src/build/ntrip_client/build
[3.820s] DEBUG:colcon.colcon_core.event_handler.log_command:Invoking command in '/home/pride/AGV/src/build/solar_panel_detector': PYTHONPATH=/home/pride/AGV/src/build/solar_panel_detector/prefix_override:/usr/lib/python3/dist-packages/colcon_core/task/python/colcon_distutils_commands:/home/pride/AGV/src/install/solar_panel_detector/lib/python3.10/site-packages:${PYTHONPATH} /usr/bin/python3 -W ignore:setup.py install is deprecated -W ignore:easy_install command is deprecated setup.py develop --uninstall --editable --build-directory /home/pride/AGV/src/build/solar_panel_detector/build
[3.822s] DEBUG:colcon.colcon_core.event_handler.log_command:Invoking command in '/home/pride/AGV/src/build/lidar': PYTHONPATH=/home/pride/AGV/src/build/lidar/prefix_override:/usr/lib/python3/dist-packages/colcon_core/task/python/colcon_distutils_commands:/home/pride/AGV/src/install/lidar/lib/python3.10/site-packages:${PYTHONPATH} /usr/bin/python3 -W ignore:setup.py install is deprecated -W ignore:easy_install command is deprecated setup.py develop --uninstall --editable --build-directory /home/pride/AGV/src/build/lidar/build
[4.494s] DEBUG:colcon.colcon_core.event_handler.log_command:Invoked command in '/home/pride/AGV/src/build/image_capture' returned '0': PYTHONPATH=/home/pride/AGV/src/build/image_capture/prefix_override:/usr/lib/python3/dist-packages/colcon_core/task/python/colcon_distutils_commands:/home/pride/AGV/src/install/image_capture/lib/python3.10/site-packages:${PYTHONPATH} /usr/bin/python3 -W ignore:setup.py install is deprecated -W ignore:easy_install command is deprecated setup.py develop --uninstall --editable --build-directory /home/pride/AGV/src/build/image_capture/build
[4.496s] DEBUG:colcon.colcon_core.event_handler.log_command:Invoking command in '/home/pride/AGV/src/image_capture': PYTHONPATH=/home/pride/AGV/src/build/image_capture/prefix_override:/usr/lib/python3/dist-packages/colcon_core/task/python/colcon_distutils_commands:/home/pride/AGV/src/install/image_capture/lib/python3.10/site-packages:${PYTHONPATH} /usr/bin/python3 -W ignore:setup.py install is deprecated -W ignore:easy_install command is deprecated setup.py egg_info --egg-base ../build/image_capture build --build-base /home/pride/AGV/src/build/image_capture/build install --record /home/pride/AGV/src/build/image_capture/install.log --single-version-externally-managed install_data --force
[4.499s] DEBUG:colcon.colcon_core.event_handler.log_command:Invoked command in '/home/pride/AGV/src/build/mission_manager' returned '0': PYTHONPATH=/home/pride/AGV/src/build/mission_manager/prefix_override:/usr/lib/python3/dist-packages/colcon_core/task/python/colcon_distutils_commands:/home/pride/AGV/src/install/mission_manager/lib/python3.10/site-packages:${PYTHONPATH} /usr/bin/python3 -W ignore:setup.py install is deprecated -W ignore:easy_install command is deprecated setup.py develop --uninstall --editable --build-directory /home/pride/AGV/src/build/mission_manager/build
[4.503s] DEBUG:colcon.colcon_core.event_handler.log_command:Invoking command in '/home/pride/AGV/src/mission_manager': PYTHONPATH=/home/pride/AGV/src/build/mission_manager/prefix_override:/usr/lib/python3/dist-packages/colcon_core/task/python/colcon_distutils_commands:/home/pride/AGV/src/install/mission_manager/lib/python3.10/site-packages:${PYTHONPATH} /usr/bin/python3 -W ignore:setup.py install is deprecated -W ignore:easy_install command is deprecated setup.py egg_info --egg-base ../build/mission_manager build --build-base /home/pride/AGV/src/build/mission_manager/build install --record /home/pride/AGV/src/build/mission_manager/install.log --single-version-externally-managed install_data --force
[4.503s] DEBUG:colcon.colcon_core.event_handler.log_command:Invoked command in '/home/pride/AGV/src/build/geotagging' returned '0': PYTHONPATH=/home/pride/AGV/src/build/geotagging/prefix_override:/usr/lib/python3/dist-packages/colcon_core/task/python/colcon_distutils_commands:/home/pride/AGV/src/install/geotagging/lib/python3.10/site-packages:${PYTHONPATH} /usr/bin/python3 -W ignore:setup.py install is deprecated -W ignore:easy_install command is deprecated setup.py develop --uninstall --editable --build-directory /home/pride/AGV/src/build/geotagging/build
[4.507s] DEBUG:colcon.colcon_core.event_handler.log_command:Invoking command in '/home/pride/AGV/src/geotagging': PYTHONPATH=/home/pride/AGV/src/build/geotagging/prefix_override:/usr/lib/python3/dist-packages/colcon_core/task/python/colcon_distutils_commands:/home/pride/AGV/src/install/geotagging/lib/python3.10/site-packages:${PYTHONPATH} /usr/bin/python3 -W ignore:setup.py install is deprecated -W ignore:easy_install command is deprecated setup.py egg_info --egg-base ../build/geotagging build --build-base /home/pride/AGV/src/build/geotagging/build install --record /home/pride/AGV/src/build/geotagging/install.log --single-version-externally-managed install_data --force
[4.507s] DEBUG:colcon.colcon_core.event_handler.log_command:Invoked command in '/home/pride/AGV/src/build/ntrip_client' returned '0': PYTHONPATH=/home/pride/AGV/src/build/ntrip_client/prefix_override:/usr/lib/python3/dist-packages/colcon_core/task/python/colcon_distutils_commands:/home/pride/AGV/src/install/ntrip_client/lib/python3.10/site-packages:${PYTHONPATH} /usr/bin/python3 -W ignore:setup.py install is deprecated -W ignore:easy_install command is deprecated setup.py develop --uninstall --editable --build-directory /home/pride/AGV/src/build/ntrip_client/build
[4.509s] DEBUG:colcon.colcon_core.event_handler.log_command:Invoking command in '/home/pride/AGV/src/ntrip_client': PYTHONPATH=/home/pride/AGV/src/build/ntrip_client/prefix_override:/usr/lib/python3/dist-packages/colcon_core/task/python/colcon_distutils_commands:/home/pride/AGV/src/install/ntrip_client/lib/python3.10/site-packages:${PYTHONPATH} /usr/bin/python3 -W ignore:setup.py install is deprecated -W ignore:easy_install command is deprecated setup.py egg_info --egg-base ../build/ntrip_client build --build-base /home/pride/AGV/src/build/ntrip_client/build install --record /home/pride/AGV/src/build/ntrip_client/install.log --single-version-externally-managed install_data --force
[4.512s] DEBUG:colcon.colcon_core.event_handler.log_command:Invoked command in '/home/pride/AGV/src/build/solar_panel_detector' returned '0': PYTHONPATH=/home/pride/AGV/src/build/solar_panel_detector/prefix_override:/usr/lib/python3/dist-packages/colcon_core/task/python/colcon_distutils_commands:/home/pride/AGV/src/install/solar_panel_detector/lib/python3.10/site-packages:${PYTHONPATH} /usr/bin/python3 -W ignore:setup.py install is deprecated -W ignore:easy_install command is deprecated setup.py develop --uninstall --editable --build-directory /home/pride/AGV/src/build/solar_panel_detector/build
[4.518s] DEBUG:colcon.colcon_core.event_handler.log_command:Invoking command in '/home/pride/AGV/src/solar_panel_detector': PYTHONPATH=/home/pride/AGV/src/build/solar_panel_detector/prefix_override:/usr/lib/python3/dist-packages/colcon_core/task/python/colcon_distutils_commands:/home/pride/AGV/src/install/solar_panel_detector/lib/python3.10/site-packages:${PYTHONPATH} /usr/bin/python3 -W ignore:setup.py install is deprecated -W ignore:easy_install command is deprecated setup.py egg_info --egg-base ../build/solar_panel_detector build --build-base /home/pride/AGV/src/build/solar_panel_detector/build install --record /home/pride/AGV/src/build/solar_panel_detector/install.log --single-version-externally-managed install_data --force
[4.519s] DEBUG:colcon.colcon_core.event_handler.log_command:Invoked command in '/home/pride/AGV/src/build/lidar' returned '0': PYTHONPATH=/home/pride/AGV/src/build/lidar/prefix_override:/usr/lib/python3/dist-packages/colcon_core/task/python/colcon_distutils_commands:/home/pride/AGV/src/install/lidar/lib/python3.10/site-packages:${PYTHONPATH} /usr/bin/python3 -W ignore:setup.py install is deprecated -W ignore:easy_install command is deprecated setup.py develop --uninstall --editable --build-directory /home/pride/AGV/src/build/lidar/build
[4.528s] DEBUG:colcon.colcon_core.event_handler.log_command:Invoking command in '/home/pride/AGV/src/lidar': PYTHONPATH=/home/pride/AGV/src/build/lidar/prefix_override:/usr/lib/python3/dist-packages/colcon_core/task/python/colcon_distutils_commands:/home/pride/AGV/src/install/lidar/lib/python3.10/site-packages:${PYTHONPATH} /usr/bin/python3 -W ignore:setup.py install is deprecated -W ignore:easy_install command is deprecated setup.py egg_info --egg-base ../build/lidar build --build-base /home/pride/AGV/src/build/lidar/build install --record /home/pride/AGV/src/build/lidar/install.log --single-version-externally-managed install_data --force
[4.529s] DEBUG:colcon.colcon_core.event_handler.log_command:Invoked command in '/home/pride/AGV/src/build/pan_tilt' returned '0': PYTHONPATH=/home/pride/AGV/src/build/pan_tilt/prefix_override:/usr/lib/python3/dist-packages/colcon_core/task/python/colcon_distutils_commands:/home/pride/AGV/src/install/pan_tilt/lib/python3.10/site-packages:${PYTHONPATH} /usr/bin/python3 -W ignore:setup.py install is deprecated -W ignore:easy_install command is deprecated setup.py develop --uninstall --editable --build-directory /home/pride/AGV/src/build/pan_tilt/build
[4.538s] DEBUG:colcon.colcon_core.event_handler.log_command:Invoking command in '/home/pride/AGV/src/pan_tilt': PYTHONPATH=/home/pride/AGV/src/build/pan_tilt/prefix_override:/usr/lib/python3/dist-packages/colcon_core/task/python/colcon_distutils_commands:/home/pride/AGV/src/install/pan_tilt/lib/python3.10/site-packages:${PYTHONPATH} /usr/bin/python3 -W ignore:setup.py install is deprecated -W ignore:easy_install command is deprecated setup.py egg_info --egg-base ../build/pan_tilt build --build-base /home/pride/AGV/src/build/pan_tilt/build install --record /home/pride/AGV/src/build/pan_tilt/install.log --single-version-externally-managed install_data --force
[4.998s] DEBUG:colcon.colcon_core.event_handler.log_command:Invoked command in '/home/pride/AGV/src/solar_panel_detector' returned '0': PYTHONPATH=/home/pride/AGV/src/build/solar_panel_detector/prefix_override:/usr/lib/python3/dist-packages/colcon_core/task/python/colcon_distutils_commands:/home/pride/AGV/src/install/solar_panel_detector/lib/python3.10/site-packages:${PYTHONPATH} /usr/bin/python3 -W ignore:setup.py install is deprecated -W ignore:easy_install command is deprecated setup.py egg_info --egg-base ../build/solar_panel_detector build --build-base /home/pride/AGV/src/build/solar_panel_detector/build install --record /home/pride/AGV/src/build/solar_panel_detector/install.log --single-version-externally-managed install_data --force
[5.005s] Level 1:colcon.colcon_core.environment:checking '/home/pride/AGV/src/install/solar_panel_detector' for CMake module files
[5.005s] Level 1:colcon.colcon_core.environment:checking '/home/pride/AGV/src/install/solar_panel_detector' for CMake config files
[5.008s] Level 1:colcon.colcon_core.environment:checking '/home/pride/AGV/src/install/solar_panel_detector/lib'
[5.008s] Level 1:colcon.colcon_core.environment:checking '/home/pride/AGV/src/install/solar_panel_detector/bin'
[5.008s] Level 1:colcon.colcon_core.environment:checking '/home/pride/AGV/src/install/solar_panel_detector/lib/pkgconfig/solar_panel_detector.pc'
[5.008s] Level 1:colcon.colcon_core.environment:checking '/home/pride/AGV/src/install/solar_panel_detector/lib/python3.10/site-packages'
[5.008s] Level 1:colcon.colcon_core.shell:create_environment_hook('solar_panel_detector', 'pythonpath')
[5.009s] INFO:colcon.colcon_core.shell:Creating environment hook '/home/pride/AGV/src/install/solar_panel_detector/share/solar_panel_detector/hook/pythonpath.ps1'
[5.010s] INFO:colcon.colcon_core.shell:Creating environment descriptor '/home/pride/AGV/src/install/solar_panel_detector/share/solar_panel_detector/hook/pythonpath.dsv'
[5.010s] INFO:colcon.colcon_core.shell:Creating environment hook '/home/pride/AGV/src/install/solar_panel_detector/share/solar_panel_detector/hook/pythonpath.sh'
[5.011s] Level 1:colcon.colcon_core.environment:checking '/home/pride/AGV/src/install/solar_panel_detector/bin'
[5.011s] Level 1:colcon.colcon_core.environment:create_environment_scripts_only(solar_panel_detector)
[5.012s] INFO:colcon.colcon_core.shell:Creating package script '/home/pride/AGV/src/install/solar_panel_detector/share/solar_panel_detector/package.ps1'
[5.013s] INFO:colcon.colcon_core.shell:Creating package descriptor '/home/pride/AGV/src/install/solar_panel_detector/share/solar_panel_detector/package.dsv'
[5.014s] INFO:colcon.colcon_core.shell:Creating package script '/home/pride/AGV/src/install/solar_panel_detector/share/solar_panel_detector/package.sh'
[5.014s] INFO:colcon.colcon_core.shell:Creating package script '/home/pride/AGV/src/install/solar_panel_detector/share/solar_panel_detector/package.bash'
[5.015s] INFO:colcon.colcon_core.shell:Creating package script '/home/pride/AGV/src/install/solar_panel_detector/share/solar_panel_detector/package.zsh'
[5.017s] Level 1:colcon.colcon_core.environment:create_file_with_runtime_dependencies(/home/pride/AGV/src/install/solar_panel_detector/share/colcon-core/packages/solar_panel_detector)
[5.021s] Level 1:colcon.colcon_core.environment:checking '/home/pride/AGV/src/install/ntrip_client' for CMake module files
[5.022s] DEBUG:colcon.colcon_core.event_handler.log_command:Invoked command in '/home/pride/AGV/src/ntrip_client' returned '0': PYTHONPATH=/home/pride/AGV/src/build/ntrip_client/prefix_override:/usr/lib/python3/dist-packages/colcon_core/task/python/colcon_distutils_commands:/home/pride/AGV/src/install/ntrip_client/lib/python3.10/site-packages:${PYTHONPATH} /usr/bin/python3 -W ignore:setup.py install is deprecated -W ignore:easy_install command is deprecated setup.py egg_info --egg-base ../build/ntrip_client build --build-base /home/pride/AGV/src/build/ntrip_client/build install --record /home/pride/AGV/src/build/ntrip_client/install.log --single-version-externally-managed install_data --force
[5.023s] Level 1:colcon.colcon_core.environment:checking '/home/pride/AGV/src/install/ntrip_client' for CMake config files
[5.024s] Level 1:colcon.colcon_core.environment:checking '/home/pride/AGV/src/install/ntrip_client/lib'
[5.025s] Level 1:colcon.colcon_core.environment:checking '/home/pride/AGV/src/install/ntrip_client/bin'
[5.025s] Level 1:colcon.colcon_core.environment:checking '/home/pride/AGV/src/install/ntrip_client/lib/pkgconfig/ntrip_client.pc'
[5.025s] Level 1:colcon.colcon_core.environment:checking '/home/pride/AGV/src/install/ntrip_client/lib/python3.10/site-packages'
[5.025s] Level 1:colcon.colcon_core.shell:create_environment_hook('ntrip_client', 'pythonpath')
[5.025s] INFO:colcon.colcon_core.shell:Creating environment hook '/home/pride/AGV/src/install/ntrip_client/share/ntrip_client/hook/pythonpath.ps1'
[5.026s] INFO:colcon.colcon_core.shell:Creating environment descriptor '/home/pride/AGV/src/install/ntrip_client/share/ntrip_client/hook/pythonpath.dsv'
[5.026s] INFO:colcon.colcon_core.shell:Creating environment hook '/home/pride/AGV/src/install/ntrip_client/share/ntrip_client/hook/pythonpath.sh'
[5.027s] Level 1:colcon.colcon_core.environment:checking '/home/pride/AGV/src/install/ntrip_client/bin'
[5.027s] Level 1:colcon.colcon_core.environment:create_environment_scripts_only(ntrip_client)
[5.027s] INFO:colcon.colcon_core.shell:Creating package script '/home/pride/AGV/src/install/ntrip_client/share/ntrip_client/package.ps1'
[5.028s] INFO:colcon.colcon_core.shell:Creating package descriptor '/home/pride/AGV/src/install/ntrip_client/share/ntrip_client/package.dsv'
[5.028s] INFO:colcon.colcon_core.shell:Creating package script '/home/pride/AGV/src/install/ntrip_client/share/ntrip_client/package.sh'
[5.029s] INFO:colcon.colcon_core.shell:Creating package script '/home/pride/AGV/src/install/ntrip_client/share/ntrip_client/package.bash'
[5.029s] INFO:colcon.colcon_core.shell:Creating package script '/home/pride/AGV/src/install/ntrip_client/share/ntrip_client/package.zsh'
[5.029s] Level 1:colcon.colcon_core.environment:create_file_with_runtime_dependencies(/home/pride/AGV/src/install/ntrip_client/share/colcon-core/packages/ntrip_client)
[5.030s] Level 1:colcon.colcon_core.environment:checking '/home/pride/AGV/src/install/mission_manager' for CMake module files
[5.031s] Level 1:colcon.colcon_core.environment:checking '/home/pride/AGV/src/install/mission_manager' for CMake config files
[5.031s] DEBUG:colcon.colcon_core.event_handler.log_command:Invoked command in '/home/pride/AGV/src/mission_manager' returned '0': PYTHONPATH=/home/pride/AGV/src/build/mission_manager/prefix_override:/usr/lib/python3/dist-packages/colcon_core/task/python/colcon_distutils_commands:/home/pride/AGV/src/install/mission_manager/lib/python3.10/site-packages:${PYTHONPATH} /usr/bin/python3 -W ignore:setup.py install is deprecated -W ignore:easy_install command is deprecated setup.py egg_info --egg-base ../build/mission_manager build --build-base /home/pride/AGV/src/build/mission_manager/build install --record /home/pride/AGV/src/build/mission_manager/install.log --single-version-externally-managed install_data --force
[5.035s] Level 1:colcon.colcon_core.environment:checking '/home/pride/AGV/src/install/mission_manager/lib'
[5.035s] Level 1:colcon.colcon_core.environment:checking '/home/pride/AGV/src/install/mission_manager/bin'
[5.035s] Level 1:colcon.colcon_core.environment:checking '/home/pride/AGV/src/install/mission_manager/lib/pkgconfig/mission_manager.pc'
[5.035s] Level 1:colcon.colcon_core.environment:checking '/home/pride/AGV/src/install/mission_manager/lib/python3.10/site-packages'
[5.035s] Level 1:colcon.colcon_core.shell:create_environment_hook('mission_manager', 'pythonpath')
[5.035s] INFO:colcon.colcon_core.shell:Creating environment hook '/home/pride/AGV/src/install/mission_manager/share/mission_manager/hook/pythonpath.ps1'
[5.036s] INFO:colcon.colcon_core.shell:Creating environment descriptor '/home/pride/AGV/src/install/mission_manager/share/mission_manager/hook/pythonpath.dsv'
[5.036s] INFO:colcon.colcon_core.shell:Creating environment hook '/home/pride/AGV/src/install/mission_manager/share/mission_manager/hook/pythonpath.sh'
[5.036s] Level 1:colcon.colcon_core.environment:checking '/home/pride/AGV/src/install/mission_manager/bin'
[5.036s] Level 1:colcon.colcon_core.environment:create_environment_scripts_only(mission_manager)
[5.037s] INFO:colcon.colcon_core.shell:Creating package script '/home/pride/AGV/src/install/mission_manager/share/mission_manager/package.ps1'
[5.037s] INFO:colcon.colcon_core.shell:Creating package descriptor '/home/pride/AGV/src/install/mission_manager/share/mission_manager/package.dsv'
[5.037s] INFO:colcon.colcon_core.shell:Creating package script '/home/pride/AGV/src/install/mission_manager/share/mission_manager/package.sh'
[5.038s] INFO:colcon.colcon_core.shell:Creating package script '/home/pride/AGV/src/install/mission_manager/share/mission_manager/package.bash'
[5.038s] INFO:colcon.colcon_core.shell:Creating package script '/home/pride/AGV/src/install/mission_manager/share/mission_manager/package.zsh'
[5.038s] Level 1:colcon.colcon_core.environment:create_file_with_runtime_dependencies(/home/pride/AGV/src/install/mission_manager/share/colcon-core/packages/mission_manager)
[5.039s] Level 1:colcon.colcon_core.environment:checking '/home/pride/AGV/src/install/lidar' for CMake module files
[5.040s] DEBUG:colcon.colcon_core.event_handler.log_command:Invoked command in '/home/pride/AGV/src/lidar' returned '0': PYTHONPATH=/home/pride/AGV/src/build/lidar/prefix_override:/usr/lib/python3/dist-packages/colcon_core/task/python/colcon_distutils_commands:/home/pride/AGV/src/install/lidar/lib/python3.10/site-packages:${PYTHONPATH} /usr/bin/python3 -W ignore:setup.py install is deprecated -W ignore:easy_install command is deprecated setup.py egg_info --egg-base ../build/lidar build --build-base /home/pride/AGV/src/build/lidar/build install --record /home/pride/AGV/src/build/lidar/install.log --single-version-externally-managed install_data --force
[5.040s] Level 1:colcon.colcon_core.environment:checking '/home/pride/AGV/src/install/lidar' for CMake config files
[5.043s] Level 1:colcon.colcon_core.environment:checking '/home/pride/AGV/src/install/lidar/lib'
[5.043s] Level 1:colcon.colcon_core.environment:checking '/home/pride/AGV/src/install/lidar/bin'
[5.043s] Level 1:colcon.colcon_core.environment:checking '/home/pride/AGV/src/install/lidar/lib/pkgconfig/lidar.pc'
[5.043s] Level 1:colcon.colcon_core.environment:checking '/home/pride/AGV/src/install/lidar/lib/python3.10/site-packages'
[5.043s] Level 1:colcon.colcon_core.shell:create_environment_hook('lidar', 'pythonpath')
[5.043s] INFO:colcon.colcon_core.shell:Creating environment hook '/home/pride/AGV/src/install/lidar/share/lidar/hook/pythonpath.ps1'
[5.044s] INFO:colcon.colcon_core.shell:Creating environment descriptor '/home/pride/AGV/src/install/lidar/share/lidar/hook/pythonpath.dsv'
[5.044s] INFO:colcon.colcon_core.shell:Creating environment hook '/home/pride/AGV/src/install/lidar/share/lidar/hook/pythonpath.sh'
[5.045s] Level 1:colcon.colcon_core.environment:checking '/home/pride/AGV/src/install/lidar/bin'
[5.045s] Level 1:colcon.colcon_core.environment:create_environment_scripts_only(lidar)
[5.045s] INFO:colcon.colcon_core.shell:Creating package script '/home/pride/AGV/src/install/lidar/share/lidar/package.ps1'
[5.045s] INFO:colcon.colcon_core.shell:Creating package descriptor '/home/pride/AGV/src/install/lidar/share/lidar/package.dsv'
[5.046s] INFO:colcon.colcon_core.shell:Creating package script '/home/pride/AGV/src/install/lidar/share/lidar/package.sh'
[5.046s] INFO:colcon.colcon_core.shell:Creating package script '/home/pride/AGV/src/install/lidar/share/lidar/package.bash'
[5.046s] INFO:colcon.colcon_core.shell:Creating package script '/home/pride/AGV/src/install/lidar/share/lidar/package.zsh'
[5.046s] Level 1:colcon.colcon_core.environment:create_file_with_runtime_dependencies(/home/pride/AGV/src/install/lidar/share/colcon-core/packages/lidar)
[5.048s] Level 1:colcon.colcon_core.environment:checking '/home/pride/AGV/src/install/image_capture' for CMake module files
[5.048s] DEBUG:colcon.colcon_core.event_handler.log_command:Invoked command in '/home/pride/AGV/src/image_capture' returned '0': PYTHONPATH=/home/pride/AGV/src/build/image_capture/prefix_override:/usr/lib/python3/dist-packages/colcon_core/task/python/colcon_distutils_commands:/home/pride/AGV/src/install/image_capture/lib/python3.10/site-packages:${PYTHONPATH} /usr/bin/python3 -W ignore:setup.py install is deprecated -W ignore:easy_install command is deprecated setup.py egg_info --egg-base ../build/image_capture build --build-base /home/pride/AGV/src/build/image_capture/build install --record /home/pride/AGV/src/build/image_capture/install.log --single-version-externally-managed install_data --force
[5.049s] Level 1:colcon.colcon_core.environment:checking '/home/pride/AGV/src/install/image_capture' for CMake config files
[5.052s] Level 1:colcon.colcon_core.environment:checking '/home/pride/AGV/src/install/image_capture/lib'
[5.052s] Level 1:colcon.colcon_core.environment:checking '/home/pride/AGV/src/install/image_capture/bin'
[5.052s] Level 1:colcon.colcon_core.environment:checking '/home/pride/AGV/src/install/image_capture/lib/pkgconfig/image_capture.pc'
[5.052s] Level 1:colcon.colcon_core.environment:checking '/home/pride/AGV/src/install/image_capture/lib/python3.10/site-packages'
[5.052s] Level 1:colcon.colcon_core.shell:create_environment_hook('image_capture', 'pythonpath')
[5.052s] INFO:colcon.colcon_core.shell:Creating environment hook '/home/pride/AGV/src/install/image_capture/share/image_capture/hook/pythonpath.ps1'
[5.053s] INFO:colcon.colcon_core.shell:Creating environment descriptor '/home/pride/AGV/src/install/image_capture/share/image_capture/hook/pythonpath.dsv'
[5.053s] INFO:colcon.colcon_core.shell:Creating environment hook '/home/pride/AGV/src/install/image_capture/share/image_capture/hook/pythonpath.sh'
[5.053s] Level 1:colcon.colcon_core.environment:checking '/home/pride/AGV/src/install/image_capture/bin'
[5.053s] Level 1:colcon.colcon_core.environment:create_environment_scripts_only(image_capture)
[5.054s] INFO:colcon.colcon_core.shell:Creating package script '/home/pride/AGV/src/install/image_capture/share/image_capture/package.ps1'
[5.054s] INFO:colcon.colcon_core.shell:Creating package descriptor '/home/pride/AGV/src/install/image_capture/share/image_capture/package.dsv'
[5.054s] INFO:colcon.colcon_core.shell:Creating package script '/home/pride/AGV/src/install/image_capture/share/image_capture/package.sh'
[5.055s] INFO:colcon.colcon_core.shell:Creating package script '/home/pride/AGV/src/install/image_capture/share/image_capture/package.bash'
[5.055s] INFO:colcon.colcon_core.shell:Creating package script '/home/pride/AGV/src/install/image_capture/share/image_capture/package.zsh'
[5.055s] Level 1:colcon.colcon_core.environment:create_file_with_runtime_dependencies(/home/pride/AGV/src/install/image_capture/share/colcon-core/packages/image_capture)
[5.056s] Level 1:colcon.colcon_core.environment:checking '/home/pride/AGV/src/install/geotagging' for CMake module files
[5.057s] DEBUG:colcon.colcon_core.event_handler.log_command:Invoked command in '/home/pride/AGV/src/geotagging' returned '0': PYTHONPATH=/home/pride/AGV/src/build/geotagging/prefix_override:/usr/lib/python3/dist-packages/colcon_core/task/python/colcon_distutils_commands:/home/pride/AGV/src/install/geotagging/lib/python3.10/site-packages:${PYTHONPATH} /usr/bin/python3 -W ignore:setup.py install is deprecated -W ignore:easy_install command is deprecated setup.py egg_info --egg-base ../build/geotagging build --build-base /home/pride/AGV/src/build/geotagging/build install --record /home/pride/AGV/src/build/geotagging/install.log --single-version-externally-managed install_data --force
[5.058s] Level 1:colcon.colcon_core.environment:checking '/home/pride/AGV/src/install/geotagging' for CMake config files
[5.066s] Level 1:colcon.colcon_core.environment:checking '/home/pride/AGV/src/install/geotagging/lib'
[5.066s] Level 1:colcon.colcon_core.environment:checking '/home/pride/AGV/src/install/geotagging/bin'
[5.066s] Level 1:colcon.colcon_core.environment:checking '/home/pride/AGV/src/install/geotagging/lib/pkgconfig/geotagging.pc'
[5.067s] Level 1:colcon.colcon_core.environment:checking '/home/pride/AGV/src/install/geotagging/lib/python3.10/site-packages'
[5.067s] Level 1:colcon.colcon_core.shell:create_environment_hook('geotagging', 'pythonpath')
[5.068s] INFO:colcon.colcon_core.shell:Creating environment hook '/home/pride/AGV/src/install/geotagging/share/geotagging/hook/pythonpath.ps1'
[5.070s] INFO:colcon.colcon_core.shell:Creating environment descriptor '/home/pride/AGV/src/install/geotagging/share/geotagging/hook/pythonpath.dsv'
[5.071s] INFO:colcon.colcon_core.shell:Creating environment hook '/home/pride/AGV/src/install/geotagging/share/geotagging/hook/pythonpath.sh'
[5.072s] Level 1:colcon.colcon_core.environment:checking '/home/pride/AGV/src/install/geotagging/bin'
[5.072s] Level 1:colcon.colcon_core.environment:create_environment_scripts_only(geotagging)
[5.073s] INFO:colcon.colcon_core.shell:Creating package script '/home/pride/AGV/src/install/geotagging/share/geotagging/package.ps1'
[5.074s] INFO:colcon.colcon_core.shell:Creating package descriptor '/home/pride/AGV/src/install/geotagging/share/geotagging/package.dsv'
[5.074s] INFO:colcon.colcon_core.shell:Creating package script '/home/pride/AGV/src/install/geotagging/share/geotagging/package.sh'
[5.074s] INFO:colcon.colcon_core.shell:Creating package script '/home/pride/AGV/src/install/geotagging/share/geotagging/package.bash'
[5.075s] INFO:colcon.colcon_core.shell:Creating package script '/home/pride/AGV/src/install/geotagging/share/geotagging/package.zsh'
[5.075s] Level 1:colcon.colcon_core.environment:create_file_with_runtime_dependencies(/home/pride/AGV/src/install/geotagging/share/colcon-core/packages/geotagging)
[5.077s] Level 1:colcon.colcon_core.environment:checking '/home/pride/AGV/src/install/pan_tilt' for CMake module files
[5.078s] DEBUG:colcon.colcon_core.event_handler.log_command:Invoked command in '/home/pride/AGV/src/pan_tilt' returned '0': PYTHONPATH=/home/pride/AGV/src/build/pan_tilt/prefix_override:/usr/lib/python3/dist-packages/colcon_core/task/python/colcon_distutils_commands:/home/pride/AGV/src/install/pan_tilt/lib/python3.10/site-packages:${PYTHONPATH} /usr/bin/python3 -W ignore:setup.py install is deprecated -W ignore:easy_install command is deprecated setup.py egg_info --egg-base ../build/pan_tilt build --build-base /home/pride/AGV/src/build/pan_tilt/build install --record /home/pride/AGV/src/build/pan_tilt/install.log --single-version-externally-managed install_data --force
[5.078s] Level 1:colcon.colcon_core.environment:checking '/home/pride/AGV/src/install/pan_tilt' for CMake config files
[5.087s] Level 1:colcon.colcon_core.environment:checking '/home/pride/AGV/src/install/pan_tilt/lib'
[5.087s] Level 1:colcon.colcon_core.environment:checking '/home/pride/AGV/src/install/pan_tilt/bin'
[5.087s] Level 1:colcon.colcon_core.environment:checking '/home/pride/AGV/src/install/pan_tilt/lib/pkgconfig/pan_tilt.pc'
[5.088s] Level 1:colcon.colcon_core.environment:checking '/home/pride/AGV/src/install/pan_tilt/lib/python3.10/site-packages'
[5.088s] Level 1:colcon.colcon_core.shell:create_environment_hook('pan_tilt', 'pythonpath')
[5.088s] INFO:colcon.colcon_core.shell:Creating environment hook '/home/pride/AGV/src/install/pan_tilt/share/pan_tilt/hook/pythonpath.ps1'
[5.089s] INFO:colcon.colcon_core.shell:Creating environment descriptor '/home/pride/AGV/src/install/pan_tilt/share/pan_tilt/hook/pythonpath.dsv'
[5.089s] INFO:colcon.colcon_core.shell:Creating environment hook '/home/pride/AGV/src/install/pan_tilt/share/pan_tilt/hook/pythonpath.sh'
[5.089s] Level 1:colcon.colcon_core.environment:checking '/home/pride/AGV/src/install/pan_tilt/bin'
[5.089s] Level 1:colcon.colcon_core.environment:create_environment_scripts_only(pan_tilt)
[5.090s] INFO:colcon.colcon_core.shell:Creating package script '/home/pride/AGV/src/install/pan_tilt/share/pan_tilt/package.ps1'
[5.090s] INFO:colcon.colcon_core.shell:Creating package descriptor '/home/pride/AGV/src/install/pan_tilt/share/pan_tilt/package.dsv'
[5.090s] INFO:colcon.colcon_core.shell:Creating package script '/home/pride/AGV/src/install/pan_tilt/share/pan_tilt/package.sh'
[5.091s] INFO:colcon.colcon_core.shell:Creating package script '/home/pride/AGV/src/install/pan_tilt/share/pan_tilt/package.bash'
[5.091s] INFO:colcon.colcon_core.shell:Creating package script '/home/pride/AGV/src/install/pan_tilt/share/pan_tilt/package.zsh'
[5.091s] Level 1:colcon.colcon_core.environment:create_file_with_runtime_dependencies(/home/pride/AGV/src/install/pan_tilt/share/colcon-core/packages/pan_tilt)
[5.092s] DEBUG:colcon.colcon_parallel_executor.executor.parallel:closing loop
[5.092s] DEBUG:colcon.colcon_parallel_executor.executor.parallel:loop closed
[5.093s] DEBUG:colcon.colcon_parallel_executor.executor.parallel:run_until_complete finished with '0'
[5.093s] DEBUG:colcon.colcon_core.event_reactor:joining thread
[5.172s] INFO:colcon.colcon_core.plugin_system:Skipping extension 'colcon_notification.desktop_notification.notify_send': Could not find 'notify-send'
[5.172s] INFO:colcon.colcon_core.plugin_system:Skipping extension 'colcon_notification.desktop_notification.terminal_notifier': Not used on non-Darwin systems
[5.172s] INFO:colcon.colcon_core.plugin_system:Skipping extension 'colcon_notification.desktop_notification.win32': Not used on non-Windows systems
[5.172s] INFO:colcon.colcon_notification.desktop_notification:Sending desktop notification using 'notify2'
[5.183s] DEBUG:colcon.colcon_notification.desktop_notification.notify2:Failed to initialize notify2: org.freedesktop.DBus.Error.ServiceUnknown: The name org.freedesktop.Notifications was not provided by any .service files
[5.183s] DEBUG:colcon.colcon_core.event_reactor:joined thread
[5.184s] INFO:colcon.colcon_core.shell:Creating prefix script '/home/pride/AGV/src/install/local_setup.ps1'
[5.187s] INFO:colcon.colcon_core.shell:Creating prefix util module '/home/pride/AGV/src/install/_local_setup_util_ps1.py'
[5.189s] INFO:colcon.colcon_core.shell:Creating prefix chain script '/home/pride/AGV/src/install/setup.ps1'
[5.192s] INFO:colcon.colcon_core.shell:Creating prefix script '/home/pride/AGV/src/install/local_setup.sh'
[5.194s] INFO:colcon.colcon_core.shell:Creating prefix util module '/home/pride/AGV/src/install/_local_setup_util_sh.py'
[5.194s] INFO:colcon.colcon_core.shell:Creating prefix chain script '/home/pride/AGV/src/install/setup.sh'
[5.198s] INFO:colcon.colcon_core.shell:Creating prefix script '/home/pride/AGV/src/install/local_setup.bash'
[5.204s] INFO:colcon.colcon_core.shell:Creating prefix chain script '/home/pride/AGV/src/install/setup.bash'
[5.207s] INFO:colcon.colcon_core.shell:Creating prefix script '/home/pride/AGV/src/install/local_setup.zsh'
[5.209s] INFO:colcon.colcon_core.shell:Creating prefix chain script '/home/pride/AGV/src/install/setup.zsh'
