[2.072s] Invoking command in '/home/pride/AGV/src/image_capture': PYTHONPATH=/home/pride/AGV/build/image_capture/prefix_override:/usr/lib/python3/dist-packages/colcon_core/task/python/colcon_distutils_commands:/home/pride/AGV/install/image_capture/lib/python3.10/site-packages:${PYTHONPATH} /usr/bin/python3 -W ignore:setup.py install is deprecated -W ignore:easy_install command is deprecated setup.py egg_info --egg-base ../../build/image_capture build --build-base /home/pride/AGV/build/image_capture/build install --record /home/pride/AGV/build/image_capture/install.log --single-version-externally-managed install_data
[2.488s] running egg_info
[2.490s] writing ../../build/image_capture/image_capture.egg-info/PKG-INFO
[2.492s] writing dependency_links to ../../build/image_capture/image_capture.egg-info/dependency_links.txt
[2.493s] writing entry points to ../../build/image_capture/image_capture.egg-info/entry_points.txt
[2.493s] writing requirements to ../../build/image_capture/image_capture.egg-info/requires.txt
[2.493s] writing top-level names to ../../build/image_capture/image_capture.egg-info/top_level.txt
[2.498s] reading manifest file '../../build/image_capture/image_capture.egg-info/SOURCES.txt'
[2.500s] writing manifest file '../../build/image_capture/image_capture.egg-info/SOURCES.txt'
[2.501s] running build
[2.501s] running build_py
[2.501s] copying image_capture/capture.py -> /home/pride/AGV/build/image_capture/build/lib/image_capture
[2.503s] running install
[2.504s] running install_lib
[2.507s] copying /home/pride/AGV/build/image_capture/build/lib/image_capture/capture.py -> /home/pride/AGV/install/image_capture/lib/python3.10/site-packages/image_capture
[2.508s] byte-compiling /home/pride/AGV/install/image_capture/lib/python3.10/site-packages/image_capture/capture.py to capture.cpython-310.pyc
[2.512s] running install_data
[2.513s] running install_egg_info
[2.516s] removing '/home/pride/AGV/install/image_capture/lib/python3.10/site-packages/image_capture-0.0.0-py3.10.egg-info' (and everything under it)
[2.522s] Copying ../../build/image_capture/image_capture.egg-info to /home/pride/AGV/install/image_capture/lib/python3.10/site-packages/image_capture-0.0.0-py3.10.egg-info
[2.530s] running install_scripts
[2.571s] Installing capture script to /home/pride/AGV/install/image_capture/lib/image_capture
[2.571s] writing list of installed files to '/home/pride/AGV/build/image_capture/install.log'
[2.660s] Invoked command in '/home/pride/AGV/src/image_capture' returned '0': PYTHONPATH=/home/pride/AGV/build/image_capture/prefix_override:/usr/lib/python3/dist-packages/colcon_core/task/python/colcon_distutils_commands:/home/pride/AGV/install/image_capture/lib/python3.10/site-packages:${PYTHONPATH} /usr/bin/python3 -W ignore:setup.py install is deprecated -W ignore:easy_install command is deprecated setup.py egg_info --egg-base ../../build/image_capture build --build-base /home/pride/AGV/build/image_capture/build install --record /home/pride/AGV/build/image_capture/install.log --single-version-externally-managed install_data
