[0.143s] DEBUG:colcon:Command line arguments: ['/usr/bin/colcon', 'build']
[0.144s] DEBUG:colcon:Parsed command line arguments: Namespace(log_base=None, log_level=None, verb_name='build', build_base='build', install_base='install', merge_install=False, symlink_install=False, test_result_base=None, continue_on_error=False, executor='parallel', parallel_workers=8, event_handlers=None, ignore_user_meta=False, metas=['./colcon.meta'], base_paths=['.'], packages_ignore=None, packages_ignore_regex=None, paths=None, packages_up_to=None, packages_up_to_regex=None, packages_above=None, packages_above_and_dependencies=None, packages_above_depth=None, packages_select_by_dep=None, packages_skip_by_dep=None, packages_skip_up_to=None, packages_select_build_failed=False, packages_skip_build_finished=False, packages_select_test_failures=False, packages_skip_test_passed=False, packages_select=None, packages_skip=None, packages_select_regex=None, packages_skip_regex=None, packages_start=None, packages_end=None, allow_overriding=[], cmake_args=None, cmake_target=None, cmake_target_skip_unavailable=False, cmake_clean_cache=False, cmake_clean_first=False, cmake_force_configure=False, ament_cmake_args=None, catkin_cmake_args=None, catkin_skip_building_tests=False, verb_parser=<colcon_defaults.argument_parser.defaults.DefaultArgumentsDecorator object at 0x7f8cafa2ace0>, verb_extension=<colcon_core.verb.build.BuildVerb object at 0x7f8cafbd8490>, main=<bound method BuildVerb.main of <colcon_core.verb.build.BuildVerb object at 0x7f8cafbd8490>>)
[0.249s] Level 1:colcon.colcon_core.package_discovery:discover_packages(colcon_meta) check parameters
[0.249s] Level 1:colcon.colcon_core.package_discovery:discover_packages(recursive) check parameters
[0.249s] Level 1:colcon.colcon_core.package_discovery:discover_packages(ignore) check parameters
[0.249s] Level 1:colcon.colcon_core.package_discovery:discover_packages(path) check parameters
[0.249s] Level 1:colcon.colcon_core.package_discovery:discover_packages(colcon_meta) discover
[0.249s] Level 1:colcon.colcon_core.package_discovery:discover_packages(recursive) discover
[0.249s] INFO:colcon.colcon_core.package_discovery:Crawling recursively for packages in '/home/pride/AGV/src/lidar'
[0.249s] Level 1:colcon.colcon_core.package_identification:_identify(.) by extensions ['ignore', 'ignore_ament_install']
[0.249s] Level 1:colcon.colcon_core.package_identification:_identify(.) by extension 'ignore'
[0.249s] Level 1:colcon.colcon_core.package_identification:_identify(.) by extension 'ignore_ament_install'
[0.250s] Level 1:colcon.colcon_core.package_identification:_identify(.) by extensions ['colcon_pkg']
[0.250s] Level 1:colcon.colcon_core.package_identification:_identify(.) by extension 'colcon_pkg'
[0.250s] Level 1:colcon.colcon_core.package_identification:_identify(.) by extensions ['colcon_meta']
[0.250s] Level 1:colcon.colcon_core.package_identification:_identify(.) by extension 'colcon_meta'
[0.250s] Level 1:colcon.colcon_core.package_identification:_identify(.) by extensions ['ros']
[0.250s] Level 1:colcon.colcon_core.package_identification:_identify(.) by extension 'ros'
[0.260s] DEBUG:colcon.colcon_core.package_identification:Package '.' with type 'ros.ament_python' and name 'lidar'
[0.260s] Level 1:colcon.colcon_core.package_discovery:discover_packages(recursive) using defaults
[0.260s] Level 1:colcon.colcon_core.package_discovery:discover_packages(ignore) discover
[0.260s] Level 1:colcon.colcon_core.package_discovery:discover_packages(ignore) using defaults
[0.260s] Level 1:colcon.colcon_core.package_discovery:discover_packages(path) discover
[0.260s] Level 1:colcon.colcon_core.package_discovery:discover_packages(path) using defaults
[0.276s] Level 1:colcon.colcon_core.package_discovery:discover_packages(prefix_path) check parameters
[0.276s] Level 1:colcon.colcon_core.package_discovery:discover_packages(prefix_path) discover
[0.277s] DEBUG:colcon.colcon_installed_package_information.package_discovery:Found 1 installed packages in /home/pride/ros2_ws/install
[0.277s] DEBUG:colcon.colcon_installed_package_information.package_discovery:Found 271 installed packages in /opt/ros/humble
[0.278s] Level 1:colcon.colcon_core.package_discovery:discover_packages(prefix_path) using defaults
[0.313s] Level 5:colcon.colcon_core.verb:set package 'lidar' build argument 'cmake_args' from command line to 'None'
[0.314s] Level 5:colcon.colcon_core.verb:set package 'lidar' build argument 'cmake_target' from command line to 'None'
[0.314s] Level 5:colcon.colcon_core.verb:set package 'lidar' build argument 'cmake_target_skip_unavailable' from command line to 'False'
[0.314s] Level 5:colcon.colcon_core.verb:set package 'lidar' build argument 'cmake_clean_cache' from command line to 'False'
[0.314s] Level 5:colcon.colcon_core.verb:set package 'lidar' build argument 'cmake_clean_first' from command line to 'False'
[0.314s] Level 5:colcon.colcon_core.verb:set package 'lidar' build argument 'cmake_force_configure' from command line to 'False'
[0.314s] Level 5:colcon.colcon_core.verb:set package 'lidar' build argument 'ament_cmake_args' from command line to 'None'
[0.314s] Level 5:colcon.colcon_core.verb:set package 'lidar' build argument 'catkin_cmake_args' from command line to 'None'
[0.314s] Level 5:colcon.colcon_core.verb:set package 'lidar' build argument 'catkin_skip_building_tests' from command line to 'False'
[0.314s] DEBUG:colcon.colcon_core.verb:Building package 'lidar' with the following arguments: {'ament_cmake_args': None, 'build_base': '/home/pride/AGV/src/lidar/build/lidar', 'catkin_cmake_args': None, 'catkin_skip_building_tests': False, 'cmake_args': None, 'cmake_clean_cache': False, 'cmake_clean_first': False, 'cmake_force_configure': False, 'cmake_target': None, 'cmake_target_skip_unavailable': False, 'install_base': '/home/pride/AGV/src/lidar/install/lidar', 'merge_install': False, 'path': '/home/pride/AGV/src/lidar', 'symlink_install': False, 'test_result_base': None}
[0.314s] INFO:colcon.colcon_core.executor:Executing jobs using 'parallel' executor
[0.315s] DEBUG:colcon.colcon_parallel_executor.executor.parallel:run_until_complete
[0.315s] INFO:colcon.colcon_ros.task.ament_python.build:Building ROS package in '/home/pride/AGV/src/lidar' with build type 'ament_python'
[0.315s] Level 1:colcon.colcon_core.shell:create_environment_hook('lidar', 'ament_prefix_path')
[0.317s] INFO:colcon.colcon_core.plugin_system:Skipping extension 'colcon_core.shell.bat': Not used on non-Windows systems
[0.317s] INFO:colcon.colcon_core.shell:Creating environment hook '/home/pride/AGV/src/lidar/install/lidar/share/lidar/hook/ament_prefix_path.ps1'
[0.320s] INFO:colcon.colcon_core.shell:Creating environment descriptor '/home/pride/AGV/src/lidar/install/lidar/share/lidar/hook/ament_prefix_path.dsv'
[0.320s] INFO:colcon.colcon_core.shell:Creating environment hook '/home/pride/AGV/src/lidar/install/lidar/share/lidar/hook/ament_prefix_path.sh'
[0.321s] INFO:colcon.colcon_core.shell:Skip shell extension 'powershell' for command environment: Not usable outside of PowerShell
[0.322s] DEBUG:colcon.colcon_core.shell:Skip shell extension 'dsv' for command environment
[0.501s] INFO:colcon.colcon_core.task.python.build:Building Python package in '/home/pride/AGV/src/lidar'
[0.502s] INFO:colcon.colcon_core.shell:Skip shell extension 'powershell' for command environment: Not usable outside of PowerShell
[0.502s] DEBUG:colcon.colcon_core.shell:Skip shell extension 'dsv' for command environment
[0.771s] DEBUG:colcon.colcon_core.event_handler.log_command:Invoking command in '/home/pride/AGV/src/lidar': PYTHONPATH=/home/pride/AGV/src/lidar/build/lidar/prefix_override:/usr/lib/python3/dist-packages/colcon_core/task/python/colcon_distutils_commands:/home/pride/AGV/src/lidar/install/lidar/lib/python3.10/site-packages:${PYTHONPATH} /usr/bin/python3 -W ignore:setup.py install is deprecated -W ignore:easy_install command is deprecated setup.py egg_info --egg-base build/lidar build --build-base /home/pride/AGV/src/lidar/build/lidar/build install --record /home/pride/AGV/src/lidar/build/lidar/install.log --single-version-externally-managed install_data
[0.977s] DEBUG:colcon.colcon_core.event_handler.log_command:Invoked command in '/home/pride/AGV/src/lidar' returned '0': PYTHONPATH=/home/pride/AGV/src/lidar/build/lidar/prefix_override:/usr/lib/python3/dist-packages/colcon_core/task/python/colcon_distutils_commands:/home/pride/AGV/src/lidar/install/lidar/lib/python3.10/site-packages:${PYTHONPATH} /usr/bin/python3 -W ignore:setup.py install is deprecated -W ignore:easy_install command is deprecated setup.py egg_info --egg-base build/lidar build --build-base /home/pride/AGV/src/lidar/build/lidar/build install --record /home/pride/AGV/src/lidar/build/lidar/install.log --single-version-externally-managed install_data
[0.979s] Level 1:colcon.colcon_core.environment:checking '/home/pride/AGV/src/lidar/install/lidar' for CMake module files
[0.979s] Level 1:colcon.colcon_core.environment:checking '/home/pride/AGV/src/lidar/install/lidar' for CMake config files
[0.979s] Level 1:colcon.colcon_core.environment:checking '/home/pride/AGV/src/lidar/install/lidar/lib'
[0.979s] Level 1:colcon.colcon_core.environment:checking '/home/pride/AGV/src/lidar/install/lidar/bin'
[0.979s] Level 1:colcon.colcon_core.environment:checking '/home/pride/AGV/src/lidar/install/lidar/lib/pkgconfig/lidar.pc'
[0.979s] Level 1:colcon.colcon_core.environment:checking '/home/pride/AGV/src/lidar/install/lidar/lib/python3.10/site-packages'
[0.980s] Level 1:colcon.colcon_core.shell:create_environment_hook('lidar', 'pythonpath')
[0.980s] INFO:colcon.colcon_core.shell:Creating environment hook '/home/pride/AGV/src/lidar/install/lidar/share/lidar/hook/pythonpath.ps1'
[0.980s] INFO:colcon.colcon_core.shell:Creating environment descriptor '/home/pride/AGV/src/lidar/install/lidar/share/lidar/hook/pythonpath.dsv'
[0.980s] INFO:colcon.colcon_core.shell:Creating environment hook '/home/pride/AGV/src/lidar/install/lidar/share/lidar/hook/pythonpath.sh'
[0.981s] Level 1:colcon.colcon_core.environment:checking '/home/pride/AGV/src/lidar/install/lidar/bin'
[0.981s] Level 1:colcon.colcon_core.environment:create_environment_scripts_only(lidar)
[0.981s] INFO:colcon.colcon_core.shell:Creating package script '/home/pride/AGV/src/lidar/install/lidar/share/lidar/package.ps1'
[0.982s] INFO:colcon.colcon_core.shell:Creating package descriptor '/home/pride/AGV/src/lidar/install/lidar/share/lidar/package.dsv'
[0.982s] INFO:colcon.colcon_core.shell:Creating package script '/home/pride/AGV/src/lidar/install/lidar/share/lidar/package.sh'
[0.983s] INFO:colcon.colcon_core.shell:Creating package script '/home/pride/AGV/src/lidar/install/lidar/share/lidar/package.bash'
[0.983s] INFO:colcon.colcon_core.shell:Creating package script '/home/pride/AGV/src/lidar/install/lidar/share/lidar/package.zsh'
[0.984s] Level 1:colcon.colcon_core.environment:create_file_with_runtime_dependencies(/home/pride/AGV/src/lidar/install/lidar/share/colcon-core/packages/lidar)
[0.985s] DEBUG:colcon.colcon_parallel_executor.executor.parallel:closing loop
[0.985s] DEBUG:colcon.colcon_parallel_executor.executor.parallel:loop closed
[0.985s] DEBUG:colcon.colcon_parallel_executor.executor.parallel:run_until_complete finished with '0'
[0.985s] DEBUG:colcon.colcon_core.event_reactor:joining thread
[1.016s] INFO:colcon.colcon_core.plugin_system:Skipping extension 'colcon_notification.desktop_notification.notify_send': Could not find 'notify-send'
[1.016s] INFO:colcon.colcon_core.plugin_system:Skipping extension 'colcon_notification.desktop_notification.terminal_notifier': Not used on non-Darwin systems
[1.016s] INFO:colcon.colcon_core.plugin_system:Skipping extension 'colcon_notification.desktop_notification.win32': Not used on non-Windows systems
[1.016s] INFO:colcon.colcon_notification.desktop_notification:Sending desktop notification using 'notify2'
[1.017s] DEBUG:colcon.colcon_notification.desktop_notification.notify2:Failed to initialize notify2: org.freedesktop.DBus.Error.ServiceUnknown: The name org.freedesktop.Notifications was not provided by any .service files
[1.018s] DEBUG:colcon.colcon_core.event_reactor:joined thread
[1.018s] INFO:colcon.colcon_core.shell:Creating prefix script '/home/pride/AGV/src/lidar/install/local_setup.ps1'
[1.019s] INFO:colcon.colcon_core.shell:Creating prefix util module '/home/pride/AGV/src/lidar/install/_local_setup_util_ps1.py'
[1.021s] INFO:colcon.colcon_core.shell:Creating prefix chain script '/home/pride/AGV/src/lidar/install/setup.ps1'
[1.022s] INFO:colcon.colcon_core.shell:Creating prefix script '/home/pride/AGV/src/lidar/install/local_setup.sh'
[1.023s] INFO:colcon.colcon_core.shell:Creating prefix util module '/home/pride/AGV/src/lidar/install/_local_setup_util_sh.py'
[1.023s] INFO:colcon.colcon_core.shell:Creating prefix chain script '/home/pride/AGV/src/lidar/install/setup.sh'
[1.024s] INFO:colcon.colcon_core.shell:Creating prefix script '/home/pride/AGV/src/lidar/install/local_setup.bash'
[1.025s] INFO:colcon.colcon_core.shell:Creating prefix chain script '/home/pride/AGV/src/lidar/install/setup.bash'
[1.026s] INFO:colcon.colcon_core.shell:Creating prefix script '/home/pride/AGV/src/lidar/install/local_setup.zsh'
[1.026s] INFO:colcon.colcon_core.shell:Creating prefix chain script '/home/pride/AGV/src/lidar/install/setup.zsh'
